[21.621s] Invoking command in '/home/ubuntu/ros2_ws/src/esc_pkg': CMAKE_PREFIX_PATH=/home/ubuntu/ros2_ws/install/aerobot_interfaces:/home/ubuntu/ros2_ws/install/testing_ros2:/home/ubuntu/ros2_ws/install/testing_ros:/home/ubuntu/ros2_ws/install/ros2_imu:/home/ubuntu/ros2_ws/install/pid_control_aerobot:/home/ubuntu/ros2_ws/install/complementary_filter_ros2 PYTHONPATH=/home/ubuntu/ros2_ws/build/esc_pkg/prefix_override:/home/ubuntu/ros2_ws/install/esc_pkg/lib/python3.10/site-packages:${PYTHONPATH} /usr/bin/python3 -W ignore:setup.py install is deprecated setup.py egg_info --egg-base ../../build/esc_pkg build --build-base /home/ubuntu/ros2_ws/build/esc_pkg/build install --record /home/ubuntu/ros2_ws/build/esc_pkg/install.log --single-version-externally-managed install_data
[25.785s] running egg_info
[25.801s] writing ../../build/esc_pkg/esc_pkg.egg-info/PKG-INFO
[25.806s] writing dependency_links to ../../build/esc_pkg/esc_pkg.egg-info/dependency_links.txt
[25.822s] writing entry points to ../../build/esc_pkg/esc_pkg.egg-info/entry_points.txt
[25.823s] writing requirements to ../../build/esc_pkg/esc_pkg.egg-info/requires.txt
[25.824s] writing top-level names to ../../build/esc_pkg/esc_pkg.egg-info/top_level.txt
[25.889s] reading manifest file '../../build/esc_pkg/esc_pkg.egg-info/SOURCES.txt'
[25.910s] writing manifest file '../../build/esc_pkg/esc_pkg.egg-info/SOURCES.txt'
[25.911s] running build
[25.912s] running build_py
[25.921s] running install
[25.942s] running install_lib
[25.948s] running install_data
[25.949s] running install_egg_info
[25.993s] removing '/home/ubuntu/ros2_ws/install/esc_pkg/lib/python3.10/site-packages/esc_pkg-0.0.0-py3.10.egg-info' (and everything under it)
[26.005s] Copying ../../build/esc_pkg/esc_pkg.egg-info to /home/ubuntu/ros2_ws/install/esc_pkg/lib/python3.10/site-packages/esc_pkg-0.0.0-py3.10.egg-info
[26.065s] running install_scripts
[26.526s] Installing esc_node script to /home/ubuntu/ros2_ws/install/esc_pkg/lib/esc_pkg
[26.543s] writing list of installed files to '/home/ubuntu/ros2_ws/build/esc_pkg/install.log'
[26.970s] Invoked command in '/home/ubuntu/ros2_ws/src/esc_pkg' returned '0': CMAKE_PREFIX_PATH=/home/ubuntu/ros2_ws/install/aerobot_interfaces:/home/ubuntu/ros2_ws/install/testing_ros2:/home/ubuntu/ros2_ws/install/testing_ros:/home/ubuntu/ros2_ws/install/ros2_imu:/home/ubuntu/ros2_ws/install/pid_control_aerobot:/home/ubuntu/ros2_ws/install/complementary_filter_ros2 PYTHONPATH=/home/ubuntu/ros2_ws/build/esc_pkg/prefix_override:/home/ubuntu/ros2_ws/install/esc_pkg/lib/python3.10/site-packages:${PYTHONPATH} /usr/bin/python3 -W ignore:setup.py install is deprecated setup.py egg_info --egg-base ../../build/esc_pkg build --build-base /home/ubuntu/ros2_ws/build/esc_pkg/build install --record /home/ubuntu/ros2_ws/build/esc_pkg/install.log --single-version-externally-managed install_data
