[13.088s] Invoking command in '/home/ubuntu/ros2_ws/build/lsm6dso': PYTHONPATH=/home/ubuntu/ros2_ws/build/lsm6dso/prefix_override:/home/ubuntu/ros2_ws/install/lsm6dso/lib/python3.10/site-packages:${PYTHONPATH} /usr/bin/python3 -W ignore:setup.py install is deprecated setup.py develop --uninstall --editable --build-directory /home/ubuntu/ros2_ws/build/lsm6dso/build
[17.857s] running develop
[20.982s] Removing /home/ubuntu/ros2_ws/install/lsm6dso/lib/python3.10/site-packages/lsm6dso.egg-link (link to .)
[21.296s] Invoked command in '/home/ubuntu/ros2_ws/build/lsm6dso' returned '0': PYTHONPATH=/home/ubuntu/ros2_ws/build/lsm6dso/prefix_override:/home/ubuntu/ros2_ws/install/lsm6dso/lib/python3.10/site-packages:${PYTHONPATH} /usr/bin/python3 -W ignore:setup.py install is deprecated setup.py develop --uninstall --editable --build-directory /home/ubuntu/ros2_ws/build/lsm6dso/build
[21.327s] Invoking command in '/home/ubuntu/ros2_ws/src/lsm6dso': PYTHONPATH=/home/ubuntu/ros2_ws/build/lsm6dso/prefix_override:/home/ubuntu/ros2_ws/install/lsm6dso/lib/python3.10/site-packages:${PYTHONPATH} /usr/bin/python3 -W ignore:setup.py install is deprecated setup.py egg_info --egg-base ../../build/lsm6dso build --build-base /home/ubuntu/ros2_ws/build/lsm6dso/build install --record /home/ubuntu/ros2_ws/build/lsm6dso/install.log --single-version-externally-managed install_data --force
[25.894s] running egg_info
[25.905s] writing ../../build/lsm6dso/lsm6dso.egg-info/PKG-INFO
[25.914s] writing dependency_links to ../../build/lsm6dso/lsm6dso.egg-info/dependency_links.txt
[25.922s] writing entry points to ../../build/lsm6dso/lsm6dso.egg-info/entry_points.txt
[25.925s] writing requirements to ../../build/lsm6dso/lsm6dso.egg-info/requires.txt
[25.927s] writing top-level names to ../../build/lsm6dso/lsm6dso.egg-info/top_level.txt
[25.952s] reading manifest file '../../build/lsm6dso/lsm6dso.egg-info/SOURCES.txt'
[25.969s] writing manifest file '../../build/lsm6dso/lsm6dso.egg-info/SOURCES.txt'
[25.980s] running build
[25.981s] running build_py
[25.983s] copying lsm6dso/sensor.py -> /home/ubuntu/ros2_ws/build/lsm6dso/build/lib/lsm6dso
[25.985s] copying lsm6dso/calibrate.py -> /home/ubuntu/ros2_ws/build/lsm6dso/build/lib/lsm6dso
[25.989s] running install
[26.000s] running install_lib
[26.009s] creating /home/ubuntu/ros2_ws/install/lsm6dso/lib/python3.10/site-packages/lsm6dso
[26.024s] copying /home/ubuntu/ros2_ws/build/lsm6dso/build/lib/lsm6dso/__init__.py -> /home/ubuntu/ros2_ws/install/lsm6dso/lib/python3.10/site-packages/lsm6dso
[26.028s] copying /home/ubuntu/ros2_ws/build/lsm6dso/build/lib/lsm6dso/sensor.py -> /home/ubuntu/ros2_ws/install/lsm6dso/lib/python3.10/site-packages/lsm6dso
[26.032s] copying /home/ubuntu/ros2_ws/build/lsm6dso/build/lib/lsm6dso/calibrate.py -> /home/ubuntu/ros2_ws/install/lsm6dso/lib/python3.10/site-packages/lsm6dso
[26.041s] byte-compiling /home/ubuntu/ros2_ws/install/lsm6dso/lib/python3.10/site-packages/lsm6dso/__init__.py to __init__.cpython-310.pyc
[26.058s] byte-compiling /home/ubuntu/ros2_ws/install/lsm6dso/lib/python3.10/site-packages/lsm6dso/sensor.py to sensor.cpython-310.pyc
[26.078s] byte-compiling /home/ubuntu/ros2_ws/install/lsm6dso/lib/python3.10/site-packages/lsm6dso/calibrate.py to calibrate.cpython-310.pyc
[26.087s] running install_data
[26.090s] copying resource/lsm6dso -> /home/ubuntu/ros2_ws/install/lsm6dso/share/ament_index/resource_index/packages
[26.112s] copying package.xml -> /home/ubuntu/ros2_ws/install/lsm6dso/share/lsm6dso
[26.120s] running install_egg_info
[26.155s] Copying ../../build/lsm6dso/lsm6dso.egg-info to /home/ubuntu/ros2_ws/install/lsm6dso/lib/python3.10/site-packages/lsm6dso-0.0.0-py3.10.egg-info
[26.197s] running install_scripts
[26.531s] Installing calibrate_gyro script to /home/ubuntu/ros2_ws/install/lsm6dso/lib/lsm6dso
[26.534s] Installing lsm6dso script to /home/ubuntu/ros2_ws/install/lsm6dso/lib/lsm6dso
[26.542s] writing list of installed files to '/home/ubuntu/ros2_ws/build/lsm6dso/install.log'
[26.932s] Invoked command in '/home/ubuntu/ros2_ws/src/lsm6dso' returned '0': PYTHONPATH=/home/ubuntu/ros2_ws/build/lsm6dso/prefix_override:/home/ubuntu/ros2_ws/install/lsm6dso/lib/python3.10/site-packages:${PYTHONPATH} /usr/bin/python3 -W ignore:setup.py install is deprecated setup.py egg_info --egg-base ../../build/lsm6dso build --build-base /home/ubuntu/ros2_ws/build/lsm6dso/build install --record /home/ubuntu/ros2_ws/build/lsm6dso/install.log --single-version-externally-managed install_data --force
