[42.666s] Invoking command in '/home/ubuntu/ros2_ws/src/lsm6dso': PYTHONPATH=/home/ubuntu/ros2_ws/build/lsm6dso/prefix_override:/home/ubuntu/ros2_ws/install/lsm6dso/lib/python3.10/site-packages:${PYTHONPATH} /usr/bin/python3 -W ignore:setup.py install is deprecated setup.py egg_info --egg-base ../../build/lsm6dso build --build-base /home/ubuntu/ros2_ws/build/lsm6dso/build install --record /home/ubuntu/ros2_ws/build/lsm6dso/install.log --single-version-externally-managed install_data
[59.624s] running egg_info
[59.641s] writing ../../build/lsm6dso/lsm6dso.egg-info/PKG-INFO
[59.668s] writing dependency_links to ../../build/lsm6dso/lsm6dso.egg-info/dependency_links.txt
[59.694s] writing entry points to ../../build/lsm6dso/lsm6dso.egg-info/entry_points.txt
[59.700s] writing requirements to ../../build/lsm6dso/lsm6dso.egg-info/requires.txt
[59.701s] writing top-level names to ../../build/lsm6dso/lsm6dso.egg-info/top_level.txt
[59.840s] reading manifest file '../../build/lsm6dso/lsm6dso.egg-info/SOURCES.txt'
[59.895s] writing manifest file '../../build/lsm6dso/lsm6dso.egg-info/SOURCES.txt'
[59.909s] running build
[59.910s] running build_py
[59.917s] running install
[59.933s] running install_lib
[59.989s] running install_data
[59.993s] running install_egg_info
[60.103s] removing '/home/ubuntu/ros2_ws/install/lsm6dso/lib/python3.10/site-packages/lsm6dso-0.0.0-py3.10.egg-info' (and everything under it)
[60.177s] Copying ../../build/lsm6dso/lsm6dso.egg-info to /home/ubuntu/ros2_ws/install/lsm6dso/lib/python3.10/site-packages/lsm6dso-0.0.0-py3.10.egg-info
[60.305s] running install_scripts
[61.477s] Installing lsm6dso script to /home/ubuntu/ros2_ws/install/lsm6dso/lib/lsm6dso
[61.494s] writing list of installed files to '/home/ubuntu/ros2_ws/build/lsm6dso/install.log'
[62.919s] Invoked command in '/home/ubuntu/ros2_ws/src/lsm6dso' returned '0': PYTHONPATH=/home/ubuntu/ros2_ws/build/lsm6dso/prefix_override:/home/ubuntu/ros2_ws/install/lsm6dso/lib/python3.10/site-packages:${PYTHONPATH} /usr/bin/python3 -W ignore:setup.py install is deprecated setup.py egg_info --egg-base ../../build/lsm6dso build --build-base /home/ubuntu/ros2_ws/build/lsm6dso/build install --record /home/ubuntu/ros2_ws/build/lsm6dso/install.log --single-version-externally-managed install_data
