[1.966s] DEBUG:colcon:Command line arguments: ['/usr/bin/colcon', 'build', '--packages-up-to', 'complementary_filter_ros2']
[1.967s] DEBUG:colcon:Parsed command line arguments: Namespace(log_base=None, log_level=None, verb_name='build', build_base='build', install_base='install', merge_install=False, symlink_install=False, test_result_base=None, continue_on_error=False, executor='parallel', parallel_workers=4, event_handlers=None, ignore_user_meta=False, metas=['./colcon.meta'], base_paths=['.'], packages_ignore=None, packages_ignore_regex=None, paths=None, packages_up_to=['complementary_filter_ros2'], packages_up_to_regex=None, packages_above=None, packages_above_and_dependencies=None, packages_above_depth=None, packages_select_by_dep=None, packages_skip_by_dep=None, packages_skip_up_to=None, packages_select_build_failed=False, packages_skip_build_finished=False, packages_select_test_failures=False, packages_skip_test_passed=False, packages_select=None, packages_skip=None, packages_select_regex=None, packages_skip_regex=None, packages_start=None, packages_end=None, allow_overriding=[], cmake_args=None, cmake_target=None, cmake_target_skip_unavailable=False, cmake_clean_cache=False, cmake_clean_first=False, cmake_force_configure=False, ament_cmake_args=None, catkin_cmake_args=None, catkin_skip_building_tests=False, mixin_files=None, mixin=None, verb_parser=<colcon_mixin.mixin.mixin_argument.MixinArgumentDecorator object at 0xffff8e319450>, verb_extension=<colcon_core.verb.build.BuildVerb object at 0xffff8e42a530>, main=<bound method BuildVerb.main of <colcon_core.verb.build.BuildVerb object at 0xffff8e42a530>>, mixin_verb=('build',))
[5.945s] Level 1:colcon.colcon_core.package_discovery:discover_packages(colcon_meta) check parameters
[5.946s] Level 1:colcon.colcon_core.package_discovery:discover_packages(recursive) check parameters
[5.947s] Level 1:colcon.colcon_core.package_discovery:discover_packages(ignore) check parameters
[5.948s] Level 1:colcon.colcon_core.package_discovery:discover_packages(path) check parameters
[5.948s] Level 1:colcon.colcon_core.package_discovery:discover_packages(colcon_meta) discover
[5.949s] Level 1:colcon.colcon_core.package_discovery:discover_packages(recursive) discover
[5.950s] INFO:colcon.colcon_core.package_discovery:Crawling recursively for packages in '/home/ubuntu/ros2_ws'
[5.952s] Level 1:colcon.colcon_core.package_identification:_identify(.) by extensions ['ignore', 'ignore_ament_install']
[5.953s] Level 1:colcon.colcon_core.package_identification:_identify(.) by extension 'ignore'
[5.954s] Level 1:colcon.colcon_core.package_identification:_identify(.) by extension 'ignore_ament_install'
[5.955s] Level 1:colcon.colcon_core.package_identification:_identify(.) by extensions ['colcon_pkg']
[5.955s] Level 1:colcon.colcon_core.package_identification:_identify(.) by extension 'colcon_pkg'
[5.956s] Level 1:colcon.colcon_core.package_identification:_identify(.) by extensions ['colcon_meta']
[5.956s] Level 1:colcon.colcon_core.package_identification:_identify(.) by extension 'colcon_meta'
[5.957s] Level 1:colcon.colcon_core.package_identification:_identify(.) by extensions ['ros']
[5.958s] Level 1:colcon.colcon_core.package_identification:_identify(.) by extension 'ros'
[6.100s] Level 1:colcon.colcon_core.package_identification:_identify(.) by extensions ['cmake', 'python']
[6.101s] Level 1:colcon.colcon_core.package_identification:_identify(.) by extension 'cmake'
[6.102s] Level 1:colcon.colcon_core.package_identification:_identify(.) by extension 'python'
[6.103s] Level 1:colcon.colcon_core.package_identification:_identify(.) by extensions ['python_setup_py']
[6.103s] Level 1:colcon.colcon_core.package_identification:_identify(.) by extension 'python_setup_py'
[6.105s] Level 1:colcon.colcon_core.package_identification:_identify(build) by extensions ['ignore', 'ignore_ament_install']
[6.107s] Level 1:colcon.colcon_core.package_identification:_identify(build) by extension 'ignore'
[6.108s] Level 1:colcon.colcon_core.package_identification:_identify(build) ignored
[6.110s] Level 1:colcon.colcon_core.package_identification:_identify(install) by extensions ['ignore', 'ignore_ament_install']
[6.111s] Level 1:colcon.colcon_core.package_identification:_identify(install) by extension 'ignore'
[6.112s] Level 1:colcon.colcon_core.package_identification:_identify(install) ignored
[6.116s] Level 1:colcon.colcon_core.package_identification:_identify(log) by extensions ['ignore', 'ignore_ament_install']
[6.118s] Level 1:colcon.colcon_core.package_identification:_identify(log) by extension 'ignore'
[6.118s] Level 1:colcon.colcon_core.package_identification:_identify(log) ignored
[6.120s] Level 1:colcon.colcon_core.package_identification:_identify(src) by extensions ['ignore', 'ignore_ament_install']
[6.121s] Level 1:colcon.colcon_core.package_identification:_identify(src) by extension 'ignore'
[6.122s] Level 1:colcon.colcon_core.package_identification:_identify(src) by extension 'ignore_ament_install'
[6.123s] Level 1:colcon.colcon_core.package_identification:_identify(src) by extensions ['colcon_pkg']
[6.124s] Level 1:colcon.colcon_core.package_identification:_identify(src) by extension 'colcon_pkg'
[6.125s] Level 1:colcon.colcon_core.package_identification:_identify(src) by extensions ['colcon_meta']
[6.125s] Level 1:colcon.colcon_core.package_identification:_identify(src) by extension 'colcon_meta'
[6.127s] Level 1:colcon.colcon_core.package_identification:_identify(src) by extensions ['ros']
[6.128s] Level 1:colcon.colcon_core.package_identification:_identify(src) by extension 'ros'
[6.129s] Level 1:colcon.colcon_core.package_identification:_identify(src) by extensions ['cmake', 'python']
[6.130s] Level 1:colcon.colcon_core.package_identification:_identify(src) by extension 'cmake'
[6.131s] Level 1:colcon.colcon_core.package_identification:_identify(src) by extension 'python'
[6.132s] Level 1:colcon.colcon_core.package_identification:_identify(src) by extensions ['python_setup_py']
[6.132s] Level 1:colcon.colcon_core.package_identification:_identify(src) by extension 'python_setup_py'
[6.134s] Level 1:colcon.colcon_core.package_identification:_identify(src/aerobot_interfaces) by extensions ['ignore', 'ignore_ament_install']
[6.135s] Level 1:colcon.colcon_core.package_identification:_identify(src/aerobot_interfaces) by extension 'ignore'
[6.136s] Level 1:colcon.colcon_core.package_identification:_identify(src/aerobot_interfaces) by extension 'ignore_ament_install'
[6.137s] Level 1:colcon.colcon_core.package_identification:_identify(src/aerobot_interfaces) by extensions ['colcon_pkg']
[6.138s] Level 1:colcon.colcon_core.package_identification:_identify(src/aerobot_interfaces) by extension 'colcon_pkg'
[6.139s] Level 1:colcon.colcon_core.package_identification:_identify(src/aerobot_interfaces) by extensions ['colcon_meta']
[6.139s] Level 1:colcon.colcon_core.package_identification:_identify(src/aerobot_interfaces) by extension 'colcon_meta'
[6.140s] Level 1:colcon.colcon_core.package_identification:_identify(src/aerobot_interfaces) by extensions ['ros']
[6.141s] Level 1:colcon.colcon_core.package_identification:_identify(src/aerobot_interfaces) by extension 'ros'
[6.168s] DEBUG:colcon.colcon_core.package_identification:Package 'src/aerobot_interfaces' with type 'ros.ament_cmake' and name 'aerobot_interfaces'
[6.170s] Level 1:colcon.colcon_core.package_identification:_identify(src/bmm150_sensor) by extensions ['ignore', 'ignore_ament_install']
[6.172s] Level 1:colcon.colcon_core.package_identification:_identify(src/bmm150_sensor) by extension 'ignore'
[6.173s] Level 1:colcon.colcon_core.package_identification:_identify(src/bmm150_sensor) by extension 'ignore_ament_install'
[6.174s] Level 1:colcon.colcon_core.package_identification:_identify(src/bmm150_sensor) by extensions ['colcon_pkg']
[6.174s] Level 1:colcon.colcon_core.package_identification:_identify(src/bmm150_sensor) by extension 'colcon_pkg'
[6.175s] Level 1:colcon.colcon_core.package_identification:_identify(src/bmm150_sensor) by extensions ['colcon_meta']
[6.176s] Level 1:colcon.colcon_core.package_identification:_identify(src/bmm150_sensor) by extension 'colcon_meta'
[6.177s] Level 1:colcon.colcon_core.package_identification:_identify(src/bmm150_sensor) by extensions ['ros']
[6.178s] Level 1:colcon.colcon_core.package_identification:_identify(src/bmm150_sensor) by extension 'ros'
[6.187s] DEBUG:colcon.colcon_core.package_identification:Package 'src/bmm150_sensor' with type 'ros.ament_python' and name 'bmm150_sensor'
[6.189s] Level 1:colcon.colcon_core.package_identification:_identify(src/complementary_filter_ros2) by extensions ['ignore', 'ignore_ament_install']
[6.190s] Level 1:colcon.colcon_core.package_identification:_identify(src/complementary_filter_ros2) by extension 'ignore'
[6.191s] Level 1:colcon.colcon_core.package_identification:_identify(src/complementary_filter_ros2) by extension 'ignore_ament_install'
[6.193s] Level 1:colcon.colcon_core.package_identification:_identify(src/complementary_filter_ros2) by extensions ['colcon_pkg']
[6.194s] Level 1:colcon.colcon_core.package_identification:_identify(src/complementary_filter_ros2) by extension 'colcon_pkg'
[6.195s] Level 1:colcon.colcon_core.package_identification:_identify(src/complementary_filter_ros2) by extensions ['colcon_meta']
[6.195s] Level 1:colcon.colcon_core.package_identification:_identify(src/complementary_filter_ros2) by extension 'colcon_meta'
[6.196s] Level 1:colcon.colcon_core.package_identification:_identify(src/complementary_filter_ros2) by extensions ['ros']
[6.197s] Level 1:colcon.colcon_core.package_identification:_identify(src/complementary_filter_ros2) by extension 'ros'
[6.207s] DEBUG:colcon.colcon_core.package_identification:Package 'src/complementary_filter_ros2' with type 'ros.ament_cmake' and name 'complementary_filter_ros2'
[6.209s] Level 1:colcon.colcon_core.package_identification:_identify(src/esc_pkg) by extensions ['ignore', 'ignore_ament_install']
[6.211s] Level 1:colcon.colcon_core.package_identification:_identify(src/esc_pkg) by extension 'ignore'
[6.212s] Level 1:colcon.colcon_core.package_identification:_identify(src/esc_pkg) by extension 'ignore_ament_install'
[6.213s] Level 1:colcon.colcon_core.package_identification:_identify(src/esc_pkg) by extensions ['colcon_pkg']
[6.213s] Level 1:colcon.colcon_core.package_identification:_identify(src/esc_pkg) by extension 'colcon_pkg'
[6.214s] Level 1:colcon.colcon_core.package_identification:_identify(src/esc_pkg) by extensions ['colcon_meta']
[6.215s] Level 1:colcon.colcon_core.package_identification:_identify(src/esc_pkg) by extension 'colcon_meta'
[6.216s] Level 1:colcon.colcon_core.package_identification:_identify(src/esc_pkg) by extensions ['ros']
[6.216s] Level 1:colcon.colcon_core.package_identification:_identify(src/esc_pkg) by extension 'ros'
[6.226s] DEBUG:colcon.colcon_core.package_identification:Package 'src/esc_pkg' with type 'ros.ament_python' and name 'esc_pkg'
[6.228s] Level 1:colcon.colcon_core.package_identification:_identify(src/lsm6dso) by extensions ['ignore', 'ignore_ament_install']
[6.229s] Level 1:colcon.colcon_core.package_identification:_identify(src/lsm6dso) by extension 'ignore'
[6.230s] Level 1:colcon.colcon_core.package_identification:_identify(src/lsm6dso) by extension 'ignore_ament_install'
[6.231s] Level 1:colcon.colcon_core.package_identification:_identify(src/lsm6dso) by extensions ['colcon_pkg']
[6.232s] Level 1:colcon.colcon_core.package_identification:_identify(src/lsm6dso) by extension 'colcon_pkg'
[6.233s] Level 1:colcon.colcon_core.package_identification:_identify(src/lsm6dso) by extensions ['colcon_meta']
[6.233s] Level 1:colcon.colcon_core.package_identification:_identify(src/lsm6dso) by extension 'colcon_meta'
[6.234s] Level 1:colcon.colcon_core.package_identification:_identify(src/lsm6dso) by extensions ['ros']
[6.235s] Level 1:colcon.colcon_core.package_identification:_identify(src/lsm6dso) by extension 'ros'
[6.250s] DEBUG:colcon.colcon_core.package_identification:Package 'src/lsm6dso' with type 'ros.ament_python' and name 'lsm6dso'
[6.253s] Level 1:colcon.colcon_core.package_identification:_identify(src/my_ahrs) by extensions ['ignore', 'ignore_ament_install']
[6.254s] Level 1:colcon.colcon_core.package_identification:_identify(src/my_ahrs) by extension 'ignore'
[6.255s] Level 1:colcon.colcon_core.package_identification:_identify(src/my_ahrs) by extension 'ignore_ament_install'
[6.256s] Level 1:colcon.colcon_core.package_identification:_identify(src/my_ahrs) by extensions ['colcon_pkg']
[6.257s] Level 1:colcon.colcon_core.package_identification:_identify(src/my_ahrs) by extension 'colcon_pkg'
[6.258s] Level 1:colcon.colcon_core.package_identification:_identify(src/my_ahrs) by extensions ['colcon_meta']
[6.258s] Level 1:colcon.colcon_core.package_identification:_identify(src/my_ahrs) by extension 'colcon_meta'
[6.259s] Level 1:colcon.colcon_core.package_identification:_identify(src/my_ahrs) by extensions ['ros']
[6.260s] Level 1:colcon.colcon_core.package_identification:_identify(src/my_ahrs) by extension 'ros'
[6.269s] DEBUG:colcon.colcon_core.package_identification:Package 'src/my_ahrs' with type 'ros.ament_python' and name 'my_ahrs'
[6.271s] Level 1:colcon.colcon_core.package_identification:_identify(src/ros2_imu) by extensions ['ignore', 'ignore_ament_install']
[6.272s] Level 1:colcon.colcon_core.package_identification:_identify(src/ros2_imu) by extension 'ignore'
[6.273s] Level 1:colcon.colcon_core.package_identification:_identify(src/ros2_imu) by extension 'ignore_ament_install'
[6.274s] Level 1:colcon.colcon_core.package_identification:_identify(src/ros2_imu) by extensions ['colcon_pkg']
[6.275s] Level 1:colcon.colcon_core.package_identification:_identify(src/ros2_imu) by extension 'colcon_pkg'
[6.275s] Level 1:colcon.colcon_core.package_identification:_identify(src/ros2_imu) by extensions ['colcon_meta']
[6.276s] Level 1:colcon.colcon_core.package_identification:_identify(src/ros2_imu) by extension 'colcon_meta'
[6.276s] Level 1:colcon.colcon_core.package_identification:_identify(src/ros2_imu) by extensions ['ros']
[6.277s] Level 1:colcon.colcon_core.package_identification:_identify(src/ros2_imu) by extension 'ros'
[6.286s] DEBUG:colcon.colcon_core.package_identification:Package 'src/ros2_imu' with type 'ros.ament_cmake' and name 'ros2_imu'
[6.288s] Level 1:colcon.colcon_core.package_identification:_identify(src/testing_ros) by extensions ['ignore', 'ignore_ament_install']
[6.289s] Level 1:colcon.colcon_core.package_identification:_identify(src/testing_ros) by extension 'ignore'
[6.290s] Level 1:colcon.colcon_core.package_identification:_identify(src/testing_ros) by extension 'ignore_ament_install'
[6.291s] Level 1:colcon.colcon_core.package_identification:_identify(src/testing_ros) by extensions ['colcon_pkg']
[6.291s] Level 1:colcon.colcon_core.package_identification:_identify(src/testing_ros) by extension 'colcon_pkg'
[6.291s] Level 1:colcon.colcon_core.package_identification:_identify(src/testing_ros) by extensions ['colcon_meta']
[6.292s] Level 1:colcon.colcon_core.package_identification:_identify(src/testing_ros) by extension 'colcon_meta'
[6.293s] Level 1:colcon.colcon_core.package_identification:_identify(src/testing_ros) by extensions ['ros']
[6.305s] Level 1:colcon.colcon_core.package_identification:_identify(src/testing_ros) by extension 'ros'
[6.314s] DEBUG:colcon.colcon_core.package_identification:Package 'src/testing_ros' with type 'ros.ament_cmake' and name 'testing_ros'
[6.316s] Level 1:colcon.colcon_core.package_identification:_identify(src/testing_ros2) by extensions ['ignore', 'ignore_ament_install']
[6.323s] Level 1:colcon.colcon_core.package_identification:_identify(src/testing_ros2) by extension 'ignore'
[6.324s] Level 1:colcon.colcon_core.package_identification:_identify(src/testing_ros2) by extension 'ignore_ament_install'
[6.325s] Level 1:colcon.colcon_core.package_identification:_identify(src/testing_ros2) by extensions ['colcon_pkg']
[6.326s] Level 1:colcon.colcon_core.package_identification:_identify(src/testing_ros2) by extension 'colcon_pkg'
[6.326s] Level 1:colcon.colcon_core.package_identification:_identify(src/testing_ros2) by extensions ['colcon_meta']
[6.327s] Level 1:colcon.colcon_core.package_identification:_identify(src/testing_ros2) by extension 'colcon_meta'
[6.328s] Level 1:colcon.colcon_core.package_identification:_identify(src/testing_ros2) by extensions ['ros']
[6.328s] Level 1:colcon.colcon_core.package_identification:_identify(src/testing_ros2) by extension 'ros'
[6.338s] DEBUG:colcon.colcon_core.package_identification:Package 'src/testing_ros2' with type 'ros.ament_cmake' and name 'testing_ros2'
[6.339s] Level 1:colcon.colcon_core.package_discovery:discover_packages(recursive) using defaults
[6.339s] Level 1:colcon.colcon_core.package_discovery:discover_packages(ignore) discover
[6.340s] Level 1:colcon.colcon_core.package_discovery:discover_packages(ignore) using defaults
[6.340s] Level 1:colcon.colcon_core.package_discovery:discover_packages(path) discover
[6.341s] Level 1:colcon.colcon_core.package_discovery:discover_packages(path) using defaults
[6.734s] INFO:colcon.colcon_core.package_selection:Skipping package 'ros2_imu' in 'src/ros2_imu'
[6.735s] INFO:colcon.colcon_core.package_selection:Skipping package 'esc_pkg' in 'src/esc_pkg'
[6.735s] INFO:colcon.colcon_core.package_selection:Skipping package 'testing_ros2' in 'src/testing_ros2'
[6.736s] INFO:colcon.colcon_core.package_selection:Skipping package 'testing_ros' in 'src/testing_ros'
[6.736s] INFO:colcon.colcon_core.package_selection:Skipping package 'my_ahrs' in 'src/my_ahrs'
[6.737s] INFO:colcon.colcon_core.package_selection:Skipping package 'lsm6dso' in 'src/lsm6dso'
[6.737s] INFO:colcon.colcon_core.package_selection:Skipping package 'bmm150_sensor' in 'src/bmm150_sensor'
[6.737s] INFO:colcon.colcon_core.package_selection:Skipping package 'aerobot_interfaces' in 'src/aerobot_interfaces'
[6.742s] Level 1:colcon.colcon_core.package_discovery:discover_packages(prefix_path) check parameters
[6.743s] Level 1:colcon.colcon_core.package_discovery:discover_packages(prefix_path) discover
[6.780s] DEBUG:colcon.colcon_installed_package_information.package_discovery:Found 8 installed packages in /home/ubuntu/ros2_ws/install
[6.803s] DEBUG:colcon.colcon_installed_package_information.package_discovery:Found 184 installed packages in /opt/ros/humble
[6.818s] Level 1:colcon.colcon_core.package_discovery:discover_packages(prefix_path) using defaults
[7.130s] Level 5:colcon.colcon_core.verb:set package 'complementary_filter_ros2' build argument 'cmake_args' from command line to 'None'
[7.131s] Level 5:colcon.colcon_core.verb:set package 'complementary_filter_ros2' build argument 'cmake_target' from command line to 'None'
[7.131s] Level 5:colcon.colcon_core.verb:set package 'complementary_filter_ros2' build argument 'cmake_target_skip_unavailable' from command line to 'False'
[7.131s] Level 5:colcon.colcon_core.verb:set package 'complementary_filter_ros2' build argument 'cmake_clean_cache' from command line to 'False'
[7.132s] Level 5:colcon.colcon_core.verb:set package 'complementary_filter_ros2' build argument 'cmake_clean_first' from command line to 'False'
[7.132s] Level 5:colcon.colcon_core.verb:set package 'complementary_filter_ros2' build argument 'cmake_force_configure' from command line to 'False'
[7.133s] Level 5:colcon.colcon_core.verb:set package 'complementary_filter_ros2' build argument 'ament_cmake_args' from command line to 'None'
[7.133s] Level 5:colcon.colcon_core.verb:set package 'complementary_filter_ros2' build argument 'catkin_cmake_args' from command line to 'None'
[7.133s] Level 5:colcon.colcon_core.verb:set package 'complementary_filter_ros2' build argument 'catkin_skip_building_tests' from command line to 'False'
[7.134s] DEBUG:colcon.colcon_core.verb:Building package 'complementary_filter_ros2' with the following arguments: {'ament_cmake_args': None, 'build_base': '/home/ubuntu/ros2_ws/build/complementary_filter_ros2', 'catkin_cmake_args': None, 'catkin_skip_building_tests': False, 'cmake_args': None, 'cmake_clean_cache': False, 'cmake_clean_first': False, 'cmake_force_configure': False, 'cmake_target': None, 'cmake_target_skip_unavailable': False, 'install_base': '/home/ubuntu/ros2_ws/install/complementary_filter_ros2', 'merge_install': False, 'path': '/home/ubuntu/ros2_ws/src/complementary_filter_ros2', 'symlink_install': False, 'test_result_base': None}
[7.136s] INFO:colcon.colcon_core.executor:Executing jobs using 'parallel' executor
[7.146s] DEBUG:colcon.colcon_parallel_executor.executor.parallel:run_until_complete
[7.148s] INFO:colcon.colcon_ros.task.ament_cmake.build:Building ROS package in '/home/ubuntu/ros2_ws/src/complementary_filter_ros2' with build type 'ament_cmake'
[7.149s] INFO:colcon.colcon_cmake.task.cmake.build:Building CMake package in '/home/ubuntu/ros2_ws/src/complementary_filter_ros2'
[7.185s] INFO:colcon.colcon_core.plugin_system:Skipping extension 'colcon_core.shell.bat': Not used on non-Windows systems
[7.189s] INFO:colcon.colcon_core.shell:Skip shell extension 'powershell' for command environment: Not usable outside of PowerShell
[7.190s] DEBUG:colcon.colcon_core.shell:Skip shell extension 'dsv' for command environment
[7.327s] DEBUG:colcon.colcon_core.event_handler.log_command:Invoking command in '/home/ubuntu/ros2_ws/build/complementary_filter_ros2': CMAKE_PREFIX_PATH=${CMAKE_PREFIX_PATH}:/home/ubuntu/ros2_ws/install/my_ahrs:/home/ubuntu/ros2_ws/install/lsm6dso:/home/ubuntu/ros2_ws/install/esc_pkg:/home/ubuntu/ros2_ws/install/bmm150_sensor:/opt/ros/humble /usr/bin/cmake /home/ubuntu/ros2_ws/src/complementary_filter_ros2 -DCMAKE_INSTALL_PREFIX=/home/ubuntu/ros2_ws/install/complementary_filter_ros2
[36.280s] DEBUG:colcon.colcon_core.event_handler.log_command:Invoked command in '/home/ubuntu/ros2_ws/build/complementary_filter_ros2' returned '0': CMAKE_PREFIX_PATH=${CMAKE_PREFIX_PATH}:/home/ubuntu/ros2_ws/install/my_ahrs:/home/ubuntu/ros2_ws/install/lsm6dso:/home/ubuntu/ros2_ws/install/esc_pkg:/home/ubuntu/ros2_ws/install/bmm150_sensor:/opt/ros/humble /usr/bin/cmake /home/ubuntu/ros2_ws/src/complementary_filter_ros2 -DCMAKE_INSTALL_PREFIX=/home/ubuntu/ros2_ws/install/complementary_filter_ros2
[36.283s] DEBUG:colcon.colcon_core.event_handler.log_command:Invoking command in '/home/ubuntu/ros2_ws/build/complementary_filter_ros2': CMAKE_PREFIX_PATH=${CMAKE_PREFIX_PATH}:/home/ubuntu/ros2_ws/install/my_ahrs:/home/ubuntu/ros2_ws/install/lsm6dso:/home/ubuntu/ros2_ws/install/esc_pkg:/home/ubuntu/ros2_ws/install/bmm150_sensor:/opt/ros/humble /usr/bin/cmake --build /home/ubuntu/ros2_ws/build/complementary_filter_ros2 -- -j4 -l4
[420.266s] DEBUG:colcon.colcon_core.event_handler.log_command:Invoked command in '/home/ubuntu/ros2_ws/build/complementary_filter_ros2' returned '0': CMAKE_PREFIX_PATH=${CMAKE_PREFIX_PATH}:/home/ubuntu/ros2_ws/install/my_ahrs:/home/ubuntu/ros2_ws/install/lsm6dso:/home/ubuntu/ros2_ws/install/esc_pkg:/home/ubuntu/ros2_ws/install/bmm150_sensor:/opt/ros/humble /usr/bin/cmake --build /home/ubuntu/ros2_ws/build/complementary_filter_ros2 -- -j4 -l4
[421.422s] DEBUG:colcon.colcon_core.event_handler.log_command:Invoking command in '/home/ubuntu/ros2_ws/build/complementary_filter_ros2': CMAKE_PREFIX_PATH=${CMAKE_PREFIX_PATH}:/home/ubuntu/ros2_ws/install/my_ahrs:/home/ubuntu/ros2_ws/install/lsm6dso:/home/ubuntu/ros2_ws/install/esc_pkg:/home/ubuntu/ros2_ws/install/bmm150_sensor:/opt/ros/humble /usr/bin/cmake --install /home/ubuntu/ros2_ws/build/complementary_filter_ros2
[421.886s] Level 1:colcon.colcon_core.environment:create_environment_scripts_only(complementary_filter_ros2)
[421.892s] DEBUG:colcon.colcon_core.event_handler.log_command:Invoked command in '/home/ubuntu/ros2_ws/build/complementary_filter_ros2' returned '0': CMAKE_PREFIX_PATH=${CMAKE_PREFIX_PATH}:/home/ubuntu/ros2_ws/install/my_ahrs:/home/ubuntu/ros2_ws/install/lsm6dso:/home/ubuntu/ros2_ws/install/esc_pkg:/home/ubuntu/ros2_ws/install/bmm150_sensor:/opt/ros/humble /usr/bin/cmake --install /home/ubuntu/ros2_ws/build/complementary_filter_ros2
[421.942s] Level 1:colcon.colcon_core.environment:checking '/home/ubuntu/ros2_ws/install/complementary_filter_ros2' for CMake module files
[421.971s] Level 1:colcon.colcon_core.environment:checking '/home/ubuntu/ros2_ws/install/complementary_filter_ros2' for CMake config files
[421.979s] Level 1:colcon.colcon_core.shell:create_environment_hook('complementary_filter_ros2', 'cmake_prefix_path')
[421.996s] INFO:colcon.colcon_core.shell:Creating environment hook '/home/ubuntu/ros2_ws/install/complementary_filter_ros2/share/complementary_filter_ros2/hook/cmake_prefix_path.ps1'
[422.014s] INFO:colcon.colcon_core.shell:Creating environment descriptor '/home/ubuntu/ros2_ws/install/complementary_filter_ros2/share/complementary_filter_ros2/hook/cmake_prefix_path.dsv'
[422.023s] INFO:colcon.colcon_core.shell:Creating environment hook '/home/ubuntu/ros2_ws/install/complementary_filter_ros2/share/complementary_filter_ros2/hook/cmake_prefix_path.sh'
[422.041s] Level 1:colcon.colcon_core.environment:checking '/home/ubuntu/ros2_ws/install/complementary_filter_ros2/lib'
[422.044s] Level 1:colcon.colcon_core.environment:checking '/home/ubuntu/ros2_ws/install/complementary_filter_ros2/bin'
[422.058s] Level 1:colcon.colcon_core.environment:checking '/home/ubuntu/ros2_ws/install/complementary_filter_ros2/lib/pkgconfig/complementary_filter_ros2.pc'
[422.062s] Level 1:colcon.colcon_core.environment:checking '/home/ubuntu/ros2_ws/install/complementary_filter_ros2/lib/python3.10/site-packages'
[422.070s] Level 1:colcon.colcon_core.environment:checking '/home/ubuntu/ros2_ws/install/complementary_filter_ros2/bin'
[422.074s] INFO:colcon.colcon_core.shell:Creating package script '/home/ubuntu/ros2_ws/install/complementary_filter_ros2/share/complementary_filter_ros2/package.ps1'
[422.097s] INFO:colcon.colcon_core.shell:Creating package descriptor '/home/ubuntu/ros2_ws/install/complementary_filter_ros2/share/complementary_filter_ros2/package.dsv'
[422.112s] INFO:colcon.colcon_core.shell:Creating package script '/home/ubuntu/ros2_ws/install/complementary_filter_ros2/share/complementary_filter_ros2/package.sh'
[422.124s] INFO:colcon.colcon_core.shell:Creating package script '/home/ubuntu/ros2_ws/install/complementary_filter_ros2/share/complementary_filter_ros2/package.bash'
[422.136s] INFO:colcon.colcon_core.shell:Creating package script '/home/ubuntu/ros2_ws/install/complementary_filter_ros2/share/complementary_filter_ros2/package.zsh'
[422.147s] Level 1:colcon.colcon_core.environment:create_file_with_runtime_dependencies(/home/ubuntu/ros2_ws/install/complementary_filter_ros2/share/colcon-core/packages/complementary_filter_ros2)
[423.036s] Level 1:colcon.colcon_core.environment:create_environment_scripts_only(complementary_filter_ros2)
[423.038s] Level 1:colcon.colcon_core.environment:checking '/home/ubuntu/ros2_ws/install/complementary_filter_ros2' for CMake module files
[423.042s] Level 1:colcon.colcon_core.environment:checking '/home/ubuntu/ros2_ws/install/complementary_filter_ros2' for CMake config files
[423.045s] Level 1:colcon.colcon_core.shell:create_environment_hook('complementary_filter_ros2', 'cmake_prefix_path')
[423.047s] INFO:colcon.colcon_core.shell:Creating environment hook '/home/ubuntu/ros2_ws/install/complementary_filter_ros2/share/complementary_filter_ros2/hook/cmake_prefix_path.ps1'
[423.053s] INFO:colcon.colcon_core.shell:Creating environment descriptor '/home/ubuntu/ros2_ws/install/complementary_filter_ros2/share/complementary_filter_ros2/hook/cmake_prefix_path.dsv'
[423.062s] INFO:colcon.colcon_core.shell:Creating environment hook '/home/ubuntu/ros2_ws/install/complementary_filter_ros2/share/complementary_filter_ros2/hook/cmake_prefix_path.sh'
[423.068s] Level 1:colcon.colcon_core.environment:checking '/home/ubuntu/ros2_ws/install/complementary_filter_ros2/lib'
[423.070s] Level 1:colcon.colcon_core.environment:checking '/home/ubuntu/ros2_ws/install/complementary_filter_ros2/bin'
[423.071s] Level 1:colcon.colcon_core.environment:checking '/home/ubuntu/ros2_ws/install/complementary_filter_ros2/lib/pkgconfig/complementary_filter_ros2.pc'
[423.073s] Level 1:colcon.colcon_core.environment:checking '/home/ubuntu/ros2_ws/install/complementary_filter_ros2/lib/python3.10/site-packages'
[423.076s] Level 1:colcon.colcon_core.environment:checking '/home/ubuntu/ros2_ws/install/complementary_filter_ros2/bin'
[423.079s] INFO:colcon.colcon_core.shell:Creating package script '/home/ubuntu/ros2_ws/install/complementary_filter_ros2/share/complementary_filter_ros2/package.ps1'
[423.090s] INFO:colcon.colcon_core.shell:Creating package descriptor '/home/ubuntu/ros2_ws/install/complementary_filter_ros2/share/complementary_filter_ros2/package.dsv'
[423.102s] INFO:colcon.colcon_core.shell:Creating package script '/home/ubuntu/ros2_ws/install/complementary_filter_ros2/share/complementary_filter_ros2/package.sh'
[423.107s] INFO:colcon.colcon_core.shell:Creating package script '/home/ubuntu/ros2_ws/install/complementary_filter_ros2/share/complementary_filter_ros2/package.bash'
[423.112s] INFO:colcon.colcon_core.shell:Creating package script '/home/ubuntu/ros2_ws/install/complementary_filter_ros2/share/complementary_filter_ros2/package.zsh'
[423.117s] Level 1:colcon.colcon_core.environment:create_file_with_runtime_dependencies(/home/ubuntu/ros2_ws/install/complementary_filter_ros2/share/colcon-core/packages/complementary_filter_ros2)
[423.120s] DEBUG:colcon.colcon_parallel_executor.executor.parallel:closing loop
[423.126s] DEBUG:colcon.colcon_parallel_executor.executor.parallel:loop closed
[423.126s] DEBUG:colcon.colcon_parallel_executor.executor.parallel:run_until_complete finished with '0'
[423.127s] DEBUG:colcon.colcon_core.event_reactor:joining thread
[423.251s] INFO:colcon.colcon_core.plugin_system:Skipping extension 'colcon_notification.desktop_notification.notify_send': Could not find 'notify-send'
[423.252s] INFO:colcon.colcon_core.plugin_system:Skipping extension 'colcon_notification.desktop_notification.terminal_notifier': Not used on non-Darwin systems
[423.253s] INFO:colcon.colcon_core.plugin_system:Skipping extension 'colcon_notification.desktop_notification.win32': Not used on non-Windows systems
[423.255s] INFO:colcon.colcon_notification.desktop_notification:Sending desktop notification using 'notify2'
[423.274s] DEBUG:colcon.colcon_notification.desktop_notification.notify2:Failed to initialize notify2: org.freedesktop.DBus.Error.ServiceUnknown: The name org.freedesktop.Notifications was not provided by any .service files
[423.277s] DEBUG:colcon.colcon_core.event_reactor:joined thread
[423.280s] INFO:colcon.colcon_core.shell:Creating prefix script '/home/ubuntu/ros2_ws/install/local_setup.ps1'
[423.302s] INFO:colcon.colcon_core.shell:Creating prefix util module '/home/ubuntu/ros2_ws/install/_local_setup_util_ps1.py'
[423.329s] INFO:colcon.colcon_core.shell:Creating prefix chain script '/home/ubuntu/ros2_ws/install/setup.ps1'
[423.349s] INFO:colcon.colcon_core.shell:Creating prefix script '/home/ubuntu/ros2_ws/install/local_setup.sh'
[423.358s] INFO:colcon.colcon_core.shell:Creating prefix util module '/home/ubuntu/ros2_ws/install/_local_setup_util_sh.py'
[423.367s] INFO:colcon.colcon_core.shell:Creating prefix chain script '/home/ubuntu/ros2_ws/install/setup.sh'
[423.388s] INFO:colcon.colcon_core.shell:Creating prefix script '/home/ubuntu/ros2_ws/install/local_setup.bash'
[423.398s] INFO:colcon.colcon_core.shell:Creating prefix chain script '/home/ubuntu/ros2_ws/install/setup.bash'
[423.418s] INFO:colcon.colcon_core.shell:Creating prefix script '/home/ubuntu/ros2_ws/install/local_setup.zsh'
[423.427s] INFO:colcon.colcon_core.shell:Creating prefix chain script '/home/ubuntu/ros2_ws/install/setup.zsh'
