[22.121s] Invoking command in '/home/ubuntu/ros2_ws/src/my_ahrs': PYTHONPATH=/home/ubuntu/ros2_ws/build/my_ahrs/prefix_override:/home/ubuntu/ros2_ws/install/my_ahrs/lib/python3.10/site-packages:${PYTHONPATH} /usr/bin/python3 -W ignore:setup.py install is deprecated setup.py egg_info --egg-base ../../build/my_ahrs build --build-base /home/ubuntu/ros2_ws/build/my_ahrs/build install --record /home/ubuntu/ros2_ws/build/my_ahrs/install.log --single-version-externally-managed install_data
[29.616s] running egg_info
[29.629s] writing ../../build/my_ahrs/my_ahrs.egg-info/PKG-INFO
[29.632s] writing dependency_links to ../../build/my_ahrs/my_ahrs.egg-info/dependency_links.txt
[29.639s] writing entry points to ../../build/my_ahrs/my_ahrs.egg-info/entry_points.txt
[29.640s] writing requirements to ../../build/my_ahrs/my_ahrs.egg-info/requires.txt
[29.641s] writing top-level names to ../../build/my_ahrs/my_ahrs.egg-info/top_level.txt
[29.654s] reading manifest file '../../build/my_ahrs/my_ahrs.egg-info/SOURCES.txt'
[29.665s] writing manifest file '../../build/my_ahrs/my_ahrs.egg-info/SOURCES.txt'
[29.668s] running build
[29.669s] running build_py
[29.677s] running install
[29.681s] running install_lib
[29.698s] running install_data
[29.701s] running install_egg_info
[29.719s] removing '/home/ubuntu/ros2_ws/install/my_ahrs/lib/python3.10/site-packages/my_ahrs-0.0.0-py3.10.egg-info' (and everything under it)
[29.726s] Copying ../../build/my_ahrs/my_ahrs.egg-info to /home/ubuntu/ros2_ws/install/my_ahrs/lib/python3.10/site-packages/my_ahrs-0.0.0-py3.10.egg-info
[29.752s] running install_scripts
[29.992s] Installing cf_node script to /home/ubuntu/ros2_ws/install/my_ahrs/lib/my_ahrs
[29.999s] Installing ekf_node script to /home/ubuntu/ros2_ws/install/my_ahrs/lib/my_ahrs
[30.002s] Installing mad_node script to /home/ubuntu/ros2_ws/install/my_ahrs/lib/my_ahrs
[30.004s] writing list of installed files to '/home/ubuntu/ros2_ws/build/my_ahrs/install.log'
[30.296s] Invoked command in '/home/ubuntu/ros2_ws/src/my_ahrs' returned '0': PYTHONPATH=/home/ubuntu/ros2_ws/build/my_ahrs/prefix_override:/home/ubuntu/ros2_ws/install/my_ahrs/lib/python3.10/site-packages:${PYTHONPATH} /usr/bin/python3 -W ignore:setup.py install is deprecated setup.py egg_info --egg-base ../../build/my_ahrs build --build-base /home/ubuntu/ros2_ws/build/my_ahrs/build install --record /home/ubuntu/ros2_ws/build/my_ahrs/install.log --single-version-externally-managed install_data
