[32.943s] Invoking command in '/home/ubuntu/ros2_ws/src/my_ahrs': PYTHONPATH=/home/ubuntu/ros2_ws/build/my_ahrs/prefix_override:/home/ubuntu/ros2_ws/install/my_ahrs/lib/python3.10/site-packages:${PYTHONPATH} /usr/bin/python3 -W ignore:setup.py install is deprecated setup.py egg_info --egg-base ../../build/my_ahrs build --build-base /home/ubuntu/ros2_ws/build/my_ahrs/build install --record /home/ubuntu/ros2_ws/build/my_ahrs/install.log --single-version-externally-managed install_data
[48.033s] running egg_info
[48.069s] writing ../../build/my_ahrs/my_ahrs.egg-info/PKG-INFO
[48.086s] writing dependency_links to ../../build/my_ahrs/my_ahrs.egg-info/dependency_links.txt
[48.117s] writing entry points to ../../build/my_ahrs/my_ahrs.egg-info/entry_points.txt
[48.129s] writing requirements to ../../build/my_ahrs/my_ahrs.egg-info/requires.txt
[48.181s] writing top-level names to ../../build/my_ahrs/my_ahrs.egg-info/top_level.txt
[48.452s] reading manifest file '../../build/my_ahrs/my_ahrs.egg-info/SOURCES.txt'
[48.531s] writing manifest file '../../build/my_ahrs/my_ahrs.egg-info/SOURCES.txt'
[48.556s] running build
[48.557s] running build_py
[48.603s] running install
[48.642s] running install_lib
[48.755s] running install_data
[48.758s] running install_egg_info
[48.827s] removing '/home/ubuntu/ros2_ws/install/my_ahrs/lib/python3.10/site-packages/my_ahrs-0.0.0-py3.10.egg-info' (and everything under it)
[48.829s] Copying ../../build/my_ahrs/my_ahrs.egg-info to /home/ubuntu/ros2_ws/install/my_ahrs/lib/python3.10/site-packages/my_ahrs-0.0.0-py3.10.egg-info
[48.953s] running install_scripts
[49.790s] Installing cf_node script to /home/ubuntu/ros2_ws/install/my_ahrs/lib/my_ahrs
[49.799s] Installing ekf_node script to /home/ubuntu/ros2_ws/install/my_ahrs/lib/my_ahrs
[49.803s] Installing mad_node script to /home/ubuntu/ros2_ws/install/my_ahrs/lib/my_ahrs
[49.824s] writing list of installed files to '/home/ubuntu/ros2_ws/build/my_ahrs/install.log'
[50.644s] Invoked command in '/home/ubuntu/ros2_ws/src/my_ahrs' returned '0': PYTHONPATH=/home/ubuntu/ros2_ws/build/my_ahrs/prefix_override:/home/ubuntu/ros2_ws/install/my_ahrs/lib/python3.10/site-packages:${PYTHONPATH} /usr/bin/python3 -W ignore:setup.py install is deprecated setup.py egg_info --egg-base ../../build/my_ahrs build --build-base /home/ubuntu/ros2_ws/build/my_ahrs/build install --record /home/ubuntu/ros2_ws/build/my_ahrs/install.log --single-version-externally-managed install_data
