[1.431s] DEBUG:colcon:Command line arguments: ['/usr/bin/colcon', 'build', '--packages-select', 'aerobot_interfaces']
[1.432s] DEBUG:colcon:Parsed command line arguments: Namespace(log_base=None, log_level=None, verb_name='build', build_base='build', install_base='install', merge_install=False, symlink_install=False, test_result_base=None, continue_on_error=False, executor='parallel', parallel_workers=4, event_handlers=None, ignore_user_meta=False, metas=['./colcon.meta'], base_paths=['.'], packages_ignore=None, packages_ignore_regex=None, paths=None, packages_up_to=None, packages_up_to_regex=None, packages_above=None, packages_above_and_dependencies=None, packages_above_depth=None, packages_select_by_dep=None, packages_skip_by_dep=None, packages_skip_up_to=None, packages_select_build_failed=False, packages_skip_build_finished=False, packages_select_test_failures=False, packages_skip_test_passed=False, packages_select=['aerobot_interfaces'], packages_skip=None, packages_select_regex=None, packages_skip_regex=None, packages_start=None, packages_end=None, allow_overriding=[], cmake_args=None, cmake_target=None, cmake_target_skip_unavailable=False, cmake_clean_cache=False, cmake_clean_first=False, cmake_force_configure=False, ament_cmake_args=None, catkin_cmake_args=None, catkin_skip_building_tests=False, mixin_files=None, mixin=None, verb_parser=<colcon_mixin.mixin.mixin_argument.MixinArgumentDecorator object at 0xffff855b9180>, verb_extension=<colcon_core.verb.build.BuildVerb object at 0xffff856ca260>, main=<bound method BuildVerb.main of <colcon_core.verb.build.BuildVerb object at 0xffff856ca260>>, mixin_verb=('build',))
[4.088s] Level 1:colcon.colcon_core.package_discovery:discover_packages(colcon_meta) check parameters
[4.089s] Level 1:colcon.colcon_core.package_discovery:discover_packages(recursive) check parameters
[4.090s] Level 1:colcon.colcon_core.package_discovery:discover_packages(ignore) check parameters
[4.090s] Level 1:colcon.colcon_core.package_discovery:discover_packages(path) check parameters
[4.091s] Level 1:colcon.colcon_core.package_discovery:discover_packages(colcon_meta) discover
[4.092s] Level 1:colcon.colcon_core.package_discovery:discover_packages(recursive) discover
[4.092s] INFO:colcon.colcon_core.package_discovery:Crawling recursively for packages in '/home/ubuntu/ros2_ws'
[4.093s] Level 1:colcon.colcon_core.package_identification:_identify(.) by extensions ['ignore', 'ignore_ament_install']
[4.095s] Level 1:colcon.colcon_core.package_identification:_identify(.) by extension 'ignore'
[4.095s] Level 1:colcon.colcon_core.package_identification:_identify(.) by extension 'ignore_ament_install'
[4.096s] Level 1:colcon.colcon_core.package_identification:_identify(.) by extensions ['colcon_pkg']
[4.097s] Level 1:colcon.colcon_core.package_identification:_identify(.) by extension 'colcon_pkg'
[4.097s] Level 1:colcon.colcon_core.package_identification:_identify(.) by extensions ['colcon_meta']
[4.097s] Level 1:colcon.colcon_core.package_identification:_identify(.) by extension 'colcon_meta'
[4.098s] Level 1:colcon.colcon_core.package_identification:_identify(.) by extensions ['ros']
[4.098s] Level 1:colcon.colcon_core.package_identification:_identify(.) by extension 'ros'
[4.191s] Level 1:colcon.colcon_core.package_identification:_identify(.) by extensions ['cmake', 'python']
[4.192s] Level 1:colcon.colcon_core.package_identification:_identify(.) by extension 'cmake'
[4.192s] Level 1:colcon.colcon_core.package_identification:_identify(.) by extension 'python'
[4.193s] Level 1:colcon.colcon_core.package_identification:_identify(.) by extensions ['python_setup_py']
[4.193s] Level 1:colcon.colcon_core.package_identification:_identify(.) by extension 'python_setup_py'
[4.194s] Level 1:colcon.colcon_core.package_identification:_identify(build) by extensions ['ignore', 'ignore_ament_install']
[4.194s] Level 1:colcon.colcon_core.package_identification:_identify(build) by extension 'ignore'
[4.194s] Level 1:colcon.colcon_core.package_identification:_identify(build) ignored
[4.195s] Level 1:colcon.colcon_core.package_identification:_identify(install) by extensions ['ignore', 'ignore_ament_install']
[4.196s] Level 1:colcon.colcon_core.package_identification:_identify(install) by extension 'ignore'
[4.196s] Level 1:colcon.colcon_core.package_identification:_identify(install) ignored
[4.197s] Level 1:colcon.colcon_core.package_identification:_identify(log) by extensions ['ignore', 'ignore_ament_install']
[4.198s] Level 1:colcon.colcon_core.package_identification:_identify(log) by extension 'ignore'
[4.198s] Level 1:colcon.colcon_core.package_identification:_identify(log) ignored
[4.199s] Level 1:colcon.colcon_core.package_identification:_identify(src) by extensions ['ignore', 'ignore_ament_install']
[4.199s] Level 1:colcon.colcon_core.package_identification:_identify(src) by extension 'ignore'
[4.200s] Level 1:colcon.colcon_core.package_identification:_identify(src) by extension 'ignore_ament_install'
[4.200s] Level 1:colcon.colcon_core.package_identification:_identify(src) by extensions ['colcon_pkg']
[4.200s] Level 1:colcon.colcon_core.package_identification:_identify(src) by extension 'colcon_pkg'
[4.200s] Level 1:colcon.colcon_core.package_identification:_identify(src) by extensions ['colcon_meta']
[4.200s] Level 1:colcon.colcon_core.package_identification:_identify(src) by extension 'colcon_meta'
[4.201s] Level 1:colcon.colcon_core.package_identification:_identify(src) by extensions ['ros']
[4.201s] Level 1:colcon.colcon_core.package_identification:_identify(src) by extension 'ros'
[4.201s] Level 1:colcon.colcon_core.package_identification:_identify(src) by extensions ['cmake', 'python']
[4.201s] Level 1:colcon.colcon_core.package_identification:_identify(src) by extension 'cmake'
[4.201s] Level 1:colcon.colcon_core.package_identification:_identify(src) by extension 'python'
[4.201s] Level 1:colcon.colcon_core.package_identification:_identify(src) by extensions ['python_setup_py']
[4.202s] Level 1:colcon.colcon_core.package_identification:_identify(src) by extension 'python_setup_py'
[4.202s] Level 1:colcon.colcon_core.package_identification:_identify(src/aerobot_interfaces) by extensions ['ignore', 'ignore_ament_install']
[4.203s] Level 1:colcon.colcon_core.package_identification:_identify(src/aerobot_interfaces) by extension 'ignore'
[4.203s] Level 1:colcon.colcon_core.package_identification:_identify(src/aerobot_interfaces) by extension 'ignore_ament_install'
[4.203s] Level 1:colcon.colcon_core.package_identification:_identify(src/aerobot_interfaces) by extensions ['colcon_pkg']
[4.203s] Level 1:colcon.colcon_core.package_identification:_identify(src/aerobot_interfaces) by extension 'colcon_pkg'
[4.204s] Level 1:colcon.colcon_core.package_identification:_identify(src/aerobot_interfaces) by extensions ['colcon_meta']
[4.204s] Level 1:colcon.colcon_core.package_identification:_identify(src/aerobot_interfaces) by extension 'colcon_meta'
[4.204s] Level 1:colcon.colcon_core.package_identification:_identify(src/aerobot_interfaces) by extensions ['ros']
[4.204s] Level 1:colcon.colcon_core.package_identification:_identify(src/aerobot_interfaces) by extension 'ros'
[4.213s] DEBUG:colcon.colcon_core.package_identification:Package 'src/aerobot_interfaces' with type 'ros.ament_cmake' and name 'aerobot_interfaces'
[4.213s] Level 1:colcon.colcon_core.package_identification:_identify(src/bmm150_sensor) by extensions ['ignore', 'ignore_ament_install']
[4.214s] Level 1:colcon.colcon_core.package_identification:_identify(src/bmm150_sensor) by extension 'ignore'
[4.214s] Level 1:colcon.colcon_core.package_identification:_identify(src/bmm150_sensor) by extension 'ignore_ament_install'
[4.214s] Level 1:colcon.colcon_core.package_identification:_identify(src/bmm150_sensor) by extensions ['colcon_pkg']
[4.215s] Level 1:colcon.colcon_core.package_identification:_identify(src/bmm150_sensor) by extension 'colcon_pkg'
[4.215s] Level 1:colcon.colcon_core.package_identification:_identify(src/bmm150_sensor) by extensions ['colcon_meta']
[4.215s] Level 1:colcon.colcon_core.package_identification:_identify(src/bmm150_sensor) by extension 'colcon_meta'
[4.215s] Level 1:colcon.colcon_core.package_identification:_identify(src/bmm150_sensor) by extensions ['ros']
[4.215s] Level 1:colcon.colcon_core.package_identification:_identify(src/bmm150_sensor) by extension 'ros'
[4.218s] DEBUG:colcon.colcon_core.package_identification:Package 'src/bmm150_sensor' with type 'ros.ament_python' and name 'bmm150_sensor'
[4.219s] Level 1:colcon.colcon_core.package_identification:_identify(src/esc_pkg) by extensions ['ignore', 'ignore_ament_install']
[4.219s] Level 1:colcon.colcon_core.package_identification:_identify(src/esc_pkg) by extension 'ignore'
[4.220s] Level 1:colcon.colcon_core.package_identification:_identify(src/esc_pkg) by extension 'ignore_ament_install'
[4.220s] Level 1:colcon.colcon_core.package_identification:_identify(src/esc_pkg) by extensions ['colcon_pkg']
[4.221s] Level 1:colcon.colcon_core.package_identification:_identify(src/esc_pkg) by extension 'colcon_pkg'
[4.221s] Level 1:colcon.colcon_core.package_identification:_identify(src/esc_pkg) by extensions ['colcon_meta']
[4.221s] Level 1:colcon.colcon_core.package_identification:_identify(src/esc_pkg) by extension 'colcon_meta'
[4.221s] Level 1:colcon.colcon_core.package_identification:_identify(src/esc_pkg) by extensions ['ros']
[4.222s] Level 1:colcon.colcon_core.package_identification:_identify(src/esc_pkg) by extension 'ros'
[4.224s] DEBUG:colcon.colcon_core.package_identification:Package 'src/esc_pkg' with type 'ros.ament_python' and name 'esc_pkg'
[4.225s] Level 1:colcon.colcon_core.package_identification:_identify(src/lsm6dso) by extensions ['ignore', 'ignore_ament_install']
[4.225s] Level 1:colcon.colcon_core.package_identification:_identify(src/lsm6dso) by extension 'ignore'
[4.226s] Level 1:colcon.colcon_core.package_identification:_identify(src/lsm6dso) by extension 'ignore_ament_install'
[4.226s] Level 1:colcon.colcon_core.package_identification:_identify(src/lsm6dso) by extensions ['colcon_pkg']
[4.227s] Level 1:colcon.colcon_core.package_identification:_identify(src/lsm6dso) by extension 'colcon_pkg'
[4.227s] Level 1:colcon.colcon_core.package_identification:_identify(src/lsm6dso) by extensions ['colcon_meta']
[4.227s] Level 1:colcon.colcon_core.package_identification:_identify(src/lsm6dso) by extension 'colcon_meta'
[4.228s] Level 1:colcon.colcon_core.package_identification:_identify(src/lsm6dso) by extensions ['ros']
[4.228s] Level 1:colcon.colcon_core.package_identification:_identify(src/lsm6dso) by extension 'ros'
[4.231s] DEBUG:colcon.colcon_core.package_identification:Package 'src/lsm6dso' with type 'ros.ament_python' and name 'lsm6dso'
[4.232s] Level 1:colcon.colcon_core.package_identification:_identify(src/my_ahrs) by extensions ['ignore', 'ignore_ament_install']
[4.233s] Level 1:colcon.colcon_core.package_identification:_identify(src/my_ahrs) by extension 'ignore'
[4.233s] Level 1:colcon.colcon_core.package_identification:_identify(src/my_ahrs) by extension 'ignore_ament_install'
[4.234s] Level 1:colcon.colcon_core.package_identification:_identify(src/my_ahrs) by extensions ['colcon_pkg']
[4.234s] Level 1:colcon.colcon_core.package_identification:_identify(src/my_ahrs) by extension 'colcon_pkg'
[4.234s] Level 1:colcon.colcon_core.package_identification:_identify(src/my_ahrs) by extensions ['colcon_meta']
[4.234s] Level 1:colcon.colcon_core.package_identification:_identify(src/my_ahrs) by extension 'colcon_meta'
[4.235s] Level 1:colcon.colcon_core.package_identification:_identify(src/my_ahrs) by extensions ['ros']
[4.235s] Level 1:colcon.colcon_core.package_identification:_identify(src/my_ahrs) by extension 'ros'
[4.238s] DEBUG:colcon.colcon_core.package_identification:Package 'src/my_ahrs' with type 'ros.ament_python' and name 'my_ahrs'
[4.239s] Level 1:colcon.colcon_core.package_identification:_identify(src/ros2_imu) by extensions ['ignore', 'ignore_ament_install']
[4.240s] Level 1:colcon.colcon_core.package_identification:_identify(src/ros2_imu) by extension 'ignore'
[4.240s] Level 1:colcon.colcon_core.package_identification:_identify(src/ros2_imu) by extension 'ignore_ament_install'
[4.240s] Level 1:colcon.colcon_core.package_identification:_identify(src/ros2_imu) by extensions ['colcon_pkg']
[4.241s] Level 1:colcon.colcon_core.package_identification:_identify(src/ros2_imu) by extension 'colcon_pkg'
[4.241s] Level 1:colcon.colcon_core.package_identification:_identify(src/ros2_imu) by extensions ['colcon_meta']
[4.241s] Level 1:colcon.colcon_core.package_identification:_identify(src/ros2_imu) by extension 'colcon_meta'
[4.241s] Level 1:colcon.colcon_core.package_identification:_identify(src/ros2_imu) by extensions ['ros']
[4.242s] Level 1:colcon.colcon_core.package_identification:_identify(src/ros2_imu) by extension 'ros'
[4.245s] DEBUG:colcon.colcon_core.package_identification:Package 'src/ros2_imu' with type 'ros.ament_cmake' and name 'ros2_imu'
[4.245s] Level 1:colcon.colcon_core.package_discovery:discover_packages(recursive) using defaults
[4.246s] Level 1:colcon.colcon_core.package_discovery:discover_packages(ignore) discover
[4.246s] Level 1:colcon.colcon_core.package_discovery:discover_packages(ignore) using defaults
[4.247s] Level 1:colcon.colcon_core.package_discovery:discover_packages(path) discover
[4.247s] Level 1:colcon.colcon_core.package_discovery:discover_packages(path) using defaults
[4.522s] INFO:colcon.colcon_core.package_selection:Skipping not selected package 'bmm150_sensor' in 'src/bmm150_sensor'
[4.524s] INFO:colcon.colcon_core.package_selection:Skipping not selected package 'esc_pkg' in 'src/esc_pkg'
[4.525s] INFO:colcon.colcon_core.package_selection:Skipping not selected package 'lsm6dso' in 'src/lsm6dso'
[4.527s] INFO:colcon.colcon_core.package_selection:Skipping not selected package 'my_ahrs' in 'src/my_ahrs'
[4.528s] INFO:colcon.colcon_core.package_selection:Skipping not selected package 'ros2_imu' in 'src/ros2_imu'
[4.534s] Level 1:colcon.colcon_core.package_discovery:discover_packages(prefix_path) check parameters
[4.535s] Level 1:colcon.colcon_core.package_discovery:discover_packages(prefix_path) discover
[4.569s] DEBUG:colcon.colcon_installed_package_information.package_discovery:Found 5 installed packages in /home/ubuntu/ros2_ws/install
[4.597s] DEBUG:colcon.colcon_installed_package_information.package_discovery:Found 184 installed packages in /opt/ros/humble
[4.612s] Level 1:colcon.colcon_core.package_discovery:discover_packages(prefix_path) using defaults
[5.029s] Level 5:colcon.colcon_core.verb:set package 'aerobot_interfaces' build argument 'cmake_args' from command line to 'None'
[5.030s] Level 5:colcon.colcon_core.verb:set package 'aerobot_interfaces' build argument 'cmake_target' from command line to 'None'
[5.032s] Level 5:colcon.colcon_core.verb:set package 'aerobot_interfaces' build argument 'cmake_target_skip_unavailable' from command line to 'False'
[5.033s] Level 5:colcon.colcon_core.verb:set package 'aerobot_interfaces' build argument 'cmake_clean_cache' from command line to 'False'
[5.034s] Level 5:colcon.colcon_core.verb:set package 'aerobot_interfaces' build argument 'cmake_clean_first' from command line to 'False'
[5.036s] Level 5:colcon.colcon_core.verb:set package 'aerobot_interfaces' build argument 'cmake_force_configure' from command line to 'False'
[5.037s] Level 5:colcon.colcon_core.verb:set package 'aerobot_interfaces' build argument 'ament_cmake_args' from command line to 'None'
[5.038s] Level 5:colcon.colcon_core.verb:set package 'aerobot_interfaces' build argument 'catkin_cmake_args' from command line to 'None'
[5.039s] Level 5:colcon.colcon_core.verb:set package 'aerobot_interfaces' build argument 'catkin_skip_building_tests' from command line to 'False'
[5.040s] DEBUG:colcon.colcon_core.verb:Building package 'aerobot_interfaces' with the following arguments: {'ament_cmake_args': None, 'build_base': '/home/ubuntu/ros2_ws/build/aerobot_interfaces', 'catkin_cmake_args': None, 'catkin_skip_building_tests': False, 'cmake_args': None, 'cmake_clean_cache': False, 'cmake_clean_first': False, 'cmake_force_configure': False, 'cmake_target': None, 'cmake_target_skip_unavailable': False, 'install_base': '/home/ubuntu/ros2_ws/install/aerobot_interfaces', 'merge_install': False, 'path': '/home/ubuntu/ros2_ws/src/aerobot_interfaces', 'symlink_install': False, 'test_result_base': None}
[5.043s] INFO:colcon.colcon_core.executor:Executing jobs using 'parallel' executor
[5.055s] DEBUG:colcon.colcon_parallel_executor.executor.parallel:run_until_complete
[5.058s] INFO:colcon.colcon_ros.task.ament_cmake.build:Building ROS package in '/home/ubuntu/ros2_ws/src/aerobot_interfaces' with build type 'ament_cmake'
[5.059s] INFO:colcon.colcon_cmake.task.cmake.build:Building CMake package in '/home/ubuntu/ros2_ws/src/aerobot_interfaces'
[5.090s] INFO:colcon.colcon_core.plugin_system:Skipping extension 'colcon_core.shell.bat': Not used on non-Windows systems
[5.094s] INFO:colcon.colcon_core.shell:Skip shell extension 'powershell' for command environment: Not usable outside of PowerShell
[5.096s] DEBUG:colcon.colcon_core.shell:Skip shell extension 'dsv' for command environment
[5.221s] DEBUG:colcon.colcon_core.event_handler.log_command:Invoking command in '/home/ubuntu/ros2_ws/build/aerobot_interfaces': CMAKE_PREFIX_PATH=${CMAKE_PREFIX_PATH}:/home/ubuntu/ros2_ws/install/my_ahrs:/home/ubuntu/ros2_ws/install/lsm6dso:/home/ubuntu/ros2_ws/install/bmm150_sensor:/opt/ros/humble /usr/bin/cmake --build /home/ubuntu/ros2_ws/build/aerobot_interfaces -- -j4 -l4
[112.078s] DEBUG:colcon.colcon_core.event_handler.log_command:Invoked command in '/home/ubuntu/ros2_ws/build/aerobot_interfaces' returned '0': CMAKE_PREFIX_PATH=${CMAKE_PREFIX_PATH}:/home/ubuntu/ros2_ws/install/my_ahrs:/home/ubuntu/ros2_ws/install/lsm6dso:/home/ubuntu/ros2_ws/install/bmm150_sensor:/opt/ros/humble /usr/bin/cmake --build /home/ubuntu/ros2_ws/build/aerobot_interfaces -- -j4 -l4
[113.537s] DEBUG:colcon.colcon_core.event_handler.log_command:Invoking command in '/home/ubuntu/ros2_ws/build/aerobot_interfaces': CMAKE_PREFIX_PATH=${CMAKE_PREFIX_PATH}:/home/ubuntu/ros2_ws/install/my_ahrs:/home/ubuntu/ros2_ws/install/lsm6dso:/home/ubuntu/ros2_ws/install/bmm150_sensor:/opt/ros/humble /usr/bin/cmake --install /home/ubuntu/ros2_ws/build/aerobot_interfaces
[115.291s] Level 1:colcon.colcon_core.environment:create_environment_scripts_only(aerobot_interfaces)
[115.382s] Level 1:colcon.colcon_core.environment:checking '/home/ubuntu/ros2_ws/install/aerobot_interfaces' for CMake module files
[115.395s] DEBUG:colcon.colcon_core.event_handler.log_command:Invoked command in '/home/ubuntu/ros2_ws/build/aerobot_interfaces' returned '0': CMAKE_PREFIX_PATH=${CMAKE_PREFIX_PATH}:/home/ubuntu/ros2_ws/install/my_ahrs:/home/ubuntu/ros2_ws/install/lsm6dso:/home/ubuntu/ros2_ws/install/bmm150_sensor:/opt/ros/humble /usr/bin/cmake --install /home/ubuntu/ros2_ws/build/aerobot_interfaces
[115.427s] Level 1:colcon.colcon_core.environment:checking '/home/ubuntu/ros2_ws/install/aerobot_interfaces' for CMake config files
[115.458s] Level 1:colcon.colcon_core.shell:create_environment_hook('aerobot_interfaces', 'cmake_prefix_path')
[115.461s] INFO:colcon.colcon_core.shell:Creating environment hook '/home/ubuntu/ros2_ws/install/aerobot_interfaces/share/aerobot_interfaces/hook/cmake_prefix_path.ps1'
[115.472s] INFO:colcon.colcon_core.shell:Creating environment descriptor '/home/ubuntu/ros2_ws/install/aerobot_interfaces/share/aerobot_interfaces/hook/cmake_prefix_path.dsv'
[115.478s] INFO:colcon.colcon_core.shell:Creating environment hook '/home/ubuntu/ros2_ws/install/aerobot_interfaces/share/aerobot_interfaces/hook/cmake_prefix_path.sh'
[115.491s] Level 1:colcon.colcon_core.environment:checking '/home/ubuntu/ros2_ws/install/aerobot_interfaces/lib'
[115.494s] Level 1:colcon.colcon_core.shell:create_environment_hook('aerobot_interfaces', 'ld_library_path_lib')
[115.496s] INFO:colcon.colcon_core.shell:Creating environment hook '/home/ubuntu/ros2_ws/install/aerobot_interfaces/share/aerobot_interfaces/hook/ld_library_path_lib.ps1'
[115.501s] INFO:colcon.colcon_core.shell:Creating environment descriptor '/home/ubuntu/ros2_ws/install/aerobot_interfaces/share/aerobot_interfaces/hook/ld_library_path_lib.dsv'
[115.505s] INFO:colcon.colcon_core.shell:Creating environment hook '/home/ubuntu/ros2_ws/install/aerobot_interfaces/share/aerobot_interfaces/hook/ld_library_path_lib.sh'
[115.510s] Level 1:colcon.colcon_core.environment:checking '/home/ubuntu/ros2_ws/install/aerobot_interfaces/bin'
[115.511s] Level 1:colcon.colcon_core.environment:checking '/home/ubuntu/ros2_ws/install/aerobot_interfaces/lib/pkgconfig/aerobot_interfaces.pc'
[115.514s] Level 1:colcon.colcon_core.environment:checking '/home/ubuntu/ros2_ws/install/aerobot_interfaces/lib/python3.10/site-packages'
[115.516s] Level 1:colcon.colcon_core.environment:checking '/home/ubuntu/ros2_ws/install/aerobot_interfaces/bin'
[115.519s] INFO:colcon.colcon_core.shell:Creating package script '/home/ubuntu/ros2_ws/install/aerobot_interfaces/share/aerobot_interfaces/package.ps1'
[115.529s] INFO:colcon.colcon_core.shell:Creating package descriptor '/home/ubuntu/ros2_ws/install/aerobot_interfaces/share/aerobot_interfaces/package.dsv'
[115.535s] INFO:colcon.colcon_core.shell:Creating package script '/home/ubuntu/ros2_ws/install/aerobot_interfaces/share/aerobot_interfaces/package.sh'
[115.558s] INFO:colcon.colcon_core.shell:Creating package script '/home/ubuntu/ros2_ws/install/aerobot_interfaces/share/aerobot_interfaces/package.bash'
[115.573s] INFO:colcon.colcon_core.shell:Creating package script '/home/ubuntu/ros2_ws/install/aerobot_interfaces/share/aerobot_interfaces/package.zsh'
[115.582s] Level 1:colcon.colcon_core.environment:create_file_with_runtime_dependencies(/home/ubuntu/ros2_ws/install/aerobot_interfaces/share/colcon-core/packages/aerobot_interfaces)
[116.984s] Level 1:colcon.colcon_core.environment:create_environment_scripts_only(aerobot_interfaces)
[116.987s] Level 1:colcon.colcon_core.environment:checking '/home/ubuntu/ros2_ws/install/aerobot_interfaces' for CMake module files
[117.010s] Level 1:colcon.colcon_core.environment:checking '/home/ubuntu/ros2_ws/install/aerobot_interfaces' for CMake config files
[117.032s] Level 1:colcon.colcon_core.shell:create_environment_hook('aerobot_interfaces', 'cmake_prefix_path')
[117.035s] INFO:colcon.colcon_core.shell:Creating environment hook '/home/ubuntu/ros2_ws/install/aerobot_interfaces/share/aerobot_interfaces/hook/cmake_prefix_path.ps1'
[117.040s] INFO:colcon.colcon_core.shell:Creating environment descriptor '/home/ubuntu/ros2_ws/install/aerobot_interfaces/share/aerobot_interfaces/hook/cmake_prefix_path.dsv'
[117.043s] INFO:colcon.colcon_core.shell:Creating environment hook '/home/ubuntu/ros2_ws/install/aerobot_interfaces/share/aerobot_interfaces/hook/cmake_prefix_path.sh'
[117.054s] Level 1:colcon.colcon_core.environment:checking '/home/ubuntu/ros2_ws/install/aerobot_interfaces/lib'
[117.055s] Level 1:colcon.colcon_core.shell:create_environment_hook('aerobot_interfaces', 'ld_library_path_lib')
[117.057s] INFO:colcon.colcon_core.shell:Creating environment hook '/home/ubuntu/ros2_ws/install/aerobot_interfaces/share/aerobot_interfaces/hook/ld_library_path_lib.ps1'
[117.061s] INFO:colcon.colcon_core.shell:Creating environment descriptor '/home/ubuntu/ros2_ws/install/aerobot_interfaces/share/aerobot_interfaces/hook/ld_library_path_lib.dsv'
[117.068s] INFO:colcon.colcon_core.shell:Creating environment hook '/home/ubuntu/ros2_ws/install/aerobot_interfaces/share/aerobot_interfaces/hook/ld_library_path_lib.sh'
[117.073s] Level 1:colcon.colcon_core.environment:checking '/home/ubuntu/ros2_ws/install/aerobot_interfaces/bin'
[117.074s] Level 1:colcon.colcon_core.environment:checking '/home/ubuntu/ros2_ws/install/aerobot_interfaces/lib/pkgconfig/aerobot_interfaces.pc'
[117.076s] Level 1:colcon.colcon_core.environment:checking '/home/ubuntu/ros2_ws/install/aerobot_interfaces/lib/python3.10/site-packages'
[117.078s] Level 1:colcon.colcon_core.environment:checking '/home/ubuntu/ros2_ws/install/aerobot_interfaces/bin'
[117.082s] INFO:colcon.colcon_core.shell:Creating package script '/home/ubuntu/ros2_ws/install/aerobot_interfaces/share/aerobot_interfaces/package.ps1'
[117.097s] INFO:colcon.colcon_core.shell:Creating package descriptor '/home/ubuntu/ros2_ws/install/aerobot_interfaces/share/aerobot_interfaces/package.dsv'
[117.103s] INFO:colcon.colcon_core.shell:Creating package script '/home/ubuntu/ros2_ws/install/aerobot_interfaces/share/aerobot_interfaces/package.sh'
[117.108s] INFO:colcon.colcon_core.shell:Creating package script '/home/ubuntu/ros2_ws/install/aerobot_interfaces/share/aerobot_interfaces/package.bash'
[117.118s] INFO:colcon.colcon_core.shell:Creating package script '/home/ubuntu/ros2_ws/install/aerobot_interfaces/share/aerobot_interfaces/package.zsh'
[117.126s] Level 1:colcon.colcon_core.environment:create_file_with_runtime_dependencies(/home/ubuntu/ros2_ws/install/aerobot_interfaces/share/colcon-core/packages/aerobot_interfaces)
[117.136s] DEBUG:colcon.colcon_parallel_executor.executor.parallel:closing loop
[117.145s] DEBUG:colcon.colcon_parallel_executor.executor.parallel:loop closed
[117.147s] DEBUG:colcon.colcon_parallel_executor.executor.parallel:run_until_complete finished with '0'
[117.148s] DEBUG:colcon.colcon_core.event_reactor:joining thread
[117.216s] INFO:colcon.colcon_core.plugin_system:Skipping extension 'colcon_notification.desktop_notification.notify_send': Could not find 'notify-send'
[117.218s] INFO:colcon.colcon_core.plugin_system:Skipping extension 'colcon_notification.desktop_notification.terminal_notifier': Not used on non-Darwin systems
[117.220s] INFO:colcon.colcon_core.plugin_system:Skipping extension 'colcon_notification.desktop_notification.win32': Not used on non-Windows systems
[117.222s] INFO:colcon.colcon_notification.desktop_notification:Sending desktop notification using 'notify2'
[117.233s] DEBUG:colcon.colcon_notification.desktop_notification.notify2:Failed to initialize notify2: org.freedesktop.DBus.Error.ServiceUnknown: The name org.freedesktop.Notifications was not provided by any .service files
[117.235s] DEBUG:colcon.colcon_core.event_reactor:joined thread
[117.238s] INFO:colcon.colcon_core.shell:Creating prefix script '/home/ubuntu/ros2_ws/install/local_setup.ps1'
[117.250s] INFO:colcon.colcon_core.shell:Creating prefix util module '/home/ubuntu/ros2_ws/install/_local_setup_util_ps1.py'
[117.272s] INFO:colcon.colcon_core.shell:Creating prefix chain script '/home/ubuntu/ros2_ws/install/setup.ps1'
[117.289s] INFO:colcon.colcon_core.shell:Creating prefix script '/home/ubuntu/ros2_ws/install/local_setup.sh'
[117.309s] INFO:colcon.colcon_core.shell:Creating prefix util module '/home/ubuntu/ros2_ws/install/_local_setup_util_sh.py'
[117.327s] INFO:colcon.colcon_core.shell:Creating prefix chain script '/home/ubuntu/ros2_ws/install/setup.sh'
[117.358s] INFO:colcon.colcon_core.shell:Creating prefix script '/home/ubuntu/ros2_ws/install/local_setup.bash'
[117.367s] INFO:colcon.colcon_core.shell:Creating prefix chain script '/home/ubuntu/ros2_ws/install/setup.bash'
[117.384s] INFO:colcon.colcon_core.shell:Creating prefix script '/home/ubuntu/ros2_ws/install/local_setup.zsh'
[117.392s] INFO:colcon.colcon_core.shell:Creating prefix chain script '/home/ubuntu/ros2_ws/install/setup.zsh'
