[3.599s] Invoking command in '/home/ubuntu/ros2_ws/src/my_ahrs': PYTHONPATH=/home/ubuntu/ros2_ws/build/my_ahrs/prefix_override:/home/ubuntu/ros2_ws/install/my_ahrs/lib/python3.10/site-packages:${PYTHONPATH} /usr/bin/python3 -W ignore:setup.py install is deprecated setup.py egg_info --egg-base ../../build/my_ahrs build --build-base /home/ubuntu/ros2_ws/build/my_ahrs/build install --record /home/ubuntu/ros2_ws/build/my_ahrs/install.log --single-version-externally-managed install_data
[4.974s] running egg_info
[4.977s] writing ../../build/my_ahrs/my_ahrs.egg-info/PKG-INFO
[4.978s] writing dependency_links to ../../build/my_ahrs/my_ahrs.egg-info/dependency_links.txt
[4.979s] writing entry points to ../../build/my_ahrs/my_ahrs.egg-info/entry_points.txt
[4.980s] writing requirements to ../../build/my_ahrs/my_ahrs.egg-info/requires.txt
[4.980s] writing top-level names to ../../build/my_ahrs/my_ahrs.egg-info/top_level.txt
[4.990s] reading manifest file '../../build/my_ahrs/my_ahrs.egg-info/SOURCES.txt'
[4.995s] writing manifest file '../../build/my_ahrs/my_ahrs.egg-info/SOURCES.txt'
[4.997s] running build
[4.997s] running build_py
[4.998s] copying my_ahrs/complementary_filter.py -> /home/ubuntu/ros2_ws/build/my_ahrs/build/lib/my_ahrs
[4.999s] running install
[5.000s] running install_lib
[5.004s] copying /home/ubuntu/ros2_ws/build/my_ahrs/build/lib/my_ahrs/complementary_filter.py -> /home/ubuntu/ros2_ws/install/my_ahrs/lib/python3.10/site-packages/my_ahrs
[5.008s] byte-compiling /home/ubuntu/ros2_ws/install/my_ahrs/lib/python3.10/site-packages/my_ahrs/complementary_filter.py to complementary_filter.cpython-310.pyc
[5.012s] running install_data
[5.013s] running install_egg_info
[5.021s] removing '/home/ubuntu/ros2_ws/install/my_ahrs/lib/python3.10/site-packages/my_ahrs-0.0.0-py3.10.egg-info' (and everything under it)
[5.023s] Copying ../../build/my_ahrs/my_ahrs.egg-info to /home/ubuntu/ros2_ws/install/my_ahrs/lib/python3.10/site-packages/my_ahrs-0.0.0-py3.10.egg-info
[5.032s] running install_scripts
[5.114s] Installing cf_node script to /home/ubuntu/ros2_ws/install/my_ahrs/lib/my_ahrs
[5.115s] Installing ekf_node script to /home/ubuntu/ros2_ws/install/my_ahrs/lib/my_ahrs
[5.116s] Installing mad_node script to /home/ubuntu/ros2_ws/install/my_ahrs/lib/my_ahrs
[5.119s] writing list of installed files to '/home/ubuntu/ros2_ws/build/my_ahrs/install.log'
[5.275s] Invoked command in '/home/ubuntu/ros2_ws/src/my_ahrs' returned '0': PYTHONPATH=/home/ubuntu/ros2_ws/build/my_ahrs/prefix_override:/home/ubuntu/ros2_ws/install/my_ahrs/lib/python3.10/site-packages:${PYTHONPATH} /usr/bin/python3 -W ignore:setup.py install is deprecated setup.py egg_info --egg-base ../../build/my_ahrs build --build-base /home/ubuntu/ros2_ws/build/my_ahrs/build install --record /home/ubuntu/ros2_ws/build/my_ahrs/install.log --single-version-externally-managed install_data
