[54.923s] Invoking command in '/home/ubuntu/ros2_ws/src/lsm6dso': PYTHONPATH=/home/ubuntu/ros2_ws/build/lsm6dso/prefix_override:/home/ubuntu/ros2_ws/install/lsm6dso/lib/python3.10/site-packages:${PYTHONPATH} /usr/bin/python3 -W ignore:setup.py install is deprecated setup.py egg_info --egg-base ../../build/lsm6dso build --build-base /home/ubuntu/ros2_ws/build/lsm6dso/build install --record /home/ubuntu/ros2_ws/build/lsm6dso/install.log --single-version-externally-managed install_data
[68.184s] running egg_info
[68.206s] writing ../../build/lsm6dso/lsm6dso.egg-info/PKG-INFO
[68.256s] writing dependency_links to ../../build/lsm6dso/lsm6dso.egg-info/dependency_links.txt
[68.258s] writing entry points to ../../build/lsm6dso/lsm6dso.egg-info/entry_points.txt
[68.259s] writing requirements to ../../build/lsm6dso/lsm6dso.egg-info/requires.txt
[68.265s] writing top-level names to ../../build/lsm6dso/lsm6dso.egg-info/top_level.txt
[68.325s] reading manifest file '../../build/lsm6dso/lsm6dso.egg-info/SOURCES.txt'
[68.339s] writing manifest file '../../build/lsm6dso/lsm6dso.egg-info/SOURCES.txt'
[68.361s] running build
[68.362s] running build_py
[68.363s] running install
[68.397s] running install_lib
[68.472s] running install_data
[68.498s] running install_egg_info
[68.629s] removing '/home/ubuntu/ros2_ws/install/lsm6dso/lib/python3.10/site-packages/lsm6dso-0.0.0-py3.10.egg-info' (and everything under it)
[68.661s] Copying ../../build/lsm6dso/lsm6dso.egg-info to /home/ubuntu/ros2_ws/install/lsm6dso/lib/python3.10/site-packages/lsm6dso-0.0.0-py3.10.egg-info
[68.737s] running install_scripts
[69.898s] Installing lsm6dso script to /home/ubuntu/ros2_ws/install/lsm6dso/lib/lsm6dso
[69.949s] writing list of installed files to '/home/ubuntu/ros2_ws/build/lsm6dso/install.log'
[71.058s] Invoked command in '/home/ubuntu/ros2_ws/src/lsm6dso' returned '0': PYTHONPATH=/home/ubuntu/ros2_ws/build/lsm6dso/prefix_override:/home/ubuntu/ros2_ws/install/lsm6dso/lib/python3.10/site-packages:${PYTHONPATH} /usr/bin/python3 -W ignore:setup.py install is deprecated setup.py egg_info --egg-base ../../build/lsm6dso build --build-base /home/ubuntu/ros2_ws/build/lsm6dso/build install --record /home/ubuntu/ros2_ws/build/lsm6dso/install.log --single-version-externally-managed install_data
