[0.142s] Invoking command in '/home/ubuntu/ros2_ws/build/aerobot_interfaces': CMAKE_PREFIX_PATH=${CMAKE_PREFIX_PATH}:/home/ubuntu/ros2_ws/install/my_ahrs:/home/ubuntu/ros2_ws/install/lsm6dso:/home/ubuntu/ros2_ws/install/esc_pkg:/home/ubuntu/ros2_ws/install/bmm150_sensor:/opt/ros/humble /usr/bin/cmake --build /home/ubuntu/ros2_ws/build/aerobot_interfaces -- -j4 -l4
[1.148s] [  2%] Built target aerobot_interfaces__cpp
[1.532s] [  2%] Built target ament_cmake_python_copy_aerobot_interfaces
[1.870s] [ 12%] Built target aerobot_interfaces__rosidl_typesupport_introspection_cpp
[2.208s] [ 23%] Built target aerobot_interfaces__rosidl_typesupport_cpp
[5.850s] running egg_info
[5.859s] writing aerobot_interfaces.egg-info/PKG-INFO
[5.863s] writing dependency_links to aerobot_interfaces.egg-info/dependency_links.txt
[5.868s] writing top-level names to aerobot_interfaces.egg-info/top_level.txt
[5.904s] reading manifest file 'aerobot_interfaces.egg-info/SOURCES.txt'
[5.916s] writing manifest file 'aerobot_interfaces.egg-info/SOURCES.txt'
[6.177s] [ 23%] Built target ament_cmake_python_build_aerobot_interfaces_egg
[6.480s] [ 33%] Built target aerobot_interfaces__rosidl_typesupport_fastrtps_cpp
[6.740s] [ 43%] Built target aerobot_interfaces__rosidl_generator_c
[6.951s] [ 53%] Built target aerobot_interfaces__rosidl_typesupport_fastrtps_c
[7.207s] [ 64%] Built target aerobot_interfaces__rosidl_typesupport_c
[7.452s] [ 74%] Built target aerobot_interfaces__rosidl_typesupport_introspection_c
[7.679s] [ 74%] Built target aerobot_interfaces
[7.910s] [ 76%] Built target aerobot_interfaces__py
[8.189s] [ 84%] Built target aerobot_interfaces__rosidl_generator_py
[8.444s] [ 89%] Built target aerobot_interfaces__rosidl_typesupport_fastrtps_c__pyext
[8.729s] [ 94%] Built target aerobot_interfaces__rosidl_typesupport_c__pyext
[9.049s] [100%] Built target aerobot_interfaces__rosidl_typesupport_introspection_c__pyext
[9.165s] Invoked command in '/home/ubuntu/ros2_ws/build/aerobot_interfaces' returned '0': CMAKE_PREFIX_PATH=${CMAKE_PREFIX_PATH}:/home/ubuntu/ros2_ws/install/my_ahrs:/home/ubuntu/ros2_ws/install/lsm6dso:/home/ubuntu/ros2_ws/install/esc_pkg:/home/ubuntu/ros2_ws/install/bmm150_sensor:/opt/ros/humble /usr/bin/cmake --build /home/ubuntu/ros2_ws/build/aerobot_interfaces -- -j4 -l4
[10.333s] Invoking command in '/home/ubuntu/ros2_ws/build/aerobot_interfaces': CMAKE_PREFIX_PATH=${CMAKE_PREFIX_PATH}:/home/ubuntu/ros2_ws/install/my_ahrs:/home/ubuntu/ros2_ws/install/lsm6dso:/home/ubuntu/ros2_ws/install/esc_pkg:/home/ubuntu/ros2_ws/install/bmm150_sensor:/opt/ros/humble /usr/bin/cmake --install /home/ubuntu/ros2_ws/build/aerobot_interfaces
[10.430s] -- Install configuration: ""
[10.435s] -- Up-to-date: /home/ubuntu/ros2_ws/install/aerobot_interfaces/share/ament_index/resource_index/rosidl_interfaces/aerobot_interfaces
[10.437s] -- Up-to-date: /home/ubuntu/ros2_ws/install/aerobot_interfaces/include/aerobot_interfaces/aerobot_interfaces
[10.440s] -- Up-to-date: /home/ubuntu/ros2_ws/install/aerobot_interfaces/include/aerobot_interfaces/aerobot_interfaces/srv
[10.442s] -- Up-to-date: /home/ubuntu/ros2_ws/install/aerobot_interfaces/include/aerobot_interfaces/aerobot_interfaces/srv/esc_srv.h
[10.444s] -- Up-to-date: /home/ubuntu/ros2_ws/install/aerobot_interfaces/include/aerobot_interfaces/aerobot_interfaces/srv/detail
[10.445s] -- Up-to-date: /home/ubuntu/ros2_ws/install/aerobot_interfaces/include/aerobot_interfaces/aerobot_interfaces/srv/detail/esc_srv__struct.h
[10.453s] -- Up-to-date: /home/ubuntu/ros2_ws/install/aerobot_interfaces/include/aerobot_interfaces/aerobot_interfaces/srv/detail/esc_srv__functions.c
[10.454s] -- Up-to-date: /home/ubuntu/ros2_ws/install/aerobot_interfaces/include/aerobot_interfaces/aerobot_interfaces/srv/detail/esc_srv__type_support.h
[10.455s] -- Up-to-date: /home/ubuntu/ros2_ws/install/aerobot_interfaces/include/aerobot_interfaces/aerobot_interfaces/srv/detail/esc_srv__functions.h
[10.456s] -- Up-to-date: /home/ubuntu/ros2_ws/install/aerobot_interfaces/include/aerobot_interfaces/aerobot_interfaces/msg
[10.457s] -- Up-to-date: /home/ubuntu/ros2_ws/install/aerobot_interfaces/include/aerobot_interfaces/aerobot_interfaces/msg/esc_msg.h
[10.462s] -- Up-to-date: /home/ubuntu/ros2_ws/install/aerobot_interfaces/include/aerobot_interfaces/aerobot_interfaces/msg/detail
[10.463s] -- Up-to-date: /home/ubuntu/ros2_ws/install/aerobot_interfaces/include/aerobot_interfaces/aerobot_interfaces/msg/detail/esc_msg__functions.c
[10.463s] -- Up-to-date: /home/ubuntu/ros2_ws/install/aerobot_interfaces/include/aerobot_interfaces/aerobot_interfaces/msg/detail/esc_msg__struct.h
[10.467s] -- Up-to-date: /home/ubuntu/ros2_ws/install/aerobot_interfaces/include/aerobot_interfaces/aerobot_interfaces/msg/detail/esc_msg__functions.h
[10.468s] -- Up-to-date: /home/ubuntu/ros2_ws/install/aerobot_interfaces/include/aerobot_interfaces/aerobot_interfaces/msg/detail/esc_msg__type_support.h
[10.469s] -- Up-to-date: /home/ubuntu/ros2_ws/install/aerobot_interfaces/include/aerobot_interfaces/aerobot_interfaces/msg/rosidl_generator_c__visibility_control.h
[10.470s] -- Up-to-date: /home/ubuntu/ros2_ws/install/aerobot_interfaces/share/aerobot_interfaces/environment/library_path.sh
[10.473s] -- Up-to-date: /home/ubuntu/ros2_ws/install/aerobot_interfaces/share/aerobot_interfaces/environment/library_path.dsv
[10.477s] -- Up-to-date: /home/ubuntu/ros2_ws/install/aerobot_interfaces/lib/libaerobot_interfaces__rosidl_generator_c.so
[10.478s] -- Up-to-date: /home/ubuntu/ros2_ws/install/aerobot_interfaces/include/aerobot_interfaces/aerobot_interfaces
[10.482s] -- Up-to-date: /home/ubuntu/ros2_ws/install/aerobot_interfaces/include/aerobot_interfaces/aerobot_interfaces/srv
[10.485s] -- Up-to-date: /home/ubuntu/ros2_ws/install/aerobot_interfaces/include/aerobot_interfaces/aerobot_interfaces/srv/detail
[10.490s] -- Up-to-date: /home/ubuntu/ros2_ws/install/aerobot_interfaces/include/aerobot_interfaces/aerobot_interfaces/srv/detail/esc_srv__rosidl_typesupport_fastrtps_c.h
[10.492s] -- Up-to-date: /home/ubuntu/ros2_ws/install/aerobot_interfaces/include/aerobot_interfaces/aerobot_interfaces/msg
[10.493s] -- Up-to-date: /home/ubuntu/ros2_ws/install/aerobot_interfaces/include/aerobot_interfaces/aerobot_interfaces/msg/rosidl_typesupport_fastrtps_c__visibility_control.h
[10.493s] -- Up-to-date: /home/ubuntu/ros2_ws/install/aerobot_interfaces/include/aerobot_interfaces/aerobot_interfaces/msg/detail
[10.494s] -- Up-to-date: /home/ubuntu/ros2_ws/install/aerobot_interfaces/include/aerobot_interfaces/aerobot_interfaces/msg/detail/esc_msg__rosidl_typesupport_fastrtps_c.h
[10.500s] -- Up-to-date: /home/ubuntu/ros2_ws/install/aerobot_interfaces/lib/libaerobot_interfaces__rosidl_typesupport_fastrtps_c.so
[10.501s] -- Up-to-date: /home/ubuntu/ros2_ws/install/aerobot_interfaces/include/aerobot_interfaces/aerobot_interfaces
[10.502s] -- Up-to-date: /home/ubuntu/ros2_ws/install/aerobot_interfaces/include/aerobot_interfaces/aerobot_interfaces/srv
[10.504s] -- Up-to-date: /home/ubuntu/ros2_ws/install/aerobot_interfaces/include/aerobot_interfaces/aerobot_interfaces/srv/detail
[10.505s] -- Up-to-date: /home/ubuntu/ros2_ws/install/aerobot_interfaces/include/aerobot_interfaces/aerobot_interfaces/srv/detail/esc_srv__type_support.c
[10.506s] -- Up-to-date: /home/ubuntu/ros2_ws/install/aerobot_interfaces/include/aerobot_interfaces/aerobot_interfaces/srv/detail/esc_srv__rosidl_typesupport_introspection_c.h
[10.512s] -- Up-to-date: /home/ubuntu/ros2_ws/install/aerobot_interfaces/include/aerobot_interfaces/aerobot_interfaces/msg
[10.517s] -- Up-to-date: /home/ubuntu/ros2_ws/install/aerobot_interfaces/include/aerobot_interfaces/aerobot_interfaces/msg/detail
[10.528s] -- Up-to-date: /home/ubuntu/ros2_ws/install/aerobot_interfaces/include/aerobot_interfaces/aerobot_interfaces/msg/detail/esc_msg__type_support.c
[10.531s] -- Up-to-date: /home/ubuntu/ros2_ws/install/aerobot_interfaces/include/aerobot_interfaces/aerobot_interfaces/msg/detail/esc_msg__rosidl_typesupport_introspection_c.h
[10.538s] -- Up-to-date: /home/ubuntu/ros2_ws/install/aerobot_interfaces/include/aerobot_interfaces/aerobot_interfaces/msg/rosidl_typesupport_introspection_c__visibility_control.h
[10.539s] -- Up-to-date: /home/ubuntu/ros2_ws/install/aerobot_interfaces/lib/libaerobot_interfaces__rosidl_typesupport_introspection_c.so
[10.540s] -- Up-to-date: /home/ubuntu/ros2_ws/install/aerobot_interfaces/lib/libaerobot_interfaces__rosidl_typesupport_c.so
[10.541s] -- Up-to-date: /home/ubuntu/ros2_ws/install/aerobot_interfaces/include/aerobot_interfaces/aerobot_interfaces
[10.543s] -- Up-to-date: /home/ubuntu/ros2_ws/install/aerobot_interfaces/include/aerobot_interfaces/aerobot_interfaces/srv
[10.545s] -- Up-to-date: /home/ubuntu/ros2_ws/install/aerobot_interfaces/include/aerobot_interfaces/aerobot_interfaces/srv/esc_srv.hpp
[10.551s] -- Up-to-date: /home/ubuntu/ros2_ws/install/aerobot_interfaces/include/aerobot_interfaces/aerobot_interfaces/srv/detail
[10.552s] -- Up-to-date: /home/ubuntu/ros2_ws/install/aerobot_interfaces/include/aerobot_interfaces/aerobot_interfaces/srv/detail/esc_srv__traits.hpp
[10.553s] -- Up-to-date: /home/ubuntu/ros2_ws/install/aerobot_interfaces/include/aerobot_interfaces/aerobot_interfaces/srv/detail/esc_srv__builder.hpp
[10.554s] -- Up-to-date: /home/ubuntu/ros2_ws/install/aerobot_interfaces/include/aerobot_interfaces/aerobot_interfaces/srv/detail/esc_srv__struct.hpp
[10.557s] -- Up-to-date: /home/ubuntu/ros2_ws/install/aerobot_interfaces/include/aerobot_interfaces/aerobot_interfaces/msg
[10.563s] -- Up-to-date: /home/ubuntu/ros2_ws/install/aerobot_interfaces/include/aerobot_interfaces/aerobot_interfaces/msg/esc_msg.hpp
[10.564s] -- Up-to-date: /home/ubuntu/ros2_ws/install/aerobot_interfaces/include/aerobot_interfaces/aerobot_interfaces/msg/detail
[10.565s] -- Up-to-date: /home/ubuntu/ros2_ws/install/aerobot_interfaces/include/aerobot_interfaces/aerobot_interfaces/msg/detail/esc_msg__struct.hpp
[10.567s] -- Up-to-date: /home/ubuntu/ros2_ws/install/aerobot_interfaces/include/aerobot_interfaces/aerobot_interfaces/msg/detail/esc_msg__builder.hpp
[10.568s] -- Up-to-date: /home/ubuntu/ros2_ws/install/aerobot_interfaces/include/aerobot_interfaces/aerobot_interfaces/msg/detail/esc_msg__traits.hpp
[10.569s] -- Up-to-date: /home/ubuntu/ros2_ws/install/aerobot_interfaces/include/aerobot_interfaces/aerobot_interfaces
[10.570s] -- Up-to-date: /home/ubuntu/ros2_ws/install/aerobot_interfaces/include/aerobot_interfaces/aerobot_interfaces/srv
[10.571s] -- Up-to-date: /home/ubuntu/ros2_ws/install/aerobot_interfaces/include/aerobot_interfaces/aerobot_interfaces/srv/detail
[10.572s] -- Up-to-date: /home/ubuntu/ros2_ws/install/aerobot_interfaces/include/aerobot_interfaces/aerobot_interfaces/srv/detail/dds_fastrtps
[10.573s] -- Up-to-date: /home/ubuntu/ros2_ws/install/aerobot_interfaces/include/aerobot_interfaces/aerobot_interfaces/srv/detail/esc_srv__rosidl_typesupport_fastrtps_cpp.hpp
[10.579s] -- Up-to-date: /home/ubuntu/ros2_ws/install/aerobot_interfaces/include/aerobot_interfaces/aerobot_interfaces/msg
[10.581s] -- Up-to-date: /home/ubuntu/ros2_ws/install/aerobot_interfaces/include/aerobot_interfaces/aerobot_interfaces/msg/rosidl_typesupport_fastrtps_cpp__visibility_control.h
[10.584s] -- Up-to-date: /home/ubuntu/ros2_ws/install/aerobot_interfaces/include/aerobot_interfaces/aerobot_interfaces/msg/detail
[10.588s] -- Up-to-date: /home/ubuntu/ros2_ws/install/aerobot_interfaces/include/aerobot_interfaces/aerobot_interfaces/msg/detail/dds_fastrtps
[10.589s] -- Up-to-date: /home/ubuntu/ros2_ws/install/aerobot_interfaces/include/aerobot_interfaces/aerobot_interfaces/msg/detail/esc_msg__rosidl_typesupport_fastrtps_cpp.hpp
[10.591s] -- Up-to-date: /home/ubuntu/ros2_ws/install/aerobot_interfaces/lib/libaerobot_interfaces__rosidl_typesupport_fastrtps_cpp.so
[10.592s] -- Up-to-date: /home/ubuntu/ros2_ws/install/aerobot_interfaces/include/aerobot_interfaces/aerobot_interfaces
[10.593s] -- Up-to-date: /home/ubuntu/ros2_ws/install/aerobot_interfaces/include/aerobot_interfaces/aerobot_interfaces/srv
[10.598s] -- Up-to-date: /home/ubuntu/ros2_ws/install/aerobot_interfaces/include/aerobot_interfaces/aerobot_interfaces/srv/detail
[10.600s] -- Up-to-date: /home/ubuntu/ros2_ws/install/aerobot_interfaces/include/aerobot_interfaces/aerobot_interfaces/srv/detail/esc_srv__type_support.cpp
[10.601s] -- Up-to-date: /home/ubuntu/ros2_ws/install/aerobot_interfaces/include/aerobot_interfaces/aerobot_interfaces/srv/detail/esc_srv__rosidl_typesupport_introspection_cpp.hpp
[10.603s] -- Up-to-date: /home/ubuntu/ros2_ws/install/aerobot_interfaces/include/aerobot_interfaces/aerobot_interfaces/msg
[10.604s] -- Up-to-date: /home/ubuntu/ros2_ws/install/aerobot_interfaces/include/aerobot_interfaces/aerobot_interfaces/msg/detail
[10.605s] -- Up-to-date: /home/ubuntu/ros2_ws/install/aerobot_interfaces/include/aerobot_interfaces/aerobot_interfaces/msg/detail/esc_msg__type_support.cpp
[10.612s] -- Up-to-date: /home/ubuntu/ros2_ws/install/aerobot_interfaces/include/aerobot_interfaces/aerobot_interfaces/msg/detail/esc_msg__rosidl_typesupport_introspection_cpp.hpp
[10.616s] -- Up-to-date: /home/ubuntu/ros2_ws/install/aerobot_interfaces/lib/libaerobot_interfaces__rosidl_typesupport_introspection_cpp.so
[10.620s] -- Up-to-date: /home/ubuntu/ros2_ws/install/aerobot_interfaces/lib/libaerobot_interfaces__rosidl_typesupport_cpp.so
[10.621s] -- Up-to-date: /home/ubuntu/ros2_ws/install/aerobot_interfaces/share/aerobot_interfaces/environment/pythonpath.sh
[10.621s] -- Up-to-date: /home/ubuntu/ros2_ws/install/aerobot_interfaces/share/aerobot_interfaces/environment/pythonpath.dsv
[10.622s] -- Up-to-date: /home/ubuntu/ros2_ws/install/aerobot_interfaces/local/lib/python3.10/dist-packages/aerobot_interfaces-0.0.0-py3.10.egg-info
[10.628s] -- Installing: /home/ubuntu/ros2_ws/install/aerobot_interfaces/local/lib/python3.10/dist-packages/aerobot_interfaces-0.0.0-py3.10.egg-info/SOURCES.txt
[10.629s] -- Installing: /home/ubuntu/ros2_ws/install/aerobot_interfaces/local/lib/python3.10/dist-packages/aerobot_interfaces-0.0.0-py3.10.egg-info/dependency_links.txt
[10.630s] -- Installing: /home/ubuntu/ros2_ws/install/aerobot_interfaces/local/lib/python3.10/dist-packages/aerobot_interfaces-0.0.0-py3.10.egg-info/PKG-INFO
[10.631s] -- Installing: /home/ubuntu/ros2_ws/install/aerobot_interfaces/local/lib/python3.10/dist-packages/aerobot_interfaces-0.0.0-py3.10.egg-info/top_level.txt
[10.632s] -- Up-to-date: /home/ubuntu/ros2_ws/install/aerobot_interfaces/local/lib/python3.10/dist-packages/aerobot_interfaces
[10.633s] -- Up-to-date: /home/ubuntu/ros2_ws/install/aerobot_interfaces/local/lib/python3.10/dist-packages/aerobot_interfaces/__init__.py
[10.634s] -- Up-to-date: /home/ubuntu/ros2_ws/install/aerobot_interfaces/local/lib/python3.10/dist-packages/aerobot_interfaces/aerobot_interfaces_s__rosidl_typesupport_fastrtps_c.cpython-310-aarch64-linux-gnu.so
[10.647s] -- Up-to-date: /home/ubuntu/ros2_ws/install/aerobot_interfaces/local/lib/python3.10/dist-packages/aerobot_interfaces/libaerobot_interfaces__rosidl_generator_py.so
[10.648s] -- Up-to-date: /home/ubuntu/ros2_ws/install/aerobot_interfaces/local/lib/python3.10/dist-packages/aerobot_interfaces/aerobot_interfaces_s__rosidl_typesupport_introspection_c.cpython-310-aarch64-linux-gnu.so
[10.649s] -- Up-to-date: /home/ubuntu/ros2_ws/install/aerobot_interfaces/local/lib/python3.10/dist-packages/aerobot_interfaces/_aerobot_interfaces_s.ep.rosidl_typesupport_fastrtps_c.c
[10.650s] -- Up-to-date: /home/ubuntu/ros2_ws/install/aerobot_interfaces/local/lib/python3.10/dist-packages/aerobot_interfaces/srv
[10.655s] -- Up-to-date: /home/ubuntu/ros2_ws/install/aerobot_interfaces/local/lib/python3.10/dist-packages/aerobot_interfaces/srv/__init__.py
[10.656s] -- Up-to-date: /home/ubuntu/ros2_ws/install/aerobot_interfaces/local/lib/python3.10/dist-packages/aerobot_interfaces/srv/_esc_srv_s.c
[10.657s] -- Up-to-date: /home/ubuntu/ros2_ws/install/aerobot_interfaces/local/lib/python3.10/dist-packages/aerobot_interfaces/srv/_esc_srv.py
[10.658s] -- Up-to-date: /home/ubuntu/ros2_ws/install/aerobot_interfaces/local/lib/python3.10/dist-packages/aerobot_interfaces/_aerobot_interfaces_s.ep.rosidl_typesupport_c.c
[10.659s] -- Up-to-date: /home/ubuntu/ros2_ws/install/aerobot_interfaces/local/lib/python3.10/dist-packages/aerobot_interfaces/_aerobot_interfaces_s.ep.rosidl_typesupport_introspection_c.c
[10.660s] -- Up-to-date: /home/ubuntu/ros2_ws/install/aerobot_interfaces/local/lib/python3.10/dist-packages/aerobot_interfaces/aerobot_interfaces_s__rosidl_typesupport_c.cpython-310-aarch64-linux-gnu.so
[10.662s] -- Up-to-date: /home/ubuntu/ros2_ws/install/aerobot_interfaces/local/lib/python3.10/dist-packages/aerobot_interfaces/msg
[10.668s] -- Up-to-date: /home/ubuntu/ros2_ws/install/aerobot_interfaces/local/lib/python3.10/dist-packages/aerobot_interfaces/msg/_esc_msg.py
[10.669s] -- Up-to-date: /home/ubuntu/ros2_ws/install/aerobot_interfaces/local/lib/python3.10/dist-packages/aerobot_interfaces/msg/__init__.py
[10.670s] -- Up-to-date: /home/ubuntu/ros2_ws/install/aerobot_interfaces/local/lib/python3.10/dist-packages/aerobot_interfaces/msg/_esc_msg_s.c
[11.088s] Listing '/home/ubuntu/ros2_ws/install/aerobot_interfaces/local/lib/python3.10/dist-packages/aerobot_interfaces'...
[11.090s] Listing '/home/ubuntu/ros2_ws/install/aerobot_interfaces/local/lib/python3.10/dist-packages/aerobot_interfaces/msg'...
[11.092s] Listing '/home/ubuntu/ros2_ws/install/aerobot_interfaces/local/lib/python3.10/dist-packages/aerobot_interfaces/srv'...
[11.139s] -- Up-to-date: /home/ubuntu/ros2_ws/install/aerobot_interfaces/local/lib/python3.10/dist-packages/aerobot_interfaces/aerobot_interfaces_s__rosidl_typesupport_fastrtps_c.cpython-310-aarch64-linux-gnu.so
[11.149s] -- Up-to-date: /home/ubuntu/ros2_ws/install/aerobot_interfaces/local/lib/python3.10/dist-packages/aerobot_interfaces/aerobot_interfaces_s__rosidl_typesupport_introspection_c.cpython-310-aarch64-linux-gnu.so
[11.155s] -- Up-to-date: /home/ubuntu/ros2_ws/install/aerobot_interfaces/local/lib/python3.10/dist-packages/aerobot_interfaces/aerobot_interfaces_s__rosidl_typesupport_c.cpython-310-aarch64-linux-gnu.so
[11.161s] -- Up-to-date: /home/ubuntu/ros2_ws/install/aerobot_interfaces/lib/libaerobot_interfaces__rosidl_generator_py.so
[11.166s] -- Up-to-date: /home/ubuntu/ros2_ws/install/aerobot_interfaces/share/aerobot_interfaces/srv/EscSrv.idl
[11.173s] -- Up-to-date: /home/ubuntu/ros2_ws/install/aerobot_interfaces/share/aerobot_interfaces/msg/EscMsg.idl
[11.177s] -- Up-to-date: /home/ubuntu/ros2_ws/install/aerobot_interfaces/share/aerobot_interfaces/srv/EscSrv.srv
[11.178s] -- Up-to-date: /home/ubuntu/ros2_ws/install/aerobot_interfaces/share/aerobot_interfaces/srv/EscSrv_Request.msg
[11.188s] -- Up-to-date: /home/ubuntu/ros2_ws/install/aerobot_interfaces/share/aerobot_interfaces/srv/EscSrv_Response.msg
[11.190s] -- Up-to-date: /home/ubuntu/ros2_ws/install/aerobot_interfaces/share/aerobot_interfaces/msg/EscMsg.msg
[11.191s] -- Up-to-date: /home/ubuntu/ros2_ws/install/aerobot_interfaces/share/ament_index/resource_index/package_run_dependencies/aerobot_interfaces
[11.194s] -- Up-to-date: /home/ubuntu/ros2_ws/install/aerobot_interfaces/share/ament_index/resource_index/parent_prefix_path/aerobot_interfaces
[11.207s] -- Up-to-date: /home/ubuntu/ros2_ws/install/aerobot_interfaces/share/aerobot_interfaces/environment/ament_prefix_path.sh
[11.209s] -- Up-to-date: /home/ubuntu/ros2_ws/install/aerobot_interfaces/share/aerobot_interfaces/environment/ament_prefix_path.dsv
[11.213s] -- Up-to-date: /home/ubuntu/ros2_ws/install/aerobot_interfaces/share/aerobot_interfaces/environment/path.sh
[11.214s] -- Up-to-date: /home/ubuntu/ros2_ws/install/aerobot_interfaces/share/aerobot_interfaces/environment/path.dsv
[11.215s] -- Up-to-date: /home/ubuntu/ros2_ws/install/aerobot_interfaces/share/aerobot_interfaces/local_setup.bash
[11.216s] -- Up-to-date: /home/ubuntu/ros2_ws/install/aerobot_interfaces/share/aerobot_interfaces/local_setup.sh
[11.217s] -- Up-to-date: /home/ubuntu/ros2_ws/install/aerobot_interfaces/share/aerobot_interfaces/local_setup.zsh
[11.218s] -- Up-to-date: /home/ubuntu/ros2_ws/install/aerobot_interfaces/share/aerobot_interfaces/local_setup.dsv
[11.219s] -- Installing: /home/ubuntu/ros2_ws/install/aerobot_interfaces/share/aerobot_interfaces/package.dsv
[11.220s] -- Up-to-date: /home/ubuntu/ros2_ws/install/aerobot_interfaces/share/ament_index/resource_index/packages/aerobot_interfaces
[11.231s] -- Up-to-date: /home/ubuntu/ros2_ws/install/aerobot_interfaces/share/aerobot_interfaces/cmake/export_aerobot_interfaces__rosidl_generator_cExport.cmake
[11.234s] -- Up-to-date: /home/ubuntu/ros2_ws/install/aerobot_interfaces/share/aerobot_interfaces/cmake/export_aerobot_interfaces__rosidl_generator_cExport-noconfig.cmake
[11.239s] -- Up-to-date: /home/ubuntu/ros2_ws/install/aerobot_interfaces/share/aerobot_interfaces/cmake/export_aerobot_interfaces__rosidl_typesupport_fastrtps_cExport.cmake
[11.241s] -- Up-to-date: /home/ubuntu/ros2_ws/install/aerobot_interfaces/share/aerobot_interfaces/cmake/export_aerobot_interfaces__rosidl_typesupport_fastrtps_cExport-noconfig.cmake
[11.242s] -- Up-to-date: /home/ubuntu/ros2_ws/install/aerobot_interfaces/share/aerobot_interfaces/cmake/aerobot_interfaces__rosidl_typesupport_introspection_cExport.cmake
[11.247s] -- Up-to-date: /home/ubuntu/ros2_ws/install/aerobot_interfaces/share/aerobot_interfaces/cmake/aerobot_interfaces__rosidl_typesupport_introspection_cExport-noconfig.cmake
[11.248s] -- Up-to-date: /home/ubuntu/ros2_ws/install/aerobot_interfaces/share/aerobot_interfaces/cmake/aerobot_interfaces__rosidl_typesupport_cExport.cmake
[11.253s] -- Up-to-date: /home/ubuntu/ros2_ws/install/aerobot_interfaces/share/aerobot_interfaces/cmake/aerobot_interfaces__rosidl_typesupport_cExport-noconfig.cmake
[11.254s] -- Up-to-date: /home/ubuntu/ros2_ws/install/aerobot_interfaces/share/aerobot_interfaces/cmake/export_aerobot_interfaces__rosidl_generator_cppExport.cmake
[11.255s] -- Up-to-date: /home/ubuntu/ros2_ws/install/aerobot_interfaces/share/aerobot_interfaces/cmake/export_aerobot_interfaces__rosidl_typesupport_fastrtps_cppExport.cmake
[11.259s] -- Up-to-date: /home/ubuntu/ros2_ws/install/aerobot_interfaces/share/aerobot_interfaces/cmake/export_aerobot_interfaces__rosidl_typesupport_fastrtps_cppExport-noconfig.cmake
[11.260s] -- Up-to-date: /home/ubuntu/ros2_ws/install/aerobot_interfaces/share/aerobot_interfaces/cmake/aerobot_interfaces__rosidl_typesupport_introspection_cppExport.cmake
[11.262s] -- Up-to-date: /home/ubuntu/ros2_ws/install/aerobot_interfaces/share/aerobot_interfaces/cmake/aerobot_interfaces__rosidl_typesupport_introspection_cppExport-noconfig.cmake
[11.267s] -- Up-to-date: /home/ubuntu/ros2_ws/install/aerobot_interfaces/share/aerobot_interfaces/cmake/aerobot_interfaces__rosidl_typesupport_cppExport.cmake
[11.269s] -- Up-to-date: /home/ubuntu/ros2_ws/install/aerobot_interfaces/share/aerobot_interfaces/cmake/aerobot_interfaces__rosidl_typesupport_cppExport-noconfig.cmake
[11.274s] -- Up-to-date: /home/ubuntu/ros2_ws/install/aerobot_interfaces/share/aerobot_interfaces/cmake/export_aerobot_interfaces__rosidl_generator_pyExport.cmake
[11.276s] -- Up-to-date: /home/ubuntu/ros2_ws/install/aerobot_interfaces/share/aerobot_interfaces/cmake/export_aerobot_interfaces__rosidl_generator_pyExport-noconfig.cmake
[11.279s] -- Up-to-date: /home/ubuntu/ros2_ws/install/aerobot_interfaces/share/aerobot_interfaces/cmake/rosidl_cmake-extras.cmake
[11.282s] -- Up-to-date: /home/ubuntu/ros2_ws/install/aerobot_interfaces/share/aerobot_interfaces/cmake/ament_cmake_export_include_directories-extras.cmake
[11.291s] -- Up-to-date: /home/ubuntu/ros2_ws/install/aerobot_interfaces/share/aerobot_interfaces/cmake/ament_cmake_export_libraries-extras.cmake
[11.294s] -- Up-to-date: /home/ubuntu/ros2_ws/install/aerobot_interfaces/share/aerobot_interfaces/cmake/ament_cmake_export_targets-extras.cmake
[11.295s] -- Up-to-date: /home/ubuntu/ros2_ws/install/aerobot_interfaces/share/aerobot_interfaces/cmake/rosidl_cmake_export_typesupport_targets-extras.cmake
[11.303s] -- Up-to-date: /home/ubuntu/ros2_ws/install/aerobot_interfaces/share/aerobot_interfaces/cmake/ament_cmake_export_dependencies-extras.cmake
[11.304s] -- Up-to-date: /home/ubuntu/ros2_ws/install/aerobot_interfaces/share/aerobot_interfaces/cmake/rosidl_cmake_export_typesupport_libraries-extras.cmake
[11.305s] -- Up-to-date: /home/ubuntu/ros2_ws/install/aerobot_interfaces/share/aerobot_interfaces/cmake/aerobot_interfacesConfig.cmake
[11.306s] -- Up-to-date: /home/ubuntu/ros2_ws/install/aerobot_interfaces/share/aerobot_interfaces/cmake/aerobot_interfacesConfig-version.cmake
[11.307s] -- Up-to-date: /home/ubuntu/ros2_ws/install/aerobot_interfaces/share/aerobot_interfaces/package.xml
[11.346s] Invoked command in '/home/ubuntu/ros2_ws/build/aerobot_interfaces' returned '0': CMAKE_PREFIX_PATH=${CMAKE_PREFIX_PATH}:/home/ubuntu/ros2_ws/install/my_ahrs:/home/ubuntu/ros2_ws/install/lsm6dso:/home/ubuntu/ros2_ws/install/esc_pkg:/home/ubuntu/ros2_ws/install/bmm150_sensor:/opt/ros/humble /usr/bin/cmake --install /home/ubuntu/ros2_ws/build/aerobot_interfaces
