[37.444s] Invoking command in '/home/ubuntu/ros2_ws/src/lsm6dso': PYTHONPATH=/home/ubuntu/ros2_ws/build/lsm6dso/prefix_override:/home/ubuntu/ros2_ws/install/lsm6dso/lib/python3.10/site-packages:${PYTHONPATH} /usr/bin/python3 -W ignore:setup.py install is deprecated setup.py egg_info --egg-base ../../build/lsm6dso build --build-base /home/ubuntu/ros2_ws/build/lsm6dso/build install --record /home/ubuntu/ros2_ws/build/lsm6dso/install.log --single-version-externally-managed install_data
[45.233s] running egg_info
[45.236s] writing ../../build/lsm6dso/lsm6dso.egg-info/PKG-INFO
[45.248s] writing dependency_links to ../../build/lsm6dso/lsm6dso.egg-info/dependency_links.txt
[45.249s] writing entry points to ../../build/lsm6dso/lsm6dso.egg-info/entry_points.txt
[45.250s] writing requirements to ../../build/lsm6dso/lsm6dso.egg-info/requires.txt
[45.252s] writing top-level names to ../../build/lsm6dso/lsm6dso.egg-info/top_level.txt
[45.264s] reading manifest file '../../build/lsm6dso/lsm6dso.egg-info/SOURCES.txt'
[45.274s] writing manifest file '../../build/lsm6dso/lsm6dso.egg-info/SOURCES.txt'
[45.276s] running build
[45.277s] running build_py
[45.285s] running install
[45.289s] running install_lib
[45.309s] running install_data
[45.310s] running install_egg_info
[45.328s] removing '/home/ubuntu/ros2_ws/install/lsm6dso/lib/python3.10/site-packages/lsm6dso-0.0.0-py3.10.egg-info' (and everything under it)
[45.343s] Copying ../../build/lsm6dso/lsm6dso.egg-info to /home/ubuntu/ros2_ws/install/lsm6dso/lib/python3.10/site-packages/lsm6dso-0.0.0-py3.10.egg-info
[45.360s] running install_scripts
[45.589s] Installing calibrate_gyro script to /home/ubuntu/ros2_ws/install/lsm6dso/lib/lsm6dso
[45.600s] Installing lsm6dso script to /home/ubuntu/ros2_ws/install/lsm6dso/lib/lsm6dso
[45.602s] writing list of installed files to '/home/ubuntu/ros2_ws/build/lsm6dso/install.log'
[47.687s] Invoked command in '/home/ubuntu/ros2_ws/src/lsm6dso' returned '0': PYTHONPATH=/home/ubuntu/ros2_ws/build/lsm6dso/prefix_override:/home/ubuntu/ros2_ws/install/lsm6dso/lib/python3.10/site-packages:${PYTHONPATH} /usr/bin/python3 -W ignore:setup.py install is deprecated setup.py egg_info --egg-base ../../build/lsm6dso build --build-base /home/ubuntu/ros2_ws/build/lsm6dso/build install --record /home/ubuntu/ros2_ws/build/lsm6dso/install.log --single-version-externally-managed install_data
