[1.972s] DEBUG:colcon:Command line arguments: ['/usr/bin/colcon', 'build', '--packages-up-to', 'testing_ros']
[1.972s] DEBUG:colcon:Parsed command line arguments: Namespace(log_base=None, log_level=None, verb_name='build', build_base='build', install_base='install', merge_install=False, symlink_install=False, test_result_base=None, continue_on_error=False, executor='parallel', parallel_workers=4, event_handlers=None, ignore_user_meta=False, metas=['./colcon.meta'], base_paths=['.'], packages_ignore=None, packages_ignore_regex=None, paths=None, packages_up_to=['testing_ros'], packages_up_to_regex=None, packages_above=None, packages_above_and_dependencies=None, packages_above_depth=None, packages_select_by_dep=None, packages_skip_by_dep=None, packages_skip_up_to=None, packages_select_build_failed=False, packages_skip_build_finished=False, packages_select_test_failures=False, packages_skip_test_passed=False, packages_select=None, packages_skip=None, packages_select_regex=None, packages_skip_regex=None, packages_start=None, packages_end=None, allow_overriding=[], cmake_args=None, cmake_target=None, cmake_target_skip_unavailable=False, cmake_clean_cache=False, cmake_clean_first=False, cmake_force_configure=False, ament_cmake_args=None, catkin_cmake_args=None, catkin_skip_building_tests=False, mixin_files=None, mixin=None, verb_parser=<colcon_mixin.mixin.mixin_argument.MixinArgumentDecorator object at 0xffffba919450>, verb_extension=<colcon_core.verb.build.BuildVerb object at 0xffffbaa2a530>, main=<bound method BuildVerb.main of <colcon_core.verb.build.BuildVerb object at 0xffffbaa2a530>>, mixin_verb=('build',))
[5.820s] Level 1:colcon.colcon_core.package_discovery:discover_packages(colcon_meta) check parameters
[5.821s] Level 1:colcon.colcon_core.package_discovery:discover_packages(recursive) check parameters
[5.822s] Level 1:colcon.colcon_core.package_discovery:discover_packages(ignore) check parameters
[5.822s] Level 1:colcon.colcon_core.package_discovery:discover_packages(path) check parameters
[5.823s] Level 1:colcon.colcon_core.package_discovery:discover_packages(colcon_meta) discover
[5.832s] Level 1:colcon.colcon_core.package_discovery:discover_packages(recursive) discover
[5.832s] INFO:colcon.colcon_core.package_discovery:Crawling recursively for packages in '/home/ubuntu/ros2_ws'
[5.834s] Level 1:colcon.colcon_core.package_identification:_identify(.) by extensions ['ignore', 'ignore_ament_install']
[5.835s] Level 1:colcon.colcon_core.package_identification:_identify(.) by extension 'ignore'
[5.836s] Level 1:colcon.colcon_core.package_identification:_identify(.) by extension 'ignore_ament_install'
[5.837s] Level 1:colcon.colcon_core.package_identification:_identify(.) by extensions ['colcon_pkg']
[5.838s] Level 1:colcon.colcon_core.package_identification:_identify(.) by extension 'colcon_pkg'
[5.838s] Level 1:colcon.colcon_core.package_identification:_identify(.) by extensions ['colcon_meta']
[5.839s] Level 1:colcon.colcon_core.package_identification:_identify(.) by extension 'colcon_meta'
[5.839s] Level 1:colcon.colcon_core.package_identification:_identify(.) by extensions ['ros']
[5.840s] Level 1:colcon.colcon_core.package_identification:_identify(.) by extension 'ros'
[6.029s] Level 1:colcon.colcon_core.package_identification:_identify(.) by extensions ['cmake', 'python']
[6.030s] Level 1:colcon.colcon_core.package_identification:_identify(.) by extension 'cmake'
[6.031s] Level 1:colcon.colcon_core.package_identification:_identify(.) by extension 'python'
[6.031s] Level 1:colcon.colcon_core.package_identification:_identify(.) by extensions ['python_setup_py']
[6.032s] Level 1:colcon.colcon_core.package_identification:_identify(.) by extension 'python_setup_py'
[6.034s] Level 1:colcon.colcon_core.package_identification:_identify(build) by extensions ['ignore', 'ignore_ament_install']
[6.039s] Level 1:colcon.colcon_core.package_identification:_identify(build) by extension 'ignore'
[6.040s] Level 1:colcon.colcon_core.package_identification:_identify(build) ignored
[6.042s] Level 1:colcon.colcon_core.package_identification:_identify(install) by extensions ['ignore', 'ignore_ament_install']
[6.044s] Level 1:colcon.colcon_core.package_identification:_identify(install) by extension 'ignore'
[6.045s] Level 1:colcon.colcon_core.package_identification:_identify(install) ignored
[6.048s] Level 1:colcon.colcon_core.package_identification:_identify(log) by extensions ['ignore', 'ignore_ament_install']
[6.049s] Level 1:colcon.colcon_core.package_identification:_identify(log) by extension 'ignore'
[6.050s] Level 1:colcon.colcon_core.package_identification:_identify(log) ignored
[6.051s] Level 1:colcon.colcon_core.package_identification:_identify(src) by extensions ['ignore', 'ignore_ament_install']
[6.057s] Level 1:colcon.colcon_core.package_identification:_identify(src) by extension 'ignore'
[6.057s] Level 1:colcon.colcon_core.package_identification:_identify(src) by extension 'ignore_ament_install'
[6.058s] Level 1:colcon.colcon_core.package_identification:_identify(src) by extensions ['colcon_pkg']
[6.059s] Level 1:colcon.colcon_core.package_identification:_identify(src) by extension 'colcon_pkg'
[6.059s] Level 1:colcon.colcon_core.package_identification:_identify(src) by extensions ['colcon_meta']
[6.060s] Level 1:colcon.colcon_core.package_identification:_identify(src) by extension 'colcon_meta'
[6.061s] Level 1:colcon.colcon_core.package_identification:_identify(src) by extensions ['ros']
[6.061s] Level 1:colcon.colcon_core.package_identification:_identify(src) by extension 'ros'
[6.062s] Level 1:colcon.colcon_core.package_identification:_identify(src) by extensions ['cmake', 'python']
[6.063s] Level 1:colcon.colcon_core.package_identification:_identify(src) by extension 'cmake'
[6.064s] Level 1:colcon.colcon_core.package_identification:_identify(src) by extension 'python'
[6.064s] Level 1:colcon.colcon_core.package_identification:_identify(src) by extensions ['python_setup_py']
[6.065s] Level 1:colcon.colcon_core.package_identification:_identify(src) by extension 'python_setup_py'
[6.066s] Level 1:colcon.colcon_core.package_identification:_identify(src/aerobot_interfaces) by extensions ['ignore', 'ignore_ament_install']
[6.076s] Level 1:colcon.colcon_core.package_identification:_identify(src/aerobot_interfaces) by extension 'ignore'
[6.077s] Level 1:colcon.colcon_core.package_identification:_identify(src/aerobot_interfaces) by extension 'ignore_ament_install'
[6.078s] Level 1:colcon.colcon_core.package_identification:_identify(src/aerobot_interfaces) by extensions ['colcon_pkg']
[6.078s] Level 1:colcon.colcon_core.package_identification:_identify(src/aerobot_interfaces) by extension 'colcon_pkg'
[6.079s] Level 1:colcon.colcon_core.package_identification:_identify(src/aerobot_interfaces) by extensions ['colcon_meta']
[6.079s] Level 1:colcon.colcon_core.package_identification:_identify(src/aerobot_interfaces) by extension 'colcon_meta'
[6.080s] Level 1:colcon.colcon_core.package_identification:_identify(src/aerobot_interfaces) by extensions ['ros']
[6.081s] Level 1:colcon.colcon_core.package_identification:_identify(src/aerobot_interfaces) by extension 'ros'
[6.118s] DEBUG:colcon.colcon_core.package_identification:Package 'src/aerobot_interfaces' with type 'ros.ament_cmake' and name 'aerobot_interfaces'
[6.120s] Level 1:colcon.colcon_core.package_identification:_identify(src/bmm150_sensor) by extensions ['ignore', 'ignore_ament_install']
[6.121s] Level 1:colcon.colcon_core.package_identification:_identify(src/bmm150_sensor) by extension 'ignore'
[6.122s] Level 1:colcon.colcon_core.package_identification:_identify(src/bmm150_sensor) by extension 'ignore_ament_install'
[6.123s] Level 1:colcon.colcon_core.package_identification:_identify(src/bmm150_sensor) by extensions ['colcon_pkg']
[6.130s] Level 1:colcon.colcon_core.package_identification:_identify(src/bmm150_sensor) by extension 'colcon_pkg'
[6.131s] Level 1:colcon.colcon_core.package_identification:_identify(src/bmm150_sensor) by extensions ['colcon_meta']
[6.132s] Level 1:colcon.colcon_core.package_identification:_identify(src/bmm150_sensor) by extension 'colcon_meta'
[6.133s] Level 1:colcon.colcon_core.package_identification:_identify(src/bmm150_sensor) by extensions ['ros']
[6.133s] Level 1:colcon.colcon_core.package_identification:_identify(src/bmm150_sensor) by extension 'ros'
[6.150s] DEBUG:colcon.colcon_core.package_identification:Package 'src/bmm150_sensor' with type 'ros.ament_python' and name 'bmm150_sensor'
[6.152s] Level 1:colcon.colcon_core.package_identification:_identify(src/esc_pkg) by extensions ['ignore', 'ignore_ament_install']
[6.153s] Level 1:colcon.colcon_core.package_identification:_identify(src/esc_pkg) by extension 'ignore'
[6.154s] Level 1:colcon.colcon_core.package_identification:_identify(src/esc_pkg) by extension 'ignore_ament_install'
[6.155s] Level 1:colcon.colcon_core.package_identification:_identify(src/esc_pkg) by extensions ['colcon_pkg']
[6.156s] Level 1:colcon.colcon_core.package_identification:_identify(src/esc_pkg) by extension 'colcon_pkg'
[6.157s] Level 1:colcon.colcon_core.package_identification:_identify(src/esc_pkg) by extensions ['colcon_meta']
[6.157s] Level 1:colcon.colcon_core.package_identification:_identify(src/esc_pkg) by extension 'colcon_meta'
[6.158s] Level 1:colcon.colcon_core.package_identification:_identify(src/esc_pkg) by extensions ['ros']
[6.159s] Level 1:colcon.colcon_core.package_identification:_identify(src/esc_pkg) by extension 'ros'
[6.167s] DEBUG:colcon.colcon_core.package_identification:Package 'src/esc_pkg' with type 'ros.ament_python' and name 'esc_pkg'
[6.169s] Level 1:colcon.colcon_core.package_identification:_identify(src/lsm6dso) by extensions ['ignore', 'ignore_ament_install']
[6.170s] Level 1:colcon.colcon_core.package_identification:_identify(src/lsm6dso) by extension 'ignore'
[6.172s] Level 1:colcon.colcon_core.package_identification:_identify(src/lsm6dso) by extension 'ignore_ament_install'
[6.173s] Level 1:colcon.colcon_core.package_identification:_identify(src/lsm6dso) by extensions ['colcon_pkg']
[6.174s] Level 1:colcon.colcon_core.package_identification:_identify(src/lsm6dso) by extension 'colcon_pkg'
[6.174s] Level 1:colcon.colcon_core.package_identification:_identify(src/lsm6dso) by extensions ['colcon_meta']
[6.175s] Level 1:colcon.colcon_core.package_identification:_identify(src/lsm6dso) by extension 'colcon_meta'
[6.176s] Level 1:colcon.colcon_core.package_identification:_identify(src/lsm6dso) by extensions ['ros']
[6.176s] Level 1:colcon.colcon_core.package_identification:_identify(src/lsm6dso) by extension 'ros'
[6.186s] DEBUG:colcon.colcon_core.package_identification:Package 'src/lsm6dso' with type 'ros.ament_python' and name 'lsm6dso'
[6.188s] Level 1:colcon.colcon_core.package_identification:_identify(src/my_ahrs) by extensions ['ignore', 'ignore_ament_install']
[6.189s] Level 1:colcon.colcon_core.package_identification:_identify(src/my_ahrs) by extension 'ignore'
[6.190s] Level 1:colcon.colcon_core.package_identification:_identify(src/my_ahrs) by extension 'ignore_ament_install'
[6.191s] Level 1:colcon.colcon_core.package_identification:_identify(src/my_ahrs) by extensions ['colcon_pkg']
[6.191s] Level 1:colcon.colcon_core.package_identification:_identify(src/my_ahrs) by extension 'colcon_pkg'
[6.192s] Level 1:colcon.colcon_core.package_identification:_identify(src/my_ahrs) by extensions ['colcon_meta']
[6.192s] Level 1:colcon.colcon_core.package_identification:_identify(src/my_ahrs) by extension 'colcon_meta'
[6.193s] Level 1:colcon.colcon_core.package_identification:_identify(src/my_ahrs) by extensions ['ros']
[6.194s] Level 1:colcon.colcon_core.package_identification:_identify(src/my_ahrs) by extension 'ros'
[6.203s] DEBUG:colcon.colcon_core.package_identification:Package 'src/my_ahrs' with type 'ros.ament_python' and name 'my_ahrs'
[6.205s] Level 1:colcon.colcon_core.package_identification:_identify(src/ros2_imu) by extensions ['ignore', 'ignore_ament_install']
[6.206s] Level 1:colcon.colcon_core.package_identification:_identify(src/ros2_imu) by extension 'ignore'
[6.207s] Level 1:colcon.colcon_core.package_identification:_identify(src/ros2_imu) by extension 'ignore_ament_install'
[6.208s] Level 1:colcon.colcon_core.package_identification:_identify(src/ros2_imu) by extensions ['colcon_pkg']
[6.209s] Level 1:colcon.colcon_core.package_identification:_identify(src/ros2_imu) by extension 'colcon_pkg'
[6.210s] Level 1:colcon.colcon_core.package_identification:_identify(src/ros2_imu) by extensions ['colcon_meta']
[6.211s] Level 1:colcon.colcon_core.package_identification:_identify(src/ros2_imu) by extension 'colcon_meta'
[6.211s] Level 1:colcon.colcon_core.package_identification:_identify(src/ros2_imu) by extensions ['ros']
[6.212s] Level 1:colcon.colcon_core.package_identification:_identify(src/ros2_imu) by extension 'ros'
[6.221s] DEBUG:colcon.colcon_core.package_identification:Package 'src/ros2_imu' with type 'ros.ament_cmake' and name 'ros2_imu'
[6.222s] Level 1:colcon.colcon_core.package_identification:_identify(src/testing_ros) by extensions ['ignore', 'ignore_ament_install']
[6.224s] Level 1:colcon.colcon_core.package_identification:_identify(src/testing_ros) by extension 'ignore'
[6.224s] Level 1:colcon.colcon_core.package_identification:_identify(src/testing_ros) by extension 'ignore_ament_install'
[6.226s] Level 1:colcon.colcon_core.package_identification:_identify(src/testing_ros) by extensions ['colcon_pkg']
[6.226s] Level 1:colcon.colcon_core.package_identification:_identify(src/testing_ros) by extension 'colcon_pkg'
[6.227s] Level 1:colcon.colcon_core.package_identification:_identify(src/testing_ros) by extensions ['colcon_meta']
[6.227s] Level 1:colcon.colcon_core.package_identification:_identify(src/testing_ros) by extension 'colcon_meta'
[6.228s] Level 1:colcon.colcon_core.package_identification:_identify(src/testing_ros) by extensions ['ros']
[6.229s] Level 1:colcon.colcon_core.package_identification:_identify(src/testing_ros) by extension 'ros'
[6.237s] DEBUG:colcon.colcon_core.package_identification:Package 'src/testing_ros' with type 'ros.ament_cmake' and name 'testing_ros'
[6.237s] Level 1:colcon.colcon_core.package_discovery:discover_packages(recursive) using defaults
[6.238s] Level 1:colcon.colcon_core.package_discovery:discover_packages(ignore) discover
[6.239s] Level 1:colcon.colcon_core.package_discovery:discover_packages(ignore) using defaults
[6.239s] Level 1:colcon.colcon_core.package_discovery:discover_packages(path) discover
[6.240s] Level 1:colcon.colcon_core.package_discovery:discover_packages(path) using defaults
[6.580s] INFO:colcon.colcon_core.package_selection:Skipping package 'ros2_imu' in 'src/ros2_imu'
[6.581s] INFO:colcon.colcon_core.package_selection:Skipping package 'esc_pkg' in 'src/esc_pkg'
[6.581s] INFO:colcon.colcon_core.package_selection:Skipping package 'my_ahrs' in 'src/my_ahrs'
[6.582s] INFO:colcon.colcon_core.package_selection:Skipping package 'lsm6dso' in 'src/lsm6dso'
[6.582s] INFO:colcon.colcon_core.package_selection:Skipping package 'bmm150_sensor' in 'src/bmm150_sensor'
[6.583s] INFO:colcon.colcon_core.package_selection:Skipping package 'aerobot_interfaces' in 'src/aerobot_interfaces'
[6.587s] Level 1:colcon.colcon_core.package_discovery:discover_packages(prefix_path) check parameters
[6.588s] Level 1:colcon.colcon_core.package_discovery:discover_packages(prefix_path) discover
[6.622s] DEBUG:colcon.colcon_installed_package_information.package_discovery:Found 7 installed packages in /home/ubuntu/ros2_ws/install
[6.642s] DEBUG:colcon.colcon_installed_package_information.package_discovery:Found 184 installed packages in /opt/ros/humble
[6.656s] Level 1:colcon.colcon_core.package_discovery:discover_packages(prefix_path) using defaults
[7.206s] Level 5:colcon.colcon_core.verb:set package 'testing_ros' build argument 'cmake_args' from command line to 'None'
[7.206s] Level 5:colcon.colcon_core.verb:set package 'testing_ros' build argument 'cmake_target' from command line to 'None'
[7.207s] Level 5:colcon.colcon_core.verb:set package 'testing_ros' build argument 'cmake_target_skip_unavailable' from command line to 'False'
[7.208s] Level 5:colcon.colcon_core.verb:set package 'testing_ros' build argument 'cmake_clean_cache' from command line to 'False'
[7.208s] Level 5:colcon.colcon_core.verb:set package 'testing_ros' build argument 'cmake_clean_first' from command line to 'False'
[7.209s] Level 5:colcon.colcon_core.verb:set package 'testing_ros' build argument 'cmake_force_configure' from command line to 'False'
[7.209s] Level 5:colcon.colcon_core.verb:set package 'testing_ros' build argument 'ament_cmake_args' from command line to 'None'
[7.209s] Level 5:colcon.colcon_core.verb:set package 'testing_ros' build argument 'catkin_cmake_args' from command line to 'None'
[7.210s] Level 5:colcon.colcon_core.verb:set package 'testing_ros' build argument 'catkin_skip_building_tests' from command line to 'False'
[7.210s] DEBUG:colcon.colcon_core.verb:Building package 'testing_ros' with the following arguments: {'ament_cmake_args': None, 'build_base': '/home/ubuntu/ros2_ws/build/testing_ros', 'catkin_cmake_args': None, 'catkin_skip_building_tests': False, 'cmake_args': None, 'cmake_clean_cache': False, 'cmake_clean_first': False, 'cmake_force_configure': False, 'cmake_target': None, 'cmake_target_skip_unavailable': False, 'install_base': '/home/ubuntu/ros2_ws/install/testing_ros', 'merge_install': False, 'path': '/home/ubuntu/ros2_ws/src/testing_ros', 'symlink_install': False, 'test_result_base': None}
[7.213s] INFO:colcon.colcon_core.executor:Executing jobs using 'parallel' executor
[7.225s] DEBUG:colcon.colcon_parallel_executor.executor.parallel:run_until_complete
[7.227s] INFO:colcon.colcon_ros.task.ament_cmake.build:Building ROS package in '/home/ubuntu/ros2_ws/src/testing_ros' with build type 'ament_cmake'
[7.229s] INFO:colcon.colcon_cmake.task.cmake.build:Building CMake package in '/home/ubuntu/ros2_ws/src/testing_ros'
[7.272s] INFO:colcon.colcon_core.plugin_system:Skipping extension 'colcon_core.shell.bat': Not used on non-Windows systems
[7.279s] INFO:colcon.colcon_core.shell:Skip shell extension 'powershell' for command environment: Not usable outside of PowerShell
[7.280s] DEBUG:colcon.colcon_core.shell:Skip shell extension 'dsv' for command environment
[7.473s] DEBUG:colcon.colcon_core.event_handler.log_command:Invoking command in '/home/ubuntu/ros2_ws/build/testing_ros': CMAKE_PREFIX_PATH=${CMAKE_PREFIX_PATH}:/home/ubuntu/ros2_ws/install/my_ahrs:/home/ubuntu/ros2_ws/install/lsm6dso:/home/ubuntu/ros2_ws/install/esc_pkg:/home/ubuntu/ros2_ws/install/bmm150_sensor:/opt/ros/humble /usr/bin/cmake --build /home/ubuntu/ros2_ws/build/testing_ros -- -j4 -l4
[398.869s] DEBUG:colcon.colcon_core.event_handler.log_command:Invoked command in '/home/ubuntu/ros2_ws/build/testing_ros' returned '0': CMAKE_PREFIX_PATH=${CMAKE_PREFIX_PATH}:/home/ubuntu/ros2_ws/install/my_ahrs:/home/ubuntu/ros2_ws/install/lsm6dso:/home/ubuntu/ros2_ws/install/esc_pkg:/home/ubuntu/ros2_ws/install/bmm150_sensor:/opt/ros/humble /usr/bin/cmake --build /home/ubuntu/ros2_ws/build/testing_ros -- -j4 -l4
[400.209s] DEBUG:colcon.colcon_core.event_handler.log_command:Invoking command in '/home/ubuntu/ros2_ws/build/testing_ros': CMAKE_PREFIX_PATH=${CMAKE_PREFIX_PATH}:/home/ubuntu/ros2_ws/install/my_ahrs:/home/ubuntu/ros2_ws/install/lsm6dso:/home/ubuntu/ros2_ws/install/esc_pkg:/home/ubuntu/ros2_ws/install/bmm150_sensor:/opt/ros/humble /usr/bin/cmake --install /home/ubuntu/ros2_ws/build/testing_ros
[400.501s] Level 1:colcon.colcon_core.environment:create_environment_scripts_only(testing_ros)
[400.504s] DEBUG:colcon.colcon_core.event_handler.log_command:Invoked command in '/home/ubuntu/ros2_ws/build/testing_ros' returned '0': CMAKE_PREFIX_PATH=${CMAKE_PREFIX_PATH}:/home/ubuntu/ros2_ws/install/my_ahrs:/home/ubuntu/ros2_ws/install/lsm6dso:/home/ubuntu/ros2_ws/install/esc_pkg:/home/ubuntu/ros2_ws/install/bmm150_sensor:/opt/ros/humble /usr/bin/cmake --install /home/ubuntu/ros2_ws/build/testing_ros
[400.585s] Level 1:colcon.colcon_core.environment:checking '/home/ubuntu/ros2_ws/install/testing_ros' for CMake module files
[400.600s] Level 1:colcon.colcon_core.environment:checking '/home/ubuntu/ros2_ws/install/testing_ros' for CMake config files
[400.614s] Level 1:colcon.colcon_core.shell:create_environment_hook('testing_ros', 'cmake_prefix_path')
[400.625s] INFO:colcon.colcon_core.shell:Creating environment hook '/home/ubuntu/ros2_ws/install/testing_ros/share/testing_ros/hook/cmake_prefix_path.ps1'
[400.647s] INFO:colcon.colcon_core.shell:Creating environment descriptor '/home/ubuntu/ros2_ws/install/testing_ros/share/testing_ros/hook/cmake_prefix_path.dsv'
[400.664s] INFO:colcon.colcon_core.shell:Creating environment hook '/home/ubuntu/ros2_ws/install/testing_ros/share/testing_ros/hook/cmake_prefix_path.sh'
[400.685s] Level 1:colcon.colcon_core.environment:checking '/home/ubuntu/ros2_ws/install/testing_ros/lib'
[400.688s] Level 1:colcon.colcon_core.environment:checking '/home/ubuntu/ros2_ws/install/testing_ros/bin'
[400.696s] Level 1:colcon.colcon_core.environment:checking '/home/ubuntu/ros2_ws/install/testing_ros/lib/pkgconfig/testing_ros.pc'
[400.700s] Level 1:colcon.colcon_core.environment:checking '/home/ubuntu/ros2_ws/install/testing_ros/lib/python3.10/site-packages'
[400.710s] Level 1:colcon.colcon_core.environment:checking '/home/ubuntu/ros2_ws/install/testing_ros/bin'
[400.715s] INFO:colcon.colcon_core.shell:Creating package script '/home/ubuntu/ros2_ws/install/testing_ros/share/testing_ros/package.ps1'
[400.738s] INFO:colcon.colcon_core.shell:Creating package descriptor '/home/ubuntu/ros2_ws/install/testing_ros/share/testing_ros/package.dsv'
[400.748s] INFO:colcon.colcon_core.shell:Creating package script '/home/ubuntu/ros2_ws/install/testing_ros/share/testing_ros/package.sh'
[400.762s] INFO:colcon.colcon_core.shell:Creating package script '/home/ubuntu/ros2_ws/install/testing_ros/share/testing_ros/package.bash'
[400.775s] INFO:colcon.colcon_core.shell:Creating package script '/home/ubuntu/ros2_ws/install/testing_ros/share/testing_ros/package.zsh'
[400.787s] Level 1:colcon.colcon_core.environment:create_file_with_runtime_dependencies(/home/ubuntu/ros2_ws/install/testing_ros/share/colcon-core/packages/testing_ros)
[402.101s] Level 1:colcon.colcon_core.environment:create_environment_scripts_only(testing_ros)
[402.105s] Level 1:colcon.colcon_core.environment:checking '/home/ubuntu/ros2_ws/install/testing_ros' for CMake module files
[402.118s] Level 1:colcon.colcon_core.environment:checking '/home/ubuntu/ros2_ws/install/testing_ros' for CMake config files
[402.133s] Level 1:colcon.colcon_core.shell:create_environment_hook('testing_ros', 'cmake_prefix_path')
[402.136s] INFO:colcon.colcon_core.shell:Creating environment hook '/home/ubuntu/ros2_ws/install/testing_ros/share/testing_ros/hook/cmake_prefix_path.ps1'
[402.144s] INFO:colcon.colcon_core.shell:Creating environment descriptor '/home/ubuntu/ros2_ws/install/testing_ros/share/testing_ros/hook/cmake_prefix_path.dsv'
[402.153s] INFO:colcon.colcon_core.shell:Creating environment hook '/home/ubuntu/ros2_ws/install/testing_ros/share/testing_ros/hook/cmake_prefix_path.sh'
[402.164s] Level 1:colcon.colcon_core.environment:checking '/home/ubuntu/ros2_ws/install/testing_ros/lib'
[402.166s] Level 1:colcon.colcon_core.environment:checking '/home/ubuntu/ros2_ws/install/testing_ros/bin'
[402.168s] Level 1:colcon.colcon_core.environment:checking '/home/ubuntu/ros2_ws/install/testing_ros/lib/pkgconfig/testing_ros.pc'
[402.172s] Level 1:colcon.colcon_core.environment:checking '/home/ubuntu/ros2_ws/install/testing_ros/lib/python3.10/site-packages'
[402.177s] Level 1:colcon.colcon_core.environment:checking '/home/ubuntu/ros2_ws/install/testing_ros/bin'
[402.182s] INFO:colcon.colcon_core.shell:Creating package script '/home/ubuntu/ros2_ws/install/testing_ros/share/testing_ros/package.ps1'
[402.192s] INFO:colcon.colcon_core.shell:Creating package descriptor '/home/ubuntu/ros2_ws/install/testing_ros/share/testing_ros/package.dsv'
[402.202s] INFO:colcon.colcon_core.shell:Creating package script '/home/ubuntu/ros2_ws/install/testing_ros/share/testing_ros/package.sh'
[402.212s] INFO:colcon.colcon_core.shell:Creating package script '/home/ubuntu/ros2_ws/install/testing_ros/share/testing_ros/package.bash'
[402.222s] INFO:colcon.colcon_core.shell:Creating package script '/home/ubuntu/ros2_ws/install/testing_ros/share/testing_ros/package.zsh'
[402.230s] Level 1:colcon.colcon_core.environment:create_file_with_runtime_dependencies(/home/ubuntu/ros2_ws/install/testing_ros/share/colcon-core/packages/testing_ros)
[402.259s] DEBUG:colcon.colcon_parallel_executor.executor.parallel:closing loop
[402.262s] DEBUG:colcon.colcon_parallel_executor.executor.parallel:loop closed
[402.268s] DEBUG:colcon.colcon_parallel_executor.executor.parallel:run_until_complete finished with '0'
[402.270s] DEBUG:colcon.colcon_core.event_reactor:joining thread
[402.375s] INFO:colcon.colcon_core.plugin_system:Skipping extension 'colcon_notification.desktop_notification.notify_send': Could not find 'notify-send'
[402.382s] INFO:colcon.colcon_core.plugin_system:Skipping extension 'colcon_notification.desktop_notification.terminal_notifier': Not used on non-Darwin systems
[402.384s] INFO:colcon.colcon_core.plugin_system:Skipping extension 'colcon_notification.desktop_notification.win32': Not used on non-Windows systems
[402.386s] INFO:colcon.colcon_notification.desktop_notification:Sending desktop notification using 'notify2'
[402.411s] DEBUG:colcon.colcon_notification.desktop_notification.notify2:Failed to initialize notify2: org.freedesktop.DBus.Error.ServiceUnknown: The name org.freedesktop.Notifications was not provided by any .service files
[402.414s] DEBUG:colcon.colcon_core.event_reactor:joined thread
[402.417s] INFO:colcon.colcon_core.shell:Creating prefix script '/home/ubuntu/ros2_ws/install/local_setup.ps1'
[402.432s] INFO:colcon.colcon_core.shell:Creating prefix util module '/home/ubuntu/ros2_ws/install/_local_setup_util_ps1.py'
[402.468s] INFO:colcon.colcon_core.shell:Creating prefix chain script '/home/ubuntu/ros2_ws/install/setup.ps1'
[402.494s] INFO:colcon.colcon_core.shell:Creating prefix script '/home/ubuntu/ros2_ws/install/local_setup.sh'
[402.503s] INFO:colcon.colcon_core.shell:Creating prefix util module '/home/ubuntu/ros2_ws/install/_local_setup_util_sh.py'
[402.514s] INFO:colcon.colcon_core.shell:Creating prefix chain script '/home/ubuntu/ros2_ws/install/setup.sh'
[402.566s] INFO:colcon.colcon_core.shell:Creating prefix script '/home/ubuntu/ros2_ws/install/local_setup.bash'
[402.582s] INFO:colcon.colcon_core.shell:Creating prefix chain script '/home/ubuntu/ros2_ws/install/setup.bash'
[402.613s] INFO:colcon.colcon_core.shell:Creating prefix script '/home/ubuntu/ros2_ws/install/local_setup.zsh'
[402.624s] INFO:colcon.colcon_core.shell:Creating prefix chain script '/home/ubuntu/ros2_ws/install/setup.zsh'
