[0.892s] DEBUG:colcon:Command line arguments: ['/usr/bin/colcon', 'build', '--packages-select', 'aerobot_interfaces', '--allow-overriding', 'aerobot_interfaces']
[0.893s] DEBUG:colcon:Parsed command line arguments: Namespace(log_base=None, log_level=None, verb_name='build', build_base='build', install_base='install', merge_install=False, symlink_install=False, test_result_base=None, continue_on_error=False, executor='parallel', parallel_workers=4, event_handlers=None, ignore_user_meta=False, metas=['./colcon.meta'], base_paths=['.'], packages_ignore=None, packages_ignore_regex=None, paths=None, packages_up_to=None, packages_up_to_regex=None, packages_above=None, packages_above_and_dependencies=None, packages_above_depth=None, packages_select_by_dep=None, packages_skip_by_dep=None, packages_skip_up_to=None, packages_select_build_failed=False, packages_skip_build_finished=False, packages_select_test_failures=False, packages_skip_test_passed=False, packages_select=['aerobot_interfaces'], packages_skip=None, packages_select_regex=None, packages_skip_regex=None, packages_start=None, packages_end=None, allow_overriding=['aerobot_interfaces'], cmake_args=None, cmake_target=None, cmake_target_skip_unavailable=False, cmake_clean_cache=False, cmake_clean_first=False, cmake_force_configure=False, ament_cmake_args=None, catkin_cmake_args=None, catkin_skip_building_tests=False, mixin_files=None, mixin=None, verb_parser=<colcon_mixin.mixin.mixin_argument.MixinArgumentDecorator object at 0xffff90f5d6c0>, verb_extension=<colcon_core.verb.build.BuildVerb object at 0xffff9106e7a0>, main=<bound method BuildVerb.main of <colcon_core.verb.build.BuildVerb object at 0xffff9106e7a0>>, mixin_verb=('build',))
[2.500s] Level 1:colcon.colcon_core.package_discovery:discover_packages(colcon_meta) check parameters
[2.501s] Level 1:colcon.colcon_core.package_discovery:discover_packages(recursive) check parameters
[2.502s] Level 1:colcon.colcon_core.package_discovery:discover_packages(ignore) check parameters
[2.502s] Level 1:colcon.colcon_core.package_discovery:discover_packages(path) check parameters
[2.503s] Level 1:colcon.colcon_core.package_discovery:discover_packages(colcon_meta) discover
[2.503s] Level 1:colcon.colcon_core.package_discovery:discover_packages(recursive) discover
[2.504s] INFO:colcon.colcon_core.package_discovery:Crawling recursively for packages in '/home/ubuntu/ros2_ws'
[2.505s] Level 1:colcon.colcon_core.package_identification:_identify(.) by extensions ['ignore', 'ignore_ament_install']
[2.505s] Level 1:colcon.colcon_core.package_identification:_identify(.) by extension 'ignore'
[2.512s] Level 1:colcon.colcon_core.package_identification:_identify(.) by extension 'ignore_ament_install'
[2.513s] Level 1:colcon.colcon_core.package_identification:_identify(.) by extensions ['colcon_pkg']
[2.514s] Level 1:colcon.colcon_core.package_identification:_identify(.) by extension 'colcon_pkg'
[2.515s] Level 1:colcon.colcon_core.package_identification:_identify(.) by extensions ['colcon_meta']
[2.515s] Level 1:colcon.colcon_core.package_identification:_identify(.) by extension 'colcon_meta'
[2.516s] Level 1:colcon.colcon_core.package_identification:_identify(.) by extensions ['ros']
[2.516s] Level 1:colcon.colcon_core.package_identification:_identify(.) by extension 'ros'
[2.618s] Level 1:colcon.colcon_core.package_identification:_identify(.) by extensions ['cmake', 'python']
[2.619s] Level 1:colcon.colcon_core.package_identification:_identify(.) by extension 'cmake'
[2.620s] Level 1:colcon.colcon_core.package_identification:_identify(.) by extension 'python'
[2.626s] Level 1:colcon.colcon_core.package_identification:_identify(.) by extensions ['python_setup_py']
[2.626s] Level 1:colcon.colcon_core.package_identification:_identify(.) by extension 'python_setup_py'
[2.627s] Level 1:colcon.colcon_core.package_identification:_identify(build) by extensions ['ignore', 'ignore_ament_install']
[2.628s] Level 1:colcon.colcon_core.package_identification:_identify(build) by extension 'ignore'
[2.633s] Level 1:colcon.colcon_core.package_identification:_identify(build) ignored
[2.635s] Level 1:colcon.colcon_core.package_identification:_identify(install) by extensions ['ignore', 'ignore_ament_install']
[2.636s] Level 1:colcon.colcon_core.package_identification:_identify(install) by extension 'ignore'
[2.637s] Level 1:colcon.colcon_core.package_identification:_identify(install) ignored
[2.638s] Level 1:colcon.colcon_core.package_identification:_identify(log) by extensions ['ignore', 'ignore_ament_install']
[2.639s] Level 1:colcon.colcon_core.package_identification:_identify(log) by extension 'ignore'
[2.640s] Level 1:colcon.colcon_core.package_identification:_identify(log) ignored
[2.640s] Level 1:colcon.colcon_core.package_identification:_identify(src) by extensions ['ignore', 'ignore_ament_install']
[2.645s] Level 1:colcon.colcon_core.package_identification:_identify(src) by extension 'ignore'
[2.646s] Level 1:colcon.colcon_core.package_identification:_identify(src) by extension 'ignore_ament_install'
[2.647s] Level 1:colcon.colcon_core.package_identification:_identify(src) by extensions ['colcon_pkg']
[2.648s] Level 1:colcon.colcon_core.package_identification:_identify(src) by extension 'colcon_pkg'
[2.649s] Level 1:colcon.colcon_core.package_identification:_identify(src) by extensions ['colcon_meta']
[2.654s] Level 1:colcon.colcon_core.package_identification:_identify(src) by extension 'colcon_meta'
[2.655s] Level 1:colcon.colcon_core.package_identification:_identify(src) by extensions ['ros']
[2.655s] Level 1:colcon.colcon_core.package_identification:_identify(src) by extension 'ros'
[2.656s] Level 1:colcon.colcon_core.package_identification:_identify(src) by extensions ['cmake', 'python']
[2.657s] Level 1:colcon.colcon_core.package_identification:_identify(src) by extension 'cmake'
[2.658s] Level 1:colcon.colcon_core.package_identification:_identify(src) by extension 'python'
[2.659s] Level 1:colcon.colcon_core.package_identification:_identify(src) by extensions ['python_setup_py']
[2.659s] Level 1:colcon.colcon_core.package_identification:_identify(src) by extension 'python_setup_py'
[2.660s] Level 1:colcon.colcon_core.package_identification:_identify(src/aerobot_interfaces) by extensions ['ignore', 'ignore_ament_install']
[2.665s] Level 1:colcon.colcon_core.package_identification:_identify(src/aerobot_interfaces) by extension 'ignore'
[2.666s] Level 1:colcon.colcon_core.package_identification:_identify(src/aerobot_interfaces) by extension 'ignore_ament_install'
[2.667s] Level 1:colcon.colcon_core.package_identification:_identify(src/aerobot_interfaces) by extensions ['colcon_pkg']
[2.668s] Level 1:colcon.colcon_core.package_identification:_identify(src/aerobot_interfaces) by extension 'colcon_pkg'
[2.669s] Level 1:colcon.colcon_core.package_identification:_identify(src/aerobot_interfaces) by extensions ['colcon_meta']
[2.670s] Level 1:colcon.colcon_core.package_identification:_identify(src/aerobot_interfaces) by extension 'colcon_meta'
[2.671s] Level 1:colcon.colcon_core.package_identification:_identify(src/aerobot_interfaces) by extensions ['ros']
[2.672s] Level 1:colcon.colcon_core.package_identification:_identify(src/aerobot_interfaces) by extension 'ros'
[2.691s] DEBUG:colcon.colcon_core.package_identification:Package 'src/aerobot_interfaces' with type 'ros.ament_cmake' and name 'aerobot_interfaces'
[2.692s] Level 1:colcon.colcon_core.package_identification:_identify(src/bmm150_sensor) by extensions ['ignore', 'ignore_ament_install']
[2.697s] Level 1:colcon.colcon_core.package_identification:_identify(src/bmm150_sensor) by extension 'ignore'
[2.698s] Level 1:colcon.colcon_core.package_identification:_identify(src/bmm150_sensor) by extension 'ignore_ament_install'
[2.699s] Level 1:colcon.colcon_core.package_identification:_identify(src/bmm150_sensor) by extensions ['colcon_pkg']
[2.700s] Level 1:colcon.colcon_core.package_identification:_identify(src/bmm150_sensor) by extension 'colcon_pkg'
[2.701s] Level 1:colcon.colcon_core.package_identification:_identify(src/bmm150_sensor) by extensions ['colcon_meta']
[2.702s] Level 1:colcon.colcon_core.package_identification:_identify(src/bmm150_sensor) by extension 'colcon_meta'
[2.703s] Level 1:colcon.colcon_core.package_identification:_identify(src/bmm150_sensor) by extensions ['ros']
[2.703s] Level 1:colcon.colcon_core.package_identification:_identify(src/bmm150_sensor) by extension 'ros'
[2.712s] DEBUG:colcon.colcon_core.package_identification:Package 'src/bmm150_sensor' with type 'ros.ament_python' and name 'bmm150_sensor'
[2.713s] Level 1:colcon.colcon_core.package_identification:_identify(src/esc_pkg) by extensions ['ignore', 'ignore_ament_install']
[2.714s] Level 1:colcon.colcon_core.package_identification:_identify(src/esc_pkg) by extension 'ignore'
[2.715s] Level 1:colcon.colcon_core.package_identification:_identify(src/esc_pkg) by extension 'ignore_ament_install'
[2.716s] Level 1:colcon.colcon_core.package_identification:_identify(src/esc_pkg) by extensions ['colcon_pkg']
[2.717s] Level 1:colcon.colcon_core.package_identification:_identify(src/esc_pkg) by extension 'colcon_pkg'
[2.717s] Level 1:colcon.colcon_core.package_identification:_identify(src/esc_pkg) by extensions ['colcon_meta']
[2.718s] Level 1:colcon.colcon_core.package_identification:_identify(src/esc_pkg) by extension 'colcon_meta'
[2.719s] Level 1:colcon.colcon_core.package_identification:_identify(src/esc_pkg) by extensions ['ros']
[2.725s] Level 1:colcon.colcon_core.package_identification:_identify(src/esc_pkg) by extension 'ros'
[2.729s] DEBUG:colcon.colcon_core.package_identification:Package 'src/esc_pkg' with type 'ros.ament_python' and name 'esc_pkg'
[2.730s] Level 1:colcon.colcon_core.package_identification:_identify(src/lsm6dso) by extensions ['ignore', 'ignore_ament_install']
[2.731s] Level 1:colcon.colcon_core.package_identification:_identify(src/lsm6dso) by extension 'ignore'
[2.732s] Level 1:colcon.colcon_core.package_identification:_identify(src/lsm6dso) by extension 'ignore_ament_install'
[2.733s] Level 1:colcon.colcon_core.package_identification:_identify(src/lsm6dso) by extensions ['colcon_pkg']
[2.734s] Level 1:colcon.colcon_core.package_identification:_identify(src/lsm6dso) by extension 'colcon_pkg'
[2.735s] Level 1:colcon.colcon_core.package_identification:_identify(src/lsm6dso) by extensions ['colcon_meta']
[2.736s] Level 1:colcon.colcon_core.package_identification:_identify(src/lsm6dso) by extension 'colcon_meta'
[2.742s] Level 1:colcon.colcon_core.package_identification:_identify(src/lsm6dso) by extensions ['ros']
[2.742s] Level 1:colcon.colcon_core.package_identification:_identify(src/lsm6dso) by extension 'ros'
[2.747s] DEBUG:colcon.colcon_core.package_identification:Package 'src/lsm6dso' with type 'ros.ament_python' and name 'lsm6dso'
[2.748s] Level 1:colcon.colcon_core.package_identification:_identify(src/my_ahrs) by extensions ['ignore', 'ignore_ament_install']
[2.749s] Level 1:colcon.colcon_core.package_identification:_identify(src/my_ahrs) by extension 'ignore'
[2.749s] Level 1:colcon.colcon_core.package_identification:_identify(src/my_ahrs) by extension 'ignore_ament_install'
[2.750s] Level 1:colcon.colcon_core.package_identification:_identify(src/my_ahrs) by extensions ['colcon_pkg']
[2.758s] Level 1:colcon.colcon_core.package_identification:_identify(src/my_ahrs) by extension 'colcon_pkg'
[2.758s] Level 1:colcon.colcon_core.package_identification:_identify(src/my_ahrs) by extensions ['colcon_meta']
[2.759s] Level 1:colcon.colcon_core.package_identification:_identify(src/my_ahrs) by extension 'colcon_meta'
[2.760s] Level 1:colcon.colcon_core.package_identification:_identify(src/my_ahrs) by extensions ['ros']
[2.761s] Level 1:colcon.colcon_core.package_identification:_identify(src/my_ahrs) by extension 'ros'
[2.765s] DEBUG:colcon.colcon_core.package_identification:Package 'src/my_ahrs' with type 'ros.ament_python' and name 'my_ahrs'
[2.767s] Level 1:colcon.colcon_core.package_identification:_identify(src/ros2_imu) by extensions ['ignore', 'ignore_ament_install']
[2.768s] Level 1:colcon.colcon_core.package_identification:_identify(src/ros2_imu) by extension 'ignore'
[2.769s] Level 1:colcon.colcon_core.package_identification:_identify(src/ros2_imu) by extension 'ignore_ament_install'
[2.774s] Level 1:colcon.colcon_core.package_identification:_identify(src/ros2_imu) by extensions ['colcon_pkg']
[2.775s] Level 1:colcon.colcon_core.package_identification:_identify(src/ros2_imu) by extension 'colcon_pkg'
[2.776s] Level 1:colcon.colcon_core.package_identification:_identify(src/ros2_imu) by extensions ['colcon_meta']
[2.776s] Level 1:colcon.colcon_core.package_identification:_identify(src/ros2_imu) by extension 'colcon_meta'
[2.777s] Level 1:colcon.colcon_core.package_identification:_identify(src/ros2_imu) by extensions ['ros']
[2.778s] Level 1:colcon.colcon_core.package_identification:_identify(src/ros2_imu) by extension 'ros'
[2.782s] DEBUG:colcon.colcon_core.package_identification:Package 'src/ros2_imu' with type 'ros.ament_cmake' and name 'ros2_imu'
[2.790s] Level 1:colcon.colcon_core.package_discovery:discover_packages(recursive) using defaults
[2.790s] Level 1:colcon.colcon_core.package_discovery:discover_packages(ignore) discover
[2.791s] Level 1:colcon.colcon_core.package_discovery:discover_packages(ignore) using defaults
[2.792s] Level 1:colcon.colcon_core.package_discovery:discover_packages(path) discover
[2.792s] Level 1:colcon.colcon_core.package_discovery:discover_packages(path) using defaults
[3.040s] INFO:colcon.colcon_core.package_selection:Skipping not selected package 'bmm150_sensor' in 'src/bmm150_sensor'
[3.049s] INFO:colcon.colcon_core.package_selection:Skipping not selected package 'lsm6dso' in 'src/lsm6dso'
[3.050s] INFO:colcon.colcon_core.package_selection:Skipping not selected package 'my_ahrs' in 'src/my_ahrs'
[3.051s] INFO:colcon.colcon_core.package_selection:Skipping not selected package 'esc_pkg' in 'src/esc_pkg'
[3.052s] INFO:colcon.colcon_core.package_selection:Skipping not selected package 'ros2_imu' in 'src/ros2_imu'
[3.055s] Level 1:colcon.colcon_core.package_discovery:discover_packages(prefix_path) check parameters
[3.056s] Level 1:colcon.colcon_core.package_discovery:discover_packages(prefix_path) discover
[3.086s] DEBUG:colcon.colcon_installed_package_information.package_discovery:Found 6 installed packages in /home/ubuntu/ros2_ws/install
[3.104s] DEBUG:colcon.colcon_installed_package_information.package_discovery:Found 184 installed packages in /opt/ros/humble
[3.109s] Level 1:colcon.colcon_core.package_discovery:discover_packages(prefix_path) using defaults
[3.376s] Level 5:colcon.colcon_core.verb:set package 'aerobot_interfaces' build argument 'cmake_args' from command line to 'None'
[3.376s] Level 5:colcon.colcon_core.verb:set package 'aerobot_interfaces' build argument 'cmake_target' from command line to 'None'
[3.377s] Level 5:colcon.colcon_core.verb:set package 'aerobot_interfaces' build argument 'cmake_target_skip_unavailable' from command line to 'False'
[3.377s] Level 5:colcon.colcon_core.verb:set package 'aerobot_interfaces' build argument 'cmake_clean_cache' from command line to 'False'
[3.377s] Level 5:colcon.colcon_core.verb:set package 'aerobot_interfaces' build argument 'cmake_clean_first' from command line to 'False'
[3.377s] Level 5:colcon.colcon_core.verb:set package 'aerobot_interfaces' build argument 'cmake_force_configure' from command line to 'False'
[3.377s] Level 5:colcon.colcon_core.verb:set package 'aerobot_interfaces' build argument 'ament_cmake_args' from command line to 'None'
[3.378s] Level 5:colcon.colcon_core.verb:set package 'aerobot_interfaces' build argument 'catkin_cmake_args' from command line to 'None'
[3.378s] Level 5:colcon.colcon_core.verb:set package 'aerobot_interfaces' build argument 'catkin_skip_building_tests' from command line to 'False'
[3.378s] DEBUG:colcon.colcon_core.verb:Building package 'aerobot_interfaces' with the following arguments: {'ament_cmake_args': None, 'build_base': '/home/ubuntu/ros2_ws/build/aerobot_interfaces', 'catkin_cmake_args': None, 'catkin_skip_building_tests': False, 'cmake_args': None, 'cmake_clean_cache': False, 'cmake_clean_first': False, 'cmake_force_configure': False, 'cmake_target': None, 'cmake_target_skip_unavailable': False, 'install_base': '/home/ubuntu/ros2_ws/install/aerobot_interfaces', 'merge_install': False, 'path': '/home/ubuntu/ros2_ws/src/aerobot_interfaces', 'symlink_install': False, 'test_result_base': None}
[3.379s] INFO:colcon.colcon_core.executor:Executing jobs using 'parallel' executor
[3.389s] DEBUG:colcon.colcon_parallel_executor.executor.parallel:run_until_complete
[3.390s] INFO:colcon.colcon_ros.task.ament_cmake.build:Building ROS package in '/home/ubuntu/ros2_ws/src/aerobot_interfaces' with build type 'ament_cmake'
[3.391s] INFO:colcon.colcon_cmake.task.cmake.build:Building CMake package in '/home/ubuntu/ros2_ws/src/aerobot_interfaces'
[3.423s] INFO:colcon.colcon_core.plugin_system:Skipping extension 'colcon_core.shell.bat': Not used on non-Windows systems
[3.424s] INFO:colcon.colcon_core.shell:Skip shell extension 'powershell' for command environment: Not usable outside of PowerShell
[3.424s] DEBUG:colcon.colcon_core.shell:Skip shell extension 'dsv' for command environment
[3.514s] DEBUG:colcon.colcon_core.event_handler.log_command:Invoking command in '/home/ubuntu/ros2_ws/build/aerobot_interfaces': CMAKE_PREFIX_PATH=${CMAKE_PREFIX_PATH}:/home/ubuntu/ros2_ws/install/my_ahrs:/home/ubuntu/ros2_ws/install/lsm6dso:/home/ubuntu/ros2_ws/install/esc_pkg:/home/ubuntu/ros2_ws/install/bmm150_sensor:/opt/ros/humble /usr/bin/cmake --build /home/ubuntu/ros2_ws/build/aerobot_interfaces -- -j4 -l4
[59.074s] DEBUG:colcon.colcon_core.event_handler.log_command:Invoked command in '/home/ubuntu/ros2_ws/build/aerobot_interfaces' returned '0': CMAKE_PREFIX_PATH=${CMAKE_PREFIX_PATH}:/home/ubuntu/ros2_ws/install/my_ahrs:/home/ubuntu/ros2_ws/install/lsm6dso:/home/ubuntu/ros2_ws/install/esc_pkg:/home/ubuntu/ros2_ws/install/bmm150_sensor:/opt/ros/humble /usr/bin/cmake --build /home/ubuntu/ros2_ws/build/aerobot_interfaces -- -j4 -l4
[60.079s] DEBUG:colcon.colcon_core.event_handler.log_command:Invoking command in '/home/ubuntu/ros2_ws/build/aerobot_interfaces': CMAKE_PREFIX_PATH=${CMAKE_PREFIX_PATH}:/home/ubuntu/ros2_ws/install/my_ahrs:/home/ubuntu/ros2_ws/install/lsm6dso:/home/ubuntu/ros2_ws/install/esc_pkg:/home/ubuntu/ros2_ws/install/bmm150_sensor:/opt/ros/humble /usr/bin/cmake --install /home/ubuntu/ros2_ws/build/aerobot_interfaces
[63.241s] Level 1:colcon.colcon_core.environment:create_environment_scripts_only(aerobot_interfaces)
[63.257s] DEBUG:colcon.colcon_core.event_handler.log_command:Invoked command in '/home/ubuntu/ros2_ws/build/aerobot_interfaces' returned '0': CMAKE_PREFIX_PATH=${CMAKE_PREFIX_PATH}:/home/ubuntu/ros2_ws/install/my_ahrs:/home/ubuntu/ros2_ws/install/lsm6dso:/home/ubuntu/ros2_ws/install/esc_pkg:/home/ubuntu/ros2_ws/install/bmm150_sensor:/opt/ros/humble /usr/bin/cmake --install /home/ubuntu/ros2_ws/build/aerobot_interfaces
[63.334s] Level 1:colcon.colcon_core.environment:checking '/home/ubuntu/ros2_ws/install/aerobot_interfaces' for CMake module files
[63.362s] Level 1:colcon.colcon_core.environment:checking '/home/ubuntu/ros2_ws/install/aerobot_interfaces' for CMake config files
[63.385s] Level 1:colcon.colcon_core.shell:create_environment_hook('aerobot_interfaces', 'cmake_prefix_path')
[63.388s] INFO:colcon.colcon_core.shell:Creating environment hook '/home/ubuntu/ros2_ws/install/aerobot_interfaces/share/aerobot_interfaces/hook/cmake_prefix_path.ps1'
[63.403s] INFO:colcon.colcon_core.shell:Creating environment descriptor '/home/ubuntu/ros2_ws/install/aerobot_interfaces/share/aerobot_interfaces/hook/cmake_prefix_path.dsv'
[63.417s] INFO:colcon.colcon_core.shell:Creating environment hook '/home/ubuntu/ros2_ws/install/aerobot_interfaces/share/aerobot_interfaces/hook/cmake_prefix_path.sh'
[63.434s] Level 1:colcon.colcon_core.environment:checking '/home/ubuntu/ros2_ws/install/aerobot_interfaces/lib'
[63.437s] Level 1:colcon.colcon_core.shell:create_environment_hook('aerobot_interfaces', 'ld_library_path_lib')
[63.439s] INFO:colcon.colcon_core.shell:Creating environment hook '/home/ubuntu/ros2_ws/install/aerobot_interfaces/share/aerobot_interfaces/hook/ld_library_path_lib.ps1'
[63.444s] INFO:colcon.colcon_core.shell:Creating environment descriptor '/home/ubuntu/ros2_ws/install/aerobot_interfaces/share/aerobot_interfaces/hook/ld_library_path_lib.dsv'
[63.448s] INFO:colcon.colcon_core.shell:Creating environment hook '/home/ubuntu/ros2_ws/install/aerobot_interfaces/share/aerobot_interfaces/hook/ld_library_path_lib.sh'
[63.453s] Level 1:colcon.colcon_core.environment:checking '/home/ubuntu/ros2_ws/install/aerobot_interfaces/bin'
[63.455s] Level 1:colcon.colcon_core.environment:checking '/home/ubuntu/ros2_ws/install/aerobot_interfaces/lib/pkgconfig/aerobot_interfaces.pc'
[63.458s] Level 1:colcon.colcon_core.environment:checking '/home/ubuntu/ros2_ws/install/aerobot_interfaces/lib/python3.10/site-packages'
[63.461s] Level 1:colcon.colcon_core.environment:checking '/home/ubuntu/ros2_ws/install/aerobot_interfaces/bin'
[63.465s] INFO:colcon.colcon_core.shell:Creating package script '/home/ubuntu/ros2_ws/install/aerobot_interfaces/share/aerobot_interfaces/package.ps1'
[63.515s] INFO:colcon.colcon_core.shell:Creating package descriptor '/home/ubuntu/ros2_ws/install/aerobot_interfaces/share/aerobot_interfaces/package.dsv'
[63.542s] INFO:colcon.colcon_core.shell:Creating package script '/home/ubuntu/ros2_ws/install/aerobot_interfaces/share/aerobot_interfaces/package.sh'
[63.576s] INFO:colcon.colcon_core.shell:Creating package script '/home/ubuntu/ros2_ws/install/aerobot_interfaces/share/aerobot_interfaces/package.bash'
[63.623s] INFO:colcon.colcon_core.shell:Creating package script '/home/ubuntu/ros2_ws/install/aerobot_interfaces/share/aerobot_interfaces/package.zsh'
[63.713s] Level 1:colcon.colcon_core.environment:create_file_with_runtime_dependencies(/home/ubuntu/ros2_ws/install/aerobot_interfaces/share/colcon-core/packages/aerobot_interfaces)
[65.716s] Level 1:colcon.colcon_core.environment:create_environment_scripts_only(aerobot_interfaces)
[65.719s] Level 1:colcon.colcon_core.environment:checking '/home/ubuntu/ros2_ws/install/aerobot_interfaces' for CMake module files
[65.724s] Level 1:colcon.colcon_core.environment:checking '/home/ubuntu/ros2_ws/install/aerobot_interfaces' for CMake config files
[65.755s] Level 1:colcon.colcon_core.shell:create_environment_hook('aerobot_interfaces', 'cmake_prefix_path')
[65.757s] INFO:colcon.colcon_core.shell:Creating environment hook '/home/ubuntu/ros2_ws/install/aerobot_interfaces/share/aerobot_interfaces/hook/cmake_prefix_path.ps1'
[65.761s] INFO:colcon.colcon_core.shell:Creating environment descriptor '/home/ubuntu/ros2_ws/install/aerobot_interfaces/share/aerobot_interfaces/hook/cmake_prefix_path.dsv'
[65.769s] INFO:colcon.colcon_core.shell:Creating environment hook '/home/ubuntu/ros2_ws/install/aerobot_interfaces/share/aerobot_interfaces/hook/cmake_prefix_path.sh'
[65.776s] Level 1:colcon.colcon_core.environment:checking '/home/ubuntu/ros2_ws/install/aerobot_interfaces/lib'
[65.777s] Level 1:colcon.colcon_core.shell:create_environment_hook('aerobot_interfaces', 'ld_library_path_lib')
[65.778s] INFO:colcon.colcon_core.shell:Creating environment hook '/home/ubuntu/ros2_ws/install/aerobot_interfaces/share/aerobot_interfaces/hook/ld_library_path_lib.ps1'
[65.789s] INFO:colcon.colcon_core.shell:Creating environment descriptor '/home/ubuntu/ros2_ws/install/aerobot_interfaces/share/aerobot_interfaces/hook/ld_library_path_lib.dsv'
[65.793s] INFO:colcon.colcon_core.shell:Creating environment hook '/home/ubuntu/ros2_ws/install/aerobot_interfaces/share/aerobot_interfaces/hook/ld_library_path_lib.sh'
[65.804s] Level 1:colcon.colcon_core.environment:checking '/home/ubuntu/ros2_ws/install/aerobot_interfaces/bin'
[65.805s] Level 1:colcon.colcon_core.environment:checking '/home/ubuntu/ros2_ws/install/aerobot_interfaces/lib/pkgconfig/aerobot_interfaces.pc'
[65.808s] Level 1:colcon.colcon_core.environment:checking '/home/ubuntu/ros2_ws/install/aerobot_interfaces/lib/python3.10/site-packages'
[65.810s] Level 1:colcon.colcon_core.environment:checking '/home/ubuntu/ros2_ws/install/aerobot_interfaces/bin'
[65.819s] INFO:colcon.colcon_core.shell:Creating package script '/home/ubuntu/ros2_ws/install/aerobot_interfaces/share/aerobot_interfaces/package.ps1'
[65.831s] INFO:colcon.colcon_core.shell:Creating package descriptor '/home/ubuntu/ros2_ws/install/aerobot_interfaces/share/aerobot_interfaces/package.dsv'
[65.841s] INFO:colcon.colcon_core.shell:Creating package script '/home/ubuntu/ros2_ws/install/aerobot_interfaces/share/aerobot_interfaces/package.sh'
[65.846s] INFO:colcon.colcon_core.shell:Creating package script '/home/ubuntu/ros2_ws/install/aerobot_interfaces/share/aerobot_interfaces/package.bash'
[65.858s] INFO:colcon.colcon_core.shell:Creating package script '/home/ubuntu/ros2_ws/install/aerobot_interfaces/share/aerobot_interfaces/package.zsh'
[65.868s] Level 1:colcon.colcon_core.environment:create_file_with_runtime_dependencies(/home/ubuntu/ros2_ws/install/aerobot_interfaces/share/colcon-core/packages/aerobot_interfaces)
[65.877s] DEBUG:colcon.colcon_parallel_executor.executor.parallel:closing loop
[65.886s] DEBUG:colcon.colcon_parallel_executor.executor.parallel:loop closed
[65.887s] DEBUG:colcon.colcon_parallel_executor.executor.parallel:run_until_complete finished with '0'
[65.888s] DEBUG:colcon.colcon_core.event_reactor:joining thread
[65.960s] INFO:colcon.colcon_core.plugin_system:Skipping extension 'colcon_notification.desktop_notification.notify_send': Could not find 'notify-send'
[65.961s] INFO:colcon.colcon_core.plugin_system:Skipping extension 'colcon_notification.desktop_notification.terminal_notifier': Not used on non-Darwin systems
[65.970s] INFO:colcon.colcon_core.plugin_system:Skipping extension 'colcon_notification.desktop_notification.win32': Not used on non-Windows systems
[65.971s] INFO:colcon.colcon_notification.desktop_notification:Sending desktop notification using 'notify2'
[66.081s] DEBUG:colcon.colcon_notification.desktop_notification.notify2:Failed to initialize notify2: org.freedesktop.DBus.Error.ServiceUnknown: The name org.freedesktop.Notifications was not provided by any .service files
[66.083s] DEBUG:colcon.colcon_core.event_reactor:joined thread
[66.084s] INFO:colcon.colcon_core.shell:Creating prefix script '/home/ubuntu/ros2_ws/install/local_setup.ps1'
[66.094s] INFO:colcon.colcon_core.shell:Creating prefix util module '/home/ubuntu/ros2_ws/install/_local_setup_util_ps1.py'
[66.117s] INFO:colcon.colcon_core.shell:Creating prefix chain script '/home/ubuntu/ros2_ws/install/setup.ps1'
[66.145s] INFO:colcon.colcon_core.shell:Creating prefix script '/home/ubuntu/ros2_ws/install/local_setup.sh'
[66.324s] INFO:colcon.colcon_core.shell:Creating prefix util module '/home/ubuntu/ros2_ws/install/_local_setup_util_sh.py'
[66.343s] INFO:colcon.colcon_core.shell:Creating prefix chain script '/home/ubuntu/ros2_ws/install/setup.sh'
[66.445s] INFO:colcon.colcon_core.shell:Creating prefix script '/home/ubuntu/ros2_ws/install/local_setup.bash'
[66.451s] INFO:colcon.colcon_core.shell:Creating prefix chain script '/home/ubuntu/ros2_ws/install/setup.bash'
[66.468s] INFO:colcon.colcon_core.shell:Creating prefix script '/home/ubuntu/ros2_ws/install/local_setup.zsh'
[66.480s] INFO:colcon.colcon_core.shell:Creating prefix chain script '/home/ubuntu/ros2_ws/install/setup.zsh'
