[42.967s] Invoking command in '/home/ubuntu/ros2_ws/src/lsm6dso': PYTHONPATH=/home/ubuntu/ros2_ws/build/lsm6dso/prefix_override:/home/ubuntu/ros2_ws/install/lsm6dso/lib/python3.10/site-packages:${PYTHONPATH} /usr/bin/python3 -W ignore:setup.py install is deprecated setup.py egg_info --egg-base ../../build/lsm6dso build --build-base /home/ubuntu/ros2_ws/build/lsm6dso/build install --record /home/ubuntu/ros2_ws/build/lsm6dso/install.log --single-version-externally-managed install_data
[56.672s] running egg_info
[56.681s] writing ../../build/lsm6dso/lsm6dso.egg-info/PKG-INFO
[56.685s] writing dependency_links to ../../build/lsm6dso/lsm6dso.egg-info/dependency_links.txt
[56.690s] writing entry points to ../../build/lsm6dso/lsm6dso.egg-info/entry_points.txt
[56.692s] writing requirements to ../../build/lsm6dso/lsm6dso.egg-info/requires.txt
[56.696s] writing top-level names to ../../build/lsm6dso/lsm6dso.egg-info/top_level.txt
[56.718s] reading manifest file '../../build/lsm6dso/lsm6dso.egg-info/SOURCES.txt'
[56.747s] writing manifest file '../../build/lsm6dso/lsm6dso.egg-info/SOURCES.txt'
[56.754s] running build
[56.760s] running build_py
[56.761s] running install
[56.767s] running install_lib
[56.803s] running install_data
[56.805s] running install_egg_info
[56.823s] removing '/home/ubuntu/ros2_ws/install/lsm6dso/lib/python3.10/site-packages/lsm6dso-0.0.0-py3.10.egg-info' (and everything under it)
[56.828s] Copying ../../build/lsm6dso/lsm6dso.egg-info to /home/ubuntu/ros2_ws/install/lsm6dso/lib/python3.10/site-packages/lsm6dso-0.0.0-py3.10.egg-info
[56.876s] running install_scripts
[57.916s] Installing lsm6dso script to /home/ubuntu/ros2_ws/install/lsm6dso/lib/lsm6dso
[57.933s] writing list of installed files to '/home/ubuntu/ros2_ws/build/lsm6dso/install.log'
[58.677s] Invoked command in '/home/ubuntu/ros2_ws/src/lsm6dso' returned '0': PYTHONPATH=/home/ubuntu/ros2_ws/build/lsm6dso/prefix_override:/home/ubuntu/ros2_ws/install/lsm6dso/lib/python3.10/site-packages:${PYTHONPATH} /usr/bin/python3 -W ignore:setup.py install is deprecated setup.py egg_info --egg-base ../../build/lsm6dso build --build-base /home/ubuntu/ros2_ws/build/lsm6dso/build install --record /home/ubuntu/ros2_ws/build/lsm6dso/install.log --single-version-externally-managed install_data
