[1.742s] DEBUG:colcon:Command line arguments: ['/usr/bin/colcon', 'build', '--packages-select', 'lsm6dso']
[1.742s] DEBUG:colcon:Parsed command line arguments: Namespace(log_base=None, log_level=None, verb_name='build', build_base='build', install_base='install', merge_install=False, symlink_install=False, test_result_base=None, continue_on_error=False, executor='parallel', parallel_workers=4, event_handlers=None, ignore_user_meta=False, metas=['./colcon.meta'], base_paths=['.'], packages_ignore=None, packages_ignore_regex=None, paths=None, packages_up_to=None, packages_up_to_regex=None, packages_above=None, packages_above_and_dependencies=None, packages_above_depth=None, packages_select_by_dep=None, packages_skip_by_dep=None, packages_skip_up_to=None, packages_select_build_failed=False, packages_skip_build_finished=False, packages_select_test_failures=False, packages_skip_test_passed=False, packages_select=['lsm6dso'], packages_skip=None, packages_select_regex=None, packages_skip_regex=None, packages_start=None, packages_end=None, allow_overriding=[], cmake_args=None, cmake_target=None, cmake_target_skip_unavailable=False, cmake_clean_cache=False, cmake_clean_first=False, cmake_force_configure=False, ament_cmake_args=None, catkin_cmake_args=None, catkin_skip_building_tests=False, mixin_files=None, mixin=None, verb_parser=<colcon_mixin.mixin.mixin_argument.MixinArgumentDecorator object at 0xffffbb71d6c0>, verb_extension=<colcon_core.verb.build.BuildVerb object at 0xffffbb82e7a0>, main=<bound method BuildVerb.main of <colcon_core.verb.build.BuildVerb object at 0xffffbb82e7a0>>, mixin_verb=('build',))
[5.548s] Level 1:colcon.colcon_core.package_discovery:discover_packages(colcon_meta) check parameters
[5.550s] Level 1:colcon.colcon_core.package_discovery:discover_packages(recursive) check parameters
[5.550s] Level 1:colcon.colcon_core.package_discovery:discover_packages(ignore) check parameters
[5.551s] Level 1:colcon.colcon_core.package_discovery:discover_packages(path) check parameters
[5.551s] Level 1:colcon.colcon_core.package_discovery:discover_packages(colcon_meta) discover
[5.552s] Level 1:colcon.colcon_core.package_discovery:discover_packages(recursive) discover
[5.552s] INFO:colcon.colcon_core.package_discovery:Crawling recursively for packages in '/home/ubuntu/ros2_ws'
[5.554s] Level 1:colcon.colcon_core.package_identification:_identify(.) by extensions ['ignore', 'ignore_ament_install']
[5.555s] Level 1:colcon.colcon_core.package_identification:_identify(.) by extension 'ignore'
[5.556s] Level 1:colcon.colcon_core.package_identification:_identify(.) by extension 'ignore_ament_install'
[5.557s] Level 1:colcon.colcon_core.package_identification:_identify(.) by extensions ['colcon_pkg']
[5.558s] Level 1:colcon.colcon_core.package_identification:_identify(.) by extension 'colcon_pkg'
[5.559s] Level 1:colcon.colcon_core.package_identification:_identify(.) by extensions ['colcon_meta']
[5.560s] Level 1:colcon.colcon_core.package_identification:_identify(.) by extension 'colcon_meta'
[5.560s] Level 1:colcon.colcon_core.package_identification:_identify(.) by extensions ['ros']
[5.561s] Level 1:colcon.colcon_core.package_identification:_identify(.) by extension 'ros'
[5.705s] Level 1:colcon.colcon_core.package_identification:_identify(.) by extensions ['cmake', 'python']
[5.705s] Level 1:colcon.colcon_core.package_identification:_identify(.) by extension 'cmake'
[5.706s] Level 1:colcon.colcon_core.package_identification:_identify(.) by extension 'python'
[5.707s] Level 1:colcon.colcon_core.package_identification:_identify(.) by extensions ['python_setup_py']
[5.707s] Level 1:colcon.colcon_core.package_identification:_identify(.) by extension 'python_setup_py'
[5.709s] Level 1:colcon.colcon_core.package_identification:_identify(build) by extensions ['ignore', 'ignore_ament_install']
[5.711s] Level 1:colcon.colcon_core.package_identification:_identify(build) by extension 'ignore'
[5.712s] Level 1:colcon.colcon_core.package_identification:_identify(build) ignored
[5.714s] Level 1:colcon.colcon_core.package_identification:_identify(install) by extensions ['ignore', 'ignore_ament_install']
[5.717s] Level 1:colcon.colcon_core.package_identification:_identify(install) by extension 'ignore'
[5.717s] Level 1:colcon.colcon_core.package_identification:_identify(install) ignored
[5.723s] Level 1:colcon.colcon_core.package_identification:_identify(log) by extensions ['ignore', 'ignore_ament_install']
[5.725s] Level 1:colcon.colcon_core.package_identification:_identify(log) by extension 'ignore'
[5.725s] Level 1:colcon.colcon_core.package_identification:_identify(log) ignored
[5.727s] Level 1:colcon.colcon_core.package_identification:_identify(src) by extensions ['ignore', 'ignore_ament_install']
[5.729s] Level 1:colcon.colcon_core.package_identification:_identify(src) by extension 'ignore'
[5.729s] Level 1:colcon.colcon_core.package_identification:_identify(src) by extension 'ignore_ament_install'
[5.730s] Level 1:colcon.colcon_core.package_identification:_identify(src) by extensions ['colcon_pkg']
[5.731s] Level 1:colcon.colcon_core.package_identification:_identify(src) by extension 'colcon_pkg'
[5.731s] Level 1:colcon.colcon_core.package_identification:_identify(src) by extensions ['colcon_meta']
[5.732s] Level 1:colcon.colcon_core.package_identification:_identify(src) by extension 'colcon_meta'
[5.734s] Level 1:colcon.colcon_core.package_identification:_identify(src) by extensions ['ros']
[5.734s] Level 1:colcon.colcon_core.package_identification:_identify(src) by extension 'ros'
[5.735s] Level 1:colcon.colcon_core.package_identification:_identify(src) by extensions ['cmake', 'python']
[5.736s] Level 1:colcon.colcon_core.package_identification:_identify(src) by extension 'cmake'
[5.737s] Level 1:colcon.colcon_core.package_identification:_identify(src) by extension 'python'
[5.738s] Level 1:colcon.colcon_core.package_identification:_identify(src) by extensions ['python_setup_py']
[5.739s] Level 1:colcon.colcon_core.package_identification:_identify(src) by extension 'python_setup_py'
[5.741s] Level 1:colcon.colcon_core.package_identification:_identify(src/aerobot_interfaces) by extensions ['ignore', 'ignore_ament_install']
[5.742s] Level 1:colcon.colcon_core.package_identification:_identify(src/aerobot_interfaces) by extension 'ignore'
[5.743s] Level 1:colcon.colcon_core.package_identification:_identify(src/aerobot_interfaces) by extension 'ignore_ament_install'
[5.744s] Level 1:colcon.colcon_core.package_identification:_identify(src/aerobot_interfaces) by extensions ['colcon_pkg']
[5.744s] Level 1:colcon.colcon_core.package_identification:_identify(src/aerobot_interfaces) by extension 'colcon_pkg'
[5.745s] Level 1:colcon.colcon_core.package_identification:_identify(src/aerobot_interfaces) by extensions ['colcon_meta']
[5.745s] Level 1:colcon.colcon_core.package_identification:_identify(src/aerobot_interfaces) by extension 'colcon_meta'
[5.746s] Level 1:colcon.colcon_core.package_identification:_identify(src/aerobot_interfaces) by extensions ['ros']
[5.747s] Level 1:colcon.colcon_core.package_identification:_identify(src/aerobot_interfaces) by extension 'ros'
[5.772s] DEBUG:colcon.colcon_core.package_identification:Package 'src/aerobot_interfaces' with type 'ros.ament_cmake' and name 'aerobot_interfaces'
[5.774s] Level 1:colcon.colcon_core.package_identification:_identify(src/bmm150_sensor) by extensions ['ignore', 'ignore_ament_install']
[5.775s] Level 1:colcon.colcon_core.package_identification:_identify(src/bmm150_sensor) by extension 'ignore'
[5.776s] Level 1:colcon.colcon_core.package_identification:_identify(src/bmm150_sensor) by extension 'ignore_ament_install'
[5.777s] Level 1:colcon.colcon_core.package_identification:_identify(src/bmm150_sensor) by extensions ['colcon_pkg']
[5.778s] Level 1:colcon.colcon_core.package_identification:_identify(src/bmm150_sensor) by extension 'colcon_pkg'
[5.779s] Level 1:colcon.colcon_core.package_identification:_identify(src/bmm150_sensor) by extensions ['colcon_meta']
[5.779s] Level 1:colcon.colcon_core.package_identification:_identify(src/bmm150_sensor) by extension 'colcon_meta'
[5.780s] Level 1:colcon.colcon_core.package_identification:_identify(src/bmm150_sensor) by extensions ['ros']
[5.781s] Level 1:colcon.colcon_core.package_identification:_identify(src/bmm150_sensor) by extension 'ros'
[5.790s] DEBUG:colcon.colcon_core.package_identification:Package 'src/bmm150_sensor' with type 'ros.ament_python' and name 'bmm150_sensor'
[5.792s] Level 1:colcon.colcon_core.package_identification:_identify(src/complementary_filter_ros2) by extensions ['ignore', 'ignore_ament_install']
[5.793s] Level 1:colcon.colcon_core.package_identification:_identify(src/complementary_filter_ros2) by extension 'ignore'
[5.794s] Level 1:colcon.colcon_core.package_identification:_identify(src/complementary_filter_ros2) by extension 'ignore_ament_install'
[5.795s] Level 1:colcon.colcon_core.package_identification:_identify(src/complementary_filter_ros2) by extensions ['colcon_pkg']
[5.795s] Level 1:colcon.colcon_core.package_identification:_identify(src/complementary_filter_ros2) by extension 'colcon_pkg'
[5.796s] Level 1:colcon.colcon_core.package_identification:_identify(src/complementary_filter_ros2) by extensions ['colcon_meta']
[5.796s] Level 1:colcon.colcon_core.package_identification:_identify(src/complementary_filter_ros2) by extension 'colcon_meta'
[5.797s] Level 1:colcon.colcon_core.package_identification:_identify(src/complementary_filter_ros2) by extensions ['ros']
[5.798s] Level 1:colcon.colcon_core.package_identification:_identify(src/complementary_filter_ros2) by extension 'ros'
[5.806s] DEBUG:colcon.colcon_core.package_identification:Package 'src/complementary_filter_ros2' with type 'ros.ament_cmake' and name 'complementary_filter_ros2'
[5.808s] Level 1:colcon.colcon_core.package_identification:_identify(src/esc_pkg) by extensions ['ignore', 'ignore_ament_install']
[5.809s] Level 1:colcon.colcon_core.package_identification:_identify(src/esc_pkg) by extension 'ignore'
[5.811s] Level 1:colcon.colcon_core.package_identification:_identify(src/esc_pkg) by extension 'ignore_ament_install'
[5.812s] Level 1:colcon.colcon_core.package_identification:_identify(src/esc_pkg) by extensions ['colcon_pkg']
[5.812s] Level 1:colcon.colcon_core.package_identification:_identify(src/esc_pkg) by extension 'colcon_pkg'
[5.813s] Level 1:colcon.colcon_core.package_identification:_identify(src/esc_pkg) by extensions ['colcon_meta']
[5.814s] Level 1:colcon.colcon_core.package_identification:_identify(src/esc_pkg) by extension 'colcon_meta'
[5.815s] Level 1:colcon.colcon_core.package_identification:_identify(src/esc_pkg) by extensions ['ros']
[5.815s] Level 1:colcon.colcon_core.package_identification:_identify(src/esc_pkg) by extension 'ros'
[5.824s] DEBUG:colcon.colcon_core.package_identification:Package 'src/esc_pkg' with type 'ros.ament_python' and name 'esc_pkg'
[5.826s] Level 1:colcon.colcon_core.package_identification:_identify(src/lsm6dso) by extensions ['ignore', 'ignore_ament_install']
[5.827s] Level 1:colcon.colcon_core.package_identification:_identify(src/lsm6dso) by extension 'ignore'
[5.828s] Level 1:colcon.colcon_core.package_identification:_identify(src/lsm6dso) by extension 'ignore_ament_install'
[5.829s] Level 1:colcon.colcon_core.package_identification:_identify(src/lsm6dso) by extensions ['colcon_pkg']
[5.830s] Level 1:colcon.colcon_core.package_identification:_identify(src/lsm6dso) by extension 'colcon_pkg'
[5.830s] Level 1:colcon.colcon_core.package_identification:_identify(src/lsm6dso) by extensions ['colcon_meta']
[5.831s] Level 1:colcon.colcon_core.package_identification:_identify(src/lsm6dso) by extension 'colcon_meta'
[5.831s] Level 1:colcon.colcon_core.package_identification:_identify(src/lsm6dso) by extensions ['ros']
[5.832s] Level 1:colcon.colcon_core.package_identification:_identify(src/lsm6dso) by extension 'ros'
[5.842s] DEBUG:colcon.colcon_core.package_identification:Package 'src/lsm6dso' with type 'ros.ament_python' and name 'lsm6dso'
[5.844s] Level 1:colcon.colcon_core.package_identification:_identify(src/my_ahrs) by extensions ['ignore', 'ignore_ament_install']
[5.845s] Level 1:colcon.colcon_core.package_identification:_identify(src/my_ahrs) by extension 'ignore'
[5.846s] Level 1:colcon.colcon_core.package_identification:_identify(src/my_ahrs) by extension 'ignore_ament_install'
[5.847s] Level 1:colcon.colcon_core.package_identification:_identify(src/my_ahrs) by extensions ['colcon_pkg']
[5.848s] Level 1:colcon.colcon_core.package_identification:_identify(src/my_ahrs) by extension 'colcon_pkg'
[5.849s] Level 1:colcon.colcon_core.package_identification:_identify(src/my_ahrs) by extensions ['colcon_meta']
[5.849s] Level 1:colcon.colcon_core.package_identification:_identify(src/my_ahrs) by extension 'colcon_meta'
[5.850s] Level 1:colcon.colcon_core.package_identification:_identify(src/my_ahrs) by extensions ['ros']
[5.851s] Level 1:colcon.colcon_core.package_identification:_identify(src/my_ahrs) by extension 'ros'
[5.860s] DEBUG:colcon.colcon_core.package_identification:Package 'src/my_ahrs' with type 'ros.ament_python' and name 'my_ahrs'
[5.862s] Level 1:colcon.colcon_core.package_identification:_identify(src/pid_control_aerobot) by extensions ['ignore', 'ignore_ament_install']
[5.863s] Level 1:colcon.colcon_core.package_identification:_identify(src/pid_control_aerobot) by extension 'ignore'
[5.864s] Level 1:colcon.colcon_core.package_identification:_identify(src/pid_control_aerobot) by extension 'ignore_ament_install'
[5.865s] Level 1:colcon.colcon_core.package_identification:_identify(src/pid_control_aerobot) by extensions ['colcon_pkg']
[5.866s] Level 1:colcon.colcon_core.package_identification:_identify(src/pid_control_aerobot) by extension 'colcon_pkg'
[5.867s] Level 1:colcon.colcon_core.package_identification:_identify(src/pid_control_aerobot) by extensions ['colcon_meta']
[5.867s] Level 1:colcon.colcon_core.package_identification:_identify(src/pid_control_aerobot) by extension 'colcon_meta'
[5.868s] Level 1:colcon.colcon_core.package_identification:_identify(src/pid_control_aerobot) by extensions ['ros']
[5.869s] Level 1:colcon.colcon_core.package_identification:_identify(src/pid_control_aerobot) by extension 'ros'
[5.878s] DEBUG:colcon.colcon_core.package_identification:Package 'src/pid_control_aerobot' with type 'ros.ament_cmake' and name 'pid_control_aerobot'
[5.879s] Level 1:colcon.colcon_core.package_identification:_identify(src/ros2_imu) by extensions ['ignore', 'ignore_ament_install']
[5.882s] Level 1:colcon.colcon_core.package_identification:_identify(src/ros2_imu) by extension 'ignore'
[5.883s] Level 1:colcon.colcon_core.package_identification:_identify(src/ros2_imu) by extension 'ignore_ament_install'
[5.884s] Level 1:colcon.colcon_core.package_identification:_identify(src/ros2_imu) by extensions ['colcon_pkg']
[5.884s] Level 1:colcon.colcon_core.package_identification:_identify(src/ros2_imu) by extension 'colcon_pkg'
[5.885s] Level 1:colcon.colcon_core.package_identification:_identify(src/ros2_imu) by extensions ['colcon_meta']
[5.886s] Level 1:colcon.colcon_core.package_identification:_identify(src/ros2_imu) by extension 'colcon_meta'
[5.886s] Level 1:colcon.colcon_core.package_identification:_identify(src/ros2_imu) by extensions ['ros']
[5.887s] Level 1:colcon.colcon_core.package_identification:_identify(src/ros2_imu) by extension 'ros'
[5.895s] DEBUG:colcon.colcon_core.package_identification:Package 'src/ros2_imu' with type 'ros.ament_cmake' and name 'ros2_imu'
[5.897s] Level 1:colcon.colcon_core.package_identification:_identify(src/testing_ros) by extensions ['ignore', 'ignore_ament_install']
[5.898s] Level 1:colcon.colcon_core.package_identification:_identify(src/testing_ros) by extension 'ignore'
[5.900s] Level 1:colcon.colcon_core.package_identification:_identify(src/testing_ros) by extension 'ignore_ament_install'
[5.901s] Level 1:colcon.colcon_core.package_identification:_identify(src/testing_ros) by extensions ['colcon_pkg']
[5.902s] Level 1:colcon.colcon_core.package_identification:_identify(src/testing_ros) by extension 'colcon_pkg'
[5.903s] Level 1:colcon.colcon_core.package_identification:_identify(src/testing_ros) by extensions ['colcon_meta']
[5.903s] Level 1:colcon.colcon_core.package_identification:_identify(src/testing_ros) by extension 'colcon_meta'
[5.904s] Level 1:colcon.colcon_core.package_identification:_identify(src/testing_ros) by extensions ['ros']
[5.905s] Level 1:colcon.colcon_core.package_identification:_identify(src/testing_ros) by extension 'ros'
[5.912s] DEBUG:colcon.colcon_core.package_identification:Package 'src/testing_ros' with type 'ros.ament_cmake' and name 'testing_ros'
[5.914s] Level 1:colcon.colcon_core.package_identification:_identify(src/testing_ros2) by extensions ['ignore', 'ignore_ament_install']
[5.915s] Level 1:colcon.colcon_core.package_identification:_identify(src/testing_ros2) by extension 'ignore'
[5.916s] Level 1:colcon.colcon_core.package_identification:_identify(src/testing_ros2) by extension 'ignore_ament_install'
[5.917s] Level 1:colcon.colcon_core.package_identification:_identify(src/testing_ros2) by extensions ['colcon_pkg']
[5.918s] Level 1:colcon.colcon_core.package_identification:_identify(src/testing_ros2) by extension 'colcon_pkg'
[5.918s] Level 1:colcon.colcon_core.package_identification:_identify(src/testing_ros2) by extensions ['colcon_meta']
[5.919s] Level 1:colcon.colcon_core.package_identification:_identify(src/testing_ros2) by extension 'colcon_meta'
[5.920s] Level 1:colcon.colcon_core.package_identification:_identify(src/testing_ros2) by extensions ['ros']
[5.920s] Level 1:colcon.colcon_core.package_identification:_identify(src/testing_ros2) by extension 'ros'
[5.927s] DEBUG:colcon.colcon_core.package_identification:Package 'src/testing_ros2' with type 'ros.ament_cmake' and name 'testing_ros2'
[5.928s] Level 1:colcon.colcon_core.package_discovery:discover_packages(recursive) using defaults
[5.928s] Level 1:colcon.colcon_core.package_discovery:discover_packages(ignore) discover
[5.929s] Level 1:colcon.colcon_core.package_discovery:discover_packages(ignore) using defaults
[5.929s] Level 1:colcon.colcon_core.package_discovery:discover_packages(path) discover
[5.930s] Level 1:colcon.colcon_core.package_discovery:discover_packages(path) using defaults
[6.275s] INFO:colcon.colcon_core.package_selection:Skipping not selected package 'aerobot_interfaces' in 'src/aerobot_interfaces'
[6.275s] INFO:colcon.colcon_core.package_selection:Skipping not selected package 'bmm150_sensor' in 'src/bmm150_sensor'
[6.276s] INFO:colcon.colcon_core.package_selection:Skipping not selected package 'my_ahrs' in 'src/my_ahrs'
[6.276s] INFO:colcon.colcon_core.package_selection:Skipping not selected package 'testing_ros' in 'src/testing_ros'
[6.276s] INFO:colcon.colcon_core.package_selection:Skipping not selected package 'testing_ros2' in 'src/testing_ros2'
[6.277s] INFO:colcon.colcon_core.package_selection:Skipping not selected package 'complementary_filter_ros2' in 'src/complementary_filter_ros2'
[6.277s] INFO:colcon.colcon_core.package_selection:Skipping not selected package 'esc_pkg' in 'src/esc_pkg'
[6.277s] INFO:colcon.colcon_core.package_selection:Skipping not selected package 'pid_control_aerobot' in 'src/pid_control_aerobot'
[6.278s] INFO:colcon.colcon_core.package_selection:Skipping not selected package 'ros2_imu' in 'src/ros2_imu'
[6.287s] Level 1:colcon.colcon_core.package_discovery:discover_packages(prefix_path) check parameters
[6.288s] Level 1:colcon.colcon_core.package_discovery:discover_packages(prefix_path) discover
[6.335s] DEBUG:colcon.colcon_installed_package_information.package_discovery:Found 10 installed packages in /home/ubuntu/ros2_ws/install
[6.360s] DEBUG:colcon.colcon_installed_package_information.package_discovery:Found 184 installed packages in /opt/ros/humble
[6.374s] Level 1:colcon.colcon_core.package_discovery:discover_packages(prefix_path) using defaults
[6.823s] Level 5:colcon.colcon_core.verb:set package 'lsm6dso' build argument 'cmake_args' from command line to 'None'
[6.824s] Level 5:colcon.colcon_core.verb:set package 'lsm6dso' build argument 'cmake_target' from command line to 'None'
[6.824s] Level 5:colcon.colcon_core.verb:set package 'lsm6dso' build argument 'cmake_target_skip_unavailable' from command line to 'False'
[6.825s] Level 5:colcon.colcon_core.verb:set package 'lsm6dso' build argument 'cmake_clean_cache' from command line to 'False'
[6.825s] Level 5:colcon.colcon_core.verb:set package 'lsm6dso' build argument 'cmake_clean_first' from command line to 'False'
[6.826s] Level 5:colcon.colcon_core.verb:set package 'lsm6dso' build argument 'cmake_force_configure' from command line to 'False'
[6.826s] Level 5:colcon.colcon_core.verb:set package 'lsm6dso' build argument 'ament_cmake_args' from command line to 'None'
[6.826s] Level 5:colcon.colcon_core.verb:set package 'lsm6dso' build argument 'catkin_cmake_args' from command line to 'None'
[6.827s] Level 5:colcon.colcon_core.verb:set package 'lsm6dso' build argument 'catkin_skip_building_tests' from command line to 'False'
[6.827s] DEBUG:colcon.colcon_core.verb:Building package 'lsm6dso' with the following arguments: {'ament_cmake_args': None, 'build_base': '/home/ubuntu/ros2_ws/build/lsm6dso', 'catkin_cmake_args': None, 'catkin_skip_building_tests': False, 'cmake_args': None, 'cmake_clean_cache': False, 'cmake_clean_first': False, 'cmake_force_configure': False, 'cmake_target': None, 'cmake_target_skip_unavailable': False, 'install_base': '/home/ubuntu/ros2_ws/install/lsm6dso', 'merge_install': False, 'path': '/home/ubuntu/ros2_ws/src/lsm6dso', 'symlink_install': False, 'test_result_base': None}
[6.829s] INFO:colcon.colcon_core.executor:Executing jobs using 'parallel' executor
[6.841s] DEBUG:colcon.colcon_parallel_executor.executor.parallel:run_until_complete
[6.844s] INFO:colcon.colcon_ros.task.ament_python.build:Building ROS package in '/home/ubuntu/ros2_ws/src/lsm6dso' with build type 'ament_python'
[6.846s] Level 1:colcon.colcon_core.shell:create_environment_hook('lsm6dso', 'ament_prefix_path')
[6.931s] INFO:colcon.colcon_core.plugin_system:Skipping extension 'colcon_core.shell.bat': Not used on non-Windows systems
[6.934s] INFO:colcon.colcon_core.shell:Creating environment hook '/home/ubuntu/ros2_ws/install/lsm6dso/share/lsm6dso/hook/ament_prefix_path.ps1'
[6.945s] INFO:colcon.colcon_core.shell:Creating environment descriptor '/home/ubuntu/ros2_ws/install/lsm6dso/share/lsm6dso/hook/ament_prefix_path.dsv'
[6.958s] INFO:colcon.colcon_core.shell:Creating environment hook '/home/ubuntu/ros2_ws/install/lsm6dso/share/lsm6dso/hook/ament_prefix_path.sh'
[6.972s] INFO:colcon.colcon_core.shell:Skip shell extension 'powershell' for command environment: Not usable outside of PowerShell
[6.973s] DEBUG:colcon.colcon_core.shell:Skip shell extension 'dsv' for command environment
[11.606s] INFO:colcon.colcon_core.task.python.build:Building Python package in '/home/ubuntu/ros2_ws/src/lsm6dso'
[11.609s] INFO:colcon.colcon_core.shell:Skip shell extension 'powershell' for command environment: Not usable outside of PowerShell
[11.611s] DEBUG:colcon.colcon_core.shell:Skip shell extension 'dsv' for command environment
[19.432s] DEBUG:colcon.colcon_core.event_handler.log_command:Invoking command in '/home/ubuntu/ros2_ws/src/lsm6dso': PYTHONPATH=/home/ubuntu/ros2_ws/build/lsm6dso/prefix_override:/home/ubuntu/ros2_ws/install/lsm6dso/lib/python3.10/site-packages:${PYTHONPATH} /usr/bin/python3 -W ignore:setup.py install is deprecated setup.py egg_info --egg-base ../../build/lsm6dso build --build-base /home/ubuntu/ros2_ws/build/lsm6dso/build install --record /home/ubuntu/ros2_ws/build/lsm6dso/install.log --single-version-externally-managed install_data
[24.476s] DEBUG:colcon.colcon_core.event_handler.log_command:Invoked command in '/home/ubuntu/ros2_ws/src/lsm6dso' returned '0': PYTHONPATH=/home/ubuntu/ros2_ws/build/lsm6dso/prefix_override:/home/ubuntu/ros2_ws/install/lsm6dso/lib/python3.10/site-packages:${PYTHONPATH} /usr/bin/python3 -W ignore:setup.py install is deprecated setup.py egg_info --egg-base ../../build/lsm6dso build --build-base /home/ubuntu/ros2_ws/build/lsm6dso/build install --record /home/ubuntu/ros2_ws/build/lsm6dso/install.log --single-version-externally-managed install_data
[24.537s] Level 1:colcon.colcon_core.environment:checking '/home/ubuntu/ros2_ws/install/lsm6dso' for CMake module files
[24.557s] Level 1:colcon.colcon_core.environment:checking '/home/ubuntu/ros2_ws/install/lsm6dso' for CMake config files
[24.577s] Level 1:colcon.colcon_core.environment:checking '/home/ubuntu/ros2_ws/install/lsm6dso/lib'
[24.586s] Level 1:colcon.colcon_core.environment:checking '/home/ubuntu/ros2_ws/install/lsm6dso/bin'
[24.587s] Level 1:colcon.colcon_core.environment:checking '/home/ubuntu/ros2_ws/install/lsm6dso/lib/pkgconfig/lsm6dso.pc'
[24.594s] Level 1:colcon.colcon_core.environment:checking '/home/ubuntu/ros2_ws/install/lsm6dso/lib/python3.10/site-packages'
[24.595s] Level 1:colcon.colcon_core.shell:create_environment_hook('lsm6dso', 'pythonpath')
[24.598s] INFO:colcon.colcon_core.shell:Creating environment hook '/home/ubuntu/ros2_ws/install/lsm6dso/share/lsm6dso/hook/pythonpath.ps1'
[24.611s] INFO:colcon.colcon_core.shell:Creating environment descriptor '/home/ubuntu/ros2_ws/install/lsm6dso/share/lsm6dso/hook/pythonpath.dsv'
[24.622s] INFO:colcon.colcon_core.shell:Creating environment hook '/home/ubuntu/ros2_ws/install/lsm6dso/share/lsm6dso/hook/pythonpath.sh'
[24.629s] Level 1:colcon.colcon_core.environment:checking '/home/ubuntu/ros2_ws/install/lsm6dso/bin'
[24.630s] Level 1:colcon.colcon_core.environment:create_environment_scripts_only(lsm6dso)
[24.634s] INFO:colcon.colcon_core.shell:Creating package script '/home/ubuntu/ros2_ws/install/lsm6dso/share/lsm6dso/package.ps1'
[24.654s] INFO:colcon.colcon_core.shell:Creating package descriptor '/home/ubuntu/ros2_ws/install/lsm6dso/share/lsm6dso/package.dsv'
[24.663s] INFO:colcon.colcon_core.shell:Creating package script '/home/ubuntu/ros2_ws/install/lsm6dso/share/lsm6dso/package.sh'
[24.678s] INFO:colcon.colcon_core.shell:Creating package script '/home/ubuntu/ros2_ws/install/lsm6dso/share/lsm6dso/package.bash'
[24.690s] INFO:colcon.colcon_core.shell:Creating package script '/home/ubuntu/ros2_ws/install/lsm6dso/share/lsm6dso/package.zsh'
[24.706s] Level 1:colcon.colcon_core.environment:create_file_with_runtime_dependencies(/home/ubuntu/ros2_ws/install/lsm6dso/share/colcon-core/packages/lsm6dso)
[24.710s] DEBUG:colcon.colcon_parallel_executor.executor.parallel:closing loop
[24.730s] DEBUG:colcon.colcon_parallel_executor.executor.parallel:loop closed
[24.731s] DEBUG:colcon.colcon_parallel_executor.executor.parallel:run_until_complete finished with '0'
[24.732s] DEBUG:colcon.colcon_core.event_reactor:joining thread
[24.823s] INFO:colcon.colcon_core.plugin_system:Skipping extension 'colcon_notification.desktop_notification.notify_send': Could not find 'notify-send'
[24.825s] INFO:colcon.colcon_core.plugin_system:Skipping extension 'colcon_notification.desktop_notification.terminal_notifier': Not used on non-Darwin systems
[24.827s] INFO:colcon.colcon_core.plugin_system:Skipping extension 'colcon_notification.desktop_notification.win32': Not used on non-Windows systems
[24.829s] INFO:colcon.colcon_notification.desktop_notification:Sending desktop notification using 'notify2'
[24.967s] DEBUG:colcon.colcon_notification.desktop_notification.notify2:Failed to initialize notify2: org.freedesktop.DBus.Error.ServiceUnknown: The name org.freedesktop.Notifications was not provided by any .service files
[24.975s] DEBUG:colcon.colcon_core.event_reactor:joined thread
[24.977s] INFO:colcon.colcon_core.shell:Creating prefix script '/home/ubuntu/ros2_ws/install/local_setup.ps1'
[24.994s] INFO:colcon.colcon_core.shell:Creating prefix util module '/home/ubuntu/ros2_ws/install/_local_setup_util_ps1.py'
[25.043s] INFO:colcon.colcon_core.shell:Creating prefix chain script '/home/ubuntu/ros2_ws/install/setup.ps1'
[25.081s] INFO:colcon.colcon_core.shell:Creating prefix script '/home/ubuntu/ros2_ws/install/local_setup.sh'
[25.095s] INFO:colcon.colcon_core.shell:Creating prefix util module '/home/ubuntu/ros2_ws/install/_local_setup_util_sh.py'
[25.107s] INFO:colcon.colcon_core.shell:Creating prefix chain script '/home/ubuntu/ros2_ws/install/setup.sh'
[25.146s] INFO:colcon.colcon_core.shell:Creating prefix script '/home/ubuntu/ros2_ws/install/local_setup.bash'
[25.155s] INFO:colcon.colcon_core.shell:Creating prefix chain script '/home/ubuntu/ros2_ws/install/setup.bash'
[25.177s] INFO:colcon.colcon_core.shell:Creating prefix script '/home/ubuntu/ros2_ws/install/local_setup.zsh'
[25.191s] INFO:colcon.colcon_core.shell:Creating prefix chain script '/home/ubuntu/ros2_ws/install/setup.zsh'
