[16.258s] Invoking command in '/home/ubuntu/ros2_ws/src/esc_pkg': PYTHONPATH=/home/ubuntu/ros2_ws/build/esc_pkg/prefix_override:/home/ubuntu/ros2_ws/install/esc_pkg/lib/python3.10/site-packages:${PYTHONPATH} /usr/bin/python3 -W ignore:setup.py install is deprecated setup.py egg_info --egg-base ../../build/esc_pkg build --build-base /home/ubuntu/ros2_ws/build/esc_pkg/build install --record /home/ubuntu/ros2_ws/build/esc_pkg/install.log --single-version-externally-managed install_data
[21.044s] running egg_info
[21.050s] writing ../../build/esc_pkg/esc_pkg.egg-info/PKG-INFO
[21.053s] writing dependency_links to ../../build/esc_pkg/esc_pkg.egg-info/dependency_links.txt
[21.055s] writing entry points to ../../build/esc_pkg/esc_pkg.egg-info/entry_points.txt
[21.058s] writing requirements to ../../build/esc_pkg/esc_pkg.egg-info/requires.txt
[21.059s] writing top-level names to ../../build/esc_pkg/esc_pkg.egg-info/top_level.txt
[21.084s] reading manifest file '../../build/esc_pkg/esc_pkg.egg-info/SOURCES.txt'
[21.098s] writing manifest file '../../build/esc_pkg/esc_pkg.egg-info/SOURCES.txt'
[21.100s] running build
[21.102s] running build_py
[21.103s] running install
[21.106s] running install_lib
[21.121s] running install_data
[21.123s] running install_egg_info
[21.142s] removing '/home/ubuntu/ros2_ws/install/esc_pkg/lib/python3.10/site-packages/esc_pkg-0.0.0-py3.10.egg-info' (and everything under it)
[21.150s] Copying ../../build/esc_pkg/esc_pkg.egg-info to /home/ubuntu/ros2_ws/install/esc_pkg/lib/python3.10/site-packages/esc_pkg-0.0.0-py3.10.egg-info
[21.169s] running install_scripts
[21.402s] Installing esc_node script to /home/ubuntu/ros2_ws/install/esc_pkg/lib/esc_pkg
[21.407s] writing list of installed files to '/home/ubuntu/ros2_ws/build/esc_pkg/install.log'
[21.683s] Invoked command in '/home/ubuntu/ros2_ws/src/esc_pkg' returned '0': PYTHONPATH=/home/ubuntu/ros2_ws/build/esc_pkg/prefix_override:/home/ubuntu/ros2_ws/install/esc_pkg/lib/python3.10/site-packages:${PYTHONPATH} /usr/bin/python3 -W ignore:setup.py install is deprecated setup.py egg_info --egg-base ../../build/esc_pkg build --build-base /home/ubuntu/ros2_ws/build/esc_pkg/build install --record /home/ubuntu/ros2_ws/build/esc_pkg/install.log --single-version-externally-managed install_data
