[18.146s] Invoking command in '/home/ubuntu/ros2_ws/src/lsm6dso': PYTHONPATH=/home/ubuntu/ros2_ws/build/lsm6dso/prefix_override:/home/ubuntu/ros2_ws/install/lsm6dso/lib/python3.10/site-packages:${PYTHONPATH} /usr/bin/python3 -W ignore:setup.py install is deprecated setup.py egg_info --egg-base ../../build/lsm6dso build --build-base /home/ubuntu/ros2_ws/build/lsm6dso/build install --record /home/ubuntu/ros2_ws/build/lsm6dso/install.log --single-version-externally-managed install_data
[23.845s] running egg_info
[23.853s] writing ../../build/lsm6dso/lsm6dso.egg-info/PKG-INFO
[23.858s] writing dependency_links to ../../build/lsm6dso/lsm6dso.egg-info/dependency_links.txt
[23.889s] writing entry points to ../../build/lsm6dso/lsm6dso.egg-info/entry_points.txt
[23.891s] writing requirements to ../../build/lsm6dso/lsm6dso.egg-info/requires.txt
[23.892s] writing top-level names to ../../build/lsm6dso/lsm6dso.egg-info/top_level.txt
[23.899s] reading manifest file '../../build/lsm6dso/lsm6dso.egg-info/SOURCES.txt'
[23.906s] writing manifest file '../../build/lsm6dso/lsm6dso.egg-info/SOURCES.txt'
[23.909s] running build
[23.910s] running build_py
[23.914s] running install
[23.918s] running install_lib
[23.936s] running install_data
[23.938s] running install_egg_info
[23.958s] removing '/home/ubuntu/ros2_ws/install/lsm6dso/lib/python3.10/site-packages/lsm6dso-0.0.0-py3.10.egg-info' (and everything under it)
[23.963s] Copying ../../build/lsm6dso/lsm6dso.egg-info to /home/ubuntu/ros2_ws/install/lsm6dso/lib/python3.10/site-packages/lsm6dso-0.0.0-py3.10.egg-info
[23.984s] running install_scripts
[24.215s] Installing lsm6dso script to /home/ubuntu/ros2_ws/install/lsm6dso/lib/lsm6dso
[24.226s] writing list of installed files to '/home/ubuntu/ros2_ws/build/lsm6dso/install.log'
[24.584s] Invoked command in '/home/ubuntu/ros2_ws/src/lsm6dso' returned '0': PYTHONPATH=/home/ubuntu/ros2_ws/build/lsm6dso/prefix_override:/home/ubuntu/ros2_ws/install/lsm6dso/lib/python3.10/site-packages:${PYTHONPATH} /usr/bin/python3 -W ignore:setup.py install is deprecated setup.py egg_info --egg-base ../../build/lsm6dso build --build-base /home/ubuntu/ros2_ws/build/lsm6dso/build install --record /home/ubuntu/ros2_ws/build/lsm6dso/install.log --single-version-externally-managed install_data
