[0.587s] DEBUG:colcon:Command line arguments: ['/usr/bin/colcon', 'build', '--packages-select', 'lsm6dso']
[0.587s] DEBUG:colcon:Parsed command line arguments: Namespace(log_base=None, log_level=None, verb_name='build', build_base='build', install_base='install', merge_install=False, symlink_install=False, test_result_base=None, continue_on_error=False, executor='parallel', parallel_workers=4, event_handlers=None, ignore_user_meta=False, metas=['./colcon.meta'], base_paths=['.'], packages_ignore=None, packages_ignore_regex=None, paths=None, packages_up_to=None, packages_up_to_regex=None, packages_above=None, packages_above_and_dependencies=None, packages_above_depth=None, packages_select_by_dep=None, packages_skip_by_dep=None, packages_skip_up_to=None, packages_select_build_failed=False, packages_skip_build_finished=False, packages_select_test_failures=False, packages_skip_test_passed=False, packages_select=['lsm6dso'], packages_skip=None, packages_select_regex=None, packages_skip_regex=None, packages_start=None, packages_end=None, allow_overriding=[], cmake_args=None, cmake_target=None, cmake_target_skip_unavailable=False, cmake_clean_cache=False, cmake_clean_first=False, cmake_force_configure=False, ament_cmake_args=None, catkin_cmake_args=None, catkin_skip_building_tests=False, mixin_files=None, mixin=None, verb_parser=<colcon_mixin.mixin.mixin_argument.MixinArgumentDecorator object at 0xffff8661d6c0>, verb_extension=<colcon_core.verb.build.BuildVerb object at 0xffff8672e7a0>, main=<bound method BuildVerb.main of <colcon_core.verb.build.BuildVerb object at 0xffff8672e7a0>>, mixin_verb=('build',))
[3.046s] Level 1:colcon.colcon_core.package_discovery:discover_packages(colcon_meta) check parameters
[3.047s] Level 1:colcon.colcon_core.package_discovery:discover_packages(recursive) check parameters
[3.048s] Level 1:colcon.colcon_core.package_discovery:discover_packages(ignore) check parameters
[3.048s] Level 1:colcon.colcon_core.package_discovery:discover_packages(path) check parameters
[3.048s] Level 1:colcon.colcon_core.package_discovery:discover_packages(colcon_meta) discover
[3.049s] Level 1:colcon.colcon_core.package_discovery:discover_packages(recursive) discover
[3.050s] INFO:colcon.colcon_core.package_discovery:Crawling recursively for packages in '/home/ubuntu/ros2_ws'
[3.051s] Level 1:colcon.colcon_core.package_identification:_identify(.) by extensions ['ignore', 'ignore_ament_install']
[3.052s] Level 1:colcon.colcon_core.package_identification:_identify(.) by extension 'ignore'
[3.053s] Level 1:colcon.colcon_core.package_identification:_identify(.) by extension 'ignore_ament_install'
[3.053s] Level 1:colcon.colcon_core.package_identification:_identify(.) by extensions ['colcon_pkg']
[3.054s] Level 1:colcon.colcon_core.package_identification:_identify(.) by extension 'colcon_pkg'
[3.054s] Level 1:colcon.colcon_core.package_identification:_identify(.) by extensions ['colcon_meta']
[3.055s] Level 1:colcon.colcon_core.package_identification:_identify(.) by extension 'colcon_meta'
[3.056s] Level 1:colcon.colcon_core.package_identification:_identify(.) by extensions ['ros']
[3.056s] Level 1:colcon.colcon_core.package_identification:_identify(.) by extension 'ros'
[3.185s] Level 1:colcon.colcon_core.package_identification:_identify(.) by extensions ['cmake', 'python']
[3.185s] Level 1:colcon.colcon_core.package_identification:_identify(.) by extension 'cmake'
[3.186s] Level 1:colcon.colcon_core.package_identification:_identify(.) by extension 'python'
[3.187s] Level 1:colcon.colcon_core.package_identification:_identify(.) by extensions ['python_setup_py']
[3.187s] Level 1:colcon.colcon_core.package_identification:_identify(.) by extension 'python_setup_py'
[3.189s] Level 1:colcon.colcon_core.package_identification:_identify(build) by extensions ['ignore', 'ignore_ament_install']
[3.190s] Level 1:colcon.colcon_core.package_identification:_identify(build) by extension 'ignore'
[3.190s] Level 1:colcon.colcon_core.package_identification:_identify(build) ignored
[3.192s] Level 1:colcon.colcon_core.package_identification:_identify(install) by extensions ['ignore', 'ignore_ament_install']
[3.194s] Level 1:colcon.colcon_core.package_identification:_identify(install) by extension 'ignore'
[3.194s] Level 1:colcon.colcon_core.package_identification:_identify(install) ignored
[3.199s] Level 1:colcon.colcon_core.package_identification:_identify(log) by extensions ['ignore', 'ignore_ament_install']
[3.200s] Level 1:colcon.colcon_core.package_identification:_identify(log) by extension 'ignore'
[3.201s] Level 1:colcon.colcon_core.package_identification:_identify(log) ignored
[3.202s] Level 1:colcon.colcon_core.package_identification:_identify(src) by extensions ['ignore', 'ignore_ament_install']
[3.203s] Level 1:colcon.colcon_core.package_identification:_identify(src) by extension 'ignore'
[3.204s] Level 1:colcon.colcon_core.package_identification:_identify(src) by extension 'ignore_ament_install'
[3.205s] Level 1:colcon.colcon_core.package_identification:_identify(src) by extensions ['colcon_pkg']
[3.205s] Level 1:colcon.colcon_core.package_identification:_identify(src) by extension 'colcon_pkg'
[3.206s] Level 1:colcon.colcon_core.package_identification:_identify(src) by extensions ['colcon_meta']
[3.206s] Level 1:colcon.colcon_core.package_identification:_identify(src) by extension 'colcon_meta'
[3.207s] Level 1:colcon.colcon_core.package_identification:_identify(src) by extensions ['ros']
[3.207s] Level 1:colcon.colcon_core.package_identification:_identify(src) by extension 'ros'
[3.208s] Level 1:colcon.colcon_core.package_identification:_identify(src) by extensions ['cmake', 'python']
[3.209s] Level 1:colcon.colcon_core.package_identification:_identify(src) by extension 'cmake'
[3.209s] Level 1:colcon.colcon_core.package_identification:_identify(src) by extension 'python'
[3.210s] Level 1:colcon.colcon_core.package_identification:_identify(src) by extensions ['python_setup_py']
[3.210s] Level 1:colcon.colcon_core.package_identification:_identify(src) by extension 'python_setup_py'
[3.212s] Level 1:colcon.colcon_core.package_identification:_identify(src/aerobot_interfaces) by extensions ['ignore', 'ignore_ament_install']
[3.213s] Level 1:colcon.colcon_core.package_identification:_identify(src/aerobot_interfaces) by extension 'ignore'
[3.214s] Level 1:colcon.colcon_core.package_identification:_identify(src/aerobot_interfaces) by extension 'ignore_ament_install'
[3.214s] Level 1:colcon.colcon_core.package_identification:_identify(src/aerobot_interfaces) by extensions ['colcon_pkg']
[3.215s] Level 1:colcon.colcon_core.package_identification:_identify(src/aerobot_interfaces) by extension 'colcon_pkg'
[3.215s] Level 1:colcon.colcon_core.package_identification:_identify(src/aerobot_interfaces) by extensions ['colcon_meta']
[3.216s] Level 1:colcon.colcon_core.package_identification:_identify(src/aerobot_interfaces) by extension 'colcon_meta'
[3.216s] Level 1:colcon.colcon_core.package_identification:_identify(src/aerobot_interfaces) by extensions ['ros']
[3.217s] Level 1:colcon.colcon_core.package_identification:_identify(src/aerobot_interfaces) by extension 'ros'
[3.239s] DEBUG:colcon.colcon_core.package_identification:Package 'src/aerobot_interfaces' with type 'ros.ament_cmake' and name 'aerobot_interfaces'
[3.240s] Level 1:colcon.colcon_core.package_identification:_identify(src/bmm150_sensor) by extensions ['ignore', 'ignore_ament_install']
[3.241s] Level 1:colcon.colcon_core.package_identification:_identify(src/bmm150_sensor) by extension 'ignore'
[3.242s] Level 1:colcon.colcon_core.package_identification:_identify(src/bmm150_sensor) by extension 'ignore_ament_install'
[3.243s] Level 1:colcon.colcon_core.package_identification:_identify(src/bmm150_sensor) by extensions ['colcon_pkg']
[3.243s] Level 1:colcon.colcon_core.package_identification:_identify(src/bmm150_sensor) by extension 'colcon_pkg'
[3.244s] Level 1:colcon.colcon_core.package_identification:_identify(src/bmm150_sensor) by extensions ['colcon_meta']
[3.244s] Level 1:colcon.colcon_core.package_identification:_identify(src/bmm150_sensor) by extension 'colcon_meta'
[3.245s] Level 1:colcon.colcon_core.package_identification:_identify(src/bmm150_sensor) by extensions ['ros']
[3.246s] Level 1:colcon.colcon_core.package_identification:_identify(src/bmm150_sensor) by extension 'ros'
[3.253s] DEBUG:colcon.colcon_core.package_identification:Package 'src/bmm150_sensor' with type 'ros.ament_python' and name 'bmm150_sensor'
[3.255s] Level 1:colcon.colcon_core.package_identification:_identify(src/complementary_filter_ros2) by extensions ['ignore', 'ignore_ament_install']
[3.256s] Level 1:colcon.colcon_core.package_identification:_identify(src/complementary_filter_ros2) by extension 'ignore'
[3.257s] Level 1:colcon.colcon_core.package_identification:_identify(src/complementary_filter_ros2) by extension 'ignore_ament_install'
[3.258s] Level 1:colcon.colcon_core.package_identification:_identify(src/complementary_filter_ros2) by extensions ['colcon_pkg']
[3.258s] Level 1:colcon.colcon_core.package_identification:_identify(src/complementary_filter_ros2) by extension 'colcon_pkg'
[3.259s] Level 1:colcon.colcon_core.package_identification:_identify(src/complementary_filter_ros2) by extensions ['colcon_meta']
[3.259s] Level 1:colcon.colcon_core.package_identification:_identify(src/complementary_filter_ros2) by extension 'colcon_meta'
[3.260s] Level 1:colcon.colcon_core.package_identification:_identify(src/complementary_filter_ros2) by extensions ['ros']
[3.261s] Level 1:colcon.colcon_core.package_identification:_identify(src/complementary_filter_ros2) by extension 'ros'
[3.269s] DEBUG:colcon.colcon_core.package_identification:Package 'src/complementary_filter_ros2' with type 'ros.ament_cmake' and name 'complementary_filter_ros2'
[3.270s] Level 1:colcon.colcon_core.package_identification:_identify(src/esc_pkg) by extensions ['ignore', 'ignore_ament_install']
[3.271s] Level 1:colcon.colcon_core.package_identification:_identify(src/esc_pkg) by extension 'ignore'
[3.272s] Level 1:colcon.colcon_core.package_identification:_identify(src/esc_pkg) by extension 'ignore_ament_install'
[3.273s] Level 1:colcon.colcon_core.package_identification:_identify(src/esc_pkg) by extensions ['colcon_pkg']
[3.273s] Level 1:colcon.colcon_core.package_identification:_identify(src/esc_pkg) by extension 'colcon_pkg'
[3.274s] Level 1:colcon.colcon_core.package_identification:_identify(src/esc_pkg) by extensions ['colcon_meta']
[3.274s] Level 1:colcon.colcon_core.package_identification:_identify(src/esc_pkg) by extension 'colcon_meta'
[3.275s] Level 1:colcon.colcon_core.package_identification:_identify(src/esc_pkg) by extensions ['ros']
[3.275s] Level 1:colcon.colcon_core.package_identification:_identify(src/esc_pkg) by extension 'ros'
[3.282s] DEBUG:colcon.colcon_core.package_identification:Package 'src/esc_pkg' with type 'ros.ament_python' and name 'esc_pkg'
[3.284s] Level 1:colcon.colcon_core.package_identification:_identify(src/lsm6dso) by extensions ['ignore', 'ignore_ament_install']
[3.285s] Level 1:colcon.colcon_core.package_identification:_identify(src/lsm6dso) by extension 'ignore'
[3.286s] Level 1:colcon.colcon_core.package_identification:_identify(src/lsm6dso) by extension 'ignore_ament_install'
[3.286s] Level 1:colcon.colcon_core.package_identification:_identify(src/lsm6dso) by extensions ['colcon_pkg']
[3.287s] Level 1:colcon.colcon_core.package_identification:_identify(src/lsm6dso) by extension 'colcon_pkg'
[3.288s] Level 1:colcon.colcon_core.package_identification:_identify(src/lsm6dso) by extensions ['colcon_meta']
[3.288s] Level 1:colcon.colcon_core.package_identification:_identify(src/lsm6dso) by extension 'colcon_meta'
[3.289s] Level 1:colcon.colcon_core.package_identification:_identify(src/lsm6dso) by extensions ['ros']
[3.290s] Level 1:colcon.colcon_core.package_identification:_identify(src/lsm6dso) by extension 'ros'
[3.299s] DEBUG:colcon.colcon_core.package_identification:Package 'src/lsm6dso' with type 'ros.ament_python' and name 'lsm6dso'
[3.300s] Level 1:colcon.colcon_core.package_identification:_identify(src/my_ahrs) by extensions ['ignore', 'ignore_ament_install']
[3.302s] Level 1:colcon.colcon_core.package_identification:_identify(src/my_ahrs) by extension 'ignore'
[3.302s] Level 1:colcon.colcon_core.package_identification:_identify(src/my_ahrs) by extension 'ignore_ament_install'
[3.303s] Level 1:colcon.colcon_core.package_identification:_identify(src/my_ahrs) by extensions ['colcon_pkg']
[3.304s] Level 1:colcon.colcon_core.package_identification:_identify(src/my_ahrs) by extension 'colcon_pkg'
[3.305s] Level 1:colcon.colcon_core.package_identification:_identify(src/my_ahrs) by extensions ['colcon_meta']
[3.305s] Level 1:colcon.colcon_core.package_identification:_identify(src/my_ahrs) by extension 'colcon_meta'
[3.306s] Level 1:colcon.colcon_core.package_identification:_identify(src/my_ahrs) by extensions ['ros']
[3.306s] Level 1:colcon.colcon_core.package_identification:_identify(src/my_ahrs) by extension 'ros'
[3.315s] DEBUG:colcon.colcon_core.package_identification:Package 'src/my_ahrs' with type 'ros.ament_python' and name 'my_ahrs'
[3.316s] Level 1:colcon.colcon_core.package_identification:_identify(src/ros2_imu) by extensions ['ignore', 'ignore_ament_install']
[3.317s] Level 1:colcon.colcon_core.package_identification:_identify(src/ros2_imu) by extension 'ignore'
[3.318s] Level 1:colcon.colcon_core.package_identification:_identify(src/ros2_imu) by extension 'ignore_ament_install'
[3.319s] Level 1:colcon.colcon_core.package_identification:_identify(src/ros2_imu) by extensions ['colcon_pkg']
[3.319s] Level 1:colcon.colcon_core.package_identification:_identify(src/ros2_imu) by extension 'colcon_pkg'
[3.320s] Level 1:colcon.colcon_core.package_identification:_identify(src/ros2_imu) by extensions ['colcon_meta']
[3.320s] Level 1:colcon.colcon_core.package_identification:_identify(src/ros2_imu) by extension 'colcon_meta'
[3.321s] Level 1:colcon.colcon_core.package_identification:_identify(src/ros2_imu) by extensions ['ros']
[3.322s] Level 1:colcon.colcon_core.package_identification:_identify(src/ros2_imu) by extension 'ros'
[3.329s] DEBUG:colcon.colcon_core.package_identification:Package 'src/ros2_imu' with type 'ros.ament_cmake' and name 'ros2_imu'
[3.331s] Level 1:colcon.colcon_core.package_identification:_identify(src/testing_ros) by extensions ['ignore', 'ignore_ament_install']
[3.333s] Level 1:colcon.colcon_core.package_identification:_identify(src/testing_ros) by extension 'ignore'
[3.333s] Level 1:colcon.colcon_core.package_identification:_identify(src/testing_ros) by extension 'ignore_ament_install'
[3.334s] Level 1:colcon.colcon_core.package_identification:_identify(src/testing_ros) by extensions ['colcon_pkg']
[3.335s] Level 1:colcon.colcon_core.package_identification:_identify(src/testing_ros) by extension 'colcon_pkg'
[3.336s] Level 1:colcon.colcon_core.package_identification:_identify(src/testing_ros) by extensions ['colcon_meta']
[3.336s] Level 1:colcon.colcon_core.package_identification:_identify(src/testing_ros) by extension 'colcon_meta'
[3.337s] Level 1:colcon.colcon_core.package_identification:_identify(src/testing_ros) by extensions ['ros']
[3.337s] Level 1:colcon.colcon_core.package_identification:_identify(src/testing_ros) by extension 'ros'
[3.343s] DEBUG:colcon.colcon_core.package_identification:Package 'src/testing_ros' with type 'ros.ament_cmake' and name 'testing_ros'
[3.345s] Level 1:colcon.colcon_core.package_identification:_identify(src/testing_ros2) by extensions ['ignore', 'ignore_ament_install']
[3.346s] Level 1:colcon.colcon_core.package_identification:_identify(src/testing_ros2) by extension 'ignore'
[3.346s] Level 1:colcon.colcon_core.package_identification:_identify(src/testing_ros2) by extension 'ignore_ament_install'
[3.347s] Level 1:colcon.colcon_core.package_identification:_identify(src/testing_ros2) by extensions ['colcon_pkg']
[3.348s] Level 1:colcon.colcon_core.package_identification:_identify(src/testing_ros2) by extension 'colcon_pkg'
[3.348s] Level 1:colcon.colcon_core.package_identification:_identify(src/testing_ros2) by extensions ['colcon_meta']
[3.349s] Level 1:colcon.colcon_core.package_identification:_identify(src/testing_ros2) by extension 'colcon_meta'
[3.350s] Level 1:colcon.colcon_core.package_identification:_identify(src/testing_ros2) by extensions ['ros']
[3.350s] Level 1:colcon.colcon_core.package_identification:_identify(src/testing_ros2) by extension 'ros'
[3.356s] DEBUG:colcon.colcon_core.package_identification:Package 'src/testing_ros2' with type 'ros.ament_cmake' and name 'testing_ros2'
[3.357s] Level 1:colcon.colcon_core.package_discovery:discover_packages(recursive) using defaults
[3.357s] Level 1:colcon.colcon_core.package_discovery:discover_packages(ignore) discover
[3.358s] Level 1:colcon.colcon_core.package_discovery:discover_packages(ignore) using defaults
[3.358s] Level 1:colcon.colcon_core.package_discovery:discover_packages(path) discover
[3.358s] Level 1:colcon.colcon_core.package_discovery:discover_packages(path) using defaults
[3.657s] INFO:colcon.colcon_core.package_selection:Skipping not selected package 'aerobot_interfaces' in 'src/aerobot_interfaces'
[3.658s] INFO:colcon.colcon_core.package_selection:Skipping not selected package 'bmm150_sensor' in 'src/bmm150_sensor'
[3.658s] INFO:colcon.colcon_core.package_selection:Skipping not selected package 'my_ahrs' in 'src/my_ahrs'
[3.659s] INFO:colcon.colcon_core.package_selection:Skipping not selected package 'testing_ros' in 'src/testing_ros'
[3.659s] INFO:colcon.colcon_core.package_selection:Skipping not selected package 'testing_ros2' in 'src/testing_ros2'
[3.660s] INFO:colcon.colcon_core.package_selection:Skipping not selected package 'complementary_filter_ros2' in 'src/complementary_filter_ros2'
[3.660s] INFO:colcon.colcon_core.package_selection:Skipping not selected package 'esc_pkg' in 'src/esc_pkg'
[3.660s] INFO:colcon.colcon_core.package_selection:Skipping not selected package 'ros2_imu' in 'src/ros2_imu'
[3.665s] Level 1:colcon.colcon_core.package_discovery:discover_packages(prefix_path) check parameters
[3.665s] Level 1:colcon.colcon_core.package_discovery:discover_packages(prefix_path) discover
[3.696s] DEBUG:colcon.colcon_installed_package_information.package_discovery:Found 9 installed packages in /home/ubuntu/ros2_ws/install
[3.716s] DEBUG:colcon.colcon_installed_package_information.package_discovery:Found 184 installed packages in /opt/ros/humble
[3.729s] Level 1:colcon.colcon_core.package_discovery:discover_packages(prefix_path) using defaults
[4.074s] Level 5:colcon.colcon_core.verb:set package 'lsm6dso' build argument 'cmake_args' from command line to 'None'
[4.074s] Level 5:colcon.colcon_core.verb:set package 'lsm6dso' build argument 'cmake_target' from command line to 'None'
[4.074s] Level 5:colcon.colcon_core.verb:set package 'lsm6dso' build argument 'cmake_target_skip_unavailable' from command line to 'False'
[4.075s] Level 5:colcon.colcon_core.verb:set package 'lsm6dso' build argument 'cmake_clean_cache' from command line to 'False'
[4.075s] Level 5:colcon.colcon_core.verb:set package 'lsm6dso' build argument 'cmake_clean_first' from command line to 'False'
[4.075s] Level 5:colcon.colcon_core.verb:set package 'lsm6dso' build argument 'cmake_force_configure' from command line to 'False'
[4.075s] Level 5:colcon.colcon_core.verb:set package 'lsm6dso' build argument 'ament_cmake_args' from command line to 'None'
[4.075s] Level 5:colcon.colcon_core.verb:set package 'lsm6dso' build argument 'catkin_cmake_args' from command line to 'None'
[4.075s] Level 5:colcon.colcon_core.verb:set package 'lsm6dso' build argument 'catkin_skip_building_tests' from command line to 'False'
[4.075s] DEBUG:colcon.colcon_core.verb:Building package 'lsm6dso' with the following arguments: {'ament_cmake_args': None, 'build_base': '/home/ubuntu/ros2_ws/build/lsm6dso', 'catkin_cmake_args': None, 'catkin_skip_building_tests': False, 'cmake_args': None, 'cmake_clean_cache': False, 'cmake_clean_first': False, 'cmake_force_configure': False, 'cmake_target': None, 'cmake_target_skip_unavailable': False, 'install_base': '/home/ubuntu/ros2_ws/install/lsm6dso', 'merge_install': False, 'path': '/home/ubuntu/ros2_ws/src/lsm6dso', 'symlink_install': False, 'test_result_base': None}
[4.076s] INFO:colcon.colcon_core.executor:Executing jobs using 'parallel' executor
[4.080s] DEBUG:colcon.colcon_parallel_executor.executor.parallel:run_until_complete
[4.081s] INFO:colcon.colcon_ros.task.ament_python.build:Building ROS package in '/home/ubuntu/ros2_ws/src/lsm6dso' with build type 'ament_python'
[4.082s] Level 1:colcon.colcon_core.shell:create_environment_hook('lsm6dso', 'ament_prefix_path')
[4.094s] INFO:colcon.colcon_core.plugin_system:Skipping extension 'colcon_core.shell.bat': Not used on non-Windows systems
[4.095s] INFO:colcon.colcon_core.shell:Creating environment hook '/home/ubuntu/ros2_ws/install/lsm6dso/share/lsm6dso/hook/ament_prefix_path.ps1'
[4.098s] INFO:colcon.colcon_core.shell:Creating environment descriptor '/home/ubuntu/ros2_ws/install/lsm6dso/share/lsm6dso/hook/ament_prefix_path.dsv'
[4.100s] INFO:colcon.colcon_core.shell:Creating environment hook '/home/ubuntu/ros2_ws/install/lsm6dso/share/lsm6dso/hook/ament_prefix_path.sh'
[4.103s] INFO:colcon.colcon_core.shell:Skip shell extension 'powershell' for command environment: Not usable outside of PowerShell
[4.104s] DEBUG:colcon.colcon_core.shell:Skip shell extension 'dsv' for command environment
[5.714s] INFO:colcon.colcon_core.task.python.build:Building Python package in '/home/ubuntu/ros2_ws/src/lsm6dso'
[5.715s] INFO:colcon.colcon_core.shell:Skip shell extension 'powershell' for command environment: Not usable outside of PowerShell
[5.716s] DEBUG:colcon.colcon_core.shell:Skip shell extension 'dsv' for command environment
[7.754s] DEBUG:colcon.colcon_core.event_handler.log_command:Invoking command in '/home/ubuntu/ros2_ws/src/lsm6dso': PYTHONPATH=/home/ubuntu/ros2_ws/build/lsm6dso/prefix_override:/home/ubuntu/ros2_ws/install/lsm6dso/lib/python3.10/site-packages:${PYTHONPATH} /usr/bin/python3 -W ignore:setup.py install is deprecated setup.py egg_info --egg-base ../../build/lsm6dso build --build-base /home/ubuntu/ros2_ws/build/lsm6dso/build install --record /home/ubuntu/ros2_ws/build/lsm6dso/install.log --single-version-externally-managed install_data
[9.506s] DEBUG:colcon.colcon_core.event_handler.log_command:Invoked command in '/home/ubuntu/ros2_ws/src/lsm6dso' returned '0': PYTHONPATH=/home/ubuntu/ros2_ws/build/lsm6dso/prefix_override:/home/ubuntu/ros2_ws/install/lsm6dso/lib/python3.10/site-packages:${PYTHONPATH} /usr/bin/python3 -W ignore:setup.py install is deprecated setup.py egg_info --egg-base ../../build/lsm6dso build --build-base /home/ubuntu/ros2_ws/build/lsm6dso/build install --record /home/ubuntu/ros2_ws/build/lsm6dso/install.log --single-version-externally-managed install_data
[9.517s] Level 1:colcon.colcon_core.environment:checking '/home/ubuntu/ros2_ws/install/lsm6dso' for CMake module files
[9.519s] Level 1:colcon.colcon_core.environment:checking '/home/ubuntu/ros2_ws/install/lsm6dso' for CMake config files
[9.523s] Level 1:colcon.colcon_core.environment:checking '/home/ubuntu/ros2_ws/install/lsm6dso/lib'
[9.525s] Level 1:colcon.colcon_core.environment:checking '/home/ubuntu/ros2_ws/install/lsm6dso/bin'
[9.525s] Level 1:colcon.colcon_core.environment:checking '/home/ubuntu/ros2_ws/install/lsm6dso/lib/pkgconfig/lsm6dso.pc'
[9.528s] Level 1:colcon.colcon_core.environment:checking '/home/ubuntu/ros2_ws/install/lsm6dso/lib/python3.10/site-packages'
[9.529s] Level 1:colcon.colcon_core.shell:create_environment_hook('lsm6dso', 'pythonpath')
[9.531s] INFO:colcon.colcon_core.shell:Creating environment hook '/home/ubuntu/ros2_ws/install/lsm6dso/share/lsm6dso/hook/pythonpath.ps1'
[9.541s] INFO:colcon.colcon_core.shell:Creating environment descriptor '/home/ubuntu/ros2_ws/install/lsm6dso/share/lsm6dso/hook/pythonpath.dsv'
[9.544s] INFO:colcon.colcon_core.shell:Creating environment hook '/home/ubuntu/ros2_ws/install/lsm6dso/share/lsm6dso/hook/pythonpath.sh'
[9.551s] Level 1:colcon.colcon_core.environment:checking '/home/ubuntu/ros2_ws/install/lsm6dso/bin'
[9.552s] Level 1:colcon.colcon_core.environment:create_environment_scripts_only(lsm6dso)
[9.554s] INFO:colcon.colcon_core.shell:Creating package script '/home/ubuntu/ros2_ws/install/lsm6dso/share/lsm6dso/package.ps1'
[9.558s] INFO:colcon.colcon_core.shell:Creating package descriptor '/home/ubuntu/ros2_ws/install/lsm6dso/share/lsm6dso/package.dsv'
[9.563s] INFO:colcon.colcon_core.shell:Creating package script '/home/ubuntu/ros2_ws/install/lsm6dso/share/lsm6dso/package.sh'
[9.567s] INFO:colcon.colcon_core.shell:Creating package script '/home/ubuntu/ros2_ws/install/lsm6dso/share/lsm6dso/package.bash'
[9.571s] INFO:colcon.colcon_core.shell:Creating package script '/home/ubuntu/ros2_ws/install/lsm6dso/share/lsm6dso/package.zsh'
[9.574s] Level 1:colcon.colcon_core.environment:create_file_with_runtime_dependencies(/home/ubuntu/ros2_ws/install/lsm6dso/share/colcon-core/packages/lsm6dso)
[9.577s] DEBUG:colcon.colcon_parallel_executor.executor.parallel:closing loop
[9.578s] DEBUG:colcon.colcon_parallel_executor.executor.parallel:loop closed
[9.578s] DEBUG:colcon.colcon_parallel_executor.executor.parallel:run_until_complete finished with '0'
[9.578s] DEBUG:colcon.colcon_core.event_reactor:joining thread
[9.601s] INFO:colcon.colcon_core.plugin_system:Skipping extension 'colcon_notification.desktop_notification.notify_send': Could not find 'notify-send'
[9.602s] INFO:colcon.colcon_core.plugin_system:Skipping extension 'colcon_notification.desktop_notification.terminal_notifier': Not used on non-Darwin systems
[9.602s] INFO:colcon.colcon_core.plugin_system:Skipping extension 'colcon_notification.desktop_notification.win32': Not used on non-Windows systems
[9.602s] INFO:colcon.colcon_notification.desktop_notification:Sending desktop notification using 'notify2'
[9.606s] DEBUG:colcon.colcon_notification.desktop_notification.notify2:Failed to initialize notify2: org.freedesktop.DBus.Error.ServiceUnknown: The name org.freedesktop.Notifications was not provided by any .service files
[9.606s] DEBUG:colcon.colcon_core.event_reactor:joined thread
[9.608s] INFO:colcon.colcon_core.shell:Creating prefix script '/home/ubuntu/ros2_ws/install/local_setup.ps1'
[9.612s] INFO:colcon.colcon_core.shell:Creating prefix util module '/home/ubuntu/ros2_ws/install/_local_setup_util_ps1.py'
[9.617s] INFO:colcon.colcon_core.shell:Creating prefix chain script '/home/ubuntu/ros2_ws/install/setup.ps1'
[9.627s] INFO:colcon.colcon_core.shell:Creating prefix script '/home/ubuntu/ros2_ws/install/local_setup.sh'
[9.630s] INFO:colcon.colcon_core.shell:Creating prefix util module '/home/ubuntu/ros2_ws/install/_local_setup_util_sh.py'
[9.632s] INFO:colcon.colcon_core.shell:Creating prefix chain script '/home/ubuntu/ros2_ws/install/setup.sh'
[9.639s] INFO:colcon.colcon_core.shell:Creating prefix script '/home/ubuntu/ros2_ws/install/local_setup.bash'
[9.641s] INFO:colcon.colcon_core.shell:Creating prefix chain script '/home/ubuntu/ros2_ws/install/setup.bash'
[9.648s] INFO:colcon.colcon_core.shell:Creating prefix script '/home/ubuntu/ros2_ws/install/local_setup.zsh'
[9.651s] INFO:colcon.colcon_core.shell:Creating prefix chain script '/home/ubuntu/ros2_ws/install/setup.zsh'
