[8.181s] Invoking command in '/home/ubuntu/ros2_ws/build/lsm6dso': PYTHONPATH=/home/ubuntu/ros2_ws/build/lsm6dso/prefix_override:/home/ubuntu/ros2_ws/install/lsm6dso/lib/python3.10/site-packages:${PYTHONPATH} /usr/bin/python3 -W ignore:setup.py install is deprecated setup.py develop --editable --build-directory /home/ubuntu/ros2_ws/build/lsm6dso/build --no-deps symlink_data --force
[11.948s] running develop
[14.107s] running egg_info
[14.108s] writing lsm6dso.egg-info/PKG-INFO
[14.110s] writing dependency_links to lsm6dso.egg-info/dependency_links.txt
[14.110s] writing entry points to lsm6dso.egg-info/entry_points.txt
[14.113s] writing requirements to lsm6dso.egg-info/requires.txt
[14.114s] writing top-level names to lsm6dso.egg-info/top_level.txt
[14.120s] reading manifest file 'lsm6dso.egg-info/SOURCES.txt'
[14.123s] writing manifest file 'lsm6dso.egg-info/SOURCES.txt'
[14.134s] running build_ext
[14.136s] Creating /home/ubuntu/ros2_ws/install/lsm6dso/lib/python3.10/site-packages/lsm6dso.egg-link (link to .)
[14.144s] Installing calibrate_gyro script to /home/ubuntu/ros2_ws/install/lsm6dso/lib/lsm6dso
[14.146s] Installing lsm6dso script to /home/ubuntu/ros2_ws/install/lsm6dso/lib/lsm6dso
[14.150s] 
[14.152s] Installed /home/ubuntu/ros2_ws/build/lsm6dso
[14.154s] running symlink_data
[14.156s] symbolically linking /home/ubuntu/ros2_ws/build/lsm6dso/resource/lsm6dso -> /home/ubuntu/ros2_ws/install/lsm6dso/share/ament_index/resource_index/packages
[14.158s] symbolically linking /home/ubuntu/ros2_ws/build/lsm6dso/package.xml -> /home/ubuntu/ros2_ws/install/lsm6dso/share/lsm6dso
[14.429s] Invoked command in '/home/ubuntu/ros2_ws/build/lsm6dso' returned '0': PYTHONPATH=/home/ubuntu/ros2_ws/build/lsm6dso/prefix_override:/home/ubuntu/ros2_ws/install/lsm6dso/lib/python3.10/site-packages:${PYTHONPATH} /usr/bin/python3 -W ignore:setup.py install is deprecated setup.py develop --editable --build-directory /home/ubuntu/ros2_ws/build/lsm6dso/build --no-deps symlink_data --force
