[3.445s] Invoking command in '/home/ubuntu/ros2_ws/src/my_ahrs': PYTHONPATH=/home/ubuntu/ros2_ws/build/my_ahrs/prefix_override:/home/ubuntu/ros2_ws/install/my_ahrs/lib/python3.10/site-packages:${PYTHONPATH} /usr/bin/python3 -W ignore:setup.py install is deprecated setup.py egg_info --egg-base ../../build/my_ahrs build --build-base /home/ubuntu/ros2_ws/build/my_ahrs/build install --record /home/ubuntu/ros2_ws/build/my_ahrs/install.log --single-version-externally-managed install_data
[4.790s] running egg_info
[4.793s] writing ../../build/my_ahrs/my_ahrs.egg-info/PKG-INFO
[4.794s] writing dependency_links to ../../build/my_ahrs/my_ahrs.egg-info/dependency_links.txt
[4.795s] writing entry points to ../../build/my_ahrs/my_ahrs.egg-info/entry_points.txt
[4.798s] writing requirements to ../../build/my_ahrs/my_ahrs.egg-info/requires.txt
[4.799s] writing top-level names to ../../build/my_ahrs/my_ahrs.egg-info/top_level.txt
[4.807s] reading manifest file '../../build/my_ahrs/my_ahrs.egg-info/SOURCES.txt'
[4.811s] writing manifest file '../../build/my_ahrs/my_ahrs.egg-info/SOURCES.txt'
[4.812s] running build
[4.813s] running build_py
[4.813s] copying my_ahrs/complementary_filter.py -> /home/ubuntu/ros2_ws/build/my_ahrs/build/lib/my_ahrs
[4.815s] running install
[4.816s] running install_lib
[4.820s] copying /home/ubuntu/ros2_ws/build/my_ahrs/build/lib/my_ahrs/complementary_filter.py -> /home/ubuntu/ros2_ws/install/my_ahrs/lib/python3.10/site-packages/my_ahrs
[4.825s] byte-compiling /home/ubuntu/ros2_ws/install/my_ahrs/lib/python3.10/site-packages/my_ahrs/complementary_filter.py to complementary_filter.cpython-310.pyc
[4.828s] running install_data
[4.829s] running install_egg_info
[4.837s] removing '/home/ubuntu/ros2_ws/install/my_ahrs/lib/python3.10/site-packages/my_ahrs-0.0.0-py3.10.egg-info' (and everything under it)
[4.839s] Copying ../../build/my_ahrs/my_ahrs.egg-info to /home/ubuntu/ros2_ws/install/my_ahrs/lib/python3.10/site-packages/my_ahrs-0.0.0-py3.10.egg-info
[4.848s] running install_scripts
[4.928s] Installing cf_node script to /home/ubuntu/ros2_ws/install/my_ahrs/lib/my_ahrs
[4.929s] Installing ekf_node script to /home/ubuntu/ros2_ws/install/my_ahrs/lib/my_ahrs
[4.930s] Installing mad_node script to /home/ubuntu/ros2_ws/install/my_ahrs/lib/my_ahrs
[4.932s] writing list of installed files to '/home/ubuntu/ros2_ws/build/my_ahrs/install.log'
[5.082s] Invoked command in '/home/ubuntu/ros2_ws/src/my_ahrs' returned '0': PYTHONPATH=/home/ubuntu/ros2_ws/build/my_ahrs/prefix_override:/home/ubuntu/ros2_ws/install/my_ahrs/lib/python3.10/site-packages:${PYTHONPATH} /usr/bin/python3 -W ignore:setup.py install is deprecated setup.py egg_info --egg-base ../../build/my_ahrs build --build-base /home/ubuntu/ros2_ws/build/my_ahrs/build install --record /home/ubuntu/ros2_ws/build/my_ahrs/install.log --single-version-externally-managed install_data
