[32.928s] Invoking command in '/home/ubuntu/ros2_ws/src/bmm150_sensor': PYTHONPATH=/home/ubuntu/ros2_ws/build/bmm150_sensor/prefix_override:/home/ubuntu/ros2_ws/install/bmm150_sensor/lib/python3.10/site-packages:${PYTHONPATH} /usr/bin/python3 -W ignore:setup.py install is deprecated setup.py egg_info --egg-base ../../build/bmm150_sensor build --build-base /home/ubuntu/ros2_ws/build/bmm150_sensor/build install --record /home/ubuntu/ros2_ws/build/bmm150_sensor/install.log --single-version-externally-managed install_data
[42.546s] running egg_info
[42.585s] writing ../../build/bmm150_sensor/bmm150_sensor.egg-info/PKG-INFO
[42.594s] writing dependency_links to ../../build/bmm150_sensor/bmm150_sensor.egg-info/dependency_links.txt
[42.603s] writing entry points to ../../build/bmm150_sensor/bmm150_sensor.egg-info/entry_points.txt
[42.625s] writing requirements to ../../build/bmm150_sensor/bmm150_sensor.egg-info/requires.txt
[42.636s] writing top-level names to ../../build/bmm150_sensor/bmm150_sensor.egg-info/top_level.txt
[42.766s] reading manifest file '../../build/bmm150_sensor/bmm150_sensor.egg-info/SOURCES.txt'
[42.841s] writing manifest file '../../build/bmm150_sensor/bmm150_sensor.egg-info/SOURCES.txt'
[42.876s] running build
[42.877s] running build_py
[42.878s] running install
[42.879s] running install_lib
[43.093s] running install_data
[43.113s] running install_egg_info
[43.201s] removing '/home/ubuntu/ros2_ws/install/bmm150_sensor/lib/python3.10/site-packages/bmm150_sensor-0.0.0-py3.10.egg-info' (and everything under it)
[43.233s] Copying ../../build/bmm150_sensor/bmm150_sensor.egg-info to /home/ubuntu/ros2_ws/install/bmm150_sensor/lib/python3.10/site-packages/bmm150_sensor-0.0.0-py3.10.egg-info
[43.315s] running install_scripts
[44.443s] Installing bmm150 script to /home/ubuntu/ros2_ws/install/bmm150_sensor/lib/bmm150_sensor
[44.473s] writing list of installed files to '/home/ubuntu/ros2_ws/build/bmm150_sensor/install.log'
[45.369s] Invoked command in '/home/ubuntu/ros2_ws/src/bmm150_sensor' returned '0': PYTHONPATH=/home/ubuntu/ros2_ws/build/bmm150_sensor/prefix_override:/home/ubuntu/ros2_ws/install/bmm150_sensor/lib/python3.10/site-packages:${PYTHONPATH} /usr/bin/python3 -W ignore:setup.py install is deprecated setup.py egg_info --egg-base ../../build/bmm150_sensor build --build-base /home/ubuntu/ros2_ws/build/bmm150_sensor/build install --record /home/ubuntu/ros2_ws/build/bmm150_sensor/install.log --single-version-externally-managed install_data
