[3.473s] Invoking command in '/home/ubuntu/ros2_ws/src/my_ahrs': PYTHONPATH=/home/ubuntu/ros2_ws/build/my_ahrs/prefix_override:/home/ubuntu/ros2_ws/install/my_ahrs/lib/python3.10/site-packages:${PYTHONPATH} /usr/bin/python3 -W ignore:setup.py install is deprecated setup.py egg_info --egg-base ../../build/my_ahrs build --build-base /home/ubuntu/ros2_ws/build/my_ahrs/build install --record /home/ubuntu/ros2_ws/build/my_ahrs/install.log --single-version-externally-managed install_data
[4.636s] running egg_info
[4.638s] writing ../../build/my_ahrs/my_ahrs.egg-info/PKG-INFO
[4.640s] writing dependency_links to ../../build/my_ahrs/my_ahrs.egg-info/dependency_links.txt
[4.641s] writing entry points to ../../build/my_ahrs/my_ahrs.egg-info/entry_points.txt
[4.641s] writing requirements to ../../build/my_ahrs/my_ahrs.egg-info/requires.txt
[4.642s] writing top-level names to ../../build/my_ahrs/my_ahrs.egg-info/top_level.txt
[4.651s] reading manifest file '../../build/my_ahrs/my_ahrs.egg-info/SOURCES.txt'
[4.669s] writing manifest file '../../build/my_ahrs/my_ahrs.egg-info/SOURCES.txt'
[4.670s] running build
[4.670s] running build_py
[4.671s] copying my_ahrs/ekf_node.py -> /home/ubuntu/ros2_ws/build/my_ahrs/build/lib/my_ahrs
[4.672s] copying my_ahrs/madgwick_node.py -> /home/ubuntu/ros2_ws/build/my_ahrs/build/lib/my_ahrs
[4.673s] running install
[4.675s] running install_lib
[4.680s] copying /home/ubuntu/ros2_ws/build/my_ahrs/build/lib/my_ahrs/ekf_node.py -> /home/ubuntu/ros2_ws/install/my_ahrs/lib/python3.10/site-packages/my_ahrs
[4.681s] copying /home/ubuntu/ros2_ws/build/my_ahrs/build/lib/my_ahrs/madgwick_node.py -> /home/ubuntu/ros2_ws/install/my_ahrs/lib/python3.10/site-packages/my_ahrs
[4.683s] byte-compiling /home/ubuntu/ros2_ws/install/my_ahrs/lib/python3.10/site-packages/my_ahrs/ekf_node.py to ekf_node.cpython-310.pyc
[4.686s] byte-compiling /home/ubuntu/ros2_ws/install/my_ahrs/lib/python3.10/site-packages/my_ahrs/madgwick_node.py to madgwick_node.cpython-310.pyc
[4.689s] running install_data
[4.689s] running install_egg_info
[4.696s] removing '/home/ubuntu/ros2_ws/install/my_ahrs/lib/python3.10/site-packages/my_ahrs-0.0.0-py3.10.egg-info' (and everything under it)
[4.698s] Copying ../../build/my_ahrs/my_ahrs.egg-info to /home/ubuntu/ros2_ws/install/my_ahrs/lib/python3.10/site-packages/my_ahrs-0.0.0-py3.10.egg-info
[4.707s] running install_scripts
[4.783s] Installing ekf_node script to /home/ubuntu/ros2_ws/install/my_ahrs/lib/my_ahrs
[4.784s] Installing mad_node script to /home/ubuntu/ros2_ws/install/my_ahrs/lib/my_ahrs
[4.786s] writing list of installed files to '/home/ubuntu/ros2_ws/build/my_ahrs/install.log'
[4.915s] Invoked command in '/home/ubuntu/ros2_ws/src/my_ahrs' returned '0': PYTHONPATH=/home/ubuntu/ros2_ws/build/my_ahrs/prefix_override:/home/ubuntu/ros2_ws/install/my_ahrs/lib/python3.10/site-packages:${PYTHONPATH} /usr/bin/python3 -W ignore:setup.py install is deprecated setup.py egg_info --egg-base ../../build/my_ahrs build --build-base /home/ubuntu/ros2_ws/build/my_ahrs/build install --record /home/ubuntu/ros2_ws/build/my_ahrs/install.log --single-version-externally-managed install_data
