[0.174s] Invoking command in '/home/ubuntu/ros2_ws/build/aerobot_interfaces': CMAKE_PREFIX_PATH=${CMAKE_PREFIX_PATH}:/home/ubuntu/ros2_ws/install/my_ahrs:/home/ubuntu/ros2_ws/install/lsm6dso:/home/ubuntu/ros2_ws/install/esc_pkg:/home/ubuntu/ros2_ws/install/bmm150_sensor:/opt/ros/humble /usr/bin/cmake --build /home/ubuntu/ros2_ws/build/aerobot_interfaces -- -j4 -l4
[1.131s] [  2%] Built target aerobot_interfaces__cpp
[1.514s] [  2%] Built target ament_cmake_python_copy_aerobot_interfaces
[1.866s] [ 12%] Built target aerobot_interfaces__rosidl_typesupport_introspection_cpp
[2.211s] [ 23%] Built target aerobot_interfaces__rosidl_typesupport_cpp
[5.896s] running egg_info
[5.904s] writing aerobot_interfaces.egg-info/PKG-INFO
[5.909s] writing dependency_links to aerobot_interfaces.egg-info/dependency_links.txt
[5.912s] writing top-level names to aerobot_interfaces.egg-info/top_level.txt
[5.945s] reading manifest file 'aerobot_interfaces.egg-info/SOURCES.txt'
[5.954s] writing manifest file 'aerobot_interfaces.egg-info/SOURCES.txt'
[6.218s] [ 23%] Built target ament_cmake_python_build_aerobot_interfaces_egg
[6.389s] [ 33%] Built target aerobot_interfaces__rosidl_typesupport_fastrtps_cpp
[6.641s] [ 43%] Built target aerobot_interfaces__rosidl_generator_c
[6.953s] [ 53%] Built target aerobot_interfaces__rosidl_typesupport_fastrtps_c
[7.214s] [ 64%] Built target aerobot_interfaces__rosidl_typesupport_c
[7.464s] [ 74%] Built target aerobot_interfaces__rosidl_typesupport_introspection_c
[7.688s] [ 74%] Built target aerobot_interfaces
[7.932s] [ 76%] Built target aerobot_interfaces__py
[8.249s] [ 84%] Built target aerobot_interfaces__rosidl_generator_py
[8.542s] [ 89%] Built target aerobot_interfaces__rosidl_typesupport_fastrtps_c__pyext
[8.809s] [ 94%] Built target aerobot_interfaces__rosidl_typesupport_c__pyext
[9.050s] [100%] Built target aerobot_interfaces__rosidl_typesupport_introspection_c__pyext
[9.171s] Invoked command in '/home/ubuntu/ros2_ws/build/aerobot_interfaces' returned '0': CMAKE_PREFIX_PATH=${CMAKE_PREFIX_PATH}:/home/ubuntu/ros2_ws/install/my_ahrs:/home/ubuntu/ros2_ws/install/lsm6dso:/home/ubuntu/ros2_ws/install/esc_pkg:/home/ubuntu/ros2_ws/install/bmm150_sensor:/opt/ros/humble /usr/bin/cmake --build /home/ubuntu/ros2_ws/build/aerobot_interfaces -- -j4 -l4
[10.155s] Invoking command in '/home/ubuntu/ros2_ws/build/aerobot_interfaces': CMAKE_PREFIX_PATH=${CMAKE_PREFIX_PATH}:/home/ubuntu/ros2_ws/install/my_ahrs:/home/ubuntu/ros2_ws/install/lsm6dso:/home/ubuntu/ros2_ws/install/esc_pkg:/home/ubuntu/ros2_ws/install/bmm150_sensor:/opt/ros/humble /usr/bin/cmake --install /home/ubuntu/ros2_ws/build/aerobot_interfaces
[10.256s] -- Install configuration: ""
[10.263s] -- Up-to-date: /home/ubuntu/ros2_ws/install/aerobot_interfaces/share/ament_index/resource_index/rosidl_interfaces/aerobot_interfaces
[10.271s] -- Up-to-date: /home/ubuntu/ros2_ws/install/aerobot_interfaces/include/aerobot_interfaces/aerobot_interfaces
[10.277s] -- Up-to-date: /home/ubuntu/ros2_ws/install/aerobot_interfaces/include/aerobot_interfaces/aerobot_interfaces/srv
[10.286s] -- Up-to-date: /home/ubuntu/ros2_ws/install/aerobot_interfaces/include/aerobot_interfaces/aerobot_interfaces/srv/esc_srv.h
[10.290s] -- Up-to-date: /home/ubuntu/ros2_ws/install/aerobot_interfaces/include/aerobot_interfaces/aerobot_interfaces/srv/detail
[10.298s] -- Up-to-date: /home/ubuntu/ros2_ws/install/aerobot_interfaces/include/aerobot_interfaces/aerobot_interfaces/srv/detail/esc_srv__struct.h
[10.302s] -- Up-to-date: /home/ubuntu/ros2_ws/install/aerobot_interfaces/include/aerobot_interfaces/aerobot_interfaces/srv/detail/esc_srv__functions.c
[10.305s] -- Up-to-date: /home/ubuntu/ros2_ws/install/aerobot_interfaces/include/aerobot_interfaces/aerobot_interfaces/srv/detail/esc_srv__type_support.h
[10.308s] -- Up-to-date: /home/ubuntu/ros2_ws/install/aerobot_interfaces/include/aerobot_interfaces/aerobot_interfaces/srv/detail/esc_srv__functions.h
[10.311s] -- Up-to-date: /home/ubuntu/ros2_ws/install/aerobot_interfaces/include/aerobot_interfaces/aerobot_interfaces/msg
[10.318s] -- Up-to-date: /home/ubuntu/ros2_ws/install/aerobot_interfaces/include/aerobot_interfaces/aerobot_interfaces/msg/esc_msg.h
[10.321s] -- Up-to-date: /home/ubuntu/ros2_ws/install/aerobot_interfaces/include/aerobot_interfaces/aerobot_interfaces/msg/detail
[10.326s] -- Up-to-date: /home/ubuntu/ros2_ws/install/aerobot_interfaces/include/aerobot_interfaces/aerobot_interfaces/msg/detail/esc_msg__functions.c
[10.329s] -- Up-to-date: /home/ubuntu/ros2_ws/install/aerobot_interfaces/include/aerobot_interfaces/aerobot_interfaces/msg/detail/esc_msg__struct.h
[10.332s] -- Up-to-date: /home/ubuntu/ros2_ws/install/aerobot_interfaces/include/aerobot_interfaces/aerobot_interfaces/msg/detail/esc_msg__functions.h
[10.338s] -- Up-to-date: /home/ubuntu/ros2_ws/install/aerobot_interfaces/include/aerobot_interfaces/aerobot_interfaces/msg/detail/esc_msg__type_support.h
[10.342s] -- Up-to-date: /home/ubuntu/ros2_ws/install/aerobot_interfaces/include/aerobot_interfaces/aerobot_interfaces/msg/rosidl_generator_c__visibility_control.h
[10.345s] -- Up-to-date: /home/ubuntu/ros2_ws/install/aerobot_interfaces/share/aerobot_interfaces/environment/library_path.sh
[10.349s] -- Up-to-date: /home/ubuntu/ros2_ws/install/aerobot_interfaces/share/aerobot_interfaces/environment/library_path.dsv
[10.357s] -- Up-to-date: /home/ubuntu/ros2_ws/install/aerobot_interfaces/lib/libaerobot_interfaces__rosidl_generator_c.so
[10.361s] -- Up-to-date: /home/ubuntu/ros2_ws/install/aerobot_interfaces/include/aerobot_interfaces/aerobot_interfaces
[10.363s] -- Up-to-date: /home/ubuntu/ros2_ws/install/aerobot_interfaces/include/aerobot_interfaces/aerobot_interfaces/srv
[10.364s] -- Up-to-date: /home/ubuntu/ros2_ws/install/aerobot_interfaces/include/aerobot_interfaces/aerobot_interfaces/srv/detail
[10.367s] -- Up-to-date: /home/ubuntu/ros2_ws/install/aerobot_interfaces/include/aerobot_interfaces/aerobot_interfaces/srv/detail/esc_srv__rosidl_typesupport_fastrtps_c.h
[10.373s] -- Up-to-date: /home/ubuntu/ros2_ws/install/aerobot_interfaces/include/aerobot_interfaces/aerobot_interfaces/msg
[10.374s] -- Up-to-date: /home/ubuntu/ros2_ws/install/aerobot_interfaces/include/aerobot_interfaces/aerobot_interfaces/msg/rosidl_typesupport_fastrtps_c__visibility_control.h
[10.377s] -- Up-to-date: /home/ubuntu/ros2_ws/install/aerobot_interfaces/include/aerobot_interfaces/aerobot_interfaces/msg/detail
[10.386s] -- Up-to-date: /home/ubuntu/ros2_ws/install/aerobot_interfaces/include/aerobot_interfaces/aerobot_interfaces/msg/detail/esc_msg__rosidl_typesupport_fastrtps_c.h
[10.387s] -- Up-to-date: /home/ubuntu/ros2_ws/install/aerobot_interfaces/lib/libaerobot_interfaces__rosidl_typesupport_fastrtps_c.so
[10.388s] -- Up-to-date: /home/ubuntu/ros2_ws/install/aerobot_interfaces/include/aerobot_interfaces/aerobot_interfaces
[10.389s] -- Up-to-date: /home/ubuntu/ros2_ws/install/aerobot_interfaces/include/aerobot_interfaces/aerobot_interfaces/srv
[10.395s] -- Up-to-date: /home/ubuntu/ros2_ws/install/aerobot_interfaces/include/aerobot_interfaces/aerobot_interfaces/srv/detail
[10.397s] -- Up-to-date: /home/ubuntu/ros2_ws/install/aerobot_interfaces/include/aerobot_interfaces/aerobot_interfaces/srv/detail/esc_srv__type_support.c
[10.398s] -- Up-to-date: /home/ubuntu/ros2_ws/install/aerobot_interfaces/include/aerobot_interfaces/aerobot_interfaces/srv/detail/esc_srv__rosidl_typesupport_introspection_c.h
[10.399s] -- Up-to-date: /home/ubuntu/ros2_ws/install/aerobot_interfaces/include/aerobot_interfaces/aerobot_interfaces/msg
[10.400s] -- Up-to-date: /home/ubuntu/ros2_ws/install/aerobot_interfaces/include/aerobot_interfaces/aerobot_interfaces/msg/detail
[10.401s] -- Up-to-date: /home/ubuntu/ros2_ws/install/aerobot_interfaces/include/aerobot_interfaces/aerobot_interfaces/msg/detail/esc_msg__type_support.c
[10.401s] -- Up-to-date: /home/ubuntu/ros2_ws/install/aerobot_interfaces/include/aerobot_interfaces/aerobot_interfaces/msg/detail/esc_msg__rosidl_typesupport_introspection_c.h
[10.402s] -- Up-to-date: /home/ubuntu/ros2_ws/install/aerobot_interfaces/include/aerobot_interfaces/aerobot_interfaces/msg/rosidl_typesupport_introspection_c__visibility_control.h
[10.403s] -- Up-to-date: /home/ubuntu/ros2_ws/install/aerobot_interfaces/lib/libaerobot_interfaces__rosidl_typesupport_introspection_c.so
[10.404s] -- Up-to-date: /home/ubuntu/ros2_ws/install/aerobot_interfaces/lib/libaerobot_interfaces__rosidl_typesupport_c.so
[10.412s] -- Up-to-date: /home/ubuntu/ros2_ws/install/aerobot_interfaces/include/aerobot_interfaces/aerobot_interfaces
[10.414s] -- Up-to-date: /home/ubuntu/ros2_ws/install/aerobot_interfaces/include/aerobot_interfaces/aerobot_interfaces/srv
[10.415s] -- Up-to-date: /home/ubuntu/ros2_ws/install/aerobot_interfaces/include/aerobot_interfaces/aerobot_interfaces/srv/esc_srv.hpp
[10.418s] -- Up-to-date: /home/ubuntu/ros2_ws/install/aerobot_interfaces/include/aerobot_interfaces/aerobot_interfaces/srv/detail
[10.419s] -- Up-to-date: /home/ubuntu/ros2_ws/install/aerobot_interfaces/include/aerobot_interfaces/aerobot_interfaces/srv/detail/esc_srv__traits.hpp
[10.427s] -- Up-to-date: /home/ubuntu/ros2_ws/install/aerobot_interfaces/include/aerobot_interfaces/aerobot_interfaces/srv/detail/esc_srv__builder.hpp
[10.430s] -- Up-to-date: /home/ubuntu/ros2_ws/install/aerobot_interfaces/include/aerobot_interfaces/aerobot_interfaces/srv/detail/esc_srv__struct.hpp
[10.433s] -- Up-to-date: /home/ubuntu/ros2_ws/install/aerobot_interfaces/include/aerobot_interfaces/aerobot_interfaces/msg
[10.434s] -- Up-to-date: /home/ubuntu/ros2_ws/install/aerobot_interfaces/include/aerobot_interfaces/aerobot_interfaces/msg/esc_msg.hpp
[10.434s] -- Up-to-date: /home/ubuntu/ros2_ws/install/aerobot_interfaces/include/aerobot_interfaces/aerobot_interfaces/msg/detail
[10.435s] -- Up-to-date: /home/ubuntu/ros2_ws/install/aerobot_interfaces/include/aerobot_interfaces/aerobot_interfaces/msg/detail/esc_msg__struct.hpp
[10.439s] -- Up-to-date: /home/ubuntu/ros2_ws/install/aerobot_interfaces/include/aerobot_interfaces/aerobot_interfaces/msg/detail/esc_msg__builder.hpp
[10.440s] -- Up-to-date: /home/ubuntu/ros2_ws/install/aerobot_interfaces/include/aerobot_interfaces/aerobot_interfaces/msg/detail/esc_msg__traits.hpp
[10.441s] -- Up-to-date: /home/ubuntu/ros2_ws/install/aerobot_interfaces/include/aerobot_interfaces/aerobot_interfaces
[10.441s] -- Up-to-date: /home/ubuntu/ros2_ws/install/aerobot_interfaces/include/aerobot_interfaces/aerobot_interfaces/srv
[10.442s] -- Up-to-date: /home/ubuntu/ros2_ws/install/aerobot_interfaces/include/aerobot_interfaces/aerobot_interfaces/srv/detail
[10.443s] -- Up-to-date: /home/ubuntu/ros2_ws/install/aerobot_interfaces/include/aerobot_interfaces/aerobot_interfaces/srv/detail/dds_fastrtps
[10.453s] -- Up-to-date: /home/ubuntu/ros2_ws/install/aerobot_interfaces/include/aerobot_interfaces/aerobot_interfaces/srv/detail/esc_srv__rosidl_typesupport_fastrtps_cpp.hpp
[10.454s] -- Up-to-date: /home/ubuntu/ros2_ws/install/aerobot_interfaces/include/aerobot_interfaces/aerobot_interfaces/msg
[10.455s] -- Up-to-date: /home/ubuntu/ros2_ws/install/aerobot_interfaces/include/aerobot_interfaces/aerobot_interfaces/msg/rosidl_typesupport_fastrtps_cpp__visibility_control.h
[10.456s] -- Up-to-date: /home/ubuntu/ros2_ws/install/aerobot_interfaces/include/aerobot_interfaces/aerobot_interfaces/msg/detail
[10.457s] -- Up-to-date: /home/ubuntu/ros2_ws/install/aerobot_interfaces/include/aerobot_interfaces/aerobot_interfaces/msg/detail/dds_fastrtps
[10.458s] -- Up-to-date: /home/ubuntu/ros2_ws/install/aerobot_interfaces/include/aerobot_interfaces/aerobot_interfaces/msg/detail/esc_msg__rosidl_typesupport_fastrtps_cpp.hpp
[10.467s] -- Up-to-date: /home/ubuntu/ros2_ws/install/aerobot_interfaces/lib/libaerobot_interfaces__rosidl_typesupport_fastrtps_cpp.so
[10.472s] -- Up-to-date: /home/ubuntu/ros2_ws/install/aerobot_interfaces/include/aerobot_interfaces/aerobot_interfaces
[10.473s] -- Up-to-date: /home/ubuntu/ros2_ws/install/aerobot_interfaces/include/aerobot_interfaces/aerobot_interfaces/srv
[10.474s] -- Up-to-date: /home/ubuntu/ros2_ws/install/aerobot_interfaces/include/aerobot_interfaces/aerobot_interfaces/srv/detail
[10.480s] -- Up-to-date: /home/ubuntu/ros2_ws/install/aerobot_interfaces/include/aerobot_interfaces/aerobot_interfaces/srv/detail/esc_srv__type_support.cpp
[10.484s] -- Up-to-date: /home/ubuntu/ros2_ws/install/aerobot_interfaces/include/aerobot_interfaces/aerobot_interfaces/srv/detail/esc_srv__rosidl_typesupport_introspection_cpp.hpp
[10.486s] -- Up-to-date: /home/ubuntu/ros2_ws/install/aerobot_interfaces/include/aerobot_interfaces/aerobot_interfaces/msg
[10.486s] -- Up-to-date: /home/ubuntu/ros2_ws/install/aerobot_interfaces/include/aerobot_interfaces/aerobot_interfaces/msg/detail
[10.487s] -- Up-to-date: /home/ubuntu/ros2_ws/install/aerobot_interfaces/include/aerobot_interfaces/aerobot_interfaces/msg/detail/esc_msg__type_support.cpp
[10.488s] -- Up-to-date: /home/ubuntu/ros2_ws/install/aerobot_interfaces/include/aerobot_interfaces/aerobot_interfaces/msg/detail/esc_msg__rosidl_typesupport_introspection_cpp.hpp
[10.493s] -- Up-to-date: /home/ubuntu/ros2_ws/install/aerobot_interfaces/lib/libaerobot_interfaces__rosidl_typesupport_introspection_cpp.so
[10.504s] -- Up-to-date: /home/ubuntu/ros2_ws/install/aerobot_interfaces/lib/libaerobot_interfaces__rosidl_typesupport_cpp.so
[10.508s] -- Up-to-date: /home/ubuntu/ros2_ws/install/aerobot_interfaces/share/aerobot_interfaces/environment/pythonpath.sh
[10.510s] -- Up-to-date: /home/ubuntu/ros2_ws/install/aerobot_interfaces/share/aerobot_interfaces/environment/pythonpath.dsv
[10.515s] -- Up-to-date: /home/ubuntu/ros2_ws/install/aerobot_interfaces/local/lib/python3.10/dist-packages/aerobot_interfaces-0.0.0-py3.10.egg-info
[10.516s] -- Installing: /home/ubuntu/ros2_ws/install/aerobot_interfaces/local/lib/python3.10/dist-packages/aerobot_interfaces-0.0.0-py3.10.egg-info/SOURCES.txt
[10.521s] -- Installing: /home/ubuntu/ros2_ws/install/aerobot_interfaces/local/lib/python3.10/dist-packages/aerobot_interfaces-0.0.0-py3.10.egg-info/dependency_links.txt
[10.525s] -- Installing: /home/ubuntu/ros2_ws/install/aerobot_interfaces/local/lib/python3.10/dist-packages/aerobot_interfaces-0.0.0-py3.10.egg-info/PKG-INFO
[10.533s] -- Installing: /home/ubuntu/ros2_ws/install/aerobot_interfaces/local/lib/python3.10/dist-packages/aerobot_interfaces-0.0.0-py3.10.egg-info/top_level.txt
[10.538s] -- Up-to-date: /home/ubuntu/ros2_ws/install/aerobot_interfaces/local/lib/python3.10/dist-packages/aerobot_interfaces
[10.542s] -- Up-to-date: /home/ubuntu/ros2_ws/install/aerobot_interfaces/local/lib/python3.10/dist-packages/aerobot_interfaces/__init__.py
[10.550s] -- Up-to-date: /home/ubuntu/ros2_ws/install/aerobot_interfaces/local/lib/python3.10/dist-packages/aerobot_interfaces/aerobot_interfaces_s__rosidl_typesupport_fastrtps_c.cpython-310-aarch64-linux-gnu.so
[10.552s] -- Up-to-date: /home/ubuntu/ros2_ws/install/aerobot_interfaces/local/lib/python3.10/dist-packages/aerobot_interfaces/libaerobot_interfaces__rosidl_generator_py.so
[10.553s] -- Up-to-date: /home/ubuntu/ros2_ws/install/aerobot_interfaces/local/lib/python3.10/dist-packages/aerobot_interfaces/aerobot_interfaces_s__rosidl_typesupport_introspection_c.cpython-310-aarch64-linux-gnu.so
[10.560s] -- Up-to-date: /home/ubuntu/ros2_ws/install/aerobot_interfaces/local/lib/python3.10/dist-packages/aerobot_interfaces/_aerobot_interfaces_s.ep.rosidl_typesupport_fastrtps_c.c
[10.561s] -- Up-to-date: /home/ubuntu/ros2_ws/install/aerobot_interfaces/local/lib/python3.10/dist-packages/aerobot_interfaces/srv
[10.562s] -- Up-to-date: /home/ubuntu/ros2_ws/install/aerobot_interfaces/local/lib/python3.10/dist-packages/aerobot_interfaces/srv/__init__.py
[10.563s] -- Up-to-date: /home/ubuntu/ros2_ws/install/aerobot_interfaces/local/lib/python3.10/dist-packages/aerobot_interfaces/srv/_esc_srv_s.c
[10.570s] -- Up-to-date: /home/ubuntu/ros2_ws/install/aerobot_interfaces/local/lib/python3.10/dist-packages/aerobot_interfaces/srv/_esc_srv.py
[10.571s] -- Up-to-date: /home/ubuntu/ros2_ws/install/aerobot_interfaces/local/lib/python3.10/dist-packages/aerobot_interfaces/_aerobot_interfaces_s.ep.rosidl_typesupport_c.c
[10.573s] -- Up-to-date: /home/ubuntu/ros2_ws/install/aerobot_interfaces/local/lib/python3.10/dist-packages/aerobot_interfaces/_aerobot_interfaces_s.ep.rosidl_typesupport_introspection_c.c
[10.574s] -- Up-to-date: /home/ubuntu/ros2_ws/install/aerobot_interfaces/local/lib/python3.10/dist-packages/aerobot_interfaces/aerobot_interfaces_s__rosidl_typesupport_c.cpython-310-aarch64-linux-gnu.so
[10.575s] -- Up-to-date: /home/ubuntu/ros2_ws/install/aerobot_interfaces/local/lib/python3.10/dist-packages/aerobot_interfaces/msg
[10.584s] -- Up-to-date: /home/ubuntu/ros2_ws/install/aerobot_interfaces/local/lib/python3.10/dist-packages/aerobot_interfaces/msg/_esc_msg.py
[10.586s] -- Up-to-date: /home/ubuntu/ros2_ws/install/aerobot_interfaces/local/lib/python3.10/dist-packages/aerobot_interfaces/msg/__init__.py
[10.587s] -- Up-to-date: /home/ubuntu/ros2_ws/install/aerobot_interfaces/local/lib/python3.10/dist-packages/aerobot_interfaces/msg/_esc_msg_s.c
[11.006s] Listing '/home/ubuntu/ros2_ws/install/aerobot_interfaces/local/lib/python3.10/dist-packages/aerobot_interfaces'...
[11.007s] Listing '/home/ubuntu/ros2_ws/install/aerobot_interfaces/local/lib/python3.10/dist-packages/aerobot_interfaces/msg'...
[11.010s] Listing '/home/ubuntu/ros2_ws/install/aerobot_interfaces/local/lib/python3.10/dist-packages/aerobot_interfaces/srv'...
[11.063s] -- Up-to-date: /home/ubuntu/ros2_ws/install/aerobot_interfaces/local/lib/python3.10/dist-packages/aerobot_interfaces/aerobot_interfaces_s__rosidl_typesupport_fastrtps_c.cpython-310-aarch64-linux-gnu.so
[11.073s] -- Up-to-date: /home/ubuntu/ros2_ws/install/aerobot_interfaces/local/lib/python3.10/dist-packages/aerobot_interfaces/aerobot_interfaces_s__rosidl_typesupport_introspection_c.cpython-310-aarch64-linux-gnu.so
[11.080s] -- Up-to-date: /home/ubuntu/ros2_ws/install/aerobot_interfaces/local/lib/python3.10/dist-packages/aerobot_interfaces/aerobot_interfaces_s__rosidl_typesupport_c.cpython-310-aarch64-linux-gnu.so
[11.090s] -- Up-to-date: /home/ubuntu/ros2_ws/install/aerobot_interfaces/lib/libaerobot_interfaces__rosidl_generator_py.so
[11.096s] -- Up-to-date: /home/ubuntu/ros2_ws/install/aerobot_interfaces/share/aerobot_interfaces/srv/EscSrv.idl
[11.101s] -- Up-to-date: /home/ubuntu/ros2_ws/install/aerobot_interfaces/share/aerobot_interfaces/msg/EscMsg.idl
[11.105s] -- Up-to-date: /home/ubuntu/ros2_ws/install/aerobot_interfaces/share/aerobot_interfaces/srv/EscSrv.srv
[11.106s] -- Up-to-date: /home/ubuntu/ros2_ws/install/aerobot_interfaces/share/aerobot_interfaces/srv/EscSrv_Request.msg
[11.107s] -- Up-to-date: /home/ubuntu/ros2_ws/install/aerobot_interfaces/share/aerobot_interfaces/srv/EscSrv_Response.msg
[11.118s] -- Up-to-date: /home/ubuntu/ros2_ws/install/aerobot_interfaces/share/aerobot_interfaces/msg/EscMsg.msg
[11.121s] -- Up-to-date: /home/ubuntu/ros2_ws/install/aerobot_interfaces/share/ament_index/resource_index/package_run_dependencies/aerobot_interfaces
[11.122s] -- Up-to-date: /home/ubuntu/ros2_ws/install/aerobot_interfaces/share/ament_index/resource_index/parent_prefix_path/aerobot_interfaces
[11.123s] -- Up-to-date: /home/ubuntu/ros2_ws/install/aerobot_interfaces/share/aerobot_interfaces/environment/ament_prefix_path.sh
[11.124s] -- Up-to-date: /home/ubuntu/ros2_ws/install/aerobot_interfaces/share/aerobot_interfaces/environment/ament_prefix_path.dsv
[11.125s] -- Up-to-date: /home/ubuntu/ros2_ws/install/aerobot_interfaces/share/aerobot_interfaces/environment/path.sh
[11.126s] -- Up-to-date: /home/ubuntu/ros2_ws/install/aerobot_interfaces/share/aerobot_interfaces/environment/path.dsv
[11.127s] -- Up-to-date: /home/ubuntu/ros2_ws/install/aerobot_interfaces/share/aerobot_interfaces/local_setup.bash
[11.131s] -- Up-to-date: /home/ubuntu/ros2_ws/install/aerobot_interfaces/share/aerobot_interfaces/local_setup.sh
[11.132s] -- Up-to-date: /home/ubuntu/ros2_ws/install/aerobot_interfaces/share/aerobot_interfaces/local_setup.zsh
[11.133s] -- Up-to-date: /home/ubuntu/ros2_ws/install/aerobot_interfaces/share/aerobot_interfaces/local_setup.dsv
[11.134s] -- Installing: /home/ubuntu/ros2_ws/install/aerobot_interfaces/share/aerobot_interfaces/package.dsv
[11.139s] -- Up-to-date: /home/ubuntu/ros2_ws/install/aerobot_interfaces/share/ament_index/resource_index/packages/aerobot_interfaces
[11.145s] -- Up-to-date: /home/ubuntu/ros2_ws/install/aerobot_interfaces/share/aerobot_interfaces/cmake/export_aerobot_interfaces__rosidl_generator_cExport.cmake
[11.147s] -- Up-to-date: /home/ubuntu/ros2_ws/install/aerobot_interfaces/share/aerobot_interfaces/cmake/export_aerobot_interfaces__rosidl_generator_cExport-noconfig.cmake
[11.155s] -- Up-to-date: /home/ubuntu/ros2_ws/install/aerobot_interfaces/share/aerobot_interfaces/cmake/export_aerobot_interfaces__rosidl_typesupport_fastrtps_cExport.cmake
[11.158s] -- Up-to-date: /home/ubuntu/ros2_ws/install/aerobot_interfaces/share/aerobot_interfaces/cmake/export_aerobot_interfaces__rosidl_typesupport_fastrtps_cExport-noconfig.cmake
[11.173s] -- Up-to-date: /home/ubuntu/ros2_ws/install/aerobot_interfaces/share/aerobot_interfaces/cmake/aerobot_interfaces__rosidl_typesupport_introspection_cExport.cmake
[11.174s] -- Up-to-date: /home/ubuntu/ros2_ws/install/aerobot_interfaces/share/aerobot_interfaces/cmake/aerobot_interfaces__rosidl_typesupport_introspection_cExport-noconfig.cmake
[11.174s] -- Up-to-date: /home/ubuntu/ros2_ws/install/aerobot_interfaces/share/aerobot_interfaces/cmake/aerobot_interfaces__rosidl_typesupport_cExport.cmake
[11.175s] -- Up-to-date: /home/ubuntu/ros2_ws/install/aerobot_interfaces/share/aerobot_interfaces/cmake/aerobot_interfaces__rosidl_typesupport_cExport-noconfig.cmake
[11.179s] -- Up-to-date: /home/ubuntu/ros2_ws/install/aerobot_interfaces/share/aerobot_interfaces/cmake/export_aerobot_interfaces__rosidl_generator_cppExport.cmake
[11.185s] -- Up-to-date: /home/ubuntu/ros2_ws/install/aerobot_interfaces/share/aerobot_interfaces/cmake/export_aerobot_interfaces__rosidl_typesupport_fastrtps_cppExport.cmake
[11.186s] -- Up-to-date: /home/ubuntu/ros2_ws/install/aerobot_interfaces/share/aerobot_interfaces/cmake/export_aerobot_interfaces__rosidl_typesupport_fastrtps_cppExport-noconfig.cmake
[11.194s] -- Up-to-date: /home/ubuntu/ros2_ws/install/aerobot_interfaces/share/aerobot_interfaces/cmake/aerobot_interfaces__rosidl_typesupport_introspection_cppExport.cmake
[11.196s] -- Up-to-date: /home/ubuntu/ros2_ws/install/aerobot_interfaces/share/aerobot_interfaces/cmake/aerobot_interfaces__rosidl_typesupport_introspection_cppExport-noconfig.cmake
[11.198s] -- Up-to-date: /home/ubuntu/ros2_ws/install/aerobot_interfaces/share/aerobot_interfaces/cmake/aerobot_interfaces__rosidl_typesupport_cppExport.cmake
[11.199s] -- Up-to-date: /home/ubuntu/ros2_ws/install/aerobot_interfaces/share/aerobot_interfaces/cmake/aerobot_interfaces__rosidl_typesupport_cppExport-noconfig.cmake
[11.213s] -- Up-to-date: /home/ubuntu/ros2_ws/install/aerobot_interfaces/share/aerobot_interfaces/cmake/export_aerobot_interfaces__rosidl_generator_pyExport.cmake
[11.220s] -- Up-to-date: /home/ubuntu/ros2_ws/install/aerobot_interfaces/share/aerobot_interfaces/cmake/export_aerobot_interfaces__rosidl_generator_pyExport-noconfig.cmake
[11.221s] -- Up-to-date: /home/ubuntu/ros2_ws/install/aerobot_interfaces/share/aerobot_interfaces/cmake/rosidl_cmake-extras.cmake
[11.222s] -- Up-to-date: /home/ubuntu/ros2_ws/install/aerobot_interfaces/share/aerobot_interfaces/cmake/ament_cmake_export_include_directories-extras.cmake
[11.223s] -- Up-to-date: /home/ubuntu/ros2_ws/install/aerobot_interfaces/share/aerobot_interfaces/cmake/ament_cmake_export_libraries-extras.cmake
[11.224s] -- Up-to-date: /home/ubuntu/ros2_ws/install/aerobot_interfaces/share/aerobot_interfaces/cmake/ament_cmake_export_targets-extras.cmake
[11.230s] -- Up-to-date: /home/ubuntu/ros2_ws/install/aerobot_interfaces/share/aerobot_interfaces/cmake/rosidl_cmake_export_typesupport_targets-extras.cmake
[11.236s] -- Up-to-date: /home/ubuntu/ros2_ws/install/aerobot_interfaces/share/aerobot_interfaces/cmake/ament_cmake_export_dependencies-extras.cmake
[11.237s] -- Up-to-date: /home/ubuntu/ros2_ws/install/aerobot_interfaces/share/aerobot_interfaces/cmake/rosidl_cmake_export_typesupport_libraries-extras.cmake
[11.238s] -- Up-to-date: /home/ubuntu/ros2_ws/install/aerobot_interfaces/share/aerobot_interfaces/cmake/aerobot_interfacesConfig.cmake
[11.239s] -- Up-to-date: /home/ubuntu/ros2_ws/install/aerobot_interfaces/share/aerobot_interfaces/cmake/aerobot_interfacesConfig-version.cmake
[11.239s] -- Up-to-date: /home/ubuntu/ros2_ws/install/aerobot_interfaces/share/aerobot_interfaces/package.xml
[11.257s] Invoked command in '/home/ubuntu/ros2_ws/build/aerobot_interfaces' returned '0': CMAKE_PREFIX_PATH=${CMAKE_PREFIX_PATH}:/home/ubuntu/ros2_ws/install/my_ahrs:/home/ubuntu/ros2_ws/install/lsm6dso:/home/ubuntu/ros2_ws/install/esc_pkg:/home/ubuntu/ros2_ws/install/bmm150_sensor:/opt/ros/humble /usr/bin/cmake --install /home/ubuntu/ros2_ws/build/aerobot_interfaces
