[17.754s] Invoking command in '/home/ubuntu/ros2_ws/src/my_ahrs': PYTHONPATH=/home/ubuntu/ros2_ws/build/my_ahrs/prefix_override:/home/ubuntu/ros2_ws/install/my_ahrs/lib/python3.10/site-packages:${PYTHONPATH} /usr/bin/python3 -W ignore:setup.py install is deprecated setup.py egg_info --egg-base ../../build/my_ahrs build --build-base /home/ubuntu/ros2_ws/build/my_ahrs/build install --record /home/ubuntu/ros2_ws/build/my_ahrs/install.log --single-version-externally-managed install_data
[22.289s] running egg_info
[22.295s] creating ../../build/my_ahrs/my_ahrs.egg-info
[22.306s] writing ../../build/my_ahrs/my_ahrs.egg-info/PKG-INFO
[22.314s] writing dependency_links to ../../build/my_ahrs/my_ahrs.egg-info/dependency_links.txt
[22.320s] writing entry points to ../../build/my_ahrs/my_ahrs.egg-info/entry_points.txt
[22.326s] writing requirements to ../../build/my_ahrs/my_ahrs.egg-info/requires.txt
[22.331s] writing top-level names to ../../build/my_ahrs/my_ahrs.egg-info/top_level.txt
[22.339s] writing manifest file '../../build/my_ahrs/my_ahrs.egg-info/SOURCES.txt'
[22.400s] reading manifest file '../../build/my_ahrs/my_ahrs.egg-info/SOURCES.txt'
[22.412s] writing manifest file '../../build/my_ahrs/my_ahrs.egg-info/SOURCES.txt'
[22.418s] running build
[22.421s] running build_py
[22.426s] creating /home/ubuntu/ros2_ws/build/my_ahrs/build
[22.430s] creating /home/ubuntu/ros2_ws/build/my_ahrs/build/lib
[22.434s] creating /home/ubuntu/ros2_ws/build/my_ahrs/build/lib/my_ahrs
[22.439s] copying my_ahrs/__init__.py -> /home/ubuntu/ros2_ws/build/my_ahrs/build/lib/my_ahrs
[22.446s] copying my_ahrs/ahrs_node.py -> /home/ubuntu/ros2_ws/build/my_ahrs/build/lib/my_ahrs
[22.454s] running install
[22.462s] running install_lib
[22.477s] creating /home/ubuntu/ros2_ws/install/my_ahrs/lib/python3.10/site-packages/my_ahrs
[22.480s] copying /home/ubuntu/ros2_ws/build/my_ahrs/build/lib/my_ahrs/__init__.py -> /home/ubuntu/ros2_ws/install/my_ahrs/lib/python3.10/site-packages/my_ahrs
[22.488s] copying /home/ubuntu/ros2_ws/build/my_ahrs/build/lib/my_ahrs/ahrs_node.py -> /home/ubuntu/ros2_ws/install/my_ahrs/lib/python3.10/site-packages/my_ahrs
[22.497s] byte-compiling /home/ubuntu/ros2_ws/install/my_ahrs/lib/python3.10/site-packages/my_ahrs/__init__.py to __init__.cpython-310.pyc
[22.503s] byte-compiling /home/ubuntu/ros2_ws/install/my_ahrs/lib/python3.10/site-packages/my_ahrs/ahrs_node.py to ahrs_node.cpython-310.pyc
[22.512s] running install_data
[22.515s] creating /home/ubuntu/ros2_ws/install/my_ahrs/share/ament_index
[22.518s] creating /home/ubuntu/ros2_ws/install/my_ahrs/share/ament_index/resource_index
[22.521s] creating /home/ubuntu/ros2_ws/install/my_ahrs/share/ament_index/resource_index/packages
[22.524s] copying resource/my_ahrs -> /home/ubuntu/ros2_ws/install/my_ahrs/share/ament_index/resource_index/packages
[22.553s] copying package.xml -> /home/ubuntu/ros2_ws/install/my_ahrs/share/my_ahrs
[22.579s] running install_egg_info
[22.631s] Copying ../../build/my_ahrs/my_ahrs.egg-info to /home/ubuntu/ros2_ws/install/my_ahrs/lib/python3.10/site-packages/my_ahrs-0.0.0-py3.10.egg-info
[22.735s] running install_scripts
[23.399s] Installing ekf_node script to /home/ubuntu/ros2_ws/install/my_ahrs/lib/my_ahrs
[23.413s] writing list of installed files to '/home/ubuntu/ros2_ws/build/my_ahrs/install.log'
[24.064s] Invoked command in '/home/ubuntu/ros2_ws/src/my_ahrs' returned '0': PYTHONPATH=/home/ubuntu/ros2_ws/build/my_ahrs/prefix_override:/home/ubuntu/ros2_ws/install/my_ahrs/lib/python3.10/site-packages:${PYTHONPATH} /usr/bin/python3 -W ignore:setup.py install is deprecated setup.py egg_info --egg-base ../../build/my_ahrs build --build-base /home/ubuntu/ros2_ws/build/my_ahrs/build install --record /home/ubuntu/ros2_ws/build/my_ahrs/install.log --single-version-externally-managed install_data
