[0.000000] (-) TimerEvent: {}
[0.000934] (-) JobUnselected: {'identifier': 'bmm150_sensor'}
[0.001055] (-) JobUnselected: {'identifier': 'lsm6dso'}
[0.001589] (-) JobUnselected: {'identifier': 'my_ahrs'}
[0.002071] (ros2_imu) JobQueued: {'identifier': 'ros2_imu', 'dependencies': OrderedDict()}
[0.002208] (ros2_imu) JobStarted: {'identifier': 'ros2_imu'}
[0.041300] (ros2_imu) JobProgress: {'identifier': 'ros2_imu', 'progress': 'cmake'}
[0.047370] (ros2_imu) JobProgress: {'identifier': 'ros2_imu', 'progress': 'build'}
[0.050160] (ros2_imu) Command: {'cmd': ['/usr/bin/cmake', '--build', '/home/ubuntu/ros2_ws/build/ros2_imu', '--', '-j4', '-l4'], 'cwd': '/home/ubuntu/ros2_ws/build/ros2_imu', 'env': OrderedDict([('USER', 'ubuntu'), ('SSH_CLIENT', '192.168.0.106 57799 22'), ('XDG_SESSION_TYPE', 'tty'), ('SHLVL', '1'), ('LD_LIBRARY_PATH', '/opt/ros/humble/lib/aarch64-linux-gnu:/opt/ros/humble/lib'), ('MOTD_SHOWN', 'pam'), ('HOME', '/home/ubuntu'), ('OLDPWD', '/home/ubuntu'), ('ROS_PYTHON_VERSION', '3'), ('DBUS_SESSION_BUS_ADDRESS', 'unix:path=/run/user/1000/bus'), ('COLCON_PREFIX_PATH', '/home/ubuntu/ros2_ws/install'), ('ROS_DISTRO', 'humble'), ('LOGNAME', 'ubuntu'), ('_', '/usr/bin/colcon'), ('ROS_VERSION', '2'), ('XDG_SESSION_CLASS', 'user'), ('XDG_SESSION_ID', '3'), ('ROS_LOCALHOST_ONLY', '0'), ('PATH', '/opt/ros/humble/bin:/usr/local/sbin:/usr/local/bin:/usr/sbin:/usr/bin:/sbin:/bin:/usr/games:/usr/local/games:/snap/bin'), ('XDG_RUNTIME_DIR', '/run/user/1000'), ('LANG', 'en_US.UTF-8'), ('AMENT_PREFIX_PATH', '/home/ubuntu/ros2_ws/install/ros2_imu:/home/ubuntu/ros2_ws/install/my_ahrs:/home/ubuntu/ros2_ws/install/lsm6dso:/home/ubuntu/ros2_ws/install/bmm150_sensor:/opt/ros/humble'), ('SHELL', '/bin/bash'), ('PWD', '/home/ubuntu/ros2_ws/build/ros2_imu'), ('LC_ALL', 'C'), ('SSH_CONNECTION', '192.168.0.106 57799 192.168.0.122 22'), ('PYTHONPATH', '/home/ubuntu/ros2_ws/install/my_ahrs/lib/python3.10/site-packages:/home/ubuntu/ros2_ws/install/lsm6dso/lib/python3.10/site-packages:/home/ubuntu/ros2_ws/install/bmm150_sensor/lib/python3.10/site-packages:/opt/ros/humble/lib/python3.10/site-packages:/opt/ros/humble/local/lib/python3.10/dist-packages'), ('COLCON', '1'), ('CMAKE_PREFIX_PATH', '/home/ubuntu/ros2_ws/install/ros2_imu:/home/ubuntu/ros2_ws/install/my_ahrs:/home/ubuntu/ros2_ws/install/lsm6dso:/home/ubuntu/ros2_ws/install/bmm150_sensor:/opt/ros/humble')]), 'shell': False}
[0.099852] (-) TimerEvent: {}
[0.115175] (ros2_imu) StdoutLine: {'line': b'/usr/bin/cmake -S/home/ubuntu/ros2_ws/src/ros2_imu -B/home/ubuntu/ros2_ws/build/ros2_imu --check-build-system CMakeFiles/Makefile.cmake 0\n'}
[0.200010] (-) TimerEvent: {}
[0.279514] (ros2_imu) StdoutLine: {'line': b'-- Found ament_cmake: 1.3.9 (/opt/ros/humble/share/ament_cmake/cmake)\n'}
[0.300191] (-) TimerEvent: {}
[0.400599] (-) TimerEvent: {}
[0.503413] (-) TimerEvent: {}
[0.603815] (-) TimerEvent: {}
[0.704194] (-) TimerEvent: {}
[0.804573] (-) TimerEvent: {}
[0.904991] (-) TimerEvent: {}
[1.005461] (-) TimerEvent: {}
[1.064750] (ros2_imu) StdoutLine: {'line': b'-- Found ament_cmake_ros: 0.10.0 (/opt/ros/humble/share/ament_cmake_ros/cmake)\n'}
[1.105636] (-) TimerEvent: {}
[1.108788] (ros2_imu) StdoutLine: {'line': b'-- Found geometry_msgs: 4.2.4 (/opt/ros/humble/share/geometry_msgs/cmake)\n'}
[1.205790] (-) TimerEvent: {}
[1.306207] (-) TimerEvent: {}
[1.322553] (ros2_imu) StdoutLine: {'line': b'-- Found rosidl_generator_c: 3.1.5 (/opt/ros/humble/share/rosidl_generator_c/cmake)\n'}
[1.347681] (ros2_imu) StdoutLine: {'line': b'-- Found rosidl_adapter: 3.1.5 (/opt/ros/humble/share/rosidl_adapter/cmake)\n'}
[1.394836] (ros2_imu) StdoutLine: {'line': b'-- Found rosidl_generator_cpp: 3.1.5 (/opt/ros/humble/share/rosidl_generator_cpp/cmake)\n'}
[1.406429] (-) TimerEvent: {}
[1.472022] (ros2_imu) StdoutLine: {'line': b'-- Using all available rosidl_typesupport_c: rosidl_typesupport_fastrtps_c;rosidl_typesupport_introspection_c\n'}
[1.506578] (-) TimerEvent: {}
[1.574641] (ros2_imu) StdoutLine: {'line': b'-- Using all available rosidl_typesupport_cpp: rosidl_typesupport_fastrtps_cpp;rosidl_typesupport_introspection_cpp\n'}
[1.606733] (-) TimerEvent: {}
[1.707126] (-) TimerEvent: {}
[1.807506] (-) TimerEvent: {}
[1.907879] (-) TimerEvent: {}
[2.008265] (-) TimerEvent: {}
[2.108657] (-) TimerEvent: {}
[2.114054] (ros2_imu) StdoutLine: {'line': b'-- Found rclcpp: 16.0.9 (/opt/ros/humble/share/rclcpp/cmake)\n'}
[2.208861] (-) TimerEvent: {}
[2.309271] (-) TimerEvent: {}
[2.409665] (-) TimerEvent: {}
[2.421063] (ros2_imu) StdoutLine: {'line': b'-- Found rmw_implementation_cmake: 6.1.2 (/opt/ros/humble/share/rmw_implementation_cmake/cmake)\n'}
[2.431943] (ros2_imu) StdoutLine: {'line': b'-- Found rmw_fastrtps_cpp: 6.2.6 (/opt/ros/humble/share/rmw_fastrtps_cpp/cmake)\n'}
[2.509831] (-) TimerEvent: {}
[2.610219] (-) TimerEvent: {}
[2.710769] (-) TimerEvent: {}
[2.814734] (-) TimerEvent: {}
[2.915128] (-) TimerEvent: {}
[3.015507] (-) TimerEvent: {}
[3.115859] (-) TimerEvent: {}
[3.165607] (ros2_imu) StdoutLine: {'line': b"-- Using RMW implementation 'rmw_fastrtps_cpp' as default\n"}
[3.216028] (-) TimerEvent: {}
[3.316433] (-) TimerEvent: {}
[3.416833] (-) TimerEvent: {}
[3.517234] (-) TimerEvent: {}
[3.617641] (-) TimerEvent: {}
[3.718026] (-) TimerEvent: {}
[3.818456] (-) TimerEvent: {}
[3.918867] (-) TimerEvent: {}
[4.019294] (-) TimerEvent: {}
[4.119859] (-) TimerEvent: {}
[4.208199] (ros2_imu) StdoutLine: {'line': b'-- Configuring done\n'}
[4.219992] (-) TimerEvent: {}
[4.320366] (-) TimerEvent: {}
[4.327588] (ros2_imu) StdoutLine: {'line': b'-- Generating done\n'}
[4.338993] (ros2_imu) StdoutLine: {'line': b'-- Build files have been written to: /home/ubuntu/ros2_ws/build/ros2_imu\n'}
[4.362463] (ros2_imu) StdoutLine: {'line': b'/usr/bin/cmake -E cmake_progress_start /home/ubuntu/ros2_ws/build/ros2_imu/CMakeFiles /home/ubuntu/ros2_ws/build/ros2_imu//CMakeFiles/progress.marks\n'}
[4.402195] (ros2_imu) StdoutLine: {'line': b'/usr/bin/gmake  -f CMakeFiles/Makefile2 all\n'}
[4.413240] (ros2_imu) StdoutLine: {'line': b"gmake[1]: Entering directory '/home/ubuntu/ros2_ws/build/ros2_imu'\n"}
[4.413754] (ros2_imu) StdoutLine: {'line': b'/usr/bin/gmake  -f CMakeFiles/ros2_imu.dir/build.make CMakeFiles/ros2_imu.dir/depend\n'}
[4.414034] (ros2_imu) StdoutLine: {'line': b"gmake[2]: Entering directory '/home/ubuntu/ros2_ws/build/ros2_imu'\n"}
[4.414296] (ros2_imu) StdoutLine: {'line': b'cd /home/ubuntu/ros2_ws/build/ros2_imu && /usr/bin/cmake -E cmake_depends "Unix Makefiles" /home/ubuntu/ros2_ws/src/ros2_imu /home/ubuntu/ros2_ws/src/ros2_imu /home/ubuntu/ros2_ws/build/ros2_imu /home/ubuntu/ros2_ws/build/ros2_imu /home/ubuntu/ros2_ws/build/ros2_imu/CMakeFiles/ros2_imu.dir/DependInfo.cmake --color=\n'}
[4.420597] (-) TimerEvent: {}
[4.526755] (-) TimerEvent: {}
[4.627132] (-) TimerEvent: {}
[4.730796] (ros2_imu) StdoutLine: {'line': b'Consolidate compiler generated dependencies of target ros2_imu\n'}
[4.731393] (-) TimerEvent: {}
[4.736895] (ros2_imu) StdoutLine: {'line': b"gmake[2]: Leaving directory '/home/ubuntu/ros2_ws/build/ros2_imu'\n"}
[4.738360] (ros2_imu) StdoutLine: {'line': b'/usr/bin/gmake  -f CMakeFiles/ros2_imu.dir/build.make CMakeFiles/ros2_imu.dir/build\n'}
[4.780853] (ros2_imu) StdoutLine: {'line': b"gmake[2]: Entering directory '/home/ubuntu/ros2_ws/build/ros2_imu'\n"}
[4.818761] (ros2_imu) StdoutLine: {'line': b'[  7%] Building C object CMakeFiles/ros2_imu.dir/src/ext_svr.c.o\n'}
[4.823537] (ros2_imu) StdoutLine: {'line': b'/usr/bin/cc -DDEFAULT_RMW_IMPLEMENTATION=rmw_fastrtps_cpp -DRCUTILS_ENABLE_FAULT_INJECTION -DROS_PACKAGE_NAME=\\"ros2_imu\\" -I/home/ubuntu/ros2_ws/src/ros2_imu/include/ros2_imu -I/home/ubuntu/ros2_ws/src/ros2_imu/include -isystem /opt/ros/humble/include/geometry_msgs -isystem /opt/ros/humble/include/rclcpp -isystem /opt/ros/humble/include/std_msgs -isystem /opt/ros/humble/include/builtin_interfaces -isystem /opt/ros/humble/include/rosidl_runtime_c -isystem /opt/ros/humble/include/rcutils -isystem /opt/ros/humble/include/rosidl_typesupport_interface -isystem /opt/ros/humble/include/fastcdr -isystem /opt/ros/humble/include/rosidl_runtime_cpp -isystem /opt/ros/humble/include/rosidl_typesupport_fastrtps_cpp -isystem /opt/ros/humble/include/rmw -isystem /opt/ros/humble/include/rosidl_typesupport_fastrtps_c -isystem /opt/ros/humble/include/rosidl_typesupport_introspection_c -isystem /opt/ros/humble/include/rosidl_typesupport_introspection_cpp -isystem /opt/ros/humble/include/ament_index_cpp -isystem /opt/ros/humble/include/libstatistics_collector -isystem /opt/ros/humble/include/rcl -isystem /opt/ros/humble/include/rcl_interfaces -isystem /opt/ros/humble/include/rcl_logging_interface -isystem /opt/ros/humble/include/rcl_yaml_param_parser -isystem /opt/ros/humble/include/libyaml_vendor -isystem /opt/ros/humble/include/tracetools -isystem /opt/ros/humble/include/rcpputils -isystem /opt/ros/humble/include/statistics_msgs -isystem /opt/ros/humble/include/rosgraph_msgs -isystem /opt/ros/humble/include/rosidl_typesupport_cpp -isystem /opt/ros/humble/include/rosidl_typesupport_c -O3 -DNDEBUG -Wall -Wextra -Wpedantic -DMODEL=ros2_imu -DNUMST=1 -DNCSTATES=0 -DHAVESTDIO -DMODEL_HAS_DYNAMICALLY_LOADED_SFCNS=0 -DON_TARGET_WAIT_FOR_START=1 -DCLASSIC_INTERFACE=0 -DALLOCATIONFCN=0 -DTID01EQ=0 -DTERMFCN=1 -DONESTEPFCN=1 -DMAT_FILE=0 -DMULTI_INSTANCE_CODE=0 -DEXT_MODE=1 -DINTEGER_CODE=0 -DMT=0 -DROS2_PROJECT -DSTACK_SIZE=64 -D__MW_TARGET_USE_HARDWARE_RESOURCES_H__ -DRT=RT -fpermissive -std=gnu99 -MD -MT CMakeFiles/ros2_imu.dir/src/ext_svr.c.o -MF CMakeFiles/ros2_imu.dir/src/ext_svr.c.o.d -o CMakeFiles/ros2_imu.dir/src/ext_svr.c.o -c /home/ubuntu/ros2_ws/src/ros2_imu/src/ext_svr.c\n'}
[4.831599] (-) TimerEvent: {}
[4.847235] (ros2_imu) StderrLine: {'line': b"cc1: warning: command-line option '-fpermissive' is valid for C++/ObjC++ but not for C\n"}
[4.931748] (-) TimerEvent: {}
[5.032108] (-) TimerEvent: {}
[5.132482] (-) TimerEvent: {}
[5.232907] (-) TimerEvent: {}
[5.333300] (-) TimerEvent: {}
[5.433705] (-) TimerEvent: {}
[5.534094] (-) TimerEvent: {}
[5.634483] (-) TimerEvent: {}
[5.734943] (-) TimerEvent: {}
[5.835372] (-) TimerEvent: {}
[5.935860] (-) TimerEvent: {}
[6.036336] (-) TimerEvent: {}
[6.136835] (-) TimerEvent: {}
[6.237253] (-) TimerEvent: {}
[6.266181] (ros2_imu) StdoutLine: {'line': b'[ 15%] Building C object CMakeFiles/ros2_imu.dir/src/updown.c.o\n'}
[6.270385] (ros2_imu) StdoutLine: {'line': b'/usr/bin/cc -DDEFAULT_RMW_IMPLEMENTATION=rmw_fastrtps_cpp -DRCUTILS_ENABLE_FAULT_INJECTION -DROS_PACKAGE_NAME=\\"ros2_imu\\" -I/home/ubuntu/ros2_ws/src/ros2_imu/include/ros2_imu -I/home/ubuntu/ros2_ws/src/ros2_imu/include -isystem /opt/ros/humble/include/geometry_msgs -isystem /opt/ros/humble/include/rclcpp -isystem /opt/ros/humble/include/std_msgs -isystem /opt/ros/humble/include/builtin_interfaces -isystem /opt/ros/humble/include/rosidl_runtime_c -isystem /opt/ros/humble/include/rcutils -isystem /opt/ros/humble/include/rosidl_typesupport_interface -isystem /opt/ros/humble/include/fastcdr -isystem /opt/ros/humble/include/rosidl_runtime_cpp -isystem /opt/ros/humble/include/rosidl_typesupport_fastrtps_cpp -isystem /opt/ros/humble/include/rmw -isystem /opt/ros/humble/include/rosidl_typesupport_fastrtps_c -isystem /opt/ros/humble/include/rosidl_typesupport_introspection_c -isystem /opt/ros/humble/include/rosidl_typesupport_introspection_cpp -isystem /opt/ros/humble/include/ament_index_cpp -isystem /opt/ros/humble/include/libstatistics_collector -isystem /opt/ros/humble/include/rcl -isystem /opt/ros/humble/include/rcl_interfaces -isystem /opt/ros/humble/include/rcl_logging_interface -isystem /opt/ros/humble/include/rcl_yaml_param_parser -isystem /opt/ros/humble/include/libyaml_vendor -isystem /opt/ros/humble/include/tracetools -isystem /opt/ros/humble/include/rcpputils -isystem /opt/ros/humble/include/statistics_msgs -isystem /opt/ros/humble/include/rosgraph_msgs -isystem /opt/ros/humble/include/rosidl_typesupport_cpp -isystem /opt/ros/humble/include/rosidl_typesupport_c -O3 -DNDEBUG -Wall -Wextra -Wpedantic -DMODEL=ros2_imu -DNUMST=1 -DNCSTATES=0 -DHAVESTDIO -DMODEL_HAS_DYNAMICALLY_LOADED_SFCNS=0 -DON_TARGET_WAIT_FOR_START=1 -DCLASSIC_INTERFACE=0 -DALLOCATIONFCN=0 -DTID01EQ=0 -DTERMFCN=1 -DONESTEPFCN=1 -DMAT_FILE=0 -DMULTI_INSTANCE_CODE=0 -DEXT_MODE=1 -DINTEGER_CODE=0 -DMT=0 -DROS2_PROJECT -DSTACK_SIZE=64 -D__MW_TARGET_USE_HARDWARE_RESOURCES_H__ -DRT=RT -fpermissive -std=gnu99 -MD -MT CMakeFiles/ros2_imu.dir/src/updown.c.o -MF CMakeFiles/ros2_imu.dir/src/updown.c.o.d -o CMakeFiles/ros2_imu.dir/src/updown.c.o -c /home/ubuntu/ros2_ws/src/ros2_imu/src/updown.c\n'}
[6.293506] (ros2_imu) StderrLine: {'line': b"cc1: warning: command-line option '-fpermissive' is valid for C++/ObjC++ but not for C\n"}
[6.337417] (-) TimerEvent: {}
[6.437828] (-) TimerEvent: {}
[6.538263] (-) TimerEvent: {}
[6.638747] (-) TimerEvent: {}
[6.739206] (-) TimerEvent: {}
[6.839671] (-) TimerEvent: {}
[6.940131] (-) TimerEvent: {}
[7.040573] (-) TimerEvent: {}
[7.141091] (-) TimerEvent: {}
[7.241631] (-) TimerEvent: {}
[7.342048] (-) TimerEvent: {}
[7.399623] (ros2_imu) StdoutLine: {'line': b'[ 23%] Building C object CMakeFiles/ros2_imu.dir/src/rtiostream_utils.c.o\n'}
[7.404668] (ros2_imu) StdoutLine: {'line': b'/usr/bin/cc -DDEFAULT_RMW_IMPLEMENTATION=rmw_fastrtps_cpp -DRCUTILS_ENABLE_FAULT_INJECTION -DROS_PACKAGE_NAME=\\"ros2_imu\\" -I/home/ubuntu/ros2_ws/src/ros2_imu/include/ros2_imu -I/home/ubuntu/ros2_ws/src/ros2_imu/include -isystem /opt/ros/humble/include/geometry_msgs -isystem /opt/ros/humble/include/rclcpp -isystem /opt/ros/humble/include/std_msgs -isystem /opt/ros/humble/include/builtin_interfaces -isystem /opt/ros/humble/include/rosidl_runtime_c -isystem /opt/ros/humble/include/rcutils -isystem /opt/ros/humble/include/rosidl_typesupport_interface -isystem /opt/ros/humble/include/fastcdr -isystem /opt/ros/humble/include/rosidl_runtime_cpp -isystem /opt/ros/humble/include/rosidl_typesupport_fastrtps_cpp -isystem /opt/ros/humble/include/rmw -isystem /opt/ros/humble/include/rosidl_typesupport_fastrtps_c -isystem /opt/ros/humble/include/rosidl_typesupport_introspection_c -isystem /opt/ros/humble/include/rosidl_typesupport_introspection_cpp -isystem /opt/ros/humble/include/ament_index_cpp -isystem /opt/ros/humble/include/libstatistics_collector -isystem /opt/ros/humble/include/rcl -isystem /opt/ros/humble/include/rcl_interfaces -isystem /opt/ros/humble/include/rcl_logging_interface -isystem /opt/ros/humble/include/rcl_yaml_param_parser -isystem /opt/ros/humble/include/libyaml_vendor -isystem /opt/ros/humble/include/tracetools -isystem /opt/ros/humble/include/rcpputils -isystem /opt/ros/humble/include/statistics_msgs -isystem /opt/ros/humble/include/rosgraph_msgs -isystem /opt/ros/humble/include/rosidl_typesupport_cpp -isystem /opt/ros/humble/include/rosidl_typesupport_c -O3 -DNDEBUG -Wall -Wextra -Wpedantic -DMODEL=ros2_imu -DNUMST=1 -DNCSTATES=0 -DHAVESTDIO -DMODEL_HAS_DYNAMICALLY_LOADED_SFCNS=0 -DON_TARGET_WAIT_FOR_START=1 -DCLASSIC_INTERFACE=0 -DALLOCATIONFCN=0 -DTID01EQ=0 -DTERMFCN=1 -DONESTEPFCN=1 -DMAT_FILE=0 -DMULTI_INSTANCE_CODE=0 -DEXT_MODE=1 -DINTEGER_CODE=0 -DMT=0 -DROS2_PROJECT -DSTACK_SIZE=64 -D__MW_TARGET_USE_HARDWARE_RESOURCES_H__ -DRT=RT -fpermissive -std=gnu99 -MD -MT CMakeFiles/ros2_imu.dir/src/rtiostream_utils.c.o -MF CMakeFiles/ros2_imu.dir/src/rtiostream_utils.c.o.d -o CMakeFiles/ros2_imu.dir/src/rtiostream_utils.c.o -c /home/ubuntu/ros2_ws/src/ros2_imu/src/rtiostream_utils.c\n'}
[7.425658] (ros2_imu) StderrLine: {'line': b"cc1: warning: command-line option '-fpermissive' is valid for C++/ObjC++ but not for C\n"}
[7.446726] (-) TimerEvent: {}
[7.547143] (-) TimerEvent: {}
[7.588535] (ros2_imu) StdoutLine: {'line': b'[ 30%] Building CXX object CMakeFiles/ros2_imu.dir/src/main.cpp.o\n'}
[7.594179] (ros2_imu) StdoutLine: {'line': b'/usr/bin/c++ -DDEFAULT_RMW_IMPLEMENTATION=rmw_fastrtps_cpp -DRCUTILS_ENABLE_FAULT_INJECTION -DROS_PACKAGE_NAME=\\"ros2_imu\\" -I/home/ubuntu/ros2_ws/src/ros2_imu/include/ros2_imu -I/home/ubuntu/ros2_ws/src/ros2_imu/include -isystem /opt/ros/humble/include/geometry_msgs -isystem /opt/ros/humble/include/rclcpp -isystem /opt/ros/humble/include/std_msgs -isystem /opt/ros/humble/include/builtin_interfaces -isystem /opt/ros/humble/include/rosidl_runtime_c -isystem /opt/ros/humble/include/rcutils -isystem /opt/ros/humble/include/rosidl_typesupport_interface -isystem /opt/ros/humble/include/fastcdr -isystem /opt/ros/humble/include/rosidl_runtime_cpp -isystem /opt/ros/humble/include/rosidl_typesupport_fastrtps_cpp -isystem /opt/ros/humble/include/rmw -isystem /opt/ros/humble/include/rosidl_typesupport_fastrtps_c -isystem /opt/ros/humble/include/rosidl_typesupport_introspection_c -isystem /opt/ros/humble/include/rosidl_typesupport_introspection_cpp -isystem /opt/ros/humble/include/ament_index_cpp -isystem /opt/ros/humble/include/libstatistics_collector -isystem /opt/ros/humble/include/rcl -isystem /opt/ros/humble/include/rcl_interfaces -isystem /opt/ros/humble/include/rcl_logging_interface -isystem /opt/ros/humble/include/rcl_yaml_param_parser -isystem /opt/ros/humble/include/libyaml_vendor -isystem /opt/ros/humble/include/tracetools -isystem /opt/ros/humble/include/rcpputils -isystem /opt/ros/humble/include/statistics_msgs -isystem /opt/ros/humble/include/rosgraph_msgs -isystem /opt/ros/humble/include/rosidl_typesupport_cpp -isystem /opt/ros/humble/include/rosidl_typesupport_c -O3 -DNDEBUG -Wall -Wextra -Wpedantic -DMODEL=ros2_imu -DNUMST=1 -DNCSTATES=0 -DHAVESTDIO -DMODEL_HAS_DYNAMICALLY_LOADED_SFCNS=0 -DON_TARGET_WAIT_FOR_START=1 -DCLASSIC_INTERFACE=0 -DALLOCATIONFCN=0 -DTID01EQ=0 -DTERMFCN=1 -DONESTEPFCN=1 -DMAT_FILE=0 -DMULTI_INSTANCE_CODE=0 -DEXT_MODE=1 -DINTEGER_CODE=0 -DMT=0 -DROS2_PROJECT -DSTACK_SIZE=64 -D__MW_TARGET_USE_HARDWARE_RESOURCES_H__ -DRT=RT -fpermissive -MD -MT CMakeFiles/ros2_imu.dir/src/main.cpp.o -MF CMakeFiles/ros2_imu.dir/src/main.cpp.o.d -o CMakeFiles/ros2_imu.dir/src/main.cpp.o -c /home/ubuntu/ros2_ws/src/ros2_imu/src/main.cpp\n'}
[7.647340] (-) TimerEvent: {}
[7.747777] (-) TimerEvent: {}
[7.848332] (-) TimerEvent: {}
[7.948957] (-) TimerEvent: {}
[8.049390] (-) TimerEvent: {}
[8.154960] (-) TimerEvent: {}
[8.265493] (-) TimerEvent: {}
[8.365909] (-) TimerEvent: {}
[8.466282] (-) TimerEvent: {}
[8.566682] (-) TimerEvent: {}
[8.667092] (-) TimerEvent: {}
[8.767491] (-) TimerEvent: {}
[8.867889] (-) TimerEvent: {}
[8.968278] (-) TimerEvent: {}
[9.069656] (-) TimerEvent: {}
[9.174722] (-) TimerEvent: {}
[9.275217] (-) TimerEvent: {}
[9.375804] (-) TimerEvent: {}
[9.476211] (-) TimerEvent: {}
[9.576590] (-) TimerEvent: {}
[9.677014] (-) TimerEvent: {}
[9.777449] (-) TimerEvent: {}
[9.877882] (-) TimerEvent: {}
[9.978398] (-) TimerEvent: {}
[10.078819] (-) TimerEvent: {}
[10.179263] (-) TimerEvent: {}
[10.279783] (-) TimerEvent: {}
[10.380210] (-) TimerEvent: {}
[10.480611] (-) TimerEvent: {}
[10.580999] (-) TimerEvent: {}
[10.681390] (-) TimerEvent: {}
[10.781814] (-) TimerEvent: {}
[10.882229] (-) TimerEvent: {}
[10.982652] (-) TimerEvent: {}
[11.083131] (-) TimerEvent: {}
[11.183601] (-) TimerEvent: {}
[11.286744] (-) TimerEvent: {}
[11.387196] (-) TimerEvent: {}
[11.487623] (-) TimerEvent: {}
[11.588050] (-) TimerEvent: {}
[11.688461] (-) TimerEvent: {}
[11.788939] (-) TimerEvent: {}
[11.889416] (-) TimerEvent: {}
[11.989834] (-) TimerEvent: {}
[12.090228] (-) TimerEvent: {}
[12.190640] (-) TimerEvent: {}
[12.291109] (-) TimerEvent: {}
[12.394685] (-) TimerEvent: {}
[12.495178] (-) TimerEvent: {}
[12.595607] (-) TimerEvent: {}
[12.696018] (-) TimerEvent: {}
[12.796464] (-) TimerEvent: {}
[12.896899] (-) TimerEvent: {}
[12.997360] (-) TimerEvent: {}
[13.097796] (-) TimerEvent: {}
[13.198253] (-) TimerEvent: {}
[13.298814] (-) TimerEvent: {}
[13.399344] (-) TimerEvent: {}
[13.499786] (-) TimerEvent: {}
[13.600267] (-) TimerEvent: {}
[13.700715] (-) TimerEvent: {}
[13.801163] (-) TimerEvent: {}
[13.901610] (-) TimerEvent: {}
[14.002047] (-) TimerEvent: {}
[14.102455] (-) TimerEvent: {}
[14.202917] (-) TimerEvent: {}
[14.303374] (-) TimerEvent: {}
[14.403824] (-) TimerEvent: {}
[14.504267] (-) TimerEvent: {}
[14.606793] (-) TimerEvent: {}
[14.710785] (-) TimerEvent: {}
[14.811238] (-) TimerEvent: {}
[14.911721] (-) TimerEvent: {}
[15.012144] (-) TimerEvent: {}
[15.112601] (-) TimerEvent: {}
[15.213027] (-) TimerEvent: {}
[15.313485] (-) TimerEvent: {}
[15.413934] (-) TimerEvent: {}
[15.514369] (-) TimerEvent: {}
[15.614825] (-) TimerEvent: {}
[15.715331] (-) TimerEvent: {}
[15.815971] (-) TimerEvent: {}
[15.916477] (-) TimerEvent: {}
[16.016923] (-) TimerEvent: {}
[16.117337] (-) TimerEvent: {}
[16.217782] (-) TimerEvent: {}
[16.318209] (-) TimerEvent: {}
[16.418731] (-) TimerEvent: {}
[16.519226] (-) TimerEvent: {}
[16.619718] (-) TimerEvent: {}
[16.720159] (-) TimerEvent: {}
[16.820623] (-) TimerEvent: {}
[16.921263] (-) TimerEvent: {}
[17.021693] (-) TimerEvent: {}
[17.122119] (-) TimerEvent: {}
[17.222554] (-) TimerEvent: {}
[17.323015] (-) TimerEvent: {}
[17.423474] (-) TimerEvent: {}
[17.523899] (-) TimerEvent: {}
[17.624356] (-) TimerEvent: {}
[17.724818] (-) TimerEvent: {}
[17.825259] (-) TimerEvent: {}
[17.925735] (-) TimerEvent: {}
[18.026749] (-) TimerEvent: {}
[18.127240] (-) TimerEvent: {}
[18.227681] (-) TimerEvent: {}
[18.328129] (-) TimerEvent: {}
[18.428574] (-) TimerEvent: {}
[18.529020] (-) TimerEvent: {}
[18.629435] (-) TimerEvent: {}
[18.729902] (-) TimerEvent: {}
[18.830354] (-) TimerEvent: {}
[18.930792] (-) TimerEvent: {}
[19.031232] (-) TimerEvent: {}
[19.131670] (-) TimerEvent: {}
[19.232134] (-) TimerEvent: {}
[19.332613] (-) TimerEvent: {}
[19.433068] (-) TimerEvent: {}
[19.533544] (-) TimerEvent: {}
[19.634052] (-) TimerEvent: {}
[19.734495] (-) TimerEvent: {}
[19.834944] (-) TimerEvent: {}
[19.935405] (-) TimerEvent: {}
[20.035894] (-) TimerEvent: {}
[20.136349] (-) TimerEvent: {}
[20.236800] (-) TimerEvent: {}
[20.337262] (-) TimerEvent: {}
[20.437740] (-) TimerEvent: {}
[20.538186] (-) TimerEvent: {}
[20.638647] (-) TimerEvent: {}
[20.739089] (-) TimerEvent: {}
[20.839518] (-) TimerEvent: {}
[20.939985] (-) TimerEvent: {}
[21.040421] (-) TimerEvent: {}
[21.140865] (-) TimerEvent: {}
[21.241344] (-) TimerEvent: {}
[21.341776] (-) TimerEvent: {}
[21.442206] (-) TimerEvent: {}
[21.542669] (-) TimerEvent: {}
[21.643098] (-) TimerEvent: {}
[21.743573] (-) TimerEvent: {}
[21.843989] (-) TimerEvent: {}
[21.944429] (-) TimerEvent: {}
[22.044871] (-) TimerEvent: {}
[22.145287] (-) TimerEvent: {}
[22.245712] (-) TimerEvent: {}
[22.346155] (-) TimerEvent: {}
[22.450736] (-) TimerEvent: {}
[22.551133] (-) TimerEvent: {}
[22.651568] (-) TimerEvent: {}
[22.751979] (-) TimerEvent: {}
[22.852410] (-) TimerEvent: {}
[22.952823] (-) TimerEvent: {}
[23.053266] (-) TimerEvent: {}
[23.153666] (-) TimerEvent: {}
[23.254121] (-) TimerEvent: {}
[23.329544] (ros2_imu) StdoutLine: {'line': b'[ 38%] Building CXX object CMakeFiles/ros2_imu.dir/src/ros2_imu.cpp.o\n'}
[23.344414] (ros2_imu) StdoutLine: {'line': b'/usr/bin/c++ -DDEFAULT_RMW_IMPLEMENTATION=rmw_fastrtps_cpp -DRCUTILS_ENABLE_FAULT_INJECTION -DROS_PACKAGE_NAME=\\"ros2_imu\\" -I/home/ubuntu/ros2_ws/src/ros2_imu/include/ros2_imu -I/home/ubuntu/ros2_ws/src/ros2_imu/include -isystem /opt/ros/humble/include/geometry_msgs -isystem /opt/ros/humble/include/rclcpp -isystem /opt/ros/humble/include/std_msgs -isystem /opt/ros/humble/include/builtin_interfaces -isystem /opt/ros/humble/include/rosidl_runtime_c -isystem /opt/ros/humble/include/rcutils -isystem /opt/ros/humble/include/rosidl_typesupport_interface -isystem /opt/ros/humble/include/fastcdr -isystem /opt/ros/humble/include/rosidl_runtime_cpp -isystem /opt/ros/humble/include/rosidl_typesupport_fastrtps_cpp -isystem /opt/ros/humble/include/rmw -isystem /opt/ros/humble/include/rosidl_typesupport_fastrtps_c -isystem /opt/ros/humble/include/rosidl_typesupport_introspection_c -isystem /opt/ros/humble/include/rosidl_typesupport_introspection_cpp -isystem /opt/ros/humble/include/ament_index_cpp -isystem /opt/ros/humble/include/libstatistics_collector -isystem /opt/ros/humble/include/rcl -isystem /opt/ros/humble/include/rcl_interfaces -isystem /opt/ros/humble/include/rcl_logging_interface -isystem /opt/ros/humble/include/rcl_yaml_param_parser -isystem /opt/ros/humble/include/libyaml_vendor -isystem /opt/ros/humble/include/tracetools -isystem /opt/ros/humble/include/rcpputils -isystem /opt/ros/humble/include/statistics_msgs -isystem /opt/ros/humble/include/rosgraph_msgs -isystem /opt/ros/humble/include/rosidl_typesupport_cpp -isystem /opt/ros/humble/include/rosidl_typesupport_c -O3 -DNDEBUG -Wall -Wextra -Wpedantic -DMODEL=ros2_imu -DNUMST=1 -DNCSTATES=0 -DHAVESTDIO -DMODEL_HAS_DYNAMICALLY_LOADED_SFCNS=0 -DON_TARGET_WAIT_FOR_START=1 -DCLASSIC_INTERFACE=0 -DALLOCATIONFCN=0 -DTID01EQ=0 -DTERMFCN=1 -DONESTEPFCN=1 -DMAT_FILE=0 -DMULTI_INSTANCE_CODE=0 -DEXT_MODE=1 -DINTEGER_CODE=0 -DMT=0 -DROS2_PROJECT -DSTACK_SIZE=64 -D__MW_TARGET_USE_HARDWARE_RESOURCES_H__ -DRT=RT -fpermissive -MD -MT CMakeFiles/ros2_imu.dir/src/ros2_imu.cpp.o -MF CMakeFiles/ros2_imu.dir/src/ros2_imu.cpp.o.d -o CMakeFiles/ros2_imu.dir/src/ros2_imu.cpp.o -c /home/ubuntu/ros2_ws/src/ros2_imu/src/ros2_imu.cpp\n'}
[23.354715] (-) TimerEvent: {}
[23.455116] (-) TimerEvent: {}
[23.555582] (-) TimerEvent: {}
[23.656019] (-) TimerEvent: {}
[23.756384] (-) TimerEvent: {}
[23.856760] (-) TimerEvent: {}
[23.957161] (-) TimerEvent: {}
[24.057699] (-) TimerEvent: {}
[24.158246] (-) TimerEvent: {}
[24.258656] (-) TimerEvent: {}
[24.359029] (-) TimerEvent: {}
[24.459405] (-) TimerEvent: {}
[24.559781] (-) TimerEvent: {}
[24.660232] (-) TimerEvent: {}
[24.761161] (-) TimerEvent: {}
[24.861671] (-) TimerEvent: {}
[24.962052] (-) TimerEvent: {}
[25.062439] (-) TimerEvent: {}
[25.162858] (-) TimerEvent: {}
[25.263289] (-) TimerEvent: {}
[25.363774] (-) TimerEvent: {}
[25.464287] (-) TimerEvent: {}
[25.564758] (-) TimerEvent: {}
[25.666802] (-) TimerEvent: {}
[25.767290] (-) TimerEvent: {}
[25.867784] (-) TimerEvent: {}
[25.968314] (-) TimerEvent: {}
[26.068896] (-) TimerEvent: {}
[26.169439] (-) TimerEvent: {}
[26.269994] (-) TimerEvent: {}
[26.370424] (-) TimerEvent: {}
[26.470964] (-) TimerEvent: {}
[26.571466] (-) TimerEvent: {}
[26.671910] (-) TimerEvent: {}
[26.772372] (-) TimerEvent: {}
[26.874760] (-) TimerEvent: {}
[26.975224] (-) TimerEvent: {}
[27.075650] (-) TimerEvent: {}
[27.176088] (-) TimerEvent: {}
[27.276560] (-) TimerEvent: {}
[27.377054] (-) TimerEvent: {}
[27.477556] (-) TimerEvent: {}
[27.577995] (-) TimerEvent: {}
[27.678459] (-) TimerEvent: {}
[27.778918] (-) TimerEvent: {}
[27.879363] (-) TimerEvent: {}
[27.979957] (-) TimerEvent: {}
[28.080435] (-) TimerEvent: {}
[28.180873] (-) TimerEvent: {}
[28.281356] (-) TimerEvent: {}
[28.381793] (-) TimerEvent: {}
[28.482227] (-) TimerEvent: {}
[28.582709] (-) TimerEvent: {}
[28.683156] (-) TimerEvent: {}
[28.783667] (-) TimerEvent: {}
[28.884085] (-) TimerEvent: {}
[28.984551] (-) TimerEvent: {}
[29.084979] (-) TimerEvent: {}
[29.185497] (-) TimerEvent: {}
[29.286025] (-) TimerEvent: {}
[29.386507] (-) TimerEvent: {}
[29.486952] (-) TimerEvent: {}
[29.587379] (-) TimerEvent: {}
[29.687780] (-) TimerEvent: {}
[29.788181] (-) TimerEvent: {}
[29.888633] (-) TimerEvent: {}
[29.989091] (-) TimerEvent: {}
[30.089517] (-) TimerEvent: {}
[30.189933] (-) TimerEvent: {}
[30.290788] (-) TimerEvent: {}
[30.391216] (-) TimerEvent: {}
[30.491637] (-) TimerEvent: {}
[30.592105] (-) TimerEvent: {}
[30.692548] (-) TimerEvent: {}
[30.793000] (-) TimerEvent: {}
[30.893427] (-) TimerEvent: {}
[30.993863] (-) TimerEvent: {}
[31.094306] (-) TimerEvent: {}
[31.194788] (-) TimerEvent: {}
[31.295271] (-) TimerEvent: {}
[31.398793] (-) TimerEvent: {}
[31.501383] (-) TimerEvent: {}
[31.601853] (-) TimerEvent: {}
[31.702302] (-) TimerEvent: {}
[31.806766] (-) TimerEvent: {}
[31.907250] (-) TimerEvent: {}
[32.007709] (-) TimerEvent: {}
[32.108157] (-) TimerEvent: {}
[32.208574] (-) TimerEvent: {}
[32.309006] (-) TimerEvent: {}
[32.409452] (-) TimerEvent: {}
[32.509892] (-) TimerEvent: {}
[32.610776] (-) TimerEvent: {}
[32.711244] (-) TimerEvent: {}
[32.811711] (-) TimerEvent: {}
[32.918820] (-) TimerEvent: {}
[33.019357] (-) TimerEvent: {}
[33.119837] (-) TimerEvent: {}
[33.220284] (-) TimerEvent: {}
[33.320769] (-) TimerEvent: {}
[33.421252] (-) TimerEvent: {}
[33.521739] (-) TimerEvent: {}
[33.622191] (-) TimerEvent: {}
[33.722655] (-) TimerEvent: {}
[33.823117] (-) TimerEvent: {}
[33.923607] (-) TimerEvent: {}
[34.024067] (-) TimerEvent: {}
[34.124557] (-) TimerEvent: {}
[34.234745] (-) TimerEvent: {}
[34.335206] (-) TimerEvent: {}
[34.435659] (-) TimerEvent: {}
[34.536152] (-) TimerEvent: {}
[34.636563] (-) TimerEvent: {}
[34.737000] (-) TimerEvent: {}
[34.837441] (-) TimerEvent: {}
[34.937923] (-) TimerEvent: {}
[35.038397] (-) TimerEvent: {}
[35.138851] (-) TimerEvent: {}
[35.239285] (-) TimerEvent: {}
[35.339707] (-) TimerEvent: {}
[35.440132] (-) TimerEvent: {}
[35.540599] (-) TimerEvent: {}
[35.641068] (-) TimerEvent: {}
[35.743571] (-) TimerEvent: {}
[35.844030] (-) TimerEvent: {}
[35.944506] (-) TimerEvent: {}
[36.045002] (-) TimerEvent: {}
[36.145499] (-) TimerEvent: {}
[36.245948] (-) TimerEvent: {}
[36.346390] (-) TimerEvent: {}
[36.446878] (-) TimerEvent: {}
[36.547319] (-) TimerEvent: {}
[36.647745] (-) TimerEvent: {}
[36.748184] (-) TimerEvent: {}
[36.848614] (-) TimerEvent: {}
[36.949060] (-) TimerEvent: {}
[37.049526] (-) TimerEvent: {}
[37.149994] (-) TimerEvent: {}
[37.250454] (-) TimerEvent: {}
[37.350924] (-) TimerEvent: {}
[37.451328] (-) TimerEvent: {}
[37.551753] (-) TimerEvent: {}
[37.652179] (-) TimerEvent: {}
[37.752614] (-) TimerEvent: {}
[37.853062] (-) TimerEvent: {}
[37.953484] (-) TimerEvent: {}
[38.053928] (-) TimerEvent: {}
[38.154843] (-) TimerEvent: {}
[38.255255] (-) TimerEvent: {}
[38.355674] (-) TimerEvent: {}
[38.456177] (-) TimerEvent: {}
[38.556667] (-) TimerEvent: {}
[38.657130] (-) TimerEvent: {}
[38.757593] (-) TimerEvent: {}
[38.858008] (-) TimerEvent: {}
[38.958498] (-) TimerEvent: {}
[39.059033] (-) TimerEvent: {}
[39.159477] (-) TimerEvent: {}
[39.259899] (-) TimerEvent: {}
[39.360367] (-) TimerEvent: {}
[39.460799] (-) TimerEvent: {}
[39.561214] (-) TimerEvent: {}
[39.661664] (-) TimerEvent: {}
[39.762134] (-) TimerEvent: {}
[39.862812] (-) TimerEvent: {}
[39.966777] (-) TimerEvent: {}
[40.070830] (-) TimerEvent: {}
[40.171352] (-) TimerEvent: {}
[40.274773] (-) TimerEvent: {}
[40.375207] (-) TimerEvent: {}
[40.475662] (-) TimerEvent: {}
[40.576109] (-) TimerEvent: {}
[40.677880] (-) TimerEvent: {}
[40.782750] (-) TimerEvent: {}
[40.886782] (-) TimerEvent: {}
[40.987212] (-) TimerEvent: {}
[41.087642] (-) TimerEvent: {}
[41.188083] (-) TimerEvent: {}
[41.288494] (-) TimerEvent: {}
[41.389009] (-) TimerEvent: {}
[41.489627] (-) TimerEvent: {}
[41.590087] (-) TimerEvent: {}
[41.690587] (-) TimerEvent: {}
[41.791292] (-) TimerEvent: {}
[41.891780] (-) TimerEvent: {}
[41.992194] (-) TimerEvent: {}
[42.092613] (-) TimerEvent: {}
[42.193066] (-) TimerEvent: {}
[42.293566] (-) TimerEvent: {}
[42.394089] (-) TimerEvent: {}
[42.494648] (-) TimerEvent: {}
[42.595089] (-) TimerEvent: {}
[42.695583] (-) TimerEvent: {}
[42.796102] (-) TimerEvent: {}
[42.896569] (-) TimerEvent: {}
[42.997011] (-) TimerEvent: {}
[43.097473] (-) TimerEvent: {}
[43.197953] (-) TimerEvent: {}
[43.298403] (-) TimerEvent: {}
[43.398857] (-) TimerEvent: {}
[43.499301] (-) TimerEvent: {}
[43.599933] (-) TimerEvent: {}
[43.700400] (-) TimerEvent: {}
[43.800947] (-) TimerEvent: {}
[43.902759] (-) TimerEvent: {}
[44.003233] (-) TimerEvent: {}
[44.103651] (-) TimerEvent: {}
[44.204071] (-) TimerEvent: {}
[44.304491] (-) TimerEvent: {}
[44.404966] (-) TimerEvent: {}
[44.505526] (-) TimerEvent: {}
[44.605979] (-) TimerEvent: {}
[44.706412] (-) TimerEvent: {}
[44.806883] (-) TimerEvent: {}
[44.907346] (-) TimerEvent: {}
[45.010145] (-) TimerEvent: {}
[45.110648] (-) TimerEvent: {}
[45.211091] (-) TimerEvent: {}
[45.312985] (-) TimerEvent: {}
[45.413456] (-) TimerEvent: {}
[45.513865] (-) TimerEvent: {}
[45.614280] (-) TimerEvent: {}
[45.714763] (-) TimerEvent: {}
[45.815172] (-) TimerEvent: {}
[45.915585] (-) TimerEvent: {}
[46.015976] (-) TimerEvent: {}
[46.116393] (-) TimerEvent: {}
[46.216855] (-) TimerEvent: {}
[46.317307] (-) TimerEvent: {}
[46.417717] (-) TimerEvent: {}
[46.518132] (-) TimerEvent: {}
[46.618549] (-) TimerEvent: {}
[46.719258] (-) TimerEvent: {}
[46.819737] (-) TimerEvent: {}
[46.920217] (-) TimerEvent: {}
[47.020668] (-) TimerEvent: {}
[47.121606] (-) TimerEvent: {}
[47.222050] (-) TimerEvent: {}
[47.322490] (-) TimerEvent: {}
[47.422901] (-) TimerEvent: {}
[47.523306] (-) TimerEvent: {}
[47.623726] (-) TimerEvent: {}
[47.724162] (-) TimerEvent: {}
[47.824637] (-) TimerEvent: {}
[47.925067] (-) TimerEvent: {}
[48.025464] (-) TimerEvent: {}
[48.125860] (-) TimerEvent: {}
[48.226282] (-) TimerEvent: {}
[48.326743] (-) TimerEvent: {}
[48.427170] (-) TimerEvent: {}
[48.527598] (-) TimerEvent: {}
[48.628036] (-) TimerEvent: {}
[48.728479] (-) TimerEvent: {}
[48.828917] (-) TimerEvent: {}
[48.929344] (-) TimerEvent: {}
[49.029798] (-) TimerEvent: {}
[49.130233] (-) TimerEvent: {}
[49.230668] (-) TimerEvent: {}
[49.331111] (-) TimerEvent: {}
[49.431540] (-) TimerEvent: {}
[49.531957] (-) TimerEvent: {}
[49.632386] (-) TimerEvent: {}
[49.732882] (-) TimerEvent: {}
[49.833321] (-) TimerEvent: {}
[49.933739] (-) TimerEvent: {}
[50.034147] (-) TimerEvent: {}
[50.134618] (-) TimerEvent: {}
[50.235055] (-) TimerEvent: {}
[50.335474] (-) TimerEvent: {}
[50.435917] (-) TimerEvent: {}
[50.536366] (-) TimerEvent: {}
[50.636856] (-) TimerEvent: {}
[50.737284] (-) TimerEvent: {}
[50.837677] (-) TimerEvent: {}
[50.938082] (-) TimerEvent: {}
[51.038506] (-) TimerEvent: {}
[51.138932] (-) TimerEvent: {}
[51.239372] (-) TimerEvent: {}
[51.339795] (-) TimerEvent: {}
[51.440227] (-) TimerEvent: {}
[51.540668] (-) TimerEvent: {}
[51.641124] (-) TimerEvent: {}
[51.741570] (-) TimerEvent: {}
[51.842032] (-) TimerEvent: {}
[51.942480] (-) TimerEvent: {}
[52.042940] (-) TimerEvent: {}
[52.143413] (-) TimerEvent: {}
[52.243857] (-) TimerEvent: {}
[52.344295] (-) TimerEvent: {}
[52.444731] (-) TimerEvent: {}
[52.545160] (-) TimerEvent: {}
[52.645572] (-) TimerEvent: {}
[52.745995] (-) TimerEvent: {}
[52.846434] (-) TimerEvent: {}
[52.946870] (-) TimerEvent: {}
[53.047349] (-) TimerEvent: {}
[53.147798] (-) TimerEvent: {}
[53.248233] (-) TimerEvent: {}
[53.348669] (-) TimerEvent: {}
[53.449159] (-) TimerEvent: {}
[53.549625] (-) TimerEvent: {}
[53.650085] (-) TimerEvent: {}
[53.750519] (-) TimerEvent: {}
[53.850963] (-) TimerEvent: {}
[53.951394] (-) TimerEvent: {}
[54.051830] (-) TimerEvent: {}
[54.152328] (-) TimerEvent: {}
[54.252854] (-) TimerEvent: {}
[54.353278] (-) TimerEvent: {}
[54.453719] (-) TimerEvent: {}
[54.554181] (-) TimerEvent: {}
[54.654663] (-) TimerEvent: {}
[54.755119] (-) TimerEvent: {}
[54.855539] (-) TimerEvent: {}
[54.955999] (-) TimerEvent: {}
[55.056480] (-) TimerEvent: {}
[55.156964] (-) TimerEvent: {}
[55.257426] (-) TimerEvent: {}
[55.357863] (-) TimerEvent: {}
[55.458321] (-) TimerEvent: {}
[55.558734] (-) TimerEvent: {}
[55.659130] (-) TimerEvent: {}
[55.759560] (-) TimerEvent: {}
[55.859988] (-) TimerEvent: {}
[55.960429] (-) TimerEvent: {}
[56.060878] (-) TimerEvent: {}
[56.161294] (-) TimerEvent: {}
[56.261742] (-) TimerEvent: {}
[56.362210] (-) TimerEvent: {}
[56.462679] (-) TimerEvent: {}
[56.563125] (-) TimerEvent: {}
[56.663580] (-) TimerEvent: {}
[56.764042] (-) TimerEvent: {}
[56.864506] (-) TimerEvent: {}
[56.964953] (-) TimerEvent: {}
[57.065460] (-) TimerEvent: {}
[57.166017] (-) TimerEvent: {}
[57.266489] (-) TimerEvent: {}
[57.366965] (-) TimerEvent: {}
[57.467465] (-) TimerEvent: {}
[57.568017] (-) TimerEvent: {}
[57.668515] (-) TimerEvent: {}
[57.768970] (-) TimerEvent: {}
[57.869457] (-) TimerEvent: {}
[57.970009] (-) TimerEvent: {}
[58.070475] (-) TimerEvent: {}
[58.170913] (-) TimerEvent: {}
[58.271366] (-) TimerEvent: {}
[58.371794] (-) TimerEvent: {}
[58.472246] (-) TimerEvent: {}
[58.572708] (-) TimerEvent: {}
[58.673128] (-) TimerEvent: {}
[58.773563] (-) TimerEvent: {}
[58.873965] (-) TimerEvent: {}
[58.974382] (-) TimerEvent: {}
[59.074824] (-) TimerEvent: {}
[59.175250] (-) TimerEvent: {}
[59.275704] (-) TimerEvent: {}
[59.376126] (-) TimerEvent: {}
[59.476566] (-) TimerEvent: {}
[59.577032] (-) TimerEvent: {}
[59.677485] (-) TimerEvent: {}
[59.777944] (-) TimerEvent: {}
[59.878403] (-) TimerEvent: {}
[59.978884] (-) TimerEvent: {}
[60.079314] (-) TimerEvent: {}
[60.179742] (-) TimerEvent: {}
[60.280189] (-) TimerEvent: {}
[60.380622] (-) TimerEvent: {}
[60.481079] (-) TimerEvent: {}
[60.581523] (-) TimerEvent: {}
[60.682001] (-) TimerEvent: {}
[60.782436] (-) TimerEvent: {}
[60.882872] (-) TimerEvent: {}
[60.983284] (-) TimerEvent: {}
[61.083719] (-) TimerEvent: {}
[61.184213] (-) TimerEvent: {}
[61.284686] (-) TimerEvent: {}
[61.385141] (-) TimerEvent: {}
[61.485606] (-) TimerEvent: {}
[61.586040] (-) TimerEvent: {}
[61.686450] (-) TimerEvent: {}
[61.786899] (-) TimerEvent: {}
[61.890737] (-) TimerEvent: {}
[61.991183] (-) TimerEvent: {}
[62.091601] (-) TimerEvent: {}
[62.192043] (-) TimerEvent: {}
[62.292457] (-) TimerEvent: {}
[62.392931] (-) TimerEvent: {}
[62.493378] (-) TimerEvent: {}
[62.593845] (-) TimerEvent: {}
[62.694321] (-) TimerEvent: {}
[62.794766] (-) TimerEvent: {}
[62.895190] (-) TimerEvent: {}
[62.995598] (-) TimerEvent: {}
[63.095986] (-) TimerEvent: {}
[63.196422] (-) TimerEvent: {}
[63.296873] (-) TimerEvent: {}
[63.397310] (-) TimerEvent: {}
[63.497771] (-) TimerEvent: {}
[63.598234] (-) TimerEvent: {}
[63.698742] (-) TimerEvent: {}
[63.799199] (-) TimerEvent: {}
[63.899658] (-) TimerEvent: {}
[64.000139] (-) TimerEvent: {}
[64.100622] (-) TimerEvent: {}
[64.201229] (-) TimerEvent: {}
[64.301738] (-) TimerEvent: {}
[64.402149] (-) TimerEvent: {}
[64.502590] (-) TimerEvent: {}
[64.603094] (-) TimerEvent: {}
[64.703554] (-) TimerEvent: {}
[64.804027] (-) TimerEvent: {}
[64.904536] (-) TimerEvent: {}
[65.005028] (-) TimerEvent: {}
[65.105508] (-) TimerEvent: {}
[65.205969] (-) TimerEvent: {}
[65.306465] (-) TimerEvent: {}
[65.407031] (-) TimerEvent: {}
[65.507605] (-) TimerEvent: {}
[65.608177] (-) TimerEvent: {}
[65.708645] (-) TimerEvent: {}
[65.809063] (-) TimerEvent: {}
[65.909499] (-) TimerEvent: {}
[66.009956] (-) TimerEvent: {}
[66.114756] (-) TimerEvent: {}
[66.215237] (-) TimerEvent: {}
[66.315705] (-) TimerEvent: {}
[66.418791] (-) TimerEvent: {}
[66.519222] (-) TimerEvent: {}
[66.619686] (-) TimerEvent: {}
[66.720148] (-) TimerEvent: {}
[66.820648] (-) TimerEvent: {}
[66.921115] (-) TimerEvent: {}
[67.021575] (-) TimerEvent: {}
[67.122125] (-) TimerEvent: {}
[67.222631] (-) TimerEvent: {}
[67.323074] (-) TimerEvent: {}
[67.423590] (-) TimerEvent: {}
[67.526194] (-) TimerEvent: {}
[67.626810] (-) TimerEvent: {}
[67.727336] (-) TimerEvent: {}
[67.827821] (-) TimerEvent: {}
[67.928311] (-) TimerEvent: {}
[68.028799] (-) TimerEvent: {}
[68.129328] (-) TimerEvent: {}
[68.229893] (-) TimerEvent: {}
[68.330384] (-) TimerEvent: {}
[68.430905] (-) TimerEvent: {}
[68.531400] (-) TimerEvent: {}
[68.631875] (-) TimerEvent: {}
[68.734761] (-) TimerEvent: {}
[68.835229] (-) TimerEvent: {}
[68.935745] (-) TimerEvent: {}
[69.036283] (-) TimerEvent: {}
[69.136801] (-) TimerEvent: {}
[69.237240] (-) TimerEvent: {}
[69.337676] (-) TimerEvent: {}
[69.438142] (-) TimerEvent: {}
[69.538693] (-) TimerEvent: {}
[69.639215] (-) TimerEvent: {}
[69.739757] (-) TimerEvent: {}
[69.840294] (-) TimerEvent: {}
[69.940775] (-) TimerEvent: {}
[70.041269] (-) TimerEvent: {}
[70.141902] (-) TimerEvent: {}
[70.242531] (-) TimerEvent: {}
[70.342993] (-) TimerEvent: {}
[70.443410] (-) TimerEvent: {}
[70.543925] (-) TimerEvent: {}
[70.646763] (-) TimerEvent: {}
[70.678945] (ros2_imu) StdoutLine: {'line': b'[ 46%] Building CXX object CMakeFiles/ros2_imu.dir/src/ros2_imu_data.cpp.o\n'}
[70.683293] (ros2_imu) StdoutLine: {'line': b'/usr/bin/c++ -DDEFAULT_RMW_IMPLEMENTATION=rmw_fastrtps_cpp -DRCUTILS_ENABLE_FAULT_INJECTION -DROS_PACKAGE_NAME=\\"ros2_imu\\" -I/home/ubuntu/ros2_ws/src/ros2_imu/include/ros2_imu -I/home/ubuntu/ros2_ws/src/ros2_imu/include -isystem /opt/ros/humble/include/geometry_msgs -isystem /opt/ros/humble/include/rclcpp -isystem /opt/ros/humble/include/std_msgs -isystem /opt/ros/humble/include/builtin_interfaces -isystem /opt/ros/humble/include/rosidl_runtime_c -isystem /opt/ros/humble/include/rcutils -isystem /opt/ros/humble/include/rosidl_typesupport_interface -isystem /opt/ros/humble/include/fastcdr -isystem /opt/ros/humble/include/rosidl_runtime_cpp -isystem /opt/ros/humble/include/rosidl_typesupport_fastrtps_cpp -isystem /opt/ros/humble/include/rmw -isystem /opt/ros/humble/include/rosidl_typesupport_fastrtps_c -isystem /opt/ros/humble/include/rosidl_typesupport_introspection_c -isystem /opt/ros/humble/include/rosidl_typesupport_introspection_cpp -isystem /opt/ros/humble/include/ament_index_cpp -isystem /opt/ros/humble/include/libstatistics_collector -isystem /opt/ros/humble/include/rcl -isystem /opt/ros/humble/include/rcl_interfaces -isystem /opt/ros/humble/include/rcl_logging_interface -isystem /opt/ros/humble/include/rcl_yaml_param_parser -isystem /opt/ros/humble/include/libyaml_vendor -isystem /opt/ros/humble/include/tracetools -isystem /opt/ros/humble/include/rcpputils -isystem /opt/ros/humble/include/statistics_msgs -isystem /opt/ros/humble/include/rosgraph_msgs -isystem /opt/ros/humble/include/rosidl_typesupport_cpp -isystem /opt/ros/humble/include/rosidl_typesupport_c -O3 -DNDEBUG -Wall -Wextra -Wpedantic -DMODEL=ros2_imu -DNUMST=1 -DNCSTATES=0 -DHAVESTDIO -DMODEL_HAS_DYNAMICALLY_LOADED_SFCNS=0 -DON_TARGET_WAIT_FOR_START=1 -DCLASSIC_INTERFACE=0 -DALLOCATIONFCN=0 -DTID01EQ=0 -DTERMFCN=1 -DONESTEPFCN=1 -DMAT_FILE=0 -DMULTI_INSTANCE_CODE=0 -DEXT_MODE=1 -DINTEGER_CODE=0 -DMT=0 -DROS2_PROJECT -DSTACK_SIZE=64 -D__MW_TARGET_USE_HARDWARE_RESOURCES_H__ -DRT=RT -fpermissive -MD -MT CMakeFiles/ros2_imu.dir/src/ros2_imu_data.cpp.o -MF CMakeFiles/ros2_imu.dir/src/ros2_imu_data.cpp.o.d -o CMakeFiles/ros2_imu.dir/src/ros2_imu_data.cpp.o -c /home/ubuntu/ros2_ws/src/ros2_imu/src/ros2_imu_data.cpp\n'}
[70.746921] (-) TimerEvent: {}
[70.847421] (-) TimerEvent: {}
[70.950721] (-) TimerEvent: {}
[71.051119] (-) TimerEvent: {}
[71.151500] (-) TimerEvent: {}
[71.251979] (-) TimerEvent: {}
[71.352530] (-) TimerEvent: {}
[71.452953] (-) TimerEvent: {}
[71.553341] (-) TimerEvent: {}
[71.653759] (-) TimerEvent: {}
[71.754180] (-) TimerEvent: {}
[71.854576] (-) TimerEvent: {}
[71.954985] (-) TimerEvent: {}
[72.058737] (-) TimerEvent: {}
[72.159186] (-) TimerEvent: {}
[72.259699] (-) TimerEvent: {}
[72.360082] (-) TimerEvent: {}
[72.460471] (-) TimerEvent: {}
[72.560943] (-) TimerEvent: {}
[72.661405] (-) TimerEvent: {}
[72.761884] (-) TimerEvent: {}
[72.862366] (-) TimerEvent: {}
[72.962849] (-) TimerEvent: {}
[73.063332] (-) TimerEvent: {}
[73.163825] (-) TimerEvent: {}
[73.265318] (-) TimerEvent: {}
[73.365750] (-) TimerEvent: {}
[73.466182] (-) TimerEvent: {}
[73.566677] (-) TimerEvent: {}
[73.667099] (-) TimerEvent: {}
[73.767571] (-) TimerEvent: {}
[73.868069] (-) TimerEvent: {}
[73.968527] (-) TimerEvent: {}
[74.069010] (-) TimerEvent: {}
[74.169489] (-) TimerEvent: {}
[74.269985] (-) TimerEvent: {}
[74.370496] (-) TimerEvent: {}
[74.470981] (-) TimerEvent: {}
[74.571424] (-) TimerEvent: {}
[74.671845] (-) TimerEvent: {}
[74.772353] (-) TimerEvent: {}
[74.872847] (-) TimerEvent: {}
[74.973290] (-) TimerEvent: {}
[75.073741] (-) TimerEvent: {}
[75.174179] (-) TimerEvent: {}
[75.274677] (-) TimerEvent: {}
[75.378764] (-) TimerEvent: {}
[75.479275] (-) TimerEvent: {}
[75.579668] (-) TimerEvent: {}
[75.680053] (-) TimerEvent: {}
[75.780506] (-) TimerEvent: {}
[75.880942] (-) TimerEvent: {}
[75.981408] (-) TimerEvent: {}
[76.081833] (-) TimerEvent: {}
[76.182239] (-) TimerEvent: {}
[76.282686] (-) TimerEvent: {}
[76.383119] (-) TimerEvent: {}
[76.483530] (-) TimerEvent: {}
[76.583988] (-) TimerEvent: {}
[76.684399] (-) TimerEvent: {}
[76.784854] (-) TimerEvent: {}
[76.885316] (-) TimerEvent: {}
[76.985747] (-) TimerEvent: {}
[77.086188] (-) TimerEvent: {}
[77.186658] (-) TimerEvent: {}
[77.287087] (-) TimerEvent: {}
[77.387529] (-) TimerEvent: {}
[77.487960] (-) TimerEvent: {}
[77.588438] (-) TimerEvent: {}
[77.690755] (-) TimerEvent: {}
[77.791217] (-) TimerEvent: {}
[77.891674] (-) TimerEvent: {}
[77.992158] (-) TimerEvent: {}
[78.092585] (-) TimerEvent: {}
[78.193038] (-) TimerEvent: {}
[78.293488] (-) TimerEvent: {}
[78.397819] (-) TimerEvent: {}
[78.498286] (-) TimerEvent: {}
[78.598836] (-) TimerEvent: {}
[78.699295] (-) TimerEvent: {}
[78.799900] (-) TimerEvent: {}
[78.900315] (-) TimerEvent: {}
[79.000767] (-) TimerEvent: {}
[79.101243] (-) TimerEvent: {}
[79.201690] (-) TimerEvent: {}
[79.302162] (-) TimerEvent: {}
[79.402617] (-) TimerEvent: {}
[79.503052] (-) TimerEvent: {}
[79.603489] (-) TimerEvent: {}
[79.704025] (-) TimerEvent: {}
[79.804543] (-) TimerEvent: {}
[79.906755] (-) TimerEvent: {}
[80.007274] (-) TimerEvent: {}
[80.107734] (-) TimerEvent: {}
[80.208194] (-) TimerEvent: {}
[80.308670] (-) TimerEvent: {}
[80.409180] (-) TimerEvent: {}
[80.510167] (-) TimerEvent: {}
[80.610985] (-) TimerEvent: {}
[80.711854] (-) TimerEvent: {}
[80.812737] (-) TimerEvent: {}
[80.913184] (-) TimerEvent: {}
[81.014752] (-) TimerEvent: {}
[81.118803] (-) TimerEvent: {}
[81.219341] (-) TimerEvent: {}
[81.320051] (-) TimerEvent: {}
[81.420643] (-) TimerEvent: {}
[81.521165] (-) TimerEvent: {}
[81.621565] (-) TimerEvent: {}
[81.721997] (-) TimerEvent: {}
[81.822938] (-) TimerEvent: {}
[81.923850] (-) TimerEvent: {}
[82.024320] (-) TimerEvent: {}
[82.124730] (-) TimerEvent: {}
[82.226778] (-) TimerEvent: {}
[82.327229] (-) TimerEvent: {}
[82.427655] (-) TimerEvent: {}
[82.528088] (-) TimerEvent: {}
[82.628527] (-) TimerEvent: {}
[82.728950] (-) TimerEvent: {}
[82.829396] (-) TimerEvent: {}
[82.929890] (-) TimerEvent: {}
[83.034756] (-) TimerEvent: {}
[83.135240] (-) TimerEvent: {}
[83.235659] (-) TimerEvent: {}
[83.336105] (-) TimerEvent: {}
[83.438534] (-) TimerEvent: {}
[83.538993] (-) TimerEvent: {}
[83.639446] (-) TimerEvent: {}
[83.739948] (-) TimerEvent: {}
[83.840381] (-) TimerEvent: {}
[83.940832] (-) TimerEvent: {}
[84.041259] (-) TimerEvent: {}
[84.141711] (-) TimerEvent: {}
[84.242178] (-) TimerEvent: {}
[84.342689] (-) TimerEvent: {}
[84.443201] (-) TimerEvent: {}
[84.543753] (-) TimerEvent: {}
[84.644208] (-) TimerEvent: {}
[84.722847] (ros2_imu) StdoutLine: {'line': b'[ 53%] Building CXX object CMakeFiles/ros2_imu.dir/src/ros2nodeinterface.cpp.o\n'}
[84.733242] (ros2_imu) StdoutLine: {'line': b'/usr/bin/c++ -DDEFAULT_RMW_IMPLEMENTATION=rmw_fastrtps_cpp -DRCUTILS_ENABLE_FAULT_INJECTION -DROS_PACKAGE_NAME=\\"ros2_imu\\" -I/home/ubuntu/ros2_ws/src/ros2_imu/include/ros2_imu -I/home/ubuntu/ros2_ws/src/ros2_imu/include -isystem /opt/ros/humble/include/geometry_msgs -isystem /opt/ros/humble/include/rclcpp -isystem /opt/ros/humble/include/std_msgs -isystem /opt/ros/humble/include/builtin_interfaces -isystem /opt/ros/humble/include/rosidl_runtime_c -isystem /opt/ros/humble/include/rcutils -isystem /opt/ros/humble/include/rosidl_typesupport_interface -isystem /opt/ros/humble/include/fastcdr -isystem /opt/ros/humble/include/rosidl_runtime_cpp -isystem /opt/ros/humble/include/rosidl_typesupport_fastrtps_cpp -isystem /opt/ros/humble/include/rmw -isystem /opt/ros/humble/include/rosidl_typesupport_fastrtps_c -isystem /opt/ros/humble/include/rosidl_typesupport_introspection_c -isystem /opt/ros/humble/include/rosidl_typesupport_introspection_cpp -isystem /opt/ros/humble/include/ament_index_cpp -isystem /opt/ros/humble/include/libstatistics_collector -isystem /opt/ros/humble/include/rcl -isystem /opt/ros/humble/include/rcl_interfaces -isystem /opt/ros/humble/include/rcl_logging_interface -isystem /opt/ros/humble/include/rcl_yaml_param_parser -isystem /opt/ros/humble/include/libyaml_vendor -isystem /opt/ros/humble/include/tracetools -isystem /opt/ros/humble/include/rcpputils -isystem /opt/ros/humble/include/statistics_msgs -isystem /opt/ros/humble/include/rosgraph_msgs -isystem /opt/ros/humble/include/rosidl_typesupport_cpp -isystem /opt/ros/humble/include/rosidl_typesupport_c -O3 -DNDEBUG -Wall -Wextra -Wpedantic -DMODEL=ros2_imu -DNUMST=1 -DNCSTATES=0 -DHAVESTDIO -DMODEL_HAS_DYNAMICALLY_LOADED_SFCNS=0 -DON_TARGET_WAIT_FOR_START=1 -DCLASSIC_INTERFACE=0 -DALLOCATIONFCN=0 -DTID01EQ=0 -DTERMFCN=1 -DONESTEPFCN=1 -DMAT_FILE=0 -DMULTI_INSTANCE_CODE=0 -DEXT_MODE=1 -DINTEGER_CODE=0 -DMT=0 -DROS2_PROJECT -DSTACK_SIZE=64 -D__MW_TARGET_USE_HARDWARE_RESOURCES_H__ -DRT=RT -fpermissive -MD -MT CMakeFiles/ros2_imu.dir/src/ros2nodeinterface.cpp.o -MF CMakeFiles/ros2_imu.dir/src/ros2nodeinterface.cpp.o.d -o CMakeFiles/ros2_imu.dir/src/ros2nodeinterface.cpp.o -c /home/ubuntu/ros2_ws/src/ros2_imu/src/ros2nodeinterface.cpp\n'}
[84.744635] (-) TimerEvent: {}
[84.845061] (-) TimerEvent: {}
[84.945448] (-) TimerEvent: {}
[85.045839] (-) TimerEvent: {}
[85.146248] (-) TimerEvent: {}
[85.246679] (-) TimerEvent: {}
[85.347136] (-) TimerEvent: {}
[85.447754] (-) TimerEvent: {}
[85.550740] (-) TimerEvent: {}
[85.653531] (-) TimerEvent: {}
[85.753940] (-) TimerEvent: {}
[85.854356] (-) TimerEvent: {}
[85.954740] (-) TimerEvent: {}
[86.055115] (-) TimerEvent: {}
[86.155539] (-) TimerEvent: {}
[86.255967] (-) TimerEvent: {}
[86.356362] (-) TimerEvent: {}
[86.456760] (-) TimerEvent: {}
[86.557240] (-) TimerEvent: {}
[86.657734] (-) TimerEvent: {}
[86.758206] (-) TimerEvent: {}
[86.858702] (-) TimerEvent: {}
[86.959132] (-) TimerEvent: {}
[87.059554] (-) TimerEvent: {}
[87.159988] (-) TimerEvent: {}
[87.260453] (-) TimerEvent: {}
[87.360885] (-) TimerEvent: {}
[87.461340] (-) TimerEvent: {}
[87.562926] (-) TimerEvent: {}
[87.663387] (-) TimerEvent: {}
[87.763855] (-) TimerEvent: {}
[87.864303] (-) TimerEvent: {}
[87.964757] (-) TimerEvent: {}
[88.065209] (-) TimerEvent: {}
[88.165673] (-) TimerEvent: {}
[88.266159] (-) TimerEvent: {}
[88.366652] (-) TimerEvent: {}
[88.467188] (-) TimerEvent: {}
[88.567678] (-) TimerEvent: {}
[88.668138] (-) TimerEvent: {}
[88.768595] (-) TimerEvent: {}
[88.869053] (-) TimerEvent: {}
[88.969558] (-) TimerEvent: {}
[89.070011] (-) TimerEvent: {}
[89.170472] (-) TimerEvent: {}
[89.270972] (-) TimerEvent: {}
[89.371509] (-) TimerEvent: {}
[89.471989] (-) TimerEvent: {}
[89.572460] (-) TimerEvent: {}
[89.673007] (-) TimerEvent: {}
[89.773449] (-) TimerEvent: {}
[89.873940] (-) TimerEvent: {}
[89.978770] (-) TimerEvent: {}
[90.079267] (-) TimerEvent: {}
[90.179853] (-) TimerEvent: {}
[90.280309] (-) TimerEvent: {}
[90.380763] (-) TimerEvent: {}
[90.481215] (-) TimerEvent: {}
[90.581677] (-) TimerEvent: {}
[90.682115] (-) TimerEvent: {}
[90.782533] (-) TimerEvent: {}
[90.882990] (-) TimerEvent: {}
[90.983454] (-) TimerEvent: {}
[91.086760] (-) TimerEvent: {}
[91.187221] (-) TimerEvent: {}
[91.287692] (-) TimerEvent: {}
[91.388204] (-) TimerEvent: {}
[91.488675] (-) TimerEvent: {}
[91.589143] (-) TimerEvent: {}
[91.689659] (-) TimerEvent: {}
[91.790136] (-) TimerEvent: {}
[91.890577] (-) TimerEvent: {}
[91.991081] (-) TimerEvent: {}
[92.091545] (-) TimerEvent: {}
[92.191981] (-) TimerEvent: {}
[92.292474] (-) TimerEvent: {}
[92.392929] (-) TimerEvent: {}
[92.493405] (-) TimerEvent: {}
[92.593849] (-) TimerEvent: {}
[92.694283] (-) TimerEvent: {}
[92.794810] (-) TimerEvent: {}
[92.895251] (-) TimerEvent: {}
[92.995700] (-) TimerEvent: {}
[93.096135] (-) TimerEvent: {}
[93.196591] (-) TimerEvent: {}
[93.298765] (-) TimerEvent: {}
[93.402762] (-) TimerEvent: {}
[93.506760] (-) TimerEvent: {}
[93.607170] (-) TimerEvent: {}
[93.707573] (-) TimerEvent: {}
[93.808009] (-) TimerEvent: {}
[93.908481] (-) TimerEvent: {}
[94.008938] (-) TimerEvent: {}
[94.109371] (-) TimerEvent: {}
[94.209816] (-) TimerEvent: {}
[94.310314] (-) TimerEvent: {}
[94.410779] (-) TimerEvent: {}
[94.517008] (-) TimerEvent: {}
[94.617460] (-) TimerEvent: {}
[94.717891] (-) TimerEvent: {}
[94.818347] (-) TimerEvent: {}
[94.918817] (-) TimerEvent: {}
[95.019303] (-) TimerEvent: {}
[95.119822] (-) TimerEvent: {}
[95.220337] (-) TimerEvent: {}
[95.320825] (-) TimerEvent: {}
[95.421361] (-) TimerEvent: {}
[95.522842] (-) TimerEvent: {}
[95.623291] (-) TimerEvent: {}
[95.723778] (-) TimerEvent: {}
[95.824290] (-) TimerEvent: {}
[95.924728] (-) TimerEvent: {}
[96.025166] (-) TimerEvent: {}
[96.125627] (-) TimerEvent: {}
[96.226066] (-) TimerEvent: {}
[96.326527] (-) TimerEvent: {}
[96.373315] (ros2_imu) StderrLine: {'line': b'In file included from /home/ubuntu/ros2_ws/src/ros2_imu/src/ros2nodeinterface.cpp:31:\n'}
[96.373986] (ros2_imu) StderrLine: {'line': b"/home/ubuntu/ros2_ws/src/ros2_imu/include/ros2_imu/ros2nodeinterface.h: In constructor 'ros2::matlab::NodeInterface::NodeInterface()':\n"}
[96.374538] (ros2_imu) StderrLine: {'line': b"/home/ubuntu/ros2_ws/src/ros2_imu/include/ros2_imu/ros2nodeinterface.h:76:38: warning: 'ros2::matlab::NodeInterface::mExtModeThread' will be initialized after [-Wreorder]\n"}
[96.377053] (ros2_imu) StderrLine: {'line': b'   76 |         std::shared_ptr<std::thread> mExtModeThread;\n'}
[96.377469] (ros2_imu) StderrLine: {'line': b'      |                                      ^~~~~~~~~~~~~~\n'}
[96.378064] (ros2_imu) StderrLine: {'line': b"/home/ubuntu/ros2_ws/src/ros2_imu/include/ros2_imu/ros2nodeinterface.h:73:15: warning:   'ros2::matlab::Semaphore ros2::matlab::NodeInterface::mStopSem' [-Wreorder]\n"}
[96.378584] (ros2_imu) StderrLine: {'line': b'   73 |     Semaphore mStopSem;\n'}
[96.379118] (ros2_imu) StderrLine: {'line': b'      |               ^~~~~~~~\n'}
[96.379500] (ros2_imu) StderrLine: {'line': b'/home/ubuntu/ros2_ws/src/ros2_imu/src/ros2nodeinterface.cpp:43:1: warning:   when initialized here [-Wreorder]\n'}
[96.379862] (ros2_imu) StderrLine: {'line': b'   43 | NodeInterface::NodeInterface()\n'}
[96.380211] (ros2_imu) StderrLine: {'line': b'      | ^~~~~~~~~~~~~\n'}
[96.391121] (ros2_imu) StderrLine: {'line': b"/home/ubuntu/ros2_ws/src/ros2_imu/src/ros2nodeinterface.cpp: In member function 'void ros2::matlab::NodeInterface::initialize(int, char* const*)':\n"}
[96.391825] (ros2_imu) StderrLine: {'line': b"/home/ubuntu/ros2_ws/src/ros2_imu/src/ros2nodeinterface.cpp:67:47: warning: ISO C++ forbids converting a string constant to 'char*' [-Wwrite-strings]\n"}
[96.392429] (ros2_imu) StderrLine: {'line': b'   67 |                         char* extmodeArg[] = {"-port","17725","-blocking","1","-verbose","0"};\n'}
[96.392877] (ros2_imu) StderrLine: {'line': b'      |                                               ^~~~~~~\n'}
[96.393379] (ros2_imu) StderrLine: {'line': b"/home/ubuntu/ros2_ws/src/ros2_imu/src/ros2nodeinterface.cpp:67:55: warning: ISO C++ forbids converting a string constant to 'char*' [-Wwrite-strings]\n"}
[96.393916] (ros2_imu) StderrLine: {'line': b'   67 |                         char* extmodeArg[] = {"-port","17725","-blocking","1","-verbose","0"};\n'}
[96.394301] (ros2_imu) StderrLine: {'line': b'      |                                                       ^~~~~~~\n'}
[96.394706] (ros2_imu) StderrLine: {'line': b"/home/ubuntu/ros2_ws/src/ros2_imu/src/ros2nodeinterface.cpp:67:63: warning: ISO C++ forbids converting a string constant to 'char*' [-Wwrite-strings]\n"}
[96.395210] (ros2_imu) StderrLine: {'line': b'   67 |                         char* extmodeArg[] = {"-port","17725","-blocking","1","-verbose","0"};\n'}
[96.395743] (ros2_imu) StderrLine: {'line': b'      |                                                               ^~~~~~~~~~~\n'}
[96.396346] (ros2_imu) StderrLine: {'line': b"/home/ubuntu/ros2_ws/src/ros2_imu/src/ros2nodeinterface.cpp:67:75: warning: ISO C++ forbids converting a string constant to 'char*' [-Wwrite-strings]\n"}
[96.396830] (ros2_imu) StderrLine: {'line': b'   67 |                         char* extmodeArg[] = {"-port","17725","-blocking","1","-verbose","0"};\n'}
[96.397191] (ros2_imu) StderrLine: {'line': b'      |                                                                           ^~~\n'}
[96.397562] (ros2_imu) StderrLine: {'line': b"/home/ubuntu/ros2_ws/src/ros2_imu/src/ros2nodeinterface.cpp:67:79: warning: ISO C++ forbids converting a string constant to 'char*' [-Wwrite-strings]\n"}
[96.398009] (ros2_imu) StderrLine: {'line': b'   67 |                         char* extmodeArg[] = {"-port","17725","-blocking","1","-verbose","0"};\n'}
[96.398456] (ros2_imu) StderrLine: {'line': b'      |                                                                               ^~~~~~~~~~\n'}
[96.415160] (ros2_imu) StderrLine: {'line': b"/home/ubuntu/ros2_ws/src/ros2_imu/src/ros2nodeinterface.cpp:67:90: warning: ISO C++ forbids converting a string constant to 'char*' [-Wwrite-strings]\n"}
[96.415605] (ros2_imu) StderrLine: {'line': b'   67 |                         char* extmodeArg[] = {"-port","17725","-blocking","1","-verbose","0"};\n'}
[96.415940] (ros2_imu) StderrLine: {'line': b'      |                                                                                          ^~~\n'}
[96.426741] (-) TimerEvent: {}
[96.527166] (-) TimerEvent: {}
[96.627597] (-) TimerEvent: {}
[96.727999] (-) TimerEvent: {}
[96.828397] (-) TimerEvent: {}
[96.928821] (-) TimerEvent: {}
[97.029224] (-) TimerEvent: {}
[97.129640] (-) TimerEvent: {}
[97.230123] (-) TimerEvent: {}
[97.330536] (-) TimerEvent: {}
[97.430973] (-) TimerEvent: {}
[97.531375] (-) TimerEvent: {}
[97.631809] (-) TimerEvent: {}
[97.732240] (-) TimerEvent: {}
[97.832657] (-) TimerEvent: {}
[97.933077] (-) TimerEvent: {}
[98.033514] (-) TimerEvent: {}
[98.133945] (-) TimerEvent: {}
[98.234364] (-) TimerEvent: {}
[98.334765] (-) TimerEvent: {}
[98.435190] (-) TimerEvent: {}
[98.535582] (-) TimerEvent: {}
[98.635994] (-) TimerEvent: {}
[98.736426] (-) TimerEvent: {}
[98.836873] (-) TimerEvent: {}
[98.937281] (-) TimerEvent: {}
[99.037706] (-) TimerEvent: {}
[99.138097] (-) TimerEvent: {}
[99.238511] (-) TimerEvent: {}
[99.338937] (-) TimerEvent: {}
[99.439386] (-) TimerEvent: {}
[99.541363] (-) TimerEvent: {}
[99.641835] (-) TimerEvent: {}
[99.742294] (-) TimerEvent: {}
[99.842772] (-) TimerEvent: {}
[99.943278] (-) TimerEvent: {}
[100.044142] (-) TimerEvent: {}
[100.144658] (-) TimerEvent: {}
[100.245120] (-) TimerEvent: {}
[100.345570] (-) TimerEvent: {}
[100.446012] (-) TimerEvent: {}
[100.546438] (-) TimerEvent: {}
[100.647294] (-) TimerEvent: {}
[100.748151] (-) TimerEvent: {}
[100.848619] (-) TimerEvent: {}
[100.949079] (-) TimerEvent: {}
[101.049499] (-) TimerEvent: {}
[101.149898] (-) TimerEvent: {}
[101.250301] (-) TimerEvent: {}
[101.350819] (-) TimerEvent: {}
[101.451315] (-) TimerEvent: {}
[101.551729] (-) TimerEvent: {}
[101.619090] (ros2_imu) StdoutLine: {'line': b'[ 61%] Building CXX object CMakeFiles/ros2_imu.dir/src/slros2_initialize.cpp.o\n'}
[101.624848] (ros2_imu) StdoutLine: {'line': b'/usr/bin/c++ -DDEFAULT_RMW_IMPLEMENTATION=rmw_fastrtps_cpp -DRCUTILS_ENABLE_FAULT_INJECTION -DROS_PACKAGE_NAME=\\"ros2_imu\\" -I/home/ubuntu/ros2_ws/src/ros2_imu/include/ros2_imu -I/home/ubuntu/ros2_ws/src/ros2_imu/include -isystem /opt/ros/humble/include/geometry_msgs -isystem /opt/ros/humble/include/rclcpp -isystem /opt/ros/humble/include/std_msgs -isystem /opt/ros/humble/include/builtin_interfaces -isystem /opt/ros/humble/include/rosidl_runtime_c -isystem /opt/ros/humble/include/rcutils -isystem /opt/ros/humble/include/rosidl_typesupport_interface -isystem /opt/ros/humble/include/fastcdr -isystem /opt/ros/humble/include/rosidl_runtime_cpp -isystem /opt/ros/humble/include/rosidl_typesupport_fastrtps_cpp -isystem /opt/ros/humble/include/rmw -isystem /opt/ros/humble/include/rosidl_typesupport_fastrtps_c -isystem /opt/ros/humble/include/rosidl_typesupport_introspection_c -isystem /opt/ros/humble/include/rosidl_typesupport_introspection_cpp -isystem /opt/ros/humble/include/ament_index_cpp -isystem /opt/ros/humble/include/libstatistics_collector -isystem /opt/ros/humble/include/rcl -isystem /opt/ros/humble/include/rcl_interfaces -isystem /opt/ros/humble/include/rcl_logging_interface -isystem /opt/ros/humble/include/rcl_yaml_param_parser -isystem /opt/ros/humble/include/libyaml_vendor -isystem /opt/ros/humble/include/tracetools -isystem /opt/ros/humble/include/rcpputils -isystem /opt/ros/humble/include/statistics_msgs -isystem /opt/ros/humble/include/rosgraph_msgs -isystem /opt/ros/humble/include/rosidl_typesupport_cpp -isystem /opt/ros/humble/include/rosidl_typesupport_c -O3 -DNDEBUG -Wall -Wextra -Wpedantic -DMODEL=ros2_imu -DNUMST=1 -DNCSTATES=0 -DHAVESTDIO -DMODEL_HAS_DYNAMICALLY_LOADED_SFCNS=0 -DON_TARGET_WAIT_FOR_START=1 -DCLASSIC_INTERFACE=0 -DALLOCATIONFCN=0 -DTID01EQ=0 -DTERMFCN=1 -DONESTEPFCN=1 -DMAT_FILE=0 -DMULTI_INSTANCE_CODE=0 -DEXT_MODE=1 -DINTEGER_CODE=0 -DMT=0 -DROS2_PROJECT -DSTACK_SIZE=64 -D__MW_TARGET_USE_HARDWARE_RESOURCES_H__ -DRT=RT -fpermissive -MD -MT CMakeFiles/ros2_imu.dir/src/slros2_initialize.cpp.o -MF CMakeFiles/ros2_imu.dir/src/slros2_initialize.cpp.o.d -o CMakeFiles/ros2_imu.dir/src/slros2_initialize.cpp.o -c /home/ubuntu/ros2_ws/src/ros2_imu/src/slros2_initialize.cpp\n'}
[101.654732] (-) TimerEvent: {}
[101.755235] (-) TimerEvent: {}
[101.855635] (-) TimerEvent: {}
[101.956021] (-) TimerEvent: {}
[102.056419] (-) TimerEvent: {}
[102.156831] (-) TimerEvent: {}
[102.257227] (-) TimerEvent: {}
[102.357610] (-) TimerEvent: {}
[102.458044] (-) TimerEvent: {}
[102.558479] (-) TimerEvent: {}
[102.658895] (-) TimerEvent: {}
[102.759318] (-) TimerEvent: {}
[102.859726] (-) TimerEvent: {}
[102.960103] (-) TimerEvent: {}
[103.060524] (-) TimerEvent: {}
[103.160942] (-) TimerEvent: {}
[103.261334] (-) TimerEvent: {}
[103.361764] (-) TimerEvent: {}
[103.462211] (-) TimerEvent: {}
[103.562781] (-) TimerEvent: {}
[103.663187] (-) TimerEvent: {}
[103.763608] (-) TimerEvent: {}
[103.864073] (-) TimerEvent: {}
[103.964542] (-) TimerEvent: {}
[104.064972] (-) TimerEvent: {}
[104.165393] (-) TimerEvent: {}
[104.266750] (-) TimerEvent: {}
[104.367188] (-) TimerEvent: {}
[104.467658] (-) TimerEvent: {}
[104.568160] (-) TimerEvent: {}
[104.668628] (-) TimerEvent: {}
[104.769085] (-) TimerEvent: {}
[104.869575] (-) TimerEvent: {}
[104.970048] (-) TimerEvent: {}
[105.070508] (-) TimerEvent: {}
[105.171004] (-) TimerEvent: {}
[105.271474] (-) TimerEvent: {}
[105.371994] (-) TimerEvent: {}
[105.472444] (-) TimerEvent: {}
[105.572894] (-) TimerEvent: {}
[105.674785] (-) TimerEvent: {}
[105.775260] (-) TimerEvent: {}
[105.875641] (-) TimerEvent: {}
[105.976062] (-) TimerEvent: {}
[106.076559] (-) TimerEvent: {}
[106.176994] (-) TimerEvent: {}
[106.277421] (-) TimerEvent: {}
[106.377899] (-) TimerEvent: {}
[106.478461] (-) TimerEvent: {}
[106.578936] (-) TimerEvent: {}
[106.679372] (-) TimerEvent: {}
[106.782766] (-) TimerEvent: {}
[106.883729] (-) TimerEvent: {}
[106.984216] (-) TimerEvent: {}
[107.084682] (-) TimerEvent: {}
[107.185157] (-) TimerEvent: {}
[107.285584] (-) TimerEvent: {}
[107.386027] (-) TimerEvent: {}
[107.486514] (-) TimerEvent: {}
[107.586976] (-) TimerEvent: {}
[107.687424] (-) TimerEvent: {}
[107.787882] (-) TimerEvent: {}
[107.888317] (-) TimerEvent: {}
[107.990748] (-) TimerEvent: {}
[108.091191] (-) TimerEvent: {}
[108.191670] (-) TimerEvent: {}
[108.292093] (-) TimerEvent: {}
[108.392531] (-) TimerEvent: {}
[108.492966] (-) TimerEvent: {}
[108.598764] (-) TimerEvent: {}
[108.699233] (-) TimerEvent: {}
[108.799711] (-) TimerEvent: {}
[108.900145] (-) TimerEvent: {}
[109.000580] (-) TimerEvent: {}
[109.102792] (-) TimerEvent: {}
[109.203203] (-) TimerEvent: {}
[109.303633] (-) TimerEvent: {}
[109.404063] (-) TimerEvent: {}
[109.504504] (-) TimerEvent: {}
[109.604964] (-) TimerEvent: {}
[109.705402] (-) TimerEvent: {}
[109.805871] (-) TimerEvent: {}
[109.906326] (-) TimerEvent: {}
[110.006788] (-) TimerEvent: {}
[110.107222] (-) TimerEvent: {}
[110.210769] (-) TimerEvent: {}
[110.314804] (-) TimerEvent: {}
[110.415213] (-) TimerEvent: {}
[110.515634] (-) TimerEvent: {}
[110.616094] (-) TimerEvent: {}
[110.716577] (-) TimerEvent: {}
[110.817098] (-) TimerEvent: {}
[110.917564] (-) TimerEvent: {}
[111.017999] (-) TimerEvent: {}
[111.118438] (-) TimerEvent: {}
[111.218910] (-) TimerEvent: {}
[111.319901] (-) TimerEvent: {}
[111.422754] (-) TimerEvent: {}
[111.523185] (-) TimerEvent: {}
[111.623669] (-) TimerEvent: {}
[111.724110] (-) TimerEvent: {}
[111.824540] (-) TimerEvent: {}
[111.924974] (-) TimerEvent: {}
[112.025417] (-) TimerEvent: {}
[112.125853] (-) TimerEvent: {}
[112.226331] (-) TimerEvent: {}
[112.326778] (-) TimerEvent: {}
[112.430795] (-) TimerEvent: {}
[112.531274] (-) TimerEvent: {}
[112.631840] (-) TimerEvent: {}
[112.732285] (-) TimerEvent: {}
[112.833225] (-) TimerEvent: {}
[112.933673] (-) TimerEvent: {}
[113.034110] (-) TimerEvent: {}
[113.134592] (-) TimerEvent: {}
[113.235021] (-) TimerEvent: {}
[113.335447] (-) TimerEvent: {}
[113.435892] (-) TimerEvent: {}
[113.536314] (-) TimerEvent: {}
[113.642808] (-) TimerEvent: {}
[113.743257] (-) TimerEvent: {}
[113.843681] (-) TimerEvent: {}
[113.944107] (-) TimerEvent: {}
[114.044538] (-) TimerEvent: {}
[114.144999] (-) TimerEvent: {}
[114.245415] (-) TimerEvent: {}
[114.345860] (-) TimerEvent: {}
[114.446264] (-) TimerEvent: {}
[114.546747] (-) TimerEvent: {}
[114.647176] (-) TimerEvent: {}
[114.750810] (-) TimerEvent: {}
[114.855450] (-) TimerEvent: {}
[114.955876] (-) TimerEvent: {}
[115.056317] (-) TimerEvent: {}
[115.156760] (-) TimerEvent: {}
[115.257221] (-) TimerEvent: {}
[115.357658] (-) TimerEvent: {}
[115.458152] (-) TimerEvent: {}
[115.529592] (ros2_imu) StdoutLine: {'line': b'[ 69%] Building CXX object CMakeFiles/ros2_imu.dir/src/slros_busmsg_conversion.cpp.o\n'}
[115.532907] (ros2_imu) StdoutLine: {'line': b'/usr/bin/c++ -DDEFAULT_RMW_IMPLEMENTATION=rmw_fastrtps_cpp -DRCUTILS_ENABLE_FAULT_INJECTION -DROS_PACKAGE_NAME=\\"ros2_imu\\" -I/home/ubuntu/ros2_ws/src/ros2_imu/include/ros2_imu -I/home/ubuntu/ros2_ws/src/ros2_imu/include -isystem /opt/ros/humble/include/geometry_msgs -isystem /opt/ros/humble/include/rclcpp -isystem /opt/ros/humble/include/std_msgs -isystem /opt/ros/humble/include/builtin_interfaces -isystem /opt/ros/humble/include/rosidl_runtime_c -isystem /opt/ros/humble/include/rcutils -isystem /opt/ros/humble/include/rosidl_typesupport_interface -isystem /opt/ros/humble/include/fastcdr -isystem /opt/ros/humble/include/rosidl_runtime_cpp -isystem /opt/ros/humble/include/rosidl_typesupport_fastrtps_cpp -isystem /opt/ros/humble/include/rmw -isystem /opt/ros/humble/include/rosidl_typesupport_fastrtps_c -isystem /opt/ros/humble/include/rosidl_typesupport_introspection_c -isystem /opt/ros/humble/include/rosidl_typesupport_introspection_cpp -isystem /opt/ros/humble/include/ament_index_cpp -isystem /opt/ros/humble/include/libstatistics_collector -isystem /opt/ros/humble/include/rcl -isystem /opt/ros/humble/include/rcl_interfaces -isystem /opt/ros/humble/include/rcl_logging_interface -isystem /opt/ros/humble/include/rcl_yaml_param_parser -isystem /opt/ros/humble/include/libyaml_vendor -isystem /opt/ros/humble/include/tracetools -isystem /opt/ros/humble/include/rcpputils -isystem /opt/ros/humble/include/statistics_msgs -isystem /opt/ros/humble/include/rosgraph_msgs -isystem /opt/ros/humble/include/rosidl_typesupport_cpp -isystem /opt/ros/humble/include/rosidl_typesupport_c -O3 -DNDEBUG -Wall -Wextra -Wpedantic -DMODEL=ros2_imu -DNUMST=1 -DNCSTATES=0 -DHAVESTDIO -DMODEL_HAS_DYNAMICALLY_LOADED_SFCNS=0 -DON_TARGET_WAIT_FOR_START=1 -DCLASSIC_INTERFACE=0 -DALLOCATIONFCN=0 -DTID01EQ=0 -DTERMFCN=1 -DONESTEPFCN=1 -DMAT_FILE=0 -DMULTI_INSTANCE_CODE=0 -DEXT_MODE=1 -DINTEGER_CODE=0 -DMT=0 -DROS2_PROJECT -DSTACK_SIZE=64 -D__MW_TARGET_USE_HARDWARE_RESOURCES_H__ -DRT=RT -fpermissive -MD -MT CMakeFiles/ros2_imu.dir/src/slros_busmsg_conversion.cpp.o -MF CMakeFiles/ros2_imu.dir/src/slros_busmsg_conversion.cpp.o.d -o CMakeFiles/ros2_imu.dir/src/slros_busmsg_conversion.cpp.o -c /home/ubuntu/ros2_ws/src/ros2_imu/src/slros_busmsg_conversion.cpp\n'}
[115.558335] (-) TimerEvent: {}
[115.658983] (-) TimerEvent: {}
[115.759415] (-) TimerEvent: {}
[115.859809] (-) TimerEvent: {}
[115.960210] (-) TimerEvent: {}
[116.060612] (-) TimerEvent: {}
[116.161017] (-) TimerEvent: {}
[116.261437] (-) TimerEvent: {}
[116.361898] (-) TimerEvent: {}
[116.462312] (-) TimerEvent: {}
[116.563156] (-) TimerEvent: {}
[116.663576] (-) TimerEvent: {}
[116.763958] (-) TimerEvent: {}
[116.864400] (-) TimerEvent: {}
[116.964805] (-) TimerEvent: {}
[117.065206] (-) TimerEvent: {}
[117.165633] (-) TimerEvent: {}
[117.266051] (-) TimerEvent: {}
[117.366460] (-) TimerEvent: {}
[117.466896] (-) TimerEvent: {}
[117.567339] (-) TimerEvent: {}
[117.667771] (-) TimerEvent: {}
[117.768189] (-) TimerEvent: {}
[117.868612] (-) TimerEvent: {}
[117.969069] (-) TimerEvent: {}
[118.069530] (-) TimerEvent: {}
[118.169954] (-) TimerEvent: {}
[118.270413] (-) TimerEvent: {}
[118.370850] (-) TimerEvent: {}
[118.471301] (-) TimerEvent: {}
[118.571756] (-) TimerEvent: {}
[118.672203] (-) TimerEvent: {}
[118.772641] (-) TimerEvent: {}
[118.873079] (-) TimerEvent: {}
[118.973511] (-) TimerEvent: {}
[119.073936] (-) TimerEvent: {}
[119.175725] (-) TimerEvent: {}
[119.276178] (-) TimerEvent: {}
[119.376618] (-) TimerEvent: {}
[119.477080] (-) TimerEvent: {}
[119.577503] (-) TimerEvent: {}
[119.677938] (-) TimerEvent: {}
[119.778366] (-) TimerEvent: {}
[119.878862] (-) TimerEvent: {}
[119.979382] (-) TimerEvent: {}
[120.079994] (-) TimerEvent: {}
[120.180539] (-) TimerEvent: {}
[120.281024] (-) TimerEvent: {}
[120.382774] (-) TimerEvent: {}
[120.483701] (-) TimerEvent: {}
[120.584622] (-) TimerEvent: {}
[120.685738] (-) TimerEvent: {}
[120.786888] (-) TimerEvent: {}
[120.887742] (-) TimerEvent: {}
[120.988620] (-) TimerEvent: {}
[121.089516] (-) TimerEvent: {}
[121.190355] (-) TimerEvent: {}
[121.291274] (-) TimerEvent: {}
[121.392126] (-) TimerEvent: {}
[121.493529] (-) TimerEvent: {}
[121.594085] (-) TimerEvent: {}
[121.694563] (-) TimerEvent: {}
[121.795007] (-) TimerEvent: {}
[121.895419] (-) TimerEvent: {}
[121.995833] (-) TimerEvent: {}
[122.096271] (-) TimerEvent: {}
[122.196752] (-) TimerEvent: {}
[122.297219] (-) TimerEvent: {}
[122.397658] (-) TimerEvent: {}
[122.498072] (-) TimerEvent: {}
[122.602784] (-) TimerEvent: {}
[122.703223] (-) TimerEvent: {}
[122.803670] (-) TimerEvent: {}
[122.904140] (-) TimerEvent: {}
[123.004678] (-) TimerEvent: {}
[123.105275] (-) TimerEvent: {}
[123.205687] (-) TimerEvent: {}
[123.306125] (-) TimerEvent: {}
[123.406564] (-) TimerEvent: {}
[123.507005] (-) TimerEvent: {}
[123.607414] (-) TimerEvent: {}
[123.707835] (-) TimerEvent: {}
[123.808306] (-) TimerEvent: {}
[123.908762] (-) TimerEvent: {}
[124.009181] (-) TimerEvent: {}
[124.109585] (-) TimerEvent: {}
[124.210011] (-) TimerEvent: {}
[124.310440] (-) TimerEvent: {}
[124.410932] (-) TimerEvent: {}
[124.511366] (-) TimerEvent: {}
[124.611807] (-) TimerEvent: {}
[124.712271] (-) TimerEvent: {}
[124.813686] (-) TimerEvent: {}
[124.914193] (-) TimerEvent: {}
[125.014692] (-) TimerEvent: {}
[125.115138] (-) TimerEvent: {}
[125.215576] (-) TimerEvent: {}
[125.316080] (-) TimerEvent: {}
[125.416528] (-) TimerEvent: {}
[125.516957] (-) TimerEvent: {}
[125.617428] (-) TimerEvent: {}
[125.717860] (-) TimerEvent: {}
[125.818306] (-) TimerEvent: {}
[125.918811] (-) TimerEvent: {}
[126.019326] (-) TimerEvent: {}
[126.119823] (-) TimerEvent: {}
[126.220293] (-) TimerEvent: {}
[126.320926] (-) TimerEvent: {}
[126.424796] (-) TimerEvent: {}
[126.525240] (-) TimerEvent: {}
[126.625707] (-) TimerEvent: {}
[126.726194] (-) TimerEvent: {}
[126.826693] (-) TimerEvent: {}
[126.927137] (-) TimerEvent: {}
[127.027575] (-) TimerEvent: {}
[127.128285] (-) TimerEvent: {}
[127.228753] (-) TimerEvent: {}
[127.329192] (-) TimerEvent: {}
[127.429683] (-) TimerEvent: {}
[127.530129] (-) TimerEvent: {}
[127.630569] (-) TimerEvent: {}
[127.731071] (-) TimerEvent: {}
[127.831483] (-) TimerEvent: {}
[127.931940] (-) TimerEvent: {}
[128.032877] (-) TimerEvent: {}
[128.133755] (-) TimerEvent: {}
[128.234753] (-) TimerEvent: {}
[128.335184] (-) TimerEvent: {}
[128.435639] (-) TimerEvent: {}
[128.536062] (-) TimerEvent: {}
[128.636509] (-) TimerEvent: {}
[128.736925] (-) TimerEvent: {}
[128.837360] (-) TimerEvent: {}
[128.937868] (-) TimerEvent: {}
[129.038431] (-) TimerEvent: {}
[129.138850] (-) TimerEvent: {}
[129.239262] (-) TimerEvent: {}
[129.322523] (ros2_imu) StdoutLine: {'line': b'[ 76%] Building C object CMakeFiles/ros2_imu.dir/src/rtiostream_interface.c.o\n'}
[129.326224] (ros2_imu) StdoutLine: {'line': b'/usr/bin/cc -DDEFAULT_RMW_IMPLEMENTATION=rmw_fastrtps_cpp -DRCUTILS_ENABLE_FAULT_INJECTION -DROS_PACKAGE_NAME=\\"ros2_imu\\" -I/home/ubuntu/ros2_ws/src/ros2_imu/include/ros2_imu -I/home/ubuntu/ros2_ws/src/ros2_imu/include -isystem /opt/ros/humble/include/geometry_msgs -isystem /opt/ros/humble/include/rclcpp -isystem /opt/ros/humble/include/std_msgs -isystem /opt/ros/humble/include/builtin_interfaces -isystem /opt/ros/humble/include/rosidl_runtime_c -isystem /opt/ros/humble/include/rcutils -isystem /opt/ros/humble/include/rosidl_typesupport_interface -isystem /opt/ros/humble/include/fastcdr -isystem /opt/ros/humble/include/rosidl_runtime_cpp -isystem /opt/ros/humble/include/rosidl_typesupport_fastrtps_cpp -isystem /opt/ros/humble/include/rmw -isystem /opt/ros/humble/include/rosidl_typesupport_fastrtps_c -isystem /opt/ros/humble/include/rosidl_typesupport_introspection_c -isystem /opt/ros/humble/include/rosidl_typesupport_introspection_cpp -isystem /opt/ros/humble/include/ament_index_cpp -isystem /opt/ros/humble/include/libstatistics_collector -isystem /opt/ros/humble/include/rcl -isystem /opt/ros/humble/include/rcl_interfaces -isystem /opt/ros/humble/include/rcl_logging_interface -isystem /opt/ros/humble/include/rcl_yaml_param_parser -isystem /opt/ros/humble/include/libyaml_vendor -isystem /opt/ros/humble/include/tracetools -isystem /opt/ros/humble/include/rcpputils -isystem /opt/ros/humble/include/statistics_msgs -isystem /opt/ros/humble/include/rosgraph_msgs -isystem /opt/ros/humble/include/rosidl_typesupport_cpp -isystem /opt/ros/humble/include/rosidl_typesupport_c -O3 -DNDEBUG -Wall -Wextra -Wpedantic -DMODEL=ros2_imu -DNUMST=1 -DNCSTATES=0 -DHAVESTDIO -DMODEL_HAS_DYNAMICALLY_LOADED_SFCNS=0 -DON_TARGET_WAIT_FOR_START=1 -DCLASSIC_INTERFACE=0 -DALLOCATIONFCN=0 -DTID01EQ=0 -DTERMFCN=1 -DONESTEPFCN=1 -DMAT_FILE=0 -DMULTI_INSTANCE_CODE=0 -DEXT_MODE=1 -DINTEGER_CODE=0 -DMT=0 -DROS2_PROJECT -DSTACK_SIZE=64 -D__MW_TARGET_USE_HARDWARE_RESOURCES_H__ -DRT=RT -fpermissive -std=gnu99 -MD -MT CMakeFiles/ros2_imu.dir/src/rtiostream_interface.c.o -MF CMakeFiles/ros2_imu.dir/src/rtiostream_interface.c.o.d -o CMakeFiles/ros2_imu.dir/src/rtiostream_interface.c.o -c /home/ubuntu/ros2_ws/src/ros2_imu/src/rtiostream_interface.c\n'}
[129.342354] (-) TimerEvent: {}
[129.354705] (ros2_imu) StderrLine: {'line': b"cc1: warning: command-line option '-fpermissive' is valid for C++/ObjC++ but not for C\n"}
[129.442499] (-) TimerEvent: {}
[129.542919] (-) TimerEvent: {}
[129.643311] (-) TimerEvent: {}
[129.743723] (-) TimerEvent: {}
[129.791239] (ros2_imu) StdoutLine: {'line': b'[ 84%] Building C object CMakeFiles/ros2_imu.dir/src/ext_work.c.o\n'}
[129.795979] (ros2_imu) StdoutLine: {'line': b'/usr/bin/cc -DDEFAULT_RMW_IMPLEMENTATION=rmw_fastrtps_cpp -DRCUTILS_ENABLE_FAULT_INJECTION -DROS_PACKAGE_NAME=\\"ros2_imu\\" -I/home/ubuntu/ros2_ws/src/ros2_imu/include/ros2_imu -I/home/ubuntu/ros2_ws/src/ros2_imu/include -isystem /opt/ros/humble/include/geometry_msgs -isystem /opt/ros/humble/include/rclcpp -isystem /opt/ros/humble/include/std_msgs -isystem /opt/ros/humble/include/builtin_interfaces -isystem /opt/ros/humble/include/rosidl_runtime_c -isystem /opt/ros/humble/include/rcutils -isystem /opt/ros/humble/include/rosidl_typesupport_interface -isystem /opt/ros/humble/include/fastcdr -isystem /opt/ros/humble/include/rosidl_runtime_cpp -isystem /opt/ros/humble/include/rosidl_typesupport_fastrtps_cpp -isystem /opt/ros/humble/include/rmw -isystem /opt/ros/humble/include/rosidl_typesupport_fastrtps_c -isystem /opt/ros/humble/include/rosidl_typesupport_introspection_c -isystem /opt/ros/humble/include/rosidl_typesupport_introspection_cpp -isystem /opt/ros/humble/include/ament_index_cpp -isystem /opt/ros/humble/include/libstatistics_collector -isystem /opt/ros/humble/include/rcl -isystem /opt/ros/humble/include/rcl_interfaces -isystem /opt/ros/humble/include/rcl_logging_interface -isystem /opt/ros/humble/include/rcl_yaml_param_parser -isystem /opt/ros/humble/include/libyaml_vendor -isystem /opt/ros/humble/include/tracetools -isystem /opt/ros/humble/include/rcpputils -isystem /opt/ros/humble/include/statistics_msgs -isystem /opt/ros/humble/include/rosgraph_msgs -isystem /opt/ros/humble/include/rosidl_typesupport_cpp -isystem /opt/ros/humble/include/rosidl_typesupport_c -O3 -DNDEBUG -Wall -Wextra -Wpedantic -DMODEL=ros2_imu -DNUMST=1 -DNCSTATES=0 -DHAVESTDIO -DMODEL_HAS_DYNAMICALLY_LOADED_SFCNS=0 -DON_TARGET_WAIT_FOR_START=1 -DCLASSIC_INTERFACE=0 -DALLOCATIONFCN=0 -DTID01EQ=0 -DTERMFCN=1 -DONESTEPFCN=1 -DMAT_FILE=0 -DMULTI_INSTANCE_CODE=0 -DEXT_MODE=1 -DINTEGER_CODE=0 -DMT=0 -DROS2_PROJECT -DSTACK_SIZE=64 -D__MW_TARGET_USE_HARDWARE_RESOURCES_H__ -DRT=RT -fpermissive -std=gnu99 -MD -MT CMakeFiles/ros2_imu.dir/src/ext_work.c.o -MF CMakeFiles/ros2_imu.dir/src/ext_work.c.o.d -o CMakeFiles/ros2_imu.dir/src/ext_work.c.o -c /home/ubuntu/ros2_ws/src/ros2_imu/src/ext_work.c\n'}
[129.815148] (ros2_imu) StderrLine: {'line': b"cc1: warning: command-line option '-fpermissive' is valid for C++/ObjC++ but not for C\n"}
[129.843963] (-) TimerEvent: {}
[129.944454] (-) TimerEvent: {}
[130.044854] (-) TimerEvent: {}
[130.145339] (-) TimerEvent: {}
[130.245748] (-) TimerEvent: {}
[130.310758] (ros2_imu) StdoutLine: {'line': b'[ 92%] Linking CXX executable ros2_imu\n'}
[130.314373] (ros2_imu) StdoutLine: {'line': b'/usr/bin/cmake -E cmake_link_script CMakeFiles/ros2_imu.dir/link.txt --verbose=1\n'}
[130.340640] (ros2_imu) StdoutLine: {'line': b'/usr/bin/c++ -O3 -DNDEBUG CMakeFiles/ros2_imu.dir/src/ext_svr.c.o CMakeFiles/ros2_imu.dir/src/ext_work.c.o CMakeFiles/ros2_imu.dir/src/rtiostream_interface.c.o CMakeFiles/ros2_imu.dir/src/updown.c.o CMakeFiles/ros2_imu.dir/src/rtiostream_tcpip.c.o CMakeFiles/ros2_imu.dir/src/rtiostream_utils.c.o CMakeFiles/ros2_imu.dir/src/main.cpp.o CMakeFiles/ros2_imu.dir/src/ros2_imu.cpp.o CMakeFiles/ros2_imu.dir/src/ros2_imu_data.cpp.o CMakeFiles/ros2_imu.dir/src/ros2nodeinterface.cpp.o CMakeFiles/ros2_imu.dir/src/slros2_initialize.cpp.o CMakeFiles/ros2_imu.dir/src/slros_busmsg_conversion.cpp.o -o ros2_imu  -Wl,-rpath,/home/ubuntu/ros2_ws/install/ros2_imu/lib:/opt/ros/humble/lib /opt/ros/humble/lib/libgeometry_msgs__rosidl_typesupport_fastrtps_c.so /opt/ros/humble/lib/libgeometry_msgs__rosidl_typesupport_introspection_c.so /opt/ros/humble/lib/libgeometry_msgs__rosidl_typesupport_fastrtps_cpp.so /opt/ros/humble/lib/libgeometry_msgs__rosidl_typesupport_introspection_cpp.so /opt/ros/humble/lib/libgeometry_msgs__rosidl_typesupport_cpp.so /opt/ros/humble/lib/libgeometry_msgs__rosidl_generator_py.so /opt/ros/humble/lib/librclcpp.so -ldl /opt/ros/humble/lib/libstd_msgs__rosidl_typesupport_fastrtps_c.so /opt/ros/humble/lib/libstd_msgs__rosidl_typesupport_introspection_c.so /opt/ros/humble/lib/libstd_msgs__rosidl_typesupport_fastrtps_cpp.so /opt/ros/humble/lib/libstd_msgs__rosidl_typesupport_introspection_cpp.so /opt/ros/humble/lib/libstd_msgs__rosidl_typesupport_cpp.so /opt/ros/humble/lib/libgeometry_msgs__rosidl_typesupport_c.so /opt/ros/humble/lib/libgeometry_msgs__rosidl_generator_c.so /opt/ros/humble/lib/libstd_msgs__rosidl_generator_py.so /opt/ros/humble/lib/libstd_msgs__rosidl_typesupport_c.so /opt/ros/humble/lib/libstd_msgs__rosidl_generator_c.so /opt/ros/humble/lib/liblibstatistics_collector.so /opt/ros/humble/lib/librcl.so /opt/ros/humble/lib/librmw_implementation.so /opt/ros/humble/lib/libament_index_cpp.so /opt/ros/humble/lib/librcl_logging_spdlog.so /opt/ros/humble/lib/librcl_logging_interface.so /opt/ros/humble/lib/librcl_interfaces__rosidl_typesupport_fastrtps_c.so /opt/ros/humble/lib/librcl_interfaces__rosidl_typesupport_introspection_c.so /opt/ros/humble/lib/librcl_interfaces__rosidl_typesupport_fastrtps_cpp.so /opt/ros/humble/lib/librcl_interfaces__rosidl_typesupport_introspection_cpp.so /opt/ros/humble/lib/librcl_interfaces__rosidl_typesupport_cpp.so /opt/ros/humble/lib/librcl_interfaces__rosidl_generator_py.so /opt/ros/humble/lib/librcl_interfaces__rosidl_typesupport_c.so /opt/ros/humble/lib/librcl_interfaces__rosidl_generator_c.so /opt/ros/humble/lib/librcl_yaml_param_parser.so /opt/ros/humble/lib/libyaml.so /opt/ros/humble/lib/librosgraph_msgs__rosidl_typesupport_fastrtps_c.so /opt/ros/humble/lib/librosgraph_msgs__rosidl_typesupport_fastrtps_cpp.so /opt/ros/humble/lib/librosgraph_msgs__rosidl_typesupport_introspection_c.so /opt/ros/humble/lib/librosgraph_msgs__rosidl_typesupport_introspection_cpp.so /opt/ros/humble/lib/librosgraph_msgs__rosidl_typesupport_cpp.so /opt/ros/humble/lib/librosgraph_msgs__rosidl_generator_py.so /opt/ros/humble/lib/librosgraph_msgs__rosidl_typesupport_c.so /opt/ros/humble/lib/librosgraph_msgs__rosidl_generator_c.so /opt/ros/humble/lib/libstatistics_msgs__rosidl_typesupport_fastrtps_c.so /opt/ros/humble/lib/libbuiltin_interfaces__rosidl_typesupport_fastrtps_c.so /opt/ros/humble/lib/librosidl_typesupport_fastrtps_c.so /opt/ros/humble/lib/libstatistics_msgs__rosidl_typesupport_fastrtps_cpp.so /opt/ros/humble/lib/libbuiltin_interfaces__rosidl_typesupport_fastrtps_cpp.so /opt/ros/humble/lib/librosidl_typesupport_fastrtps_cpp.so /opt/ros/humble/lib/libfastcdr.so.1.0.24 /opt/ros/humble/lib/librmw.so /opt/ros/humble/lib/libstatistics_msgs__rosidl_typesupport_introspection_c.so /opt/ros/humble/lib/libbuiltin_interfaces__rosidl_typesupport_introspection_c.so /opt/ros/humble/lib/libstatistics_msgs__rosidl_typesupport_introspection_cpp.so /opt/ros/humble/lib/libbuiltin_interfaces__rosidl_typesupport_introspection_cpp.so /opt/ros/humble/lib/librosidl_typesupport_introspection_cpp.so /opt/ros/humble/lib/librosidl_typesupport_introspection_c.so /opt/ros/humble/lib/libstatistics_msgs__rosidl_typesupport_cpp.so /opt/ros/humble/lib/libbuiltin_interfaces__rosidl_typesupport_cpp.so /opt/ros/humble/lib/librosidl_typesupport_cpp.so /opt/ros/humble/lib/libstatistics_msgs__rosidl_generator_py.so /opt/ros/humble/lib/libbuiltin_interfaces__rosidl_generator_py.so /usr/lib/aarch64-linux-gnu/libpython3.10.so /opt/ros/humble/lib/libstatistics_msgs__rosidl_typesupport_c.so /opt/ros/humble/lib/libbuiltin_interfaces__rosidl_typesupport_c.so /opt/ros/humble/lib/libstatistics_msgs__rosidl_generator_c.so /opt/ros/humble/lib/libbuiltin_interfaces__rosidl_generator_c.so /opt/ros/humble/lib/librosidl_typesupport_c.so /opt/ros/humble/lib/librosidl_runtime_c.so /opt/ros/humble/lib/librcpputils.so /opt/ros/humble/lib/librcutils.so -ldl /opt/ros/humble/lib/libtracetools.so \n'}
[130.346804] (-) TimerEvent: {}
[130.447239] (-) TimerEvent: {}
[130.547672] (-) TimerEvent: {}
[130.648191] (-) TimerEvent: {}
[130.748963] (-) TimerEvent: {}
[130.849637] (-) TimerEvent: {}
[130.950182] (-) TimerEvent: {}
[131.050731] (-) TimerEvent: {}
[131.151131] (-) TimerEvent: {}
[131.254792] (-) TimerEvent: {}
[131.255877] (ros2_imu) StdoutLine: {'line': b"gmake[2]: Leaving directory '/home/ubuntu/ros2_ws/build/ros2_imu'\n"}
[131.305082] (ros2_imu) StdoutLine: {'line': b'[100%] Built target ros2_imu\n'}
[131.312379] (ros2_imu) StdoutLine: {'line': b"gmake[1]: Leaving directory '/home/ubuntu/ros2_ws/build/ros2_imu'\n"}
[131.312992] (ros2_imu) StdoutLine: {'line': b'/usr/bin/cmake -E cmake_progress_start /home/ubuntu/ros2_ws/build/ros2_imu/CMakeFiles 0\n'}
[131.359323] (-) TimerEvent: {}
[131.374652] (ros2_imu) CommandEnded: {'returncode': 0}
[131.459479] (-) TimerEvent: {}
[131.559871] (-) TimerEvent: {}
[131.660261] (-) TimerEvent: {}
[131.682065] (ros2_imu) JobProgress: {'identifier': 'ros2_imu', 'progress': 'install'}
[131.711495] (ros2_imu) Command: {'cmd': ['/usr/bin/cmake', '--install', '/home/ubuntu/ros2_ws/build/ros2_imu'], 'cwd': '/home/ubuntu/ros2_ws/build/ros2_imu', 'env': OrderedDict([('USER', 'ubuntu'), ('SSH_CLIENT', '192.168.0.106 57799 22'), ('XDG_SESSION_TYPE', 'tty'), ('SHLVL', '1'), ('LD_LIBRARY_PATH', '/opt/ros/humble/lib/aarch64-linux-gnu:/opt/ros/humble/lib'), ('MOTD_SHOWN', 'pam'), ('HOME', '/home/ubuntu'), ('OLDPWD', '/home/ubuntu'), ('ROS_PYTHON_VERSION', '3'), ('DBUS_SESSION_BUS_ADDRESS', 'unix:path=/run/user/1000/bus'), ('COLCON_PREFIX_PATH', '/home/ubuntu/ros2_ws/install'), ('ROS_DISTRO', 'humble'), ('LOGNAME', 'ubuntu'), ('_', '/usr/bin/colcon'), ('ROS_VERSION', '2'), ('XDG_SESSION_CLASS', 'user'), ('XDG_SESSION_ID', '3'), ('ROS_LOCALHOST_ONLY', '0'), ('PATH', '/opt/ros/humble/bin:/usr/local/sbin:/usr/local/bin:/usr/sbin:/usr/bin:/sbin:/bin:/usr/games:/usr/local/games:/snap/bin'), ('XDG_RUNTIME_DIR', '/run/user/1000'), ('LANG', 'en_US.UTF-8'), ('AMENT_PREFIX_PATH', '/home/ubuntu/ros2_ws/install/ros2_imu:/home/ubuntu/ros2_ws/install/my_ahrs:/home/ubuntu/ros2_ws/install/lsm6dso:/home/ubuntu/ros2_ws/install/bmm150_sensor:/opt/ros/humble'), ('SHELL', '/bin/bash'), ('PWD', '/home/ubuntu/ros2_ws/build/ros2_imu'), ('LC_ALL', 'C'), ('SSH_CONNECTION', '192.168.0.106 57799 192.168.0.122 22'), ('PYTHONPATH', '/home/ubuntu/ros2_ws/install/my_ahrs/lib/python3.10/site-packages:/home/ubuntu/ros2_ws/install/lsm6dso/lib/python3.10/site-packages:/home/ubuntu/ros2_ws/install/bmm150_sensor/lib/python3.10/site-packages:/opt/ros/humble/lib/python3.10/site-packages:/opt/ros/humble/local/lib/python3.10/dist-packages'), ('COLCON', '1'), ('CMAKE_PREFIX_PATH', '/home/ubuntu/ros2_ws/install/ros2_imu:/home/ubuntu/ros2_ws/install/my_ahrs:/home/ubuntu/ros2_ws/install/lsm6dso:/home/ubuntu/ros2_ws/install/bmm150_sensor:/opt/ros/humble')]), 'shell': False}
[131.745351] (ros2_imu) StdoutLine: {'line': b'-- Install configuration: "Release"\n'}
[131.755239] (ros2_imu) StdoutLine: {'line': b'-- Installing: /home/ubuntu/ros2_ws/install/ros2_imu/lib/ros2_imu/ros2_imu\n'}
[131.758558] (ros2_imu) StdoutLine: {'line': b'-- Up-to-date: /home/ubuntu/ros2_ws/install/ros2_imu/share/ament_index/resource_index/package_run_dependencies/ros2_imu\n'}
[131.759822] (ros2_imu) StdoutLine: {'line': b'-- Up-to-date: /home/ubuntu/ros2_ws/install/ros2_imu/share/ament_index/resource_index/parent_prefix_path/ros2_imu\n'}
[131.760294] (-) TimerEvent: {}
[131.760389] (ros2_imu) StdoutLine: {'line': b'-- Up-to-date: /home/ubuntu/ros2_ws/install/ros2_imu/share/ros2_imu/environment/ament_prefix_path.sh\n'}
[131.760699] (ros2_imu) StdoutLine: {'line': b'-- Installing: /home/ubuntu/ros2_ws/install/ros2_imu/share/ros2_imu/environment/ament_prefix_path.dsv\n'}
[131.761549] (ros2_imu) StdoutLine: {'line': b'-- Up-to-date: /home/ubuntu/ros2_ws/install/ros2_imu/share/ros2_imu/environment/path.sh\n'}
[131.762030] (ros2_imu) StdoutLine: {'line': b'-- Installing: /home/ubuntu/ros2_ws/install/ros2_imu/share/ros2_imu/environment/path.dsv\n'}
[131.771457] (ros2_imu) StdoutLine: {'line': b'-- Up-to-date: /home/ubuntu/ros2_ws/install/ros2_imu/share/ros2_imu/local_setup.bash\n'}
[131.772024] (ros2_imu) StdoutLine: {'line': b'-- Up-to-date: /home/ubuntu/ros2_ws/install/ros2_imu/share/ros2_imu/local_setup.sh\n'}
[131.772373] (ros2_imu) StdoutLine: {'line': b'-- Up-to-date: /home/ubuntu/ros2_ws/install/ros2_imu/share/ros2_imu/local_setup.zsh\n'}
[131.772712] (ros2_imu) StdoutLine: {'line': b'-- Installing: /home/ubuntu/ros2_ws/install/ros2_imu/share/ros2_imu/local_setup.dsv\n'}
[131.773034] (ros2_imu) StdoutLine: {'line': b'-- Installing: /home/ubuntu/ros2_ws/install/ros2_imu/share/ros2_imu/package.dsv\n'}
[131.773360] (ros2_imu) StdoutLine: {'line': b'-- Up-to-date: /home/ubuntu/ros2_ws/install/ros2_imu/share/ament_index/resource_index/packages/ros2_imu\n'}
[131.773672] (ros2_imu) StdoutLine: {'line': b'-- Up-to-date: /home/ubuntu/ros2_ws/install/ros2_imu/share/ros2_imu/cmake/ament_cmake_export_include_directories-extras.cmake\n'}
[131.775270] (ros2_imu) StdoutLine: {'line': b'-- Up-to-date: /home/ubuntu/ros2_ws/install/ros2_imu/share/ros2_imu/cmake/ros2_imuConfig.cmake\n'}
[131.775754] (ros2_imu) StdoutLine: {'line': b'-- Up-to-date: /home/ubuntu/ros2_ws/install/ros2_imu/share/ros2_imu/cmake/ros2_imuConfig-version.cmake\n'}
[131.776505] (ros2_imu) StdoutLine: {'line': b'-- Installing: /home/ubuntu/ros2_ws/install/ros2_imu/share/ros2_imu/package.xml\n'}
[131.799898] (ros2_imu) CommandEnded: {'returncode': 0}
[131.861625] (-) TimerEvent: {}
[131.962064] (-) TimerEvent: {}
[132.062473] (-) TimerEvent: {}
[132.147170] (ros2_imu) JobEnded: {'identifier': 'ros2_imu', 'rc': 0}
[132.150213] (-) EventReactorShutdown: {}
