running develop
Removing /home/ubuntu/ros2_ws/install/lsm6dso/lib/python3.10/site-packages/lsm6dso.egg-link (link to .)
running egg_info
writing ../../build/lsm6dso/lsm6dso.egg-info/PKG-INFO
writing dependency_links to ../../build/lsm6dso/lsm6dso.egg-info/dependency_links.txt
writing entry points to ../../build/lsm6dso/lsm6dso.egg-info/entry_points.txt
writing requirements to ../../build/lsm6dso/lsm6dso.egg-info/requires.txt
writing top-level names to ../../build/lsm6dso/lsm6dso.egg-info/top_level.txt
reading manifest file '../../build/lsm6dso/lsm6dso.egg-info/SOURCES.txt'
writing manifest file '../../build/lsm6dso/lsm6dso.egg-info/SOURCES.txt'
running build
running build_py
copying lsm6dso/sensor.py -> /home/ubuntu/ros2_ws/build/lsm6dso/build/lib/lsm6dso
copying lsm6dso/calibrate.py -> /home/ubuntu/ros2_ws/build/lsm6dso/build/lib/lsm6dso
running install
running install_lib
creating /home/ubuntu/ros2_ws/install/lsm6dso/lib/python3.10/site-packages/lsm6dso
copying /home/ubuntu/ros2_ws/build/lsm6dso/build/lib/lsm6dso/__init__.py -> /home/ubuntu/ros2_ws/install/lsm6dso/lib/python3.10/site-packages/lsm6dso
copying /home/ubuntu/ros2_ws/build/lsm6dso/build/lib/lsm6dso/sensor.py -> /home/ubuntu/ros2_ws/install/lsm6dso/lib/python3.10/site-packages/lsm6dso
copying /home/ubuntu/ros2_ws/build/lsm6dso/build/lib/lsm6dso/calibrate.py -> /home/ubuntu/ros2_ws/install/lsm6dso/lib/python3.10/site-packages/lsm6dso
byte-compiling /home/ubuntu/ros2_ws/install/lsm6dso/lib/python3.10/site-packages/lsm6dso/__init__.py to __init__.cpython-310.pyc
byte-compiling /home/ubuntu/ros2_ws/install/lsm6dso/lib/python3.10/site-packages/lsm6dso/sensor.py to sensor.cpython-310.pyc
byte-compiling /home/ubuntu/ros2_ws/install/lsm6dso/lib/python3.10/site-packages/lsm6dso/calibrate.py to calibrate.cpython-310.pyc
running install_data
copying resource/lsm6dso -> /home/ubuntu/ros2_ws/install/lsm6dso/share/ament_index/resource_index/packages
copying package.xml -> /home/ubuntu/ros2_ws/install/lsm6dso/share/lsm6dso
running install_egg_info
Copying ../../build/lsm6dso/lsm6dso.egg-info to /home/ubuntu/ros2_ws/install/lsm6dso/lib/python3.10/site-packages/lsm6dso-0.0.0-py3.10.egg-info
running install_scripts
Installing calibrate_gyro script to /home/ubuntu/ros2_ws/install/lsm6dso/lib/lsm6dso
Installing lsm6dso script to /home/ubuntu/ros2_ws/install/lsm6dso/lib/lsm6dso
writing list of installed files to '/home/ubuntu/ros2_ws/build/lsm6dso/install.log'
