[25.266s] Invoking command in '/home/ubuntu/ros2_ws/src/esc_pkg': CMAKE_PREFIX_PATH=/home/ubuntu/ros2_ws/install/aerobot_interfaces:/home/ubuntu/ros2_ws/install/ros2_imu PYTHONPATH=/home/ubuntu/ros2_ws/build/esc_pkg/prefix_override:/home/ubuntu/ros2_ws/install/esc_pkg/lib/python3.10/site-packages:${PYTHONPATH} /usr/bin/python3 -W ignore:setup.py install is deprecated setup.py egg_info --egg-base ../../build/esc_pkg build --build-base /home/ubuntu/ros2_ws/build/esc_pkg/build install --record /home/ubuntu/ros2_ws/build/esc_pkg/install.log --single-version-externally-managed install_data
[31.370s] running egg_info
[31.384s] writing ../../build/esc_pkg/esc_pkg.egg-info/PKG-INFO
[31.416s] writing dependency_links to ../../build/esc_pkg/esc_pkg.egg-info/dependency_links.txt
[31.441s] writing entry points to ../../build/esc_pkg/esc_pkg.egg-info/entry_points.txt
[31.456s] writing requirements to ../../build/esc_pkg/esc_pkg.egg-info/requires.txt
[31.481s] writing top-level names to ../../build/esc_pkg/esc_pkg.egg-info/top_level.txt
[31.608s] reading manifest file '../../build/esc_pkg/esc_pkg.egg-info/SOURCES.txt'
[31.676s] writing manifest file '../../build/esc_pkg/esc_pkg.egg-info/SOURCES.txt'
[31.696s] running build
[31.721s] running build_py
[31.731s] copying esc_pkg/esc_node.py -> /home/ubuntu/ros2_ws/build/esc_pkg/build/lib/esc_pkg
[31.755s] running install
[31.778s] running install_lib
[31.828s] copying /home/ubuntu/ros2_ws/build/esc_pkg/build/lib/esc_pkg/esc_node.py -> /home/ubuntu/ros2_ws/install/esc_pkg/lib/python3.10/site-packages/esc_pkg
[31.873s] byte-compiling /home/ubuntu/ros2_ws/install/esc_pkg/lib/python3.10/site-packages/esc_pkg/esc_node.py to esc_node.cpython-310.pyc
[31.931s] running install_data
[31.946s] running install_egg_info
[32.053s] removing '/home/ubuntu/ros2_ws/install/esc_pkg/lib/python3.10/site-packages/esc_pkg-0.0.0-py3.10.egg-info' (and everything under it)
[32.207s] Copying ../../build/esc_pkg/esc_pkg.egg-info to /home/ubuntu/ros2_ws/install/esc_pkg/lib/python3.10/site-packages/esc_pkg-0.0.0-py3.10.egg-info
[32.424s] running install_scripts
[33.188s] Installing esc_node script to /home/ubuntu/ros2_ws/install/esc_pkg/lib/esc_pkg
[33.235s] writing list of installed files to '/home/ubuntu/ros2_ws/build/esc_pkg/install.log'
[34.291s] Invoked command in '/home/ubuntu/ros2_ws/src/esc_pkg' returned '0': CMAKE_PREFIX_PATH=/home/ubuntu/ros2_ws/install/aerobot_interfaces:/home/ubuntu/ros2_ws/install/ros2_imu PYTHONPATH=/home/ubuntu/ros2_ws/build/esc_pkg/prefix_override:/home/ubuntu/ros2_ws/install/esc_pkg/lib/python3.10/site-packages:${PYTHONPATH} /usr/bin/python3 -W ignore:setup.py install is deprecated setup.py egg_info --egg-base ../../build/esc_pkg build --build-base /home/ubuntu/ros2_ws/build/esc_pkg/build install --record /home/ubuntu/ros2_ws/build/esc_pkg/install.log --single-version-externally-managed install_data
