[7.619s] Invoking command in '/home/ubuntu/ros2_ws/src/lsm6dso': PYTHONPATH=/home/ubuntu/ros2_ws/build/lsm6dso/prefix_override:/home/ubuntu/ros2_ws/install/lsm6dso/lib/python3.10/site-packages:${PYTHONPATH} /usr/bin/python3 -W ignore:setup.py install is deprecated setup.py egg_info --egg-base ../../build/lsm6dso build --build-base /home/ubuntu/ros2_ws/build/lsm6dso/build install --record /home/ubuntu/ros2_ws/build/lsm6dso/install.log --single-version-externally-managed install_data
[10.822s] running egg_info
[10.828s] writing ../../build/lsm6dso/lsm6dso.egg-info/PKG-INFO
[10.833s] writing dependency_links to ../../build/lsm6dso/lsm6dso.egg-info/dependency_links.txt
[10.836s] writing entry points to ../../build/lsm6dso/lsm6dso.egg-info/entry_points.txt
[10.837s] writing requirements to ../../build/lsm6dso/lsm6dso.egg-info/requires.txt
[10.838s] writing top-level names to ../../build/lsm6dso/lsm6dso.egg-info/top_level.txt
[10.857s] reading manifest file '../../build/lsm6dso/lsm6dso.egg-info/SOURCES.txt'
[10.866s] writing manifest file '../../build/lsm6dso/lsm6dso.egg-info/SOURCES.txt'
[10.868s] running build
[10.869s] running build_py
[10.873s] copying lsm6dso/calibrate.py -> /home/ubuntu/ros2_ws/build/lsm6dso/build/lib/lsm6dso
[10.875s] running install
[10.877s] running install_lib
[10.886s] copying /home/ubuntu/ros2_ws/build/lsm6dso/build/lib/lsm6dso/calibrate.py -> /home/ubuntu/ros2_ws/install/lsm6dso/lib/python3.10/site-packages/lsm6dso
[10.894s] byte-compiling /home/ubuntu/ros2_ws/install/lsm6dso/lib/python3.10/site-packages/lsm6dso/calibrate.py to calibrate.cpython-310.pyc
[10.901s] running install_data
[10.903s] running install_egg_info
[10.920s] removing '/home/ubuntu/ros2_ws/install/lsm6dso/lib/python3.10/site-packages/lsm6dso-0.0.0-py3.10.egg-info' (and everything under it)
[10.926s] Copying ../../build/lsm6dso/lsm6dso.egg-info to /home/ubuntu/ros2_ws/install/lsm6dso/lib/python3.10/site-packages/lsm6dso-0.0.0-py3.10.egg-info
[10.941s] running install_scripts
[11.139s] Installing calibrate_gyro script to /home/ubuntu/ros2_ws/install/lsm6dso/lib/lsm6dso
[11.141s] Installing lsm6dso script to /home/ubuntu/ros2_ws/install/lsm6dso/lib/lsm6dso
[11.145s] writing list of installed files to '/home/ubuntu/ros2_ws/build/lsm6dso/install.log'
[11.377s] Invoked command in '/home/ubuntu/ros2_ws/src/lsm6dso' returned '0': PYTHONPATH=/home/ubuntu/ros2_ws/build/lsm6dso/prefix_override:/home/ubuntu/ros2_ws/install/lsm6dso/lib/python3.10/site-packages:${PYTHONPATH} /usr/bin/python3 -W ignore:setup.py install is deprecated setup.py egg_info --egg-base ../../build/lsm6dso build --build-base /home/ubuntu/ros2_ws/build/lsm6dso/build install --record /home/ubuntu/ros2_ws/build/lsm6dso/install.log --single-version-externally-managed install_data
