[0.000000] (-) TimerEvent: {}
[0.000675] (-) JobUnselected: {'identifier': 'bmm150_sensor'}
[0.001261] (-) JobUnselected: {'identifier': 'esc_pkg'}
[0.001736] (-) JobUnselected: {'identifier': 'lsm6dso'}
[0.002248] (-) JobUnselected: {'identifier': 'my_ahrs'}
[0.002761] (aerobot_interfaces) JobQueued: {'identifier': 'aerobot_interfaces', 'dependencies': OrderedDict()}
[0.003265] (ros2_imu) JobQueued: {'identifier': 'ros2_imu', 'dependencies': OrderedDict([('aerobot_interfaces', '/home/ubuntu/ros2_ws/install/aerobot_interfaces')])}
[0.003851] (aerobot_interfaces) JobStarted: {'identifier': 'aerobot_interfaces'}
[0.069189] (aerobot_interfaces) JobProgress: {'identifier': 'aerobot_interfaces', 'progress': 'cmake'}
[0.079527] (aerobot_interfaces) JobProgress: {'identifier': 'aerobot_interfaces', 'progress': 'build'}
[0.080249] (-) TimerEvent: {}
[0.083289] (aerobot_interfaces) Command: {'cmd': ['/usr/bin/cmake', '--build', '/home/ubuntu/ros2_ws/build/aerobot_interfaces', '--', '-j4', '-l4'], 'cwd': '/home/ubuntu/ros2_ws/build/aerobot_interfaces', 'env': OrderedDict([('USER', 'ubuntu'), ('SSH_CLIENT', '192.168.0.106 58156 22'), ('XDG_SESSION_TYPE', 'tty'), ('SHLVL', '1'), ('LD_LIBRARY_PATH', '/home/ubuntu/ros2_ws/install/aerobot_interfaces/lib:/opt/ros/humble/lib/aarch64-linux-gnu:/opt/ros/humble/lib'), ('MOTD_SHOWN', 'pam'), ('HOME', '/home/ubuntu'), ('OLDPWD', '/home/ubuntu'), ('ROS_PYTHON_VERSION', '3'), ('DBUS_SESSION_BUS_ADDRESS', 'unix:path=/run/user/1000/bus'), ('COLCON_PREFIX_PATH', '/home/ubuntu/ros2_ws/install'), ('ROS_DISTRO', 'humble'), ('LOGNAME', 'ubuntu'), ('_', '/usr/bin/colcon'), ('ROS_VERSION', '2'), ('XDG_SESSION_CLASS', 'user'), ('XDG_SESSION_ID', '4'), ('ROS_LOCALHOST_ONLY', '0'), ('PATH', '/opt/ros/humble/bin:/usr/local/sbin:/usr/local/bin:/usr/sbin:/usr/bin:/sbin:/bin:/usr/games:/usr/local/games:/snap/bin'), ('XDG_RUNTIME_DIR', '/run/user/1000'), ('LANG', 'en_US.UTF-8'), ('AMENT_PREFIX_PATH', '/home/ubuntu/ros2_ws/install/ros2_imu:/home/ubuntu/ros2_ws/install/my_ahrs:/home/ubuntu/ros2_ws/install/lsm6dso:/home/ubuntu/ros2_ws/install/esc_pkg:/home/ubuntu/ros2_ws/install/bmm150_sensor:/home/ubuntu/ros2_ws/install/aerobot_interfaces:/opt/ros/humble'), ('SHELL', '/bin/bash'), ('PWD', '/home/ubuntu/ros2_ws/build/aerobot_interfaces'), ('LC_ALL', 'C'), ('SSH_CONNECTION', '192.168.0.106 58156 192.168.0.122 22'), ('PYTHONPATH', '/home/ubuntu/ros2_ws/install/my_ahrs/lib/python3.10/site-packages:/home/ubuntu/ros2_ws/install/lsm6dso/lib/python3.10/site-packages:/home/ubuntu/ros2_ws/install/esc_pkg/lib/python3.10/site-packages:/home/ubuntu/ros2_ws/install/bmm150_sensor/lib/python3.10/site-packages:/home/ubuntu/ros2_ws/install/aerobot_interfaces/local/lib/python3.10/dist-packages:/opt/ros/humble/lib/python3.10/site-packages:/opt/ros/humble/local/lib/python3.10/dist-packages'), ('COLCON', '1'), ('CMAKE_PREFIX_PATH', '/home/ubuntu/ros2_ws/install/ros2_imu:/home/ubuntu/ros2_ws/install/aerobot_interfaces:/home/ubuntu/ros2_ws/install/my_ahrs:/home/ubuntu/ros2_ws/install/lsm6dso:/home/ubuntu/ros2_ws/install/esc_pkg:/home/ubuntu/ros2_ws/install/bmm150_sensor:/opt/ros/humble')]), 'shell': False}
[0.187468] (-) TimerEvent: {}
[0.287890] (-) TimerEvent: {}
[0.388306] (-) TimerEvent: {}
[0.475479] (aerobot_interfaces) StdoutLine: {'line': b'[ 10%] Built target aerobot_interfaces__rosidl_generator_c\n'}
[0.491466] (-) TimerEvent: {}
[0.595483] (-) TimerEvent: {}
[0.702792] (-) TimerEvent: {}
[0.787905] (aerobot_interfaces) StdoutLine: {'line': b'[ 10%] Built target ament_cmake_python_copy_aerobot_interfaces\n'}
[0.803475] (-) TimerEvent: {}
[0.907473] (-) TimerEvent: {}
[0.951497] (aerobot_interfaces) StdoutLine: {'line': b'[ 20%] Built target aerobot_interfaces__rosidl_typesupport_fastrtps_c\n'}
[1.010002] (-) TimerEvent: {}
[1.056936] (aerobot_interfaces) StdoutLine: {'line': b'[ 30%] Built target aerobot_interfaces__rosidl_typesupport_introspection_c\n'}
[1.110317] (-) TimerEvent: {}
[1.210759] (-) TimerEvent: {}
[1.311457] (-) TimerEvent: {}
[1.413955] (-) TimerEvent: {}
[1.515525] (-) TimerEvent: {}
[1.618364] (-) TimerEvent: {}
[1.719502] (-) TimerEvent: {}
[1.823459] (-) TimerEvent: {}
[1.931468] (-) TimerEvent: {}
[2.035452] (-) TimerEvent: {}
[2.139470] (-) TimerEvent: {}
[2.239869] (-) TimerEvent: {}
[2.340263] (-) TimerEvent: {}
[2.440708] (-) TimerEvent: {}
[2.541137] (-) TimerEvent: {}
[2.641543] (-) TimerEvent: {}
[2.741958] (-) TimerEvent: {}
[2.842367] (-) TimerEvent: {}
[2.942786] (-) TimerEvent: {}
[3.043704] (-) TimerEvent: {}
[3.144307] (-) TimerEvent: {}
[3.247520] (-) TimerEvent: {}
[3.353755] (-) TimerEvent: {}
[3.454225] (-) TimerEvent: {}
[3.554661] (-) TimerEvent: {}
[3.655086] (-) TimerEvent: {}
[3.755545] (-) TimerEvent: {}
[3.802467] (aerobot_interfaces) StdoutLine: {'line': b'running egg_info\n'}
[3.816341] (aerobot_interfaces) StdoutLine: {'line': b'writing aerobot_interfaces.egg-info/PKG-INFO\n'}
[3.817941] (aerobot_interfaces) StdoutLine: {'line': b'writing dependency_links to aerobot_interfaces.egg-info/dependency_links.txt\n'}
[3.824500] (aerobot_interfaces) StdoutLine: {'line': b'writing top-level names to aerobot_interfaces.egg-info/top_level.txt\n'}
[3.846298] (aerobot_interfaces) StdoutLine: {'line': b"reading manifest file 'aerobot_interfaces.egg-info/SOURCES.txt'\n"}
[3.859936] (aerobot_interfaces) StdoutLine: {'line': b"writing manifest file 'aerobot_interfaces.egg-info/SOURCES.txt'\n"}
[3.860608] (-) TimerEvent: {}
[3.960936] (-) TimerEvent: {}
[4.061378] (-) TimerEvent: {}
[4.148387] (aerobot_interfaces) StdoutLine: {'line': b'[ 30%] Built target ament_cmake_python_build_aerobot_interfaces_egg\n'}
[4.161675] (-) TimerEvent: {}
[4.262399] (-) TimerEvent: {}
[4.367577] (-) TimerEvent: {}
[4.470476] (-) TimerEvent: {}
[4.536400] (aerobot_interfaces) StdoutLine: {'line': b'[ 41%] Built target aerobot_interfaces__rosidl_typesupport_c\n'}
[4.571098] (-) TimerEvent: {}
[4.672062] (-) TimerEvent: {}
[4.772880] (-) TimerEvent: {}
[4.799838] (aerobot_interfaces) StdoutLine: {'line': b'[ 43%] Built target aerobot_interfaces__cpp\n'}
[4.873177] (-) TimerEvent: {}
[4.973911] (-) TimerEvent: {}
[5.075629] (-) TimerEvent: {}
[5.150110] (aerobot_interfaces) StdoutLine: {'line': b'[ 53%] Built target aerobot_interfaces__rosidl_typesupport_fastrtps_cpp\n'}
[5.175893] (-) TimerEvent: {}
[5.276662] (-) TimerEvent: {}
[5.377388] (-) TimerEvent: {}
[5.478131] (-) TimerEvent: {}
[5.496595] (aerobot_interfaces) StdoutLine: {'line': b'[ 64%] Built target aerobot_interfaces__rosidl_typesupport_cpp\n'}
[5.579728] (-) TimerEvent: {}
[5.681363] (-) TimerEvent: {}
[5.787571] (-) TimerEvent: {}
[5.891607] (-) TimerEvent: {}
[5.992520] (-) TimerEvent: {}
[6.003589] (aerobot_interfaces) StdoutLine: {'line': b'[ 74%] Built target aerobot_interfaces__rosidl_typesupport_introspection_cpp\n'}
[6.092832] (-) TimerEvent: {}
[6.193609] (-) TimerEvent: {}
[6.295906] (-) TimerEvent: {}
[6.396627] (-) TimerEvent: {}
[6.446023] (aerobot_interfaces) StdoutLine: {'line': b'[ 74%] Built target aerobot_interfaces\n'}
[6.499713] (-) TimerEvent: {}
[6.607725] (-) TimerEvent: {}
[6.708480] (-) TimerEvent: {}
[6.799034] (aerobot_interfaces) StdoutLine: {'line': b'[ 76%] Built target aerobot_interfaces__py\n'}
[6.808785] (-) TimerEvent: {}
[6.911982] (-) TimerEvent: {}
[7.012780] (-) TimerEvent: {}
[7.113528] (-) TimerEvent: {}
[7.214545] (-) TimerEvent: {}
[7.229003] (aerobot_interfaces) StdoutLine: {'line': b'[ 84%] Built target aerobot_interfaces__rosidl_generator_py\n'}
[7.314937] (-) TimerEvent: {}
[7.416625] (-) TimerEvent: {}
[7.441696] (aerobot_interfaces) StdoutLine: {'line': b'[ 89%] Built target aerobot_interfaces__rosidl_typesupport_fastrtps_c__pyext\n'}
[7.516902] (-) TimerEvent: {}
[7.617627] (-) TimerEvent: {}
[7.668416] (aerobot_interfaces) StdoutLine: {'line': b'[ 94%] Built target aerobot_interfaces__rosidl_typesupport_c__pyext\n'}
[7.717917] (-) TimerEvent: {}
[7.818704] (-) TimerEvent: {}
[7.919523] (-) TimerEvent: {}
[8.020276] (-) TimerEvent: {}
[8.121166] (-) TimerEvent: {}
[8.223592] (aerobot_interfaces) StdoutLine: {'line': b'[100%] Built target aerobot_interfaces__rosidl_typesupport_introspection_c__pyext\n'}
[8.224898] (-) TimerEvent: {}
[8.327676] (-) TimerEvent: {}
[8.428705] (-) TimerEvent: {}
[8.486696] (aerobot_interfaces) CommandEnded: {'returncode': 0}
[8.531568] (-) TimerEvent: {}
[8.632362] (-) TimerEvent: {}
[8.733400] (-) TimerEvent: {}
[8.834092] (-) TimerEvent: {}
[8.934844] (-) TimerEvent: {}
[9.035557] (-) TimerEvent: {}
[9.136312] (-) TimerEvent: {}
[9.238947] (-) TimerEvent: {}
[9.339929] (-) TimerEvent: {}
[9.440674] (-) TimerEvent: {}
[9.542238] (-) TimerEvent: {}
[9.647758] (-) TimerEvent: {}
[9.751560] (-) TimerEvent: {}
[9.856167] (-) TimerEvent: {}
[9.956889] (-) TimerEvent: {}
[10.057599] (-) TimerEvent: {}
[10.159585] (-) TimerEvent: {}
[10.263615] (-) TimerEvent: {}
[10.335544] (aerobot_interfaces) JobProgress: {'identifier': 'aerobot_interfaces', 'progress': 'install'}
[10.363897] (-) TimerEvent: {}
[10.464752] (-) TimerEvent: {}
[10.485037] (aerobot_interfaces) Command: {'cmd': ['/usr/bin/cmake', '--install', '/home/ubuntu/ros2_ws/build/aerobot_interfaces'], 'cwd': '/home/ubuntu/ros2_ws/build/aerobot_interfaces', 'env': OrderedDict([('USER', 'ubuntu'), ('SSH_CLIENT', '192.168.0.106 58156 22'), ('XDG_SESSION_TYPE', 'tty'), ('SHLVL', '1'), ('LD_LIBRARY_PATH', '/home/ubuntu/ros2_ws/install/aerobot_interfaces/lib:/opt/ros/humble/lib/aarch64-linux-gnu:/opt/ros/humble/lib'), ('MOTD_SHOWN', 'pam'), ('HOME', '/home/ubuntu'), ('OLDPWD', '/home/ubuntu'), ('ROS_PYTHON_VERSION', '3'), ('DBUS_SESSION_BUS_ADDRESS', 'unix:path=/run/user/1000/bus'), ('COLCON_PREFIX_PATH', '/home/ubuntu/ros2_ws/install'), ('ROS_DISTRO', 'humble'), ('LOGNAME', 'ubuntu'), ('_', '/usr/bin/colcon'), ('ROS_VERSION', '2'), ('XDG_SESSION_CLASS', 'user'), ('XDG_SESSION_ID', '4'), ('ROS_LOCALHOST_ONLY', '0'), ('PATH', '/opt/ros/humble/bin:/usr/local/sbin:/usr/local/bin:/usr/sbin:/usr/bin:/sbin:/bin:/usr/games:/usr/local/games:/snap/bin'), ('XDG_RUNTIME_DIR', '/run/user/1000'), ('LANG', 'en_US.UTF-8'), ('AMENT_PREFIX_PATH', '/home/ubuntu/ros2_ws/install/ros2_imu:/home/ubuntu/ros2_ws/install/my_ahrs:/home/ubuntu/ros2_ws/install/lsm6dso:/home/ubuntu/ros2_ws/install/esc_pkg:/home/ubuntu/ros2_ws/install/bmm150_sensor:/home/ubuntu/ros2_ws/install/aerobot_interfaces:/opt/ros/humble'), ('SHELL', '/bin/bash'), ('PWD', '/home/ubuntu/ros2_ws/build/aerobot_interfaces'), ('LC_ALL', 'C'), ('SSH_CONNECTION', '192.168.0.106 58156 192.168.0.122 22'), ('PYTHONPATH', '/home/ubuntu/ros2_ws/install/my_ahrs/lib/python3.10/site-packages:/home/ubuntu/ros2_ws/install/lsm6dso/lib/python3.10/site-packages:/home/ubuntu/ros2_ws/install/esc_pkg/lib/python3.10/site-packages:/home/ubuntu/ros2_ws/install/bmm150_sensor/lib/python3.10/site-packages:/home/ubuntu/ros2_ws/install/aerobot_interfaces/local/lib/python3.10/dist-packages:/opt/ros/humble/lib/python3.10/site-packages:/opt/ros/humble/local/lib/python3.10/dist-packages'), ('COLCON', '1'), ('CMAKE_PREFIX_PATH', '/home/ubuntu/ros2_ws/install/ros2_imu:/home/ubuntu/ros2_ws/install/aerobot_interfaces:/home/ubuntu/ros2_ws/install/my_ahrs:/home/ubuntu/ros2_ws/install/lsm6dso:/home/ubuntu/ros2_ws/install/esc_pkg:/home/ubuntu/ros2_ws/install/bmm150_sensor:/opt/ros/humble')]), 'shell': False}
[10.567581] (-) TimerEvent: {}
[10.671654] (-) TimerEvent: {}
[10.742016] (aerobot_interfaces) StdoutLine: {'line': b'-- Install configuration: ""\n'}
[10.743611] (aerobot_interfaces) StdoutLine: {'line': b'-- Up-to-date: /home/ubuntu/ros2_ws/install/aerobot_interfaces/share/ament_index/resource_index/rosidl_interfaces/aerobot_interfaces\n'}
[10.764948] (aerobot_interfaces) StdoutLine: {'line': b'-- Up-to-date: /home/ubuntu/ros2_ws/install/aerobot_interfaces/include/aerobot_interfaces/aerobot_interfaces\n'}
[10.768256] (aerobot_interfaces) StdoutLine: {'line': b'-- Up-to-date: /home/ubuntu/ros2_ws/install/aerobot_interfaces/include/aerobot_interfaces/aerobot_interfaces/srv\n'}
[10.769337] (aerobot_interfaces) StdoutLine: {'line': b'-- Up-to-date: /home/ubuntu/ros2_ws/install/aerobot_interfaces/include/aerobot_interfaces/aerobot_interfaces/srv/esc_srv.h\n'}
[10.770369] (aerobot_interfaces) StdoutLine: {'line': b'-- Up-to-date: /home/ubuntu/ros2_ws/install/aerobot_interfaces/include/aerobot_interfaces/aerobot_interfaces/srv/esc.h\n'}
[10.771816] (-) TimerEvent: {}
[10.772144] (aerobot_interfaces) StdoutLine: {'line': b'-- Up-to-date: /home/ubuntu/ros2_ws/install/aerobot_interfaces/include/aerobot_interfaces/aerobot_interfaces/srv/detail\n'}
[10.773441] (aerobot_interfaces) StdoutLine: {'line': b'-- Up-to-date: /home/ubuntu/ros2_ws/install/aerobot_interfaces/include/aerobot_interfaces/aerobot_interfaces/srv/detail/esc_srv__struct.h\n'}
[10.774555] (aerobot_interfaces) StdoutLine: {'line': b'-- Up-to-date: /home/ubuntu/ros2_ws/install/aerobot_interfaces/include/aerobot_interfaces/aerobot_interfaces/srv/detail/esc__type_support.h\n'}
[10.788479] (aerobot_interfaces) StdoutLine: {'line': b'-- Up-to-date: /home/ubuntu/ros2_ws/install/aerobot_interfaces/include/aerobot_interfaces/aerobot_interfaces/srv/detail/esc__functions.h\n'}
[10.788979] (aerobot_interfaces) StdoutLine: {'line': b'-- Up-to-date: /home/ubuntu/ros2_ws/install/aerobot_interfaces/include/aerobot_interfaces/aerobot_interfaces/srv/detail/esc_srv__functions.c\n'}
[10.789363] (aerobot_interfaces) StdoutLine: {'line': b'-- Up-to-date: /home/ubuntu/ros2_ws/install/aerobot_interfaces/include/aerobot_interfaces/aerobot_interfaces/srv/detail/esc__struct.h\n'}
[10.789797] (aerobot_interfaces) StdoutLine: {'line': b'-- Up-to-date: /home/ubuntu/ros2_ws/install/aerobot_interfaces/include/aerobot_interfaces/aerobot_interfaces/srv/detail/esc_srv__type_support.h\n'}
[10.790293] (aerobot_interfaces) StdoutLine: {'line': b'-- Up-to-date: /home/ubuntu/ros2_ws/install/aerobot_interfaces/include/aerobot_interfaces/aerobot_interfaces/srv/detail/esc__functions.c\n'}
[10.807130] (aerobot_interfaces) StdoutLine: {'line': b'-- Up-to-date: /home/ubuntu/ros2_ws/install/aerobot_interfaces/include/aerobot_interfaces/aerobot_interfaces/srv/detail/esc_srv__functions.h\n'}
[10.807798] (aerobot_interfaces) StdoutLine: {'line': b'-- Up-to-date: /home/ubuntu/ros2_ws/install/aerobot_interfaces/include/aerobot_interfaces/aerobot_interfaces/msg\n'}
[10.808911] (aerobot_interfaces) StdoutLine: {'line': b'-- Up-to-date: /home/ubuntu/ros2_ws/install/aerobot_interfaces/include/aerobot_interfaces/aerobot_interfaces/msg/esc_msg.h\n'}
[10.809456] (aerobot_interfaces) StdoutLine: {'line': b'-- Up-to-date: /home/ubuntu/ros2_ws/install/aerobot_interfaces/include/aerobot_interfaces/aerobot_interfaces/msg/esc.h\n'}
[10.809899] (aerobot_interfaces) StdoutLine: {'line': b'-- Up-to-date: /home/ubuntu/ros2_ws/install/aerobot_interfaces/include/aerobot_interfaces/aerobot_interfaces/msg/detail\n'}
[10.816312] (aerobot_interfaces) StdoutLine: {'line': b'-- Up-to-date: /home/ubuntu/ros2_ws/install/aerobot_interfaces/include/aerobot_interfaces/aerobot_interfaces/msg/detail/esc_msg__functions.c\n'}
[10.816894] (aerobot_interfaces) StdoutLine: {'line': b'-- Up-to-date: /home/ubuntu/ros2_ws/install/aerobot_interfaces/include/aerobot_interfaces/aerobot_interfaces/msg/detail/esc__type_support.h\n'}
[10.817273] (aerobot_interfaces) StdoutLine: {'line': b'-- Up-to-date: /home/ubuntu/ros2_ws/install/aerobot_interfaces/include/aerobot_interfaces/aerobot_interfaces/msg/detail/esc__functions.h\n'}
[10.817655] (aerobot_interfaces) StdoutLine: {'line': b'-- Up-to-date: /home/ubuntu/ros2_ws/install/aerobot_interfaces/include/aerobot_interfaces/aerobot_interfaces/msg/detail/esc_msg__struct.h\n'}
[10.817966] (aerobot_interfaces) StdoutLine: {'line': b'-- Up-to-date: /home/ubuntu/ros2_ws/install/aerobot_interfaces/include/aerobot_interfaces/aerobot_interfaces/msg/detail/esc__struct.h\n'}
[10.818276] (aerobot_interfaces) StdoutLine: {'line': b'-- Up-to-date: /home/ubuntu/ros2_ws/install/aerobot_interfaces/include/aerobot_interfaces/aerobot_interfaces/msg/detail/esc_msg__functions.h\n'}
[10.818644] (aerobot_interfaces) StdoutLine: {'line': b'-- Up-to-date: /home/ubuntu/ros2_ws/install/aerobot_interfaces/include/aerobot_interfaces/aerobot_interfaces/msg/detail/esc_msg__type_support.h\n'}
[10.818983] (aerobot_interfaces) StdoutLine: {'line': b'-- Up-to-date: /home/ubuntu/ros2_ws/install/aerobot_interfaces/include/aerobot_interfaces/aerobot_interfaces/msg/detail/esc__functions.c\n'}
[10.830222] (aerobot_interfaces) StdoutLine: {'line': b'-- Up-to-date: /home/ubuntu/ros2_ws/install/aerobot_interfaces/include/aerobot_interfaces/aerobot_interfaces/msg/rosidl_generator_c__visibility_control.h\n'}
[10.830739] (aerobot_interfaces) StdoutLine: {'line': b'-- Up-to-date: /home/ubuntu/ros2_ws/install/aerobot_interfaces/share/aerobot_interfaces/environment/library_path.sh\n'}
[10.831093] (aerobot_interfaces) StdoutLine: {'line': b'-- Up-to-date: /home/ubuntu/ros2_ws/install/aerobot_interfaces/share/aerobot_interfaces/environment/library_path.dsv\n'}
[10.832167] (aerobot_interfaces) StdoutLine: {'line': b'-- Up-to-date: /home/ubuntu/ros2_ws/install/aerobot_interfaces/lib/libaerobot_interfaces__rosidl_generator_c.so\n'}
[10.832527] (aerobot_interfaces) StdoutLine: {'line': b'-- Up-to-date: /home/ubuntu/ros2_ws/install/aerobot_interfaces/include/aerobot_interfaces/aerobot_interfaces\n'}
[10.832921] (aerobot_interfaces) StdoutLine: {'line': b'-- Up-to-date: /home/ubuntu/ros2_ws/install/aerobot_interfaces/include/aerobot_interfaces/aerobot_interfaces/srv\n'}
[10.833260] (aerobot_interfaces) StdoutLine: {'line': b'-- Up-to-date: /home/ubuntu/ros2_ws/install/aerobot_interfaces/include/aerobot_interfaces/aerobot_interfaces/srv/detail\n'}
[10.833553] (aerobot_interfaces) StdoutLine: {'line': b'-- Up-to-date: /home/ubuntu/ros2_ws/install/aerobot_interfaces/include/aerobot_interfaces/aerobot_interfaces/srv/detail/esc_srv__rosidl_typesupport_fastrtps_c.h\n'}
[10.833830] (aerobot_interfaces) StdoutLine: {'line': b'-- Up-to-date: /home/ubuntu/ros2_ws/install/aerobot_interfaces/include/aerobot_interfaces/aerobot_interfaces/srv/detail/esc__rosidl_typesupport_fastrtps_c.h\n'}
[10.834124] (aerobot_interfaces) StdoutLine: {'line': b'-- Up-to-date: /home/ubuntu/ros2_ws/install/aerobot_interfaces/include/aerobot_interfaces/aerobot_interfaces/msg\n'}
[10.844287] (aerobot_interfaces) StdoutLine: {'line': b'-- Up-to-date: /home/ubuntu/ros2_ws/install/aerobot_interfaces/include/aerobot_interfaces/aerobot_interfaces/msg/rosidl_typesupport_fastrtps_c__visibility_control.h\n'}
[10.845577] (aerobot_interfaces) StdoutLine: {'line': b'-- Up-to-date: /home/ubuntu/ros2_ws/install/aerobot_interfaces/include/aerobot_interfaces/aerobot_interfaces/msg/detail\n'}
[10.846164] (aerobot_interfaces) StdoutLine: {'line': b'-- Up-to-date: /home/ubuntu/ros2_ws/install/aerobot_interfaces/include/aerobot_interfaces/aerobot_interfaces/msg/detail/esc_msg__rosidl_typesupport_fastrtps_c.h\n'}
[10.846698] (aerobot_interfaces) StdoutLine: {'line': b'-- Up-to-date: /home/ubuntu/ros2_ws/install/aerobot_interfaces/include/aerobot_interfaces/aerobot_interfaces/msg/detail/esc__rosidl_typesupport_fastrtps_c.h\n'}
[10.847943] (aerobot_interfaces) StdoutLine: {'line': b'-- Up-to-date: /home/ubuntu/ros2_ws/install/aerobot_interfaces/lib/libaerobot_interfaces__rosidl_typesupport_fastrtps_c.so\n'}
[10.848363] (aerobot_interfaces) StdoutLine: {'line': b'-- Up-to-date: /home/ubuntu/ros2_ws/install/aerobot_interfaces/include/aerobot_interfaces/aerobot_interfaces\n'}
[10.848710] (aerobot_interfaces) StdoutLine: {'line': b'-- Up-to-date: /home/ubuntu/ros2_ws/install/aerobot_interfaces/include/aerobot_interfaces/aerobot_interfaces/srv\n'}
[10.856695] (aerobot_interfaces) StdoutLine: {'line': b'-- Up-to-date: /home/ubuntu/ros2_ws/install/aerobot_interfaces/include/aerobot_interfaces/aerobot_interfaces/srv/detail\n'}
[10.857302] (aerobot_interfaces) StdoutLine: {'line': b'-- Up-to-date: /home/ubuntu/ros2_ws/install/aerobot_interfaces/include/aerobot_interfaces/aerobot_interfaces/srv/detail/esc_srv__type_support.c\n'}
[10.858689] (aerobot_interfaces) StdoutLine: {'line': b'-- Up-to-date: /home/ubuntu/ros2_ws/install/aerobot_interfaces/include/aerobot_interfaces/aerobot_interfaces/srv/detail/esc__rosidl_typesupport_introspection_c.h\n'}
[10.859149] (aerobot_interfaces) StdoutLine: {'line': b'-- Up-to-date: /home/ubuntu/ros2_ws/install/aerobot_interfaces/include/aerobot_interfaces/aerobot_interfaces/srv/detail/esc__type_support.c\n'}
[10.859884] (aerobot_interfaces) StdoutLine: {'line': b'-- Up-to-date: /home/ubuntu/ros2_ws/install/aerobot_interfaces/include/aerobot_interfaces/aerobot_interfaces/srv/detail/esc_srv__rosidl_typesupport_introspection_c.h\n'}
[10.860431] (aerobot_interfaces) StdoutLine: {'line': b'-- Up-to-date: /home/ubuntu/ros2_ws/install/aerobot_interfaces/include/aerobot_interfaces/aerobot_interfaces/msg\n'}
[10.868967] (aerobot_interfaces) StdoutLine: {'line': b'-- Up-to-date: /home/ubuntu/ros2_ws/install/aerobot_interfaces/include/aerobot_interfaces/aerobot_interfaces/msg/detail\n'}
[10.870398] (aerobot_interfaces) StdoutLine: {'line': b'-- Up-to-date: /home/ubuntu/ros2_ws/install/aerobot_interfaces/include/aerobot_interfaces/aerobot_interfaces/msg/detail/esc_msg__type_support.c\n'}
[10.870917] (aerobot_interfaces) StdoutLine: {'line': b'-- Up-to-date: /home/ubuntu/ros2_ws/install/aerobot_interfaces/include/aerobot_interfaces/aerobot_interfaces/msg/detail/esc__rosidl_typesupport_introspection_c.h\n'}
[10.880346] (-) TimerEvent: {}
[10.880471] (aerobot_interfaces) StdoutLine: {'line': b'-- Up-to-date: /home/ubuntu/ros2_ws/install/aerobot_interfaces/include/aerobot_interfaces/aerobot_interfaces/msg/detail/esc__type_support.c\n'}
[10.880867] (aerobot_interfaces) StdoutLine: {'line': b'-- Up-to-date: /home/ubuntu/ros2_ws/install/aerobot_interfaces/include/aerobot_interfaces/aerobot_interfaces/msg/detail/esc_msg__rosidl_typesupport_introspection_c.h\n'}
[10.883703] (aerobot_interfaces) StdoutLine: {'line': b'-- Up-to-date: /home/ubuntu/ros2_ws/install/aerobot_interfaces/include/aerobot_interfaces/aerobot_interfaces/msg/rosidl_typesupport_introspection_c__visibility_control.h\n'}
[10.886378] (aerobot_interfaces) StdoutLine: {'line': b'-- Up-to-date: /home/ubuntu/ros2_ws/install/aerobot_interfaces/lib/libaerobot_interfaces__rosidl_typesupport_introspection_c.so\n'}
[10.886927] (aerobot_interfaces) StdoutLine: {'line': b'-- Up-to-date: /home/ubuntu/ros2_ws/install/aerobot_interfaces/lib/libaerobot_interfaces__rosidl_typesupport_c.so\n'}
[10.889610] (aerobot_interfaces) StdoutLine: {'line': b'-- Up-to-date: /home/ubuntu/ros2_ws/install/aerobot_interfaces/include/aerobot_interfaces/aerobot_interfaces\n'}
[10.890023] (aerobot_interfaces) StdoutLine: {'line': b'-- Up-to-date: /home/ubuntu/ros2_ws/install/aerobot_interfaces/include/aerobot_interfaces/aerobot_interfaces/srv\n'}
[10.892472] (aerobot_interfaces) StdoutLine: {'line': b'-- Up-to-date: /home/ubuntu/ros2_ws/install/aerobot_interfaces/include/aerobot_interfaces/aerobot_interfaces/srv/esc_srv.hpp\n'}
[10.893098] (aerobot_interfaces) StdoutLine: {'line': b'-- Up-to-date: /home/ubuntu/ros2_ws/install/aerobot_interfaces/include/aerobot_interfaces/aerobot_interfaces/srv/esc.hpp\n'}
[10.895824] (aerobot_interfaces) StdoutLine: {'line': b'-- Up-to-date: /home/ubuntu/ros2_ws/install/aerobot_interfaces/include/aerobot_interfaces/aerobot_interfaces/srv/detail\n'}
[10.896254] (aerobot_interfaces) StdoutLine: {'line': b'-- Up-to-date: /home/ubuntu/ros2_ws/install/aerobot_interfaces/include/aerobot_interfaces/aerobot_interfaces/srv/detail/esc__builder.hpp\n'}
[10.898775] (aerobot_interfaces) StdoutLine: {'line': b'-- Up-to-date: /home/ubuntu/ros2_ws/install/aerobot_interfaces/include/aerobot_interfaces/aerobot_interfaces/srv/detail/esc_srv__traits.hpp\n'}
[10.899236] (aerobot_interfaces) StdoutLine: {'line': b'-- Up-to-date: /home/ubuntu/ros2_ws/install/aerobot_interfaces/include/aerobot_interfaces/aerobot_interfaces/srv/detail/esc_srv__builder.hpp\n'}
[10.901973] (aerobot_interfaces) StdoutLine: {'line': b'-- Up-to-date: /home/ubuntu/ros2_ws/install/aerobot_interfaces/include/aerobot_interfaces/aerobot_interfaces/srv/detail/esc__traits.hpp\n'}
[10.902616] (aerobot_interfaces) StdoutLine: {'line': b'-- Up-to-date: /home/ubuntu/ros2_ws/install/aerobot_interfaces/include/aerobot_interfaces/aerobot_interfaces/srv/detail/esc__struct.hpp\n'}
[10.905457] (aerobot_interfaces) StdoutLine: {'line': b'-- Up-to-date: /home/ubuntu/ros2_ws/install/aerobot_interfaces/include/aerobot_interfaces/aerobot_interfaces/srv/detail/esc_srv__struct.hpp\n'}
[10.905875] (aerobot_interfaces) StdoutLine: {'line': b'-- Up-to-date: /home/ubuntu/ros2_ws/install/aerobot_interfaces/include/aerobot_interfaces/aerobot_interfaces/msg\n'}
[10.908612] (aerobot_interfaces) StdoutLine: {'line': b'-- Up-to-date: /home/ubuntu/ros2_ws/install/aerobot_interfaces/include/aerobot_interfaces/aerobot_interfaces/msg/esc.hpp\n'}
[10.908967] (aerobot_interfaces) StdoutLine: {'line': b'-- Up-to-date: /home/ubuntu/ros2_ws/install/aerobot_interfaces/include/aerobot_interfaces/aerobot_interfaces/msg/esc_msg.hpp\n'}
[10.911832] (aerobot_interfaces) StdoutLine: {'line': b'-- Up-to-date: /home/ubuntu/ros2_ws/install/aerobot_interfaces/include/aerobot_interfaces/aerobot_interfaces/msg/detail\n'}
[10.914367] (aerobot_interfaces) StdoutLine: {'line': b'-- Up-to-date: /home/ubuntu/ros2_ws/install/aerobot_interfaces/include/aerobot_interfaces/aerobot_interfaces/msg/detail/esc__builder.hpp\n'}
[10.914849] (aerobot_interfaces) StdoutLine: {'line': b'-- Up-to-date: /home/ubuntu/ros2_ws/install/aerobot_interfaces/include/aerobot_interfaces/aerobot_interfaces/msg/detail/esc_msg__struct.hpp\n'}
[10.915125] (aerobot_interfaces) StdoutLine: {'line': b'-- Up-to-date: /home/ubuntu/ros2_ws/install/aerobot_interfaces/include/aerobot_interfaces/aerobot_interfaces/msg/detail/esc__traits.hpp\n'}
[10.917972] (aerobot_interfaces) StdoutLine: {'line': b'-- Up-to-date: /home/ubuntu/ros2_ws/install/aerobot_interfaces/include/aerobot_interfaces/aerobot_interfaces/msg/detail/esc__struct.hpp\n'}
[10.920886] (aerobot_interfaces) StdoutLine: {'line': b'-- Up-to-date: /home/ubuntu/ros2_ws/install/aerobot_interfaces/include/aerobot_interfaces/aerobot_interfaces/msg/detail/esc_msg__builder.hpp\n'}
[10.924042] (aerobot_interfaces) StdoutLine: {'line': b'-- Up-to-date: /home/ubuntu/ros2_ws/install/aerobot_interfaces/include/aerobot_interfaces/aerobot_interfaces/msg/detail/esc_msg__traits.hpp\n'}
[10.924503] (aerobot_interfaces) StdoutLine: {'line': b'-- Up-to-date: /home/ubuntu/ros2_ws/install/aerobot_interfaces/include/aerobot_interfaces/aerobot_interfaces\n'}
[10.927327] (aerobot_interfaces) StdoutLine: {'line': b'-- Up-to-date: /home/ubuntu/ros2_ws/install/aerobot_interfaces/include/aerobot_interfaces/aerobot_interfaces/srv\n'}
[10.930039] (aerobot_interfaces) StdoutLine: {'line': b'-- Up-to-date: /home/ubuntu/ros2_ws/install/aerobot_interfaces/include/aerobot_interfaces/aerobot_interfaces/srv/detail\n'}
[10.930493] (aerobot_interfaces) StdoutLine: {'line': b'-- Up-to-date: /home/ubuntu/ros2_ws/install/aerobot_interfaces/include/aerobot_interfaces/aerobot_interfaces/srv/detail/esc__rosidl_typesupport_fastrtps_cpp.hpp\n'}
[10.930772] (aerobot_interfaces) StdoutLine: {'line': b'-- Up-to-date: /home/ubuntu/ros2_ws/install/aerobot_interfaces/include/aerobot_interfaces/aerobot_interfaces/srv/detail/dds_fastrtps\n'}
[10.933729] (aerobot_interfaces) StdoutLine: {'line': b'-- Up-to-date: /home/ubuntu/ros2_ws/install/aerobot_interfaces/include/aerobot_interfaces/aerobot_interfaces/srv/detail/esc_srv__rosidl_typesupport_fastrtps_cpp.hpp\n'}
[10.936629] (aerobot_interfaces) StdoutLine: {'line': b'-- Up-to-date: /home/ubuntu/ros2_ws/install/aerobot_interfaces/include/aerobot_interfaces/aerobot_interfaces/msg\n'}
[10.936968] (aerobot_interfaces) StdoutLine: {'line': b'-- Up-to-date: /home/ubuntu/ros2_ws/install/aerobot_interfaces/include/aerobot_interfaces/aerobot_interfaces/msg/rosidl_typesupport_fastrtps_cpp__visibility_control.h\n'}
[10.939699] (aerobot_interfaces) StdoutLine: {'line': b'-- Up-to-date: /home/ubuntu/ros2_ws/install/aerobot_interfaces/include/aerobot_interfaces/aerobot_interfaces/msg/detail\n'}
[10.940147] (aerobot_interfaces) StdoutLine: {'line': b'-- Up-to-date: /home/ubuntu/ros2_ws/install/aerobot_interfaces/include/aerobot_interfaces/aerobot_interfaces/msg/detail/esc__rosidl_typesupport_fastrtps_cpp.hpp\n'}
[10.942972] (aerobot_interfaces) StdoutLine: {'line': b'-- Up-to-date: /home/ubuntu/ros2_ws/install/aerobot_interfaces/include/aerobot_interfaces/aerobot_interfaces/msg/detail/dds_fastrtps\n'}
[10.945852] (aerobot_interfaces) StdoutLine: {'line': b'-- Up-to-date: /home/ubuntu/ros2_ws/install/aerobot_interfaces/include/aerobot_interfaces/aerobot_interfaces/msg/detail/esc_msg__rosidl_typesupport_fastrtps_cpp.hpp\n'}
[10.946211] (aerobot_interfaces) StdoutLine: {'line': b'-- Up-to-date: /home/ubuntu/ros2_ws/install/aerobot_interfaces/lib/libaerobot_interfaces__rosidl_typesupport_fastrtps_cpp.so\n'}
[10.948763] (aerobot_interfaces) StdoutLine: {'line': b'-- Up-to-date: /home/ubuntu/ros2_ws/install/aerobot_interfaces/include/aerobot_interfaces/aerobot_interfaces\n'}
[10.949446] (aerobot_interfaces) StdoutLine: {'line': b'-- Up-to-date: /home/ubuntu/ros2_ws/install/aerobot_interfaces/include/aerobot_interfaces/aerobot_interfaces/srv\n'}
[10.952296] (aerobot_interfaces) StdoutLine: {'line': b'-- Up-to-date: /home/ubuntu/ros2_ws/install/aerobot_interfaces/include/aerobot_interfaces/aerobot_interfaces/srv/detail\n'}
[10.952633] (aerobot_interfaces) StdoutLine: {'line': b'-- Up-to-date: /home/ubuntu/ros2_ws/install/aerobot_interfaces/include/aerobot_interfaces/aerobot_interfaces/srv/detail/esc__rosidl_typesupport_introspection_cpp.hpp\n'}
[10.955286] (aerobot_interfaces) StdoutLine: {'line': b'-- Up-to-date: /home/ubuntu/ros2_ws/install/aerobot_interfaces/include/aerobot_interfaces/aerobot_interfaces/srv/detail/esc__type_support.cpp\n'}
[10.956564] (aerobot_interfaces) StdoutLine: {'line': b'-- Up-to-date: /home/ubuntu/ros2_ws/install/aerobot_interfaces/include/aerobot_interfaces/aerobot_interfaces/srv/detail/esc_srv__type_support.cpp\n'}
[10.959367] (aerobot_interfaces) StdoutLine: {'line': b'-- Up-to-date: /home/ubuntu/ros2_ws/install/aerobot_interfaces/include/aerobot_interfaces/aerobot_interfaces/srv/detail/esc_srv__rosidl_typesupport_introspection_cpp.hpp\n'}
[10.959998] (aerobot_interfaces) StdoutLine: {'line': b'-- Up-to-date: /home/ubuntu/ros2_ws/install/aerobot_interfaces/include/aerobot_interfaces/aerobot_interfaces/msg\n'}
[10.962910] (aerobot_interfaces) StdoutLine: {'line': b'-- Up-to-date: /home/ubuntu/ros2_ws/install/aerobot_interfaces/include/aerobot_interfaces/aerobot_interfaces/msg/detail\n'}
[10.965491] (aerobot_interfaces) StdoutLine: {'line': b'-- Up-to-date: /home/ubuntu/ros2_ws/install/aerobot_interfaces/include/aerobot_interfaces/aerobot_interfaces/msg/detail/esc__rosidl_typesupport_introspection_cpp.hpp\n'}
[10.966119] (aerobot_interfaces) StdoutLine: {'line': b'-- Up-to-date: /home/ubuntu/ros2_ws/install/aerobot_interfaces/include/aerobot_interfaces/aerobot_interfaces/msg/detail/esc_msg__type_support.cpp\n'}
[10.969010] (aerobot_interfaces) StdoutLine: {'line': b'-- Up-to-date: /home/ubuntu/ros2_ws/install/aerobot_interfaces/include/aerobot_interfaces/aerobot_interfaces/msg/detail/esc__type_support.cpp\n'}
[10.969449] (aerobot_interfaces) StdoutLine: {'line': b'-- Up-to-date: /home/ubuntu/ros2_ws/install/aerobot_interfaces/include/aerobot_interfaces/aerobot_interfaces/msg/detail/esc_msg__rosidl_typesupport_introspection_cpp.hpp\n'}
[10.971260] (aerobot_interfaces) StdoutLine: {'line': b'-- Up-to-date: /home/ubuntu/ros2_ws/install/aerobot_interfaces/lib/libaerobot_interfaces__rosidl_typesupport_introspection_cpp.so\n'}
[10.973033] (aerobot_interfaces) StdoutLine: {'line': b'-- Up-to-date: /home/ubuntu/ros2_ws/install/aerobot_interfaces/lib/libaerobot_interfaces__rosidl_typesupport_cpp.so\n'}
[10.973383] (aerobot_interfaces) StdoutLine: {'line': b'-- Up-to-date: /home/ubuntu/ros2_ws/install/aerobot_interfaces/share/aerobot_interfaces/environment/pythonpath.sh\n'}
[10.973650] (aerobot_interfaces) StdoutLine: {'line': b'-- Up-to-date: /home/ubuntu/ros2_ws/install/aerobot_interfaces/share/aerobot_interfaces/environment/pythonpath.dsv\n'}
[10.975424] (aerobot_interfaces) StdoutLine: {'line': b'-- Up-to-date: /home/ubuntu/ros2_ws/install/aerobot_interfaces/local/lib/python3.10/dist-packages/aerobot_interfaces-0.0.0-py3.10.egg-info\n'}
[10.977267] (aerobot_interfaces) StdoutLine: {'line': b'-- Installing: /home/ubuntu/ros2_ws/install/aerobot_interfaces/local/lib/python3.10/dist-packages/aerobot_interfaces-0.0.0-py3.10.egg-info/SOURCES.txt\n'}
[10.979217] (aerobot_interfaces) StdoutLine: {'line': b'-- Installing: /home/ubuntu/ros2_ws/install/aerobot_interfaces/local/lib/python3.10/dist-packages/aerobot_interfaces-0.0.0-py3.10.egg-info/dependency_links.txt\n'}
[10.979936] (aerobot_interfaces) StdoutLine: {'line': b'-- Installing: /home/ubuntu/ros2_ws/install/aerobot_interfaces/local/lib/python3.10/dist-packages/aerobot_interfaces-0.0.0-py3.10.egg-info/PKG-INFO\n'}
[10.982881] (-) TimerEvent: {}
[10.983011] (aerobot_interfaces) StdoutLine: {'line': b'-- Installing: /home/ubuntu/ros2_ws/install/aerobot_interfaces/local/lib/python3.10/dist-packages/aerobot_interfaces-0.0.0-py3.10.egg-info/top_level.txt\n'}
[10.985845] (aerobot_interfaces) StdoutLine: {'line': b'-- Up-to-date: /home/ubuntu/ros2_ws/install/aerobot_interfaces/local/lib/python3.10/dist-packages/aerobot_interfaces\n'}
[10.986196] (aerobot_interfaces) StdoutLine: {'line': b'-- Up-to-date: /home/ubuntu/ros2_ws/install/aerobot_interfaces/local/lib/python3.10/dist-packages/aerobot_interfaces/__init__.py\n'}
[10.990077] (aerobot_interfaces) StdoutLine: {'line': b'-- Up-to-date: /home/ubuntu/ros2_ws/install/aerobot_interfaces/local/lib/python3.10/dist-packages/aerobot_interfaces/aerobot_interfaces_s__rosidl_typesupport_fastrtps_c.cpython-310-aarch64-linux-gnu.so\n'}
[10.992889] (aerobot_interfaces) StdoutLine: {'line': b'-- Up-to-date: /home/ubuntu/ros2_ws/install/aerobot_interfaces/local/lib/python3.10/dist-packages/aerobot_interfaces/libaerobot_interfaces__rosidl_generator_py.so\n'}
[10.993405] (aerobot_interfaces) StdoutLine: {'line': b'-- Up-to-date: /home/ubuntu/ros2_ws/install/aerobot_interfaces/local/lib/python3.10/dist-packages/aerobot_interfaces/aerobot_interfaces_s__rosidl_typesupport_introspection_c.cpython-310-aarch64-linux-gnu.so\n'}
[10.995994] (aerobot_interfaces) StdoutLine: {'line': b'-- Up-to-date: /home/ubuntu/ros2_ws/install/aerobot_interfaces/local/lib/python3.10/dist-packages/aerobot_interfaces/_aerobot_interfaces_s.ep.rosidl_typesupport_fastrtps_c.c\n'}
[10.996566] (aerobot_interfaces) StdoutLine: {'line': b'-- Up-to-date: /home/ubuntu/ros2_ws/install/aerobot_interfaces/local/lib/python3.10/dist-packages/aerobot_interfaces/srv\n'}
[11.000252] (aerobot_interfaces) StdoutLine: {'line': b'-- Up-to-date: /home/ubuntu/ros2_ws/install/aerobot_interfaces/local/lib/python3.10/dist-packages/aerobot_interfaces/srv/__init__.py\n'}
[11.000670] (aerobot_interfaces) StdoutLine: {'line': b'-- Up-to-date: /home/ubuntu/ros2_ws/install/aerobot_interfaces/local/lib/python3.10/dist-packages/aerobot_interfaces/srv/_esc.py\n'}
[11.000948] (aerobot_interfaces) StdoutLine: {'line': b'-- Up-to-date: /home/ubuntu/ros2_ws/install/aerobot_interfaces/local/lib/python3.10/dist-packages/aerobot_interfaces/srv/_esc_s.c\n'}
[11.003867] (aerobot_interfaces) StdoutLine: {'line': b'-- Up-to-date: /home/ubuntu/ros2_ws/install/aerobot_interfaces/local/lib/python3.10/dist-packages/aerobot_interfaces/srv/_esc_srv_s.c\n'}
[11.006750] (aerobot_interfaces) StdoutLine: {'line': b'-- Up-to-date: /home/ubuntu/ros2_ws/install/aerobot_interfaces/local/lib/python3.10/dist-packages/aerobot_interfaces/srv/_esc_srv.py\n'}
[11.007180] (aerobot_interfaces) StdoutLine: {'line': b'-- Up-to-date: /home/ubuntu/ros2_ws/install/aerobot_interfaces/local/lib/python3.10/dist-packages/aerobot_interfaces/_aerobot_interfaces_s.ep.rosidl_typesupport_c.c\n'}
[11.010208] (aerobot_interfaces) StdoutLine: {'line': b'-- Up-to-date: /home/ubuntu/ros2_ws/install/aerobot_interfaces/local/lib/python3.10/dist-packages/aerobot_interfaces/_aerobot_interfaces_s.ep.rosidl_typesupport_introspection_c.c\n'}
[11.012996] (aerobot_interfaces) StdoutLine: {'line': b'-- Up-to-date: /home/ubuntu/ros2_ws/install/aerobot_interfaces/local/lib/python3.10/dist-packages/aerobot_interfaces/aerobot_interfaces_s__rosidl_typesupport_c.cpython-310-aarch64-linux-gnu.so\n'}
[11.013605] (aerobot_interfaces) StdoutLine: {'line': b'-- Up-to-date: /home/ubuntu/ros2_ws/install/aerobot_interfaces/local/lib/python3.10/dist-packages/aerobot_interfaces/msg\n'}
[11.020052] (aerobot_interfaces) StdoutLine: {'line': b'-- Up-to-date: /home/ubuntu/ros2_ws/install/aerobot_interfaces/local/lib/python3.10/dist-packages/aerobot_interfaces/msg/_esc_msg.py\n'}
[11.020527] (aerobot_interfaces) StdoutLine: {'line': b'-- Up-to-date: /home/ubuntu/ros2_ws/install/aerobot_interfaces/local/lib/python3.10/dist-packages/aerobot_interfaces/msg/__init__.py\n'}
[11.026290] (aerobot_interfaces) StdoutLine: {'line': b'-- Up-to-date: /home/ubuntu/ros2_ws/install/aerobot_interfaces/local/lib/python3.10/dist-packages/aerobot_interfaces/msg/_esc_msg_s.c\n'}
[11.026855] (aerobot_interfaces) StdoutLine: {'line': b'-- Up-to-date: /home/ubuntu/ros2_ws/install/aerobot_interfaces/local/lib/python3.10/dist-packages/aerobot_interfaces/msg/_esc.py\n'}
[11.029893] (aerobot_interfaces) StdoutLine: {'line': b'-- Up-to-date: /home/ubuntu/ros2_ws/install/aerobot_interfaces/local/lib/python3.10/dist-packages/aerobot_interfaces/msg/_esc_s.c\n'}
[11.083084] (-) TimerEvent: {}
[11.195592] (-) TimerEvent: {}
[11.304276] (-) TimerEvent: {}
[11.404963] (-) TimerEvent: {}
[11.511664] (-) TimerEvent: {}
[11.612867] (-) TimerEvent: {}
[11.713631] (-) TimerEvent: {}
[11.814935] (-) TimerEvent: {}
[11.915741] (-) TimerEvent: {}
[11.990967] (aerobot_interfaces) StdoutLine: {'line': b"Listing '/home/ubuntu/ros2_ws/install/aerobot_interfaces/local/lib/python3.10/dist-packages/aerobot_interfaces'...\n"}
[11.992749] (aerobot_interfaces) StdoutLine: {'line': b"Listing '/home/ubuntu/ros2_ws/install/aerobot_interfaces/local/lib/python3.10/dist-packages/aerobot_interfaces/msg'...\n"}
[11.994593] (aerobot_interfaces) StdoutLine: {'line': b"Listing '/home/ubuntu/ros2_ws/install/aerobot_interfaces/local/lib/python3.10/dist-packages/aerobot_interfaces/srv'...\n"}
[12.016036] (-) TimerEvent: {}
[12.087113] (aerobot_interfaces) StdoutLine: {'line': b'-- Up-to-date: /home/ubuntu/ros2_ws/install/aerobot_interfaces/local/lib/python3.10/dist-packages/aerobot_interfaces/aerobot_interfaces_s__rosidl_typesupport_fastrtps_c.cpython-310-aarch64-linux-gnu.so\n'}
[12.104816] (aerobot_interfaces) StdoutLine: {'line': b'-- Up-to-date: /home/ubuntu/ros2_ws/install/aerobot_interfaces/local/lib/python3.10/dist-packages/aerobot_interfaces/aerobot_interfaces_s__rosidl_typesupport_introspection_c.cpython-310-aarch64-linux-gnu.so\n'}
[12.116570] (-) TimerEvent: {}
[12.140452] (aerobot_interfaces) StdoutLine: {'line': b'-- Up-to-date: /home/ubuntu/ros2_ws/install/aerobot_interfaces/local/lib/python3.10/dist-packages/aerobot_interfaces/aerobot_interfaces_s__rosidl_typesupport_c.cpython-310-aarch64-linux-gnu.so\n'}
[12.160542] (aerobot_interfaces) StdoutLine: {'line': b'-- Up-to-date: /home/ubuntu/ros2_ws/install/aerobot_interfaces/lib/libaerobot_interfaces__rosidl_generator_py.so\n'}
[12.180443] (aerobot_interfaces) StdoutLine: {'line': b'-- Up-to-date: /home/ubuntu/ros2_ws/install/aerobot_interfaces/share/aerobot_interfaces/srv/EscSrv.idl\n'}
[12.200964] (aerobot_interfaces) StdoutLine: {'line': b'-- Up-to-date: /home/ubuntu/ros2_ws/install/aerobot_interfaces/share/aerobot_interfaces/msg/EscMsg.idl\n'}
[12.202261] (aerobot_interfaces) StdoutLine: {'line': b'-- Up-to-date: /home/ubuntu/ros2_ws/install/aerobot_interfaces/share/aerobot_interfaces/srv/EscSrv.srv\n'}
[12.203291] (aerobot_interfaces) StdoutLine: {'line': b'-- Up-to-date: /home/ubuntu/ros2_ws/install/aerobot_interfaces/share/aerobot_interfaces/srv/EscSrv_Request.msg\n'}
[12.205522] (aerobot_interfaces) StdoutLine: {'line': b'-- Up-to-date: /home/ubuntu/ros2_ws/install/aerobot_interfaces/share/aerobot_interfaces/srv/EscSrv_Response.msg\n'}
[12.206635] (aerobot_interfaces) StdoutLine: {'line': b'-- Up-to-date: /home/ubuntu/ros2_ws/install/aerobot_interfaces/share/aerobot_interfaces/msg/EscMsg.msg\n'}
[12.216156] (aerobot_interfaces) StdoutLine: {'line': b'-- Up-to-date: /home/ubuntu/ros2_ws/install/aerobot_interfaces/share/ament_index/resource_index/package_run_dependencies/aerobot_interfaces\n'}
[12.217306] (-) TimerEvent: {}
[12.236900] (aerobot_interfaces) StdoutLine: {'line': b'-- Up-to-date: /home/ubuntu/ros2_ws/install/aerobot_interfaces/share/ament_index/resource_index/parent_prefix_path/aerobot_interfaces\n'}
[12.239852] (aerobot_interfaces) StdoutLine: {'line': b'-- Up-to-date: /home/ubuntu/ros2_ws/install/aerobot_interfaces/share/aerobot_interfaces/environment/ament_prefix_path.sh\n'}
[12.241000] (aerobot_interfaces) StdoutLine: {'line': b'-- Up-to-date: /home/ubuntu/ros2_ws/install/aerobot_interfaces/share/aerobot_interfaces/environment/ament_prefix_path.dsv\n'}
[12.242203] (aerobot_interfaces) StdoutLine: {'line': b'-- Up-to-date: /home/ubuntu/ros2_ws/install/aerobot_interfaces/share/aerobot_interfaces/environment/path.sh\n'}
[12.243253] (aerobot_interfaces) StdoutLine: {'line': b'-- Up-to-date: /home/ubuntu/ros2_ws/install/aerobot_interfaces/share/aerobot_interfaces/environment/path.dsv\n'}
[12.253180] (aerobot_interfaces) StdoutLine: {'line': b'-- Up-to-date: /home/ubuntu/ros2_ws/install/aerobot_interfaces/share/aerobot_interfaces/local_setup.bash\n'}
[12.266025] (aerobot_interfaces) StdoutLine: {'line': b'-- Up-to-date: /home/ubuntu/ros2_ws/install/aerobot_interfaces/share/aerobot_interfaces/local_setup.sh\n'}
[12.268941] (aerobot_interfaces) StdoutLine: {'line': b'-- Up-to-date: /home/ubuntu/ros2_ws/install/aerobot_interfaces/share/aerobot_interfaces/local_setup.zsh\n'}
[12.269961] (aerobot_interfaces) StdoutLine: {'line': b'-- Up-to-date: /home/ubuntu/ros2_ws/install/aerobot_interfaces/share/aerobot_interfaces/local_setup.dsv\n'}
[12.286108] (aerobot_interfaces) StdoutLine: {'line': b'-- Installing: /home/ubuntu/ros2_ws/install/aerobot_interfaces/share/aerobot_interfaces/package.dsv\n'}
[12.289913] (aerobot_interfaces) StdoutLine: {'line': b'-- Up-to-date: /home/ubuntu/ros2_ws/install/aerobot_interfaces/share/ament_index/resource_index/packages/aerobot_interfaces\n'}
[12.293136] (aerobot_interfaces) StdoutLine: {'line': b'-- Up-to-date: /home/ubuntu/ros2_ws/install/aerobot_interfaces/share/aerobot_interfaces/cmake/export_aerobot_interfaces__rosidl_generator_cExport.cmake\n'}
[12.317487] (-) TimerEvent: {}
[12.317894] (aerobot_interfaces) StdoutLine: {'line': b'-- Up-to-date: /home/ubuntu/ros2_ws/install/aerobot_interfaces/share/aerobot_interfaces/cmake/export_aerobot_interfaces__rosidl_generator_cExport-noconfig.cmake\n'}
[12.336538] (aerobot_interfaces) StdoutLine: {'line': b'-- Up-to-date: /home/ubuntu/ros2_ws/install/aerobot_interfaces/share/aerobot_interfaces/cmake/export_aerobot_interfaces__rosidl_typesupport_fastrtps_cExport.cmake\n'}
[12.337819] (aerobot_interfaces) StdoutLine: {'line': b'-- Up-to-date: /home/ubuntu/ros2_ws/install/aerobot_interfaces/share/aerobot_interfaces/cmake/export_aerobot_interfaces__rosidl_typesupport_fastrtps_cExport-noconfig.cmake\n'}
[12.338929] (aerobot_interfaces) StdoutLine: {'line': b'-- Up-to-date: /home/ubuntu/ros2_ws/install/aerobot_interfaces/share/aerobot_interfaces/cmake/aerobot_interfaces__rosidl_typesupport_introspection_cExport.cmake\n'}
[12.349360] (aerobot_interfaces) StdoutLine: {'line': b'-- Up-to-date: /home/ubuntu/ros2_ws/install/aerobot_interfaces/share/aerobot_interfaces/cmake/aerobot_interfaces__rosidl_typesupport_introspection_cExport-noconfig.cmake\n'}
[12.350737] (aerobot_interfaces) StdoutLine: {'line': b'-- Up-to-date: /home/ubuntu/ros2_ws/install/aerobot_interfaces/share/aerobot_interfaces/cmake/aerobot_interfaces__rosidl_typesupport_cExport.cmake\n'}
[12.352089] (aerobot_interfaces) StdoutLine: {'line': b'-- Up-to-date: /home/ubuntu/ros2_ws/install/aerobot_interfaces/share/aerobot_interfaces/cmake/aerobot_interfaces__rosidl_typesupport_cExport-noconfig.cmake\n'}
[12.353240] (aerobot_interfaces) StdoutLine: {'line': b'-- Up-to-date: /home/ubuntu/ros2_ws/install/aerobot_interfaces/share/aerobot_interfaces/cmake/export_aerobot_interfaces__rosidl_generator_cppExport.cmake\n'}
[12.354504] (aerobot_interfaces) StdoutLine: {'line': b'-- Up-to-date: /home/ubuntu/ros2_ws/install/aerobot_interfaces/share/aerobot_interfaces/cmake/export_aerobot_interfaces__rosidl_typesupport_fastrtps_cppExport.cmake\n'}
[12.393063] (aerobot_interfaces) StdoutLine: {'line': b'-- Up-to-date: /home/ubuntu/ros2_ws/install/aerobot_interfaces/share/aerobot_interfaces/cmake/export_aerobot_interfaces__rosidl_typesupport_fastrtps_cppExport-noconfig.cmake\n'}
[12.394365] (aerobot_interfaces) StdoutLine: {'line': b'-- Up-to-date: /home/ubuntu/ros2_ws/install/aerobot_interfaces/share/aerobot_interfaces/cmake/aerobot_interfaces__rosidl_typesupport_introspection_cppExport.cmake\n'}
[12.400296] (aerobot_interfaces) StdoutLine: {'line': b'-- Up-to-date: /home/ubuntu/ros2_ws/install/aerobot_interfaces/share/aerobot_interfaces/cmake/aerobot_interfaces__rosidl_typesupport_introspection_cppExport-noconfig.cmake\n'}
[12.401409] (aerobot_interfaces) StdoutLine: {'line': b'-- Up-to-date: /home/ubuntu/ros2_ws/install/aerobot_interfaces/share/aerobot_interfaces/cmake/aerobot_interfaces__rosidl_typesupport_cppExport.cmake\n'}
[12.402433] (aerobot_interfaces) StdoutLine: {'line': b'-- Up-to-date: /home/ubuntu/ros2_ws/install/aerobot_interfaces/share/aerobot_interfaces/cmake/aerobot_interfaces__rosidl_typesupport_cppExport-noconfig.cmake\n'}
[12.403573] (aerobot_interfaces) StdoutLine: {'line': b'-- Up-to-date: /home/ubuntu/ros2_ws/install/aerobot_interfaces/share/aerobot_interfaces/cmake/export_aerobot_interfaces__rosidl_generator_pyExport.cmake\n'}
[12.404633] (aerobot_interfaces) StdoutLine: {'line': b'-- Up-to-date: /home/ubuntu/ros2_ws/install/aerobot_interfaces/share/aerobot_interfaces/cmake/export_aerobot_interfaces__rosidl_generator_pyExport-noconfig.cmake\n'}
[12.405429] (aerobot_interfaces) StdoutLine: {'line': b'-- Up-to-date: /home/ubuntu/ros2_ws/install/aerobot_interfaces/share/aerobot_interfaces/cmake/rosidl_cmake-extras.cmake\n'}
[12.406328] (aerobot_interfaces) StdoutLine: {'line': b'-- Up-to-date: /home/ubuntu/ros2_ws/install/aerobot_interfaces/share/aerobot_interfaces/cmake/ament_cmake_export_include_directories-extras.cmake\n'}
[12.407116] (aerobot_interfaces) StdoutLine: {'line': b'-- Up-to-date: /home/ubuntu/ros2_ws/install/aerobot_interfaces/share/aerobot_interfaces/cmake/ament_cmake_export_libraries-extras.cmake\n'}
[12.416818] (aerobot_interfaces) StdoutLine: {'line': b'-- Up-to-date: /home/ubuntu/ros2_ws/install/aerobot_interfaces/share/aerobot_interfaces/cmake/ament_cmake_export_targets-extras.cmake\n'}
[12.418046] (-) TimerEvent: {}
[12.418401] (aerobot_interfaces) StdoutLine: {'line': b'-- Up-to-date: /home/ubuntu/ros2_ws/install/aerobot_interfaces/share/aerobot_interfaces/cmake/rosidl_cmake_export_typesupport_targets-extras.cmake\n'}
[12.440149] (aerobot_interfaces) StdoutLine: {'line': b'-- Up-to-date: /home/ubuntu/ros2_ws/install/aerobot_interfaces/share/aerobot_interfaces/cmake/ament_cmake_export_dependencies-extras.cmake\n'}
[12.441258] (aerobot_interfaces) StdoutLine: {'line': b'-- Up-to-date: /home/ubuntu/ros2_ws/install/aerobot_interfaces/share/aerobot_interfaces/cmake/rosidl_cmake_export_typesupport_libraries-extras.cmake\n'}
[12.442047] (aerobot_interfaces) StdoutLine: {'line': b'-- Up-to-date: /home/ubuntu/ros2_ws/install/aerobot_interfaces/share/aerobot_interfaces/cmake/aerobot_interfacesConfig.cmake\n'}
[12.442812] (aerobot_interfaces) StdoutLine: {'line': b'-- Up-to-date: /home/ubuntu/ros2_ws/install/aerobot_interfaces/share/aerobot_interfaces/cmake/aerobot_interfacesConfig-version.cmake\n'}
[12.448077] (aerobot_interfaces) StdoutLine: {'line': b'-- Up-to-date: /home/ubuntu/ros2_ws/install/aerobot_interfaces/share/aerobot_interfaces/package.xml\n'}
[12.449075] (aerobot_interfaces) CommandEnded: {'returncode': 0}
[12.523735] (-) TimerEvent: {}
[12.624458] (-) TimerEvent: {}
[12.725642] (-) TimerEvent: {}
[12.826291] (-) TimerEvent: {}
[12.927051] (-) TimerEvent: {}
[13.028020] (-) TimerEvent: {}
[13.131601] (-) TimerEvent: {}
[13.233881] (-) TimerEvent: {}
[13.335509] (-) TimerEvent: {}
[13.439580] (-) TimerEvent: {}
[13.545281] (-) TimerEvent: {}
[13.646430] (-) TimerEvent: {}
[13.755621] (-) TimerEvent: {}
[13.863643] (-) TimerEvent: {}
[13.967631] (-) TimerEvent: {}
[14.068368] (-) TimerEvent: {}
[14.169195] (-) TimerEvent: {}
[14.270968] (-) TimerEvent: {}
[14.375913] (-) TimerEvent: {}
[14.476536] (-) TimerEvent: {}
[14.579462] (-) TimerEvent: {}
[14.680285] (-) TimerEvent: {}
[14.803565] (-) TimerEvent: {}
[14.904345] (-) TimerEvent: {}
[15.005057] (-) TimerEvent: {}
[15.106495] (-) TimerEvent: {}
[15.211203] (-) TimerEvent: {}
[15.317180] (-) TimerEvent: {}
[15.417954] (-) TimerEvent: {}
[15.523585] (-) TimerEvent: {}
[15.627669] (-) TimerEvent: {}
[15.735669] (-) TimerEvent: {}
[15.847610] (-) TimerEvent: {}
[15.963591] (-) TimerEvent: {}
[16.078269] (-) TimerEvent: {}
[16.203648] (-) TimerEvent: {}
[16.275820] (aerobot_interfaces) JobEnded: {'identifier': 'aerobot_interfaces', 'rc': 0}
[16.285831] (ros2_imu) JobStarted: {'identifier': 'ros2_imu'}
[16.315674] (-) TimerEvent: {}
[16.419631] (-) TimerEvent: {}
[16.521010] (-) TimerEvent: {}
[16.625185] (ros2_imu) JobProgress: {'identifier': 'ros2_imu', 'progress': 'cmake'}
[16.625627] (-) TimerEvent: {}
[16.635521] (ros2_imu) JobProgress: {'identifier': 'ros2_imu', 'progress': 'build'}
[16.639793] (ros2_imu) Command: {'cmd': ['/usr/bin/cmake', '--build', '/home/ubuntu/ros2_ws/build/ros2_imu', '--', '-j4', '-l4'], 'cwd': '/home/ubuntu/ros2_ws/build/ros2_imu', 'env': OrderedDict([('USER', 'ubuntu'), ('SSH_CLIENT', '192.168.0.106 58156 22'), ('XDG_SESSION_TYPE', 'tty'), ('SHLVL', '1'), ('LD_LIBRARY_PATH', '/home/ubuntu/ros2_ws/install/aerobot_interfaces/lib:/opt/ros/humble/lib/aarch64-linux-gnu:/opt/ros/humble/lib'), ('MOTD_SHOWN', 'pam'), ('HOME', '/home/ubuntu'), ('OLDPWD', '/home/ubuntu'), ('ROS_PYTHON_VERSION', '3'), ('DBUS_SESSION_BUS_ADDRESS', 'unix:path=/run/user/1000/bus'), ('COLCON_PREFIX_PATH', '/home/ubuntu/ros2_ws/install'), ('ROS_DISTRO', 'humble'), ('LOGNAME', 'ubuntu'), ('_', '/usr/bin/colcon'), ('ROS_VERSION', '2'), ('XDG_SESSION_CLASS', 'user'), ('XDG_SESSION_ID', '4'), ('ROS_LOCALHOST_ONLY', '0'), ('PATH', '/opt/ros/humble/bin:/usr/local/sbin:/usr/local/bin:/usr/sbin:/usr/bin:/sbin:/bin:/usr/games:/usr/local/games:/snap/bin'), ('XDG_RUNTIME_DIR', '/run/user/1000'), ('LANG', 'en_US.UTF-8'), ('AMENT_PREFIX_PATH', '/home/ubuntu/ros2_ws/install/ros2_imu:/home/ubuntu/ros2_ws/install/my_ahrs:/home/ubuntu/ros2_ws/install/lsm6dso:/home/ubuntu/ros2_ws/install/esc_pkg:/home/ubuntu/ros2_ws/install/bmm150_sensor:/home/ubuntu/ros2_ws/install/aerobot_interfaces:/opt/ros/humble'), ('SHELL', '/bin/bash'), ('PWD', '/home/ubuntu/ros2_ws/build/ros2_imu'), ('LC_ALL', 'C'), ('SSH_CONNECTION', '192.168.0.106 58156 192.168.0.122 22'), ('PYTHONPATH', '/home/ubuntu/ros2_ws/install/my_ahrs/lib/python3.10/site-packages:/home/ubuntu/ros2_ws/install/lsm6dso/lib/python3.10/site-packages:/home/ubuntu/ros2_ws/install/esc_pkg/lib/python3.10/site-packages:/home/ubuntu/ros2_ws/install/bmm150_sensor/lib/python3.10/site-packages:/home/ubuntu/ros2_ws/install/aerobot_interfaces/local/lib/python3.10/dist-packages:/opt/ros/humble/lib/python3.10/site-packages:/opt/ros/humble/local/lib/python3.10/dist-packages'), ('COLCON', '1'), ('CMAKE_PREFIX_PATH', '/home/ubuntu/ros2_ws/install/aerobot_interfaces:/home/ubuntu/ros2_ws/install/ros2_imu:/home/ubuntu/ros2_ws/install/my_ahrs:/home/ubuntu/ros2_ws/install/lsm6dso:/home/ubuntu/ros2_ws/install/esc_pkg:/home/ubuntu/ros2_ws/install/bmm150_sensor:/opt/ros/humble')]), 'shell': False}
[16.726079] (-) TimerEvent: {}
[16.803860] (ros2_imu) StdoutLine: {'line': b'/usr/bin/cmake -S/home/ubuntu/ros2_ws/src/ros2_imu -B/home/ubuntu/ros2_ws/build/ros2_imu --check-build-system CMakeFiles/Makefile.cmake 0\n'}
[16.827604] (-) TimerEvent: {}
[16.928359] (-) TimerEvent: {}
[17.029136] (-) TimerEvent: {}
[17.138651] (-) TimerEvent: {}
[17.242489] (-) TimerEvent: {}
[17.351176] (-) TimerEvent: {}
[17.442613] (ros2_imu) StdoutLine: {'line': b'-- Found ament_cmake: 1.3.9 (/opt/ros/humble/share/ament_cmake/cmake)\n'}
[17.451846] (-) TimerEvent: {}
[17.552640] (-) TimerEvent: {}
[17.653411] (-) TimerEvent: {}
[17.755277] (-) TimerEvent: {}
[17.856156] (-) TimerEvent: {}
[17.956826] (-) TimerEvent: {}
[18.063819] (-) TimerEvent: {}
[18.164295] (-) TimerEvent: {}
[18.264724] (-) TimerEvent: {}
[18.365991] (-) TimerEvent: {}
[18.466526] (-) TimerEvent: {}
[18.567277] (-) TimerEvent: {}
[18.672814] (-) TimerEvent: {}
[18.773857] (-) TimerEvent: {}
[18.880429] (-) TimerEvent: {}
[18.981995] (-) TimerEvent: {}
[19.082793] (-) TimerEvent: {}
[19.183542] (-) TimerEvent: {}
[19.284418] (-) TimerEvent: {}
[19.385588] (-) TimerEvent: {}
[19.487705] (-) TimerEvent: {}
[19.589252] (-) TimerEvent: {}
[19.690197] (-) TimerEvent: {}
[19.790935] (-) TimerEvent: {}
[19.815693] (ros2_imu) StdoutLine: {'line': b'-- Found ament_cmake_ros: 0.10.0 (/opt/ros/humble/share/ament_cmake_ros/cmake)\n'}
[19.899613] (-) TimerEvent: {}
[19.919926] (ros2_imu) StdoutLine: {'line': b'-- Found aerobot_interfaces: 0.0.0 (/home/ubuntu/ros2_ws/install/aerobot_interfaces/share/aerobot_interfaces/cmake)\n'}
[19.999899] (-) TimerEvent: {}
[20.100743] (-) TimerEvent: {}
[20.201568] (-) TimerEvent: {}
[20.302291] (-) TimerEvent: {}
[20.403003] (-) TimerEvent: {}
[20.511599] (-) TimerEvent: {}
[20.612332] (-) TimerEvent: {}
[20.713106] (-) TimerEvent: {}
[20.814033] (-) TimerEvent: {}
[20.914722] (-) TimerEvent: {}
[21.023583] (-) TimerEvent: {}
[21.124374] (-) TimerEvent: {}
[21.225108] (-) TimerEvent: {}
[21.331668] (-) TimerEvent: {}
[21.352752] (ros2_imu) StdoutLine: {'line': b'-- Found rosidl_generator_c: 3.1.5 (/opt/ros/humble/share/rosidl_generator_c/cmake)\n'}
[21.431900] (-) TimerEvent: {}
[21.459567] (ros2_imu) StdoutLine: {'line': b'-- Found rosidl_adapter: 3.1.5 (/opt/ros/humble/share/rosidl_adapter/cmake)\n'}
[21.536467] (-) TimerEvent: {}
[21.637150] (-) TimerEvent: {}
[21.688372] (ros2_imu) StdoutLine: {'line': b'-- Found rosidl_generator_cpp: 3.1.5 (/opt/ros/humble/share/rosidl_generator_cpp/cmake)\n'}
[21.737498] (-) TimerEvent: {}
[21.843598] (-) TimerEvent: {}
[21.951568] (-) TimerEvent: {}
[22.055485] (-) TimerEvent: {}
[22.058285] (ros2_imu) StdoutLine: {'line': b'-- Using all available rosidl_typesupport_c: rosidl_typesupport_fastrtps_c;rosidl_typesupport_introspection_c\n'}
[22.155700] (-) TimerEvent: {}
[22.259656] (-) TimerEvent: {}
[22.360674] (-) TimerEvent: {}
[22.368990] (ros2_imu) StdoutLine: {'line': b'-- Using all available rosidl_typesupport_cpp: rosidl_typesupport_fastrtps_cpp;rosidl_typesupport_introspection_cpp\n'}
[22.460999] (-) TimerEvent: {}
[22.561804] (-) TimerEvent: {}
[22.662892] (ros2_imu) StdoutLine: {'line': b'-- Found geometry_msgs: 4.2.4 (/opt/ros/humble/share/geometry_msgs/cmake)\n'}
[22.665371] (-) TimerEvent: {}
[22.767590] (-) TimerEvent: {}
[22.874596] (-) TimerEvent: {}
[22.982453] (-) TimerEvent: {}
[23.083579] (-) TimerEvent: {}
[23.184274] (-) TimerEvent: {}
[23.284998] (-) TimerEvent: {}
[23.391648] (-) TimerEvent: {}
[23.492356] (-) TimerEvent: {}
[23.593101] (-) TimerEvent: {}
[23.695263] (-) TimerEvent: {}
[23.799615] (-) TimerEvent: {}
[23.900443] (-) TimerEvent: {}
[24.001156] (-) TimerEvent: {}
[24.101883] (-) TimerEvent: {}
[24.202583] (-) TimerEvent: {}
[24.303473] (-) TimerEvent: {}
[24.404196] (-) TimerEvent: {}
[24.504941] (-) TimerEvent: {}
[24.605663] (-) TimerEvent: {}
[24.706461] (-) TimerEvent: {}
[24.807265] (-) TimerEvent: {}
[24.918133] (-) TimerEvent: {}
[25.024367] (-) TimerEvent: {}
[25.131855] (-) TimerEvent: {}
[25.232555] (-) TimerEvent: {}
[25.333454] (-) TimerEvent: {}
[25.434292] (-) TimerEvent: {}
[25.534999] (-) TimerEvent: {}
[25.643440] (-) TimerEvent: {}
[25.743841] (-) TimerEvent: {}
[25.844292] (-) TimerEvent: {}
[25.944745] (-) TimerEvent: {}
[26.002093] (ros2_imu) StdoutLine: {'line': b'-- Found rclcpp: 16.0.9 (/opt/ros/humble/share/rclcpp/cmake)\n'}
[26.044943] (-) TimerEvent: {}
[26.145376] (-) TimerEvent: {}
[26.245800] (-) TimerEvent: {}
[26.346201] (-) TimerEvent: {}
[26.446589] (-) TimerEvent: {}
[26.546968] (-) TimerEvent: {}
[26.596183] (ros2_imu) StdoutLine: {'line': b'-- Found rmw_implementation_cmake: 6.1.2 (/opt/ros/humble/share/rmw_implementation_cmake/cmake)\n'}
[26.606020] (ros2_imu) StdoutLine: {'line': b'-- Found rmw_fastrtps_cpp: 6.2.6 (/opt/ros/humble/share/rmw_fastrtps_cpp/cmake)\n'}
[26.647161] (-) TimerEvent: {}
[26.751954] (-) TimerEvent: {}
[26.855749] (-) TimerEvent: {}
[26.956228] (-) TimerEvent: {}
[27.063477] (-) TimerEvent: {}
[27.164129] (-) TimerEvent: {}
[27.267446] (-) TimerEvent: {}
[27.367854] (-) TimerEvent: {}
[27.470069] (-) TimerEvent: {}
[27.570714] (-) TimerEvent: {}
[27.671129] (-) TimerEvent: {}
[27.772059] (-) TimerEvent: {}
[27.874161] (-) TimerEvent: {}
[27.974909] (-) TimerEvent: {}
[28.023635] (ros2_imu) StdoutLine: {'line': b"-- Using RMW implementation 'rmw_fastrtps_cpp' as default\n"}
[28.075194] (-) TimerEvent: {}
[28.179597] (-) TimerEvent: {}
[28.282013] (-) TimerEvent: {}
[28.385895] (-) TimerEvent: {}
[28.486862] (-) TimerEvent: {}
[28.591449] (-) TimerEvent: {}
[28.692202] (-) TimerEvent: {}
[28.794487] (-) TimerEvent: {}
[28.903614] (-) TimerEvent: {}
[29.011274] (-) TimerEvent: {}
[29.115626] (-) TimerEvent: {}
[29.217394] (-) TimerEvent: {}
[29.319627] (-) TimerEvent: {}
[29.422968] (-) TimerEvent: {}
[29.526730] (-) TimerEvent: {}
[29.631684] (-) TimerEvent: {}
[29.732436] (-) TimerEvent: {}
[29.833175] (-) TimerEvent: {}
[29.944051] (-) TimerEvent: {}
[30.044827] (-) TimerEvent: {}
[30.151569] (-) TimerEvent: {}
[30.252298] (-) TimerEvent: {}
[30.353007] (-) TimerEvent: {}
[30.453760] (-) TimerEvent: {}
[30.555624] (-) TimerEvent: {}
[30.656360] (-) TimerEvent: {}
[30.757113] (-) TimerEvent: {}
[30.857824] (-) TimerEvent: {}
[30.958507] (-) TimerEvent: {}
[31.059134] (-) TimerEvent: {}
[31.160242] (-) TimerEvent: {}
[31.260734] (-) TimerEvent: {}
[31.361176] (-) TimerEvent: {}
[31.467798] (-) TimerEvent: {}
[31.568263] (-) TimerEvent: {}
[31.668754] (-) TimerEvent: {}
[31.771703] (-) TimerEvent: {}
[31.872106] (-) TimerEvent: {}
[31.972541] (-) TimerEvent: {}
[32.072979] (-) TimerEvent: {}
[32.176279] (-) TimerEvent: {}
[32.277200] (-) TimerEvent: {}
[32.377684] (-) TimerEvent: {}
[32.478254] (-) TimerEvent: {}
[32.578978] (-) TimerEvent: {}
[32.659748] (ros2_imu) StdoutLine: {'line': b'-- Configuring done\n'}
[32.679241] (-) TimerEvent: {}
[32.780022] (-) TimerEvent: {}
[32.883596] (-) TimerEvent: {}
[32.984313] (-) TimerEvent: {}
[33.085158] (-) TimerEvent: {}
[33.185956] (-) TimerEvent: {}
[33.287128] (-) TimerEvent: {}
[33.345486] (ros2_imu) StdoutLine: {'line': b'-- Generating done\n'}
[33.387436] (-) TimerEvent: {}
[33.445484] (ros2_imu) StdoutLine: {'line': b'-- Build files have been written to: /home/ubuntu/ros2_ws/build/ros2_imu\n'}
[33.487880] (-) TimerEvent: {}
[33.588831] (-) TimerEvent: {}
[33.620905] (ros2_imu) StdoutLine: {'line': b'/usr/bin/cmake -E cmake_progress_start /home/ubuntu/ros2_ws/build/ros2_imu/CMakeFiles /home/ubuntu/ros2_ws/build/ros2_imu//CMakeFiles/progress.marks\n'}
[33.691791] (-) TimerEvent: {}
[33.792526] (-) TimerEvent: {}
[33.900364] (-) TimerEvent: {}
[33.902807] (ros2_imu) StdoutLine: {'line': b'/usr/bin/gmake  -f CMakeFiles/Makefile2 all\n'}
[33.941388] (ros2_imu) StdoutLine: {'line': b"gmake[1]: Entering directory '/home/ubuntu/ros2_ws/build/ros2_imu'\n"}
[33.945725] (ros2_imu) StdoutLine: {'line': b'/usr/bin/gmake  -f CMakeFiles/ros2_imu.dir/build.make CMakeFiles/ros2_imu.dir/depend\n'}
[33.995622] (ros2_imu) StdoutLine: {'line': b"gmake[2]: Entering directory '/home/ubuntu/ros2_ws/build/ros2_imu'\n"}
[33.998013] (ros2_imu) StdoutLine: {'line': b'cd /home/ubuntu/ros2_ws/build/ros2_imu && /usr/bin/cmake -E cmake_depends "Unix Makefiles" /home/ubuntu/ros2_ws/src/ros2_imu /home/ubuntu/ros2_ws/src/ros2_imu /home/ubuntu/ros2_ws/build/ros2_imu /home/ubuntu/ros2_ws/build/ros2_imu /home/ubuntu/ros2_ws/build/ros2_imu/CMakeFiles/ros2_imu.dir/DependInfo.cmake --color=\n'}
[34.000574] (-) TimerEvent: {}
[34.101357] (-) TimerEvent: {}
[34.202176] (-) TimerEvent: {}
[34.303165] (-) TimerEvent: {}
[34.404108] (-) TimerEvent: {}
[34.504794] (-) TimerEvent: {}
[34.605525] (-) TimerEvent: {}
[34.707154] (-) TimerEvent: {}
[34.808151] (-) TimerEvent: {}
[34.908982] (-) TimerEvent: {}
[35.010191] (-) TimerEvent: {}
[35.110930] (-) TimerEvent: {}
[35.211639] (-) TimerEvent: {}
[35.295387] (ros2_imu) StdoutLine: {'line': b'Consolidate compiler generated dependencies of target ros2_imu\n'}
[35.303799] (ros2_imu) StdoutLine: {'line': b"gmake[2]: Leaving directory '/home/ubuntu/ros2_ws/build/ros2_imu'\n"}
[35.308360] (ros2_imu) StdoutLine: {'line': b'/usr/bin/gmake  -f CMakeFiles/ros2_imu.dir/build.make CMakeFiles/ros2_imu.dir/build\n'}
[35.311922] (-) TimerEvent: {}
[35.412616] (-) TimerEvent: {}
[35.453158] (ros2_imu) StdoutLine: {'line': b"gmake[2]: Entering directory '/home/ubuntu/ros2_ws/build/ros2_imu'\n"}
[35.512874] (-) TimerEvent: {}
[35.613632] (-) TimerEvent: {}
[35.714412] (-) TimerEvent: {}
[35.752554] (ros2_imu) StdoutLine: {'line': b'[  7%] Building C object CMakeFiles/ros2_imu.dir/src/ext_svr.c.o\n'}
[35.770802] (ros2_imu) StdoutLine: {'line': b'/usr/bin/cc -DDEFAULT_RMW_IMPLEMENTATION=rmw_fastrtps_cpp -DRCUTILS_ENABLE_FAULT_INJECTION -DROS_PACKAGE_NAME=\\"ros2_imu\\" -I/home/ubuntu/ros2_ws/src/ros2_imu/include/ros2_imu -I/home/ubuntu/ros2_ws/src/ros2_imu/include -isystem /home/ubuntu/ros2_ws/install/aerobot_interfaces/include/aerobot_interfaces -isystem /opt/ros/humble/include/geometry_msgs -isystem /opt/ros/humble/include/rclcpp -isystem /opt/ros/humble/include/rosidl_runtime_c -isystem /opt/ros/humble/include/rcutils -isystem /opt/ros/humble/include/rosidl_typesupport_interface -isystem /opt/ros/humble/include/fastcdr -isystem /opt/ros/humble/include/rosidl_runtime_cpp -isystem /opt/ros/humble/include/rosidl_typesupport_fastrtps_cpp -isystem /opt/ros/humble/include/rmw -isystem /opt/ros/humble/include/rosidl_typesupport_fastrtps_c -isystem /opt/ros/humble/include/rosidl_typesupport_introspection_c -isystem /opt/ros/humble/include/rosidl_typesupport_introspection_cpp -isystem /opt/ros/humble/include/std_msgs -isystem /opt/ros/humble/include/builtin_interfaces -isystem /opt/ros/humble/include/ament_index_cpp -isystem /opt/ros/humble/include/libstatistics_collector -isystem /opt/ros/humble/include/rcl -isystem /opt/ros/humble/include/rcl_interfaces -isystem /opt/ros/humble/include/rcl_logging_interface -isystem /opt/ros/humble/include/rcl_yaml_param_parser -isystem /opt/ros/humble/include/libyaml_vendor -isystem /opt/ros/humble/include/tracetools -isystem /opt/ros/humble/include/rcpputils -isystem /opt/ros/humble/include/statistics_msgs -isystem /opt/ros/humble/include/rosgraph_msgs -isystem /opt/ros/humble/include/rosidl_typesupport_cpp -isystem /opt/ros/humble/include/rosidl_typesupport_c -O3 -DNDEBUG -Wall -Wextra -Wpedantic -DMODEL=ros2_imu -DNUMST=1 -DNCSTATES=0 -DHAVESTDIO -DMODEL_HAS_DYNAMICALLY_LOADED_SFCNS=0 -DON_TARGET_WAIT_FOR_START=1 -DCLASSIC_INTERFACE=0 -DALLOCATIONFCN=0 -DTID01EQ=0 -DTERMFCN=1 -DONESTEPFCN=1 -DMAT_FILE=0 -DMULTI_INSTANCE_CODE=0 -DEXT_MODE=1 -DINTEGER_CODE=0 -DMT=0 -DROS2_PROJECT -DSTACK_SIZE=64 -D__MW_TARGET_USE_HARDWARE_RESOURCES_H__ -DRT=RT -fpermissive -std=gnu99 -MD -MT CMakeFiles/ros2_imu.dir/src/ext_svr.c.o -MF CMakeFiles/ros2_imu.dir/src/ext_svr.c.o.d -o CMakeFiles/ros2_imu.dir/src/ext_svr.c.o -c /home/ubuntu/ros2_ws/src/ros2_imu/src/ext_svr.c\n'}
[35.814577] (-) TimerEvent: {}
[35.845428] (ros2_imu) StderrLine: {'line': b"cc1: warning: command-line option '-fpermissive' is valid for C++/ObjC++ but not for C\n"}
[35.914862] (-) TimerEvent: {}
[36.015355] (-) TimerEvent: {}
[36.115878] (-) TimerEvent: {}
[36.217475] (-) TimerEvent: {}
[36.319363] (-) TimerEvent: {}
[36.420121] (-) TimerEvent: {}
[36.521019] (-) TimerEvent: {}
[36.628202] (-) TimerEvent: {}
[36.731601] (-) TimerEvent: {}
[36.832442] (-) TimerEvent: {}
[36.933174] (-) TimerEvent: {}
[37.033883] (-) TimerEvent: {}
[37.134605] (-) TimerEvent: {}
[37.236525] (-) TimerEvent: {}
[37.343618] (-) TimerEvent: {}
[37.444428] (-) TimerEvent: {}
[37.545229] (-) TimerEvent: {}
[37.646037] (-) TimerEvent: {}
[37.751562] (-) TimerEvent: {}
[37.855583] (-) TimerEvent: {}
[37.956316] (-) TimerEvent: {}
[38.057048] (-) TimerEvent: {}
[38.163768] (-) TimerEvent: {}
[38.264581] (-) TimerEvent: {}
[38.365264] (-) TimerEvent: {}
[38.471587] (-) TimerEvent: {}
[38.572370] (-) TimerEvent: {}
[38.673100] (-) TimerEvent: {}
[38.773821] (-) TimerEvent: {}
[38.874574] (-) TimerEvent: {}
[38.983612] (-) TimerEvent: {}
[39.084373] (-) TimerEvent: {}
[39.185270] (-) TimerEvent: {}
[39.285976] (-) TimerEvent: {}
[39.386609] (-) TimerEvent: {}
[39.495482] (-) TimerEvent: {}
[39.595949] (-) TimerEvent: {}
[39.696422] (-) TimerEvent: {}
[39.799484] (-) TimerEvent: {}
[39.901189] (-) TimerEvent: {}
[40.003600] (-) TimerEvent: {}
[40.025914] (ros2_imu) StdoutLine: {'line': b'[ 15%] Building C object CMakeFiles/ros2_imu.dir/src/updown.c.o\n'}
[40.052138] (ros2_imu) StdoutLine: {'line': b'/usr/bin/cc -DDEFAULT_RMW_IMPLEMENTATION=rmw_fastrtps_cpp -DRCUTILS_ENABLE_FAULT_INJECTION -DROS_PACKAGE_NAME=\\"ros2_imu\\" -I/home/ubuntu/ros2_ws/src/ros2_imu/include/ros2_imu -I/home/ubuntu/ros2_ws/src/ros2_imu/include -isystem /home/ubuntu/ros2_ws/install/aerobot_interfaces/include/aerobot_interfaces -isystem /opt/ros/humble/include/geometry_msgs -isystem /opt/ros/humble/include/rclcpp -isystem /opt/ros/humble/include/rosidl_runtime_c -isystem /opt/ros/humble/include/rcutils -isystem /opt/ros/humble/include/rosidl_typesupport_interface -isystem /opt/ros/humble/include/fastcdr -isystem /opt/ros/humble/include/rosidl_runtime_cpp -isystem /opt/ros/humble/include/rosidl_typesupport_fastrtps_cpp -isystem /opt/ros/humble/include/rmw -isystem /opt/ros/humble/include/rosidl_typesupport_fastrtps_c -isystem /opt/ros/humble/include/rosidl_typesupport_introspection_c -isystem /opt/ros/humble/include/rosidl_typesupport_introspection_cpp -isystem /opt/ros/humble/include/std_msgs -isystem /opt/ros/humble/include/builtin_interfaces -isystem /opt/ros/humble/include/ament_index_cpp -isystem /opt/ros/humble/include/libstatistics_collector -isystem /opt/ros/humble/include/rcl -isystem /opt/ros/humble/include/rcl_interfaces -isystem /opt/ros/humble/include/rcl_logging_interface -isystem /opt/ros/humble/include/rcl_yaml_param_parser -isystem /opt/ros/humble/include/libyaml_vendor -isystem /opt/ros/humble/include/tracetools -isystem /opt/ros/humble/include/rcpputils -isystem /opt/ros/humble/include/statistics_msgs -isystem /opt/ros/humble/include/rosgraph_msgs -isystem /opt/ros/humble/include/rosidl_typesupport_cpp -isystem /opt/ros/humble/include/rosidl_typesupport_c -O3 -DNDEBUG -Wall -Wextra -Wpedantic -DMODEL=ros2_imu -DNUMST=1 -DNCSTATES=0 -DHAVESTDIO -DMODEL_HAS_DYNAMICALLY_LOADED_SFCNS=0 -DON_TARGET_WAIT_FOR_START=1 -DCLASSIC_INTERFACE=0 -DALLOCATIONFCN=0 -DTID01EQ=0 -DTERMFCN=1 -DONESTEPFCN=1 -DMAT_FILE=0 -DMULTI_INSTANCE_CODE=0 -DEXT_MODE=1 -DINTEGER_CODE=0 -DMT=0 -DROS2_PROJECT -DSTACK_SIZE=64 -D__MW_TARGET_USE_HARDWARE_RESOURCES_H__ -DRT=RT -fpermissive -std=gnu99 -MD -MT CMakeFiles/ros2_imu.dir/src/updown.c.o -MF CMakeFiles/ros2_imu.dir/src/updown.c.o.d -o CMakeFiles/ros2_imu.dir/src/updown.c.o -c /home/ubuntu/ros2_ws/src/ros2_imu/src/updown.c\n'}
[40.115570] (-) TimerEvent: {}
[40.158094] (ros2_imu) StderrLine: {'line': b"cc1: warning: command-line option '-fpermissive' is valid for C++/ObjC++ but not for C\n"}
[40.216064] (-) TimerEvent: {}
[40.316791] (-) TimerEvent: {}
[40.418003] (-) TimerEvent: {}
[40.518943] (-) TimerEvent: {}
[40.619682] (-) TimerEvent: {}
[40.720389] (-) TimerEvent: {}
[40.821122] (-) TimerEvent: {}
[40.921892] (-) TimerEvent: {}
[41.022612] (-) TimerEvent: {}
[41.123571] (-) TimerEvent: {}
[41.224327] (-) TimerEvent: {}
[41.325084] (-) TimerEvent: {}
[41.425839] (-) TimerEvent: {}
[41.526565] (-) TimerEvent: {}
[41.627246] (-) TimerEvent: {}
[41.728063] (-) TimerEvent: {}
[41.828894] (-) TimerEvent: {}
[41.929631] (-) TimerEvent: {}
[42.030405] (-) TimerEvent: {}
[42.131241] (-) TimerEvent: {}
[42.232027] (-) TimerEvent: {}
[42.335972] (-) TimerEvent: {}
[42.436665] (-) TimerEvent: {}
[42.537417] (-) TimerEvent: {}
[42.638142] (-) TimerEvent: {}
[42.738890] (-) TimerEvent: {}
[42.839740] (-) TimerEvent: {}
[42.941146] (-) TimerEvent: {}
[43.041870] (-) TimerEvent: {}
[43.142618] (-) TimerEvent: {}
[43.243271] (-) TimerEvent: {}
[43.343713] (-) TimerEvent: {}
[43.444163] (-) TimerEvent: {}
[43.544700] (-) TimerEvent: {}
[43.645163] (-) TimerEvent: {}
[43.745652] (-) TimerEvent: {}
[43.846075] (-) TimerEvent: {}
[43.951586] (-) TimerEvent: {}
[44.055608] (-) TimerEvent: {}
[44.156451] (-) TimerEvent: {}
[44.257148] (-) TimerEvent: {}
[44.357875] (-) TimerEvent: {}
[44.458607] (-) TimerEvent: {}
[44.559732] (-) TimerEvent: {}
[44.660519] (-) TimerEvent: {}
[44.763678] (-) TimerEvent: {}
[44.871603] (-) TimerEvent: {}
[44.975638] (-) TimerEvent: {}
[45.083588] (-) TimerEvent: {}
[45.187597] (-) TimerEvent: {}
[45.196410] (ros2_imu) StdoutLine: {'line': b'[ 23%] Building C object CMakeFiles/ros2_imu.dir/src/rtiostream_utils.c.o\n'}
[45.213729] (ros2_imu) StdoutLine: {'line': b'/usr/bin/cc -DDEFAULT_RMW_IMPLEMENTATION=rmw_fastrtps_cpp -DRCUTILS_ENABLE_FAULT_INJECTION -DROS_PACKAGE_NAME=\\"ros2_imu\\" -I/home/ubuntu/ros2_ws/src/ros2_imu/include/ros2_imu -I/home/ubuntu/ros2_ws/src/ros2_imu/include -isystem /home/ubuntu/ros2_ws/install/aerobot_interfaces/include/aerobot_interfaces -isystem /opt/ros/humble/include/geometry_msgs -isystem /opt/ros/humble/include/rclcpp -isystem /opt/ros/humble/include/rosidl_runtime_c -isystem /opt/ros/humble/include/rcutils -isystem /opt/ros/humble/include/rosidl_typesupport_interface -isystem /opt/ros/humble/include/fastcdr -isystem /opt/ros/humble/include/rosidl_runtime_cpp -isystem /opt/ros/humble/include/rosidl_typesupport_fastrtps_cpp -isystem /opt/ros/humble/include/rmw -isystem /opt/ros/humble/include/rosidl_typesupport_fastrtps_c -isystem /opt/ros/humble/include/rosidl_typesupport_introspection_c -isystem /opt/ros/humble/include/rosidl_typesupport_introspection_cpp -isystem /opt/ros/humble/include/std_msgs -isystem /opt/ros/humble/include/builtin_interfaces -isystem /opt/ros/humble/include/ament_index_cpp -isystem /opt/ros/humble/include/libstatistics_collector -isystem /opt/ros/humble/include/rcl -isystem /opt/ros/humble/include/rcl_interfaces -isystem /opt/ros/humble/include/rcl_logging_interface -isystem /opt/ros/humble/include/rcl_yaml_param_parser -isystem /opt/ros/humble/include/libyaml_vendor -isystem /opt/ros/humble/include/tracetools -isystem /opt/ros/humble/include/rcpputils -isystem /opt/ros/humble/include/statistics_msgs -isystem /opt/ros/humble/include/rosgraph_msgs -isystem /opt/ros/humble/include/rosidl_typesupport_cpp -isystem /opt/ros/humble/include/rosidl_typesupport_c -O3 -DNDEBUG -Wall -Wextra -Wpedantic -DMODEL=ros2_imu -DNUMST=1 -DNCSTATES=0 -DHAVESTDIO -DMODEL_HAS_DYNAMICALLY_LOADED_SFCNS=0 -DON_TARGET_WAIT_FOR_START=1 -DCLASSIC_INTERFACE=0 -DALLOCATIONFCN=0 -DTID01EQ=0 -DTERMFCN=1 -DONESTEPFCN=1 -DMAT_FILE=0 -DMULTI_INSTANCE_CODE=0 -DEXT_MODE=1 -DINTEGER_CODE=0 -DMT=0 -DROS2_PROJECT -DSTACK_SIZE=64 -D__MW_TARGET_USE_HARDWARE_RESOURCES_H__ -DRT=RT -fpermissive -std=gnu99 -MD -MT CMakeFiles/ros2_imu.dir/src/rtiostream_utils.c.o -MF CMakeFiles/ros2_imu.dir/src/rtiostream_utils.c.o.d -o CMakeFiles/ros2_imu.dir/src/rtiostream_utils.c.o -c /home/ubuntu/ros2_ws/src/ros2_imu/src/rtiostream_utils.c\n'}
[45.282540] (ros2_imu) StderrLine: {'line': b"cc1: warning: command-line option '-fpermissive' is valid for C++/ObjC++ but not for C\n"}
[45.288618] (-) TimerEvent: {}
[45.389364] (-) TimerEvent: {}
[45.490084] (-) TimerEvent: {}
[45.590840] (-) TimerEvent: {}
[45.691609] (-) TimerEvent: {}
[45.792377] (-) TimerEvent: {}
[45.893080] (-) TimerEvent: {}
[45.995706] (-) TimerEvent: {}
[46.096473] (-) TimerEvent: {}
[46.179241] (ros2_imu) StdoutLine: {'line': b'[ 30%] Building CXX object CMakeFiles/ros2_imu.dir/src/main.cpp.o\n'}
[46.187568] (ros2_imu) StdoutLine: {'line': b'/usr/bin/c++ -DDEFAULT_RMW_IMPLEMENTATION=rmw_fastrtps_cpp -DRCUTILS_ENABLE_FAULT_INJECTION -DROS_PACKAGE_NAME=\\"ros2_imu\\" -I/home/ubuntu/ros2_ws/src/ros2_imu/include/ros2_imu -I/home/ubuntu/ros2_ws/src/ros2_imu/include -isystem /home/ubuntu/ros2_ws/install/aerobot_interfaces/include/aerobot_interfaces -isystem /opt/ros/humble/include/geometry_msgs -isystem /opt/ros/humble/include/rclcpp -isystem /opt/ros/humble/include/rosidl_runtime_c -isystem /opt/ros/humble/include/rcutils -isystem /opt/ros/humble/include/rosidl_typesupport_interface -isystem /opt/ros/humble/include/fastcdr -isystem /opt/ros/humble/include/rosidl_runtime_cpp -isystem /opt/ros/humble/include/rosidl_typesupport_fastrtps_cpp -isystem /opt/ros/humble/include/rmw -isystem /opt/ros/humble/include/rosidl_typesupport_fastrtps_c -isystem /opt/ros/humble/include/rosidl_typesupport_introspection_c -isystem /opt/ros/humble/include/rosidl_typesupport_introspection_cpp -isystem /opt/ros/humble/include/std_msgs -isystem /opt/ros/humble/include/builtin_interfaces -isystem /opt/ros/humble/include/ament_index_cpp -isystem /opt/ros/humble/include/libstatistics_collector -isystem /opt/ros/humble/include/rcl -isystem /opt/ros/humble/include/rcl_interfaces -isystem /opt/ros/humble/include/rcl_logging_interface -isystem /opt/ros/humble/include/rcl_yaml_param_parser -isystem /opt/ros/humble/include/libyaml_vendor -isystem /opt/ros/humble/include/tracetools -isystem /opt/ros/humble/include/rcpputils -isystem /opt/ros/humble/include/statistics_msgs -isystem /opt/ros/humble/include/rosgraph_msgs -isystem /opt/ros/humble/include/rosidl_typesupport_cpp -isystem /opt/ros/humble/include/rosidl_typesupport_c -O3 -DNDEBUG -Wall -Wextra -Wpedantic -DMODEL=ros2_imu -DNUMST=1 -DNCSTATES=0 -DHAVESTDIO -DMODEL_HAS_DYNAMICALLY_LOADED_SFCNS=0 -DON_TARGET_WAIT_FOR_START=1 -DCLASSIC_INTERFACE=0 -DALLOCATIONFCN=0 -DTID01EQ=0 -DTERMFCN=1 -DONESTEPFCN=1 -DMAT_FILE=0 -DMULTI_INSTANCE_CODE=0 -DEXT_MODE=1 -DINTEGER_CODE=0 -DMT=0 -DROS2_PROJECT -DSTACK_SIZE=64 -D__MW_TARGET_USE_HARDWARE_RESOURCES_H__ -DRT=RT -fpermissive -MD -MT CMakeFiles/ros2_imu.dir/src/main.cpp.o -MF CMakeFiles/ros2_imu.dir/src/main.cpp.o.d -o CMakeFiles/ros2_imu.dir/src/main.cpp.o -c /home/ubuntu/ros2_ws/src/ros2_imu/src/main.cpp\n'}
[46.196927] (-) TimerEvent: {}
[46.297638] (-) TimerEvent: {}
[46.398338] (-) TimerEvent: {}
[46.499114] (-) TimerEvent: {}
[46.599865] (-) TimerEvent: {}
[46.700655] (-) TimerEvent: {}
[46.801418] (-) TimerEvent: {}
[46.902149] (-) TimerEvent: {}
[47.003291] (-) TimerEvent: {}
[47.104061] (-) TimerEvent: {}
[47.204763] (-) TimerEvent: {}
[47.305332] (-) TimerEvent: {}
[47.411494] (-) TimerEvent: {}
[47.512042] (-) TimerEvent: {}
[47.612797] (-) TimerEvent: {}
[47.719544] (-) TimerEvent: {}
[47.820225] (-) TimerEvent: {}
[47.927565] (-) TimerEvent: {}
[48.028265] (-) TimerEvent: {}
[48.129360] (-) TimerEvent: {}
[48.231162] (-) TimerEvent: {}
[48.332310] (-) TimerEvent: {}
[48.433364] (-) TimerEvent: {}
[48.534074] (-) TimerEvent: {}
[48.635137] (-) TimerEvent: {}
[48.739539] (-) TimerEvent: {}
[48.844013] (-) TimerEvent: {}
[48.951591] (-) TimerEvent: {}
[49.052330] (-) TimerEvent: {}
[49.160064] (-) TimerEvent: {}
[49.261168] (-) TimerEvent: {}
[49.361894] (-) TimerEvent: {}
[49.462700] (-) TimerEvent: {}
[49.563524] (-) TimerEvent: {}
[49.664338] (-) TimerEvent: {}
[49.765095] (-) TimerEvent: {}
[49.866032] (-) TimerEvent: {}
[49.966864] (-) TimerEvent: {}
[50.075973] (-) TimerEvent: {}
[50.184713] (-) TimerEvent: {}
[50.285792] (-) TimerEvent: {}
[50.386563] (-) TimerEvent: {}
[50.493606] (-) TimerEvent: {}
[50.603724] (-) TimerEvent: {}
[50.711412] (-) TimerEvent: {}
[50.823665] (-) TimerEvent: {}
[50.932091] (-) TimerEvent: {}
[51.039602] (-) TimerEvent: {}
[51.140806] (-) TimerEvent: {}
[51.243672] (-) TimerEvent: {}
[51.347654] (-) TimerEvent: {}
[51.448430] (-) TimerEvent: {}
[51.549177] (-) TimerEvent: {}
[51.649957] (-) TimerEvent: {}
[51.755650] (-) TimerEvent: {}
[51.856418] (-) TimerEvent: {}
[51.957326] (-) TimerEvent: {}
[52.064166] (-) TimerEvent: {}
[52.165126] (-) TimerEvent: {}
[52.265910] (-) TimerEvent: {}
[52.366729] (-) TimerEvent: {}
[52.472063] (-) TimerEvent: {}
[52.572891] (-) TimerEvent: {}
[52.673697] (-) TimerEvent: {}
[52.774465] (-) TimerEvent: {}
[52.875634] (-) TimerEvent: {}
[52.976396] (-) TimerEvent: {}
[53.077144] (-) TimerEvent: {}
[53.179549] (-) TimerEvent: {}
[53.280235] (-) TimerEvent: {}
[53.380921] (-) TimerEvent: {}
[53.482003] (-) TimerEvent: {}
[53.583005] (-) TimerEvent: {}
[53.683736] (-) TimerEvent: {}
[53.784472] (-) TimerEvent: {}
[53.885292] (-) TimerEvent: {}
[53.986128] (-) TimerEvent: {}
[54.086712] (-) TimerEvent: {}
[54.187127] (-) TimerEvent: {}
[54.287637] (-) TimerEvent: {}
[54.388067] (-) TimerEvent: {}
[54.488591] (-) TimerEvent: {}
[54.588991] (-) TimerEvent: {}
[54.689458] (-) TimerEvent: {}
[54.789855] (-) TimerEvent: {}
[54.890399] (-) TimerEvent: {}
[54.991296] (-) TimerEvent: {}
[55.107574] (-) TimerEvent: {}
[55.208326] (-) TimerEvent: {}
[55.309146] (-) TimerEvent: {}
[55.415783] (-) TimerEvent: {}
[55.523598] (-) TimerEvent: {}
[55.624349] (-) TimerEvent: {}
[55.729162] (-) TimerEvent: {}
[55.829887] (-) TimerEvent: {}
[55.935532] (-) TimerEvent: {}
[56.039567] (-) TimerEvent: {}
[56.140605] (-) TimerEvent: {}
[56.241371] (-) TimerEvent: {}
[56.342113] (-) TimerEvent: {}
[56.442955] (-) TimerEvent: {}
[56.543812] (-) TimerEvent: {}
[56.644620] (-) TimerEvent: {}
[56.745412] (-) TimerEvent: {}
[56.846212] (-) TimerEvent: {}
[56.946990] (-) TimerEvent: {}
[57.054145] (-) TimerEvent: {}
[57.158801] (-) TimerEvent: {}
[57.259641] (-) TimerEvent: {}
[57.366275] (-) TimerEvent: {}
[57.467768] (-) TimerEvent: {}
[57.568444] (-) TimerEvent: {}
[57.675562] (-) TimerEvent: {}
[57.779850] (-) TimerEvent: {}
[57.880632] (-) TimerEvent: {}
[57.981409] (-) TimerEvent: {}
[58.082036] (-) TimerEvent: {}
[58.182487] (-) TimerEvent: {}
[58.287612] (-) TimerEvent: {}
[58.388764] (-) TimerEvent: {}
[58.489513] (-) TimerEvent: {}
[58.590281] (-) TimerEvent: {}
[58.695548] (-) TimerEvent: {}
[58.796269] (-) TimerEvent: {}
[58.899560] (-) TimerEvent: {}
[59.000308] (-) TimerEvent: {}
[59.101071] (-) TimerEvent: {}
[59.207584] (-) TimerEvent: {}
[59.311570] (-) TimerEvent: {}
[59.415557] (-) TimerEvent: {}
[59.523708] (-) TimerEvent: {}
[59.631618] (-) TimerEvent: {}
[59.739664] (-) TimerEvent: {}
[59.840491] (-) TimerEvent: {}
[59.941351] (-) TimerEvent: {}
[60.042167] (-) TimerEvent: {}
[60.149281] (-) TimerEvent: {}
[60.249991] (-) TimerEvent: {}
[60.350685] (-) TimerEvent: {}
[60.451545] (-) TimerEvent: {}
[60.552321] (-) TimerEvent: {}
[60.660177] (-) TimerEvent: {}
[60.760984] (-) TimerEvent: {}
[60.861776] (-) TimerEvent: {}
[60.967582] (-) TimerEvent: {}
[61.068279] (-) TimerEvent: {}
[61.171624] (-) TimerEvent: {}
[61.275616] (-) TimerEvent: {}
[61.376353] (-) TimerEvent: {}
[61.477045] (-) TimerEvent: {}
[61.577892] (-) TimerEvent: {}
[61.678369] (-) TimerEvent: {}
[61.778910] (-) TimerEvent: {}
[61.882325] (-) TimerEvent: {}
[61.983388] (-) TimerEvent: {}
[62.084188] (-) TimerEvent: {}
[62.187666] (-) TimerEvent: {}
[62.288467] (-) TimerEvent: {}
[62.389250] (-) TimerEvent: {}
[62.490055] (-) TimerEvent: {}
[62.590842] (-) TimerEvent: {}
[62.695579] (-) TimerEvent: {}
[62.799580] (-) TimerEvent: {}
[62.900404] (-) TimerEvent: {}
[63.001132] (-) TimerEvent: {}
[63.103608] (-) TimerEvent: {}
[63.204482] (-) TimerEvent: {}
[63.305256] (-) TimerEvent: {}
[63.407581] (-) TimerEvent: {}
[63.511585] (-) TimerEvent: {}
[63.615663] (-) TimerEvent: {}
[63.719594] (-) TimerEvent: {}
[63.823610] (-) TimerEvent: {}
[63.925896] (-) TimerEvent: {}
[64.031613] (-) TimerEvent: {}
[64.135603] (-) TimerEvent: {}
[64.239571] (-) TimerEvent: {}
[64.343586] (-) TimerEvent: {}
[64.447662] (-) TimerEvent: {}
[64.548537] (-) TimerEvent: {}
[64.649720] (-) TimerEvent: {}
[64.750603] (-) TimerEvent: {}
[64.851644] (-) TimerEvent: {}
[64.952516] (-) TimerEvent: {}
[65.059660] (-) TimerEvent: {}
[65.160539] (-) TimerEvent: {}
[65.261169] (-) TimerEvent: {}
[65.366532] (-) TimerEvent: {}
[65.467009] (-) TimerEvent: {}
[65.567479] (-) TimerEvent: {}
[65.667915] (-) TimerEvent: {}
[65.768406] (-) TimerEvent: {}
[65.868920] (-) TimerEvent: {}
[65.971534] (-) TimerEvent: {}
[66.075031] (-) TimerEvent: {}
[66.179506] (-) TimerEvent: {}
[66.280740] (-) TimerEvent: {}
[66.383472] (-) TimerEvent: {}
[66.484284] (-) TimerEvent: {}
[66.587491] (-) TimerEvent: {}
[66.688320] (-) TimerEvent: {}
[66.791487] (-) TimerEvent: {}
[66.891984] (-) TimerEvent: {}
[66.995485] (-) TimerEvent: {}
[67.095985] (-) TimerEvent: {}
[67.199476] (-) TimerEvent: {}
[67.300614] (-) TimerEvent: {}
[67.402683] (-) TimerEvent: {}
[67.503520] (-) TimerEvent: {}
[67.606835] (-) TimerEvent: {}
[67.707513] (-) TimerEvent: {}
[67.809294] (-) TimerEvent: {}
[67.911470] (-) TimerEvent: {}
[68.015472] (-) TimerEvent: {}
[68.119483] (-) TimerEvent: {}
[68.223488] (-) TimerEvent: {}
[68.327461] (-) TimerEvent: {}
[68.428183] (-) TimerEvent: {}
[68.531457] (-) TimerEvent: {}
[68.633231] (-) TimerEvent: {}
[68.734973] (-) TimerEvent: {}
[68.835471] (-) TimerEvent: {}
[68.939498] (-) TimerEvent: {}
[69.040767] (-) TimerEvent: {}
[69.141297] (-) TimerEvent: {}
[69.241994] (-) TimerEvent: {}
[69.343198] (-) TimerEvent: {}
[69.451523] (-) TimerEvent: {}
[69.555467] (-) TimerEvent: {}
[69.659468] (-) TimerEvent: {}
[69.763444] (-) TimerEvent: {}
[69.867842] (-) TimerEvent: {}
[69.968322] (-) TimerEvent: {}
[70.073803] (-) TimerEvent: {}
[70.174244] (-) TimerEvent: {}
[70.274674] (-) TimerEvent: {}
[70.375125] (-) TimerEvent: {}
[70.475963] (-) TimerEvent: {}
[70.576404] (-) TimerEvent: {}
[70.676843] (-) TimerEvent: {}
[70.777317] (-) TimerEvent: {}
[70.877753] (-) TimerEvent: {}
[70.978226] (-) TimerEvent: {}
[71.078700] (-) TimerEvent: {}
[71.179145] (-) TimerEvent: {}
[71.279969] (-) TimerEvent: {}
[71.380411] (-) TimerEvent: {}
[71.480876] (-) TimerEvent: {}
[71.581320] (-) TimerEvent: {}
[71.681788] (-) TimerEvent: {}
[71.782249] (-) TimerEvent: {}
[71.882737] (-) TimerEvent: {}
[71.983212] (-) TimerEvent: {}
[72.083670] (-) TimerEvent: {}
[72.184101] (-) TimerEvent: {}
[72.287481] (-) TimerEvent: {}
[72.390661] (-) TimerEvent: {}
[72.491455] (-) TimerEvent: {}
[72.595464] (-) TimerEvent: {}
[72.699263] (-) TimerEvent: {}
[72.803498] (-) TimerEvent: {}
[72.905066] (-) TimerEvent: {}
[73.005724] (-) TimerEvent: {}
[73.107498] (-) TimerEvent: {}
[73.207965] (-) TimerEvent: {}
[73.308430] (-) TimerEvent: {}
[73.415524] (-) TimerEvent: {}
[73.515961] (-) TimerEvent: {}
[73.616418] (-) TimerEvent: {}
[73.717388] (-) TimerEvent: {}
[73.817821] (-) TimerEvent: {}
[73.918251] (-) TimerEvent: {}
[74.018687] (-) TimerEvent: {}
[74.121564] (-) TimerEvent: {}
[74.222005] (-) TimerEvent: {}
[74.322821] (-) TimerEvent: {}
[74.423279] (-) TimerEvent: {}
[74.524187] (-) TimerEvent: {}
[74.624700] (-) TimerEvent: {}
[74.725166] (-) TimerEvent: {}
[74.825671] (-) TimerEvent: {}
[74.926167] (-) TimerEvent: {}
[75.026661] (-) TimerEvent: {}
[75.127135] (-) TimerEvent: {}
[75.227625] (-) TimerEvent: {}
[75.328607] (-) TimerEvent: {}
[75.429098] (-) TimerEvent: {}
[75.529552] (-) TimerEvent: {}
[75.630048] (-) TimerEvent: {}
[75.730555] (-) TimerEvent: {}
[75.831022] (-) TimerEvent: {}
[75.931472] (-) TimerEvent: {}
[76.032617] (-) TimerEvent: {}
[76.133078] (-) TimerEvent: {}
[76.233508] (-) TimerEvent: {}
[76.333952] (-) TimerEvent: {}
[76.434431] (-) TimerEvent: {}
[76.535530] (-) TimerEvent: {}
[76.636642] (-) TimerEvent: {}
[76.737586] (-) TimerEvent: {}
[76.838051] (-) TimerEvent: {}
[76.943493] (-) TimerEvent: {}
[77.044580] (-) TimerEvent: {}
[77.145670] (-) TimerEvent: {}
[77.246109] (-) TimerEvent: {}
[77.346571] (-) TimerEvent: {}
[77.447026] (-) TimerEvent: {}
[77.547467] (-) TimerEvent: {}
[77.647874] (-) TimerEvent: {}
[77.748628] (-) TimerEvent: {}
[77.849073] (-) TimerEvent: {}
[77.949537] (-) TimerEvent: {}
[78.050000] (-) TimerEvent: {}
[78.150529] (-) TimerEvent: {}
[78.251282] (-) TimerEvent: {}
[78.352641] (-) TimerEvent: {}
[78.453110] (-) TimerEvent: {}
[78.553564] (-) TimerEvent: {}
[78.654005] (-) TimerEvent: {}
[78.754457] (-) TimerEvent: {}
[78.854936] (-) TimerEvent: {}
[78.862371] (ros2_imu) StdoutLine: {'line': b'[ 38%] Building CXX object CMakeFiles/ros2_imu.dir/src/ros2_imu.cpp.o\n'}
[78.876487] (ros2_imu) StdoutLine: {'line': b'/usr/bin/c++ -DDEFAULT_RMW_IMPLEMENTATION=rmw_fastrtps_cpp -DRCUTILS_ENABLE_FAULT_INJECTION -DROS_PACKAGE_NAME=\\"ros2_imu\\" -I/home/ubuntu/ros2_ws/src/ros2_imu/include/ros2_imu -I/home/ubuntu/ros2_ws/src/ros2_imu/include -isystem /home/ubuntu/ros2_ws/install/aerobot_interfaces/include/aerobot_interfaces -isystem /opt/ros/humble/include/geometry_msgs -isystem /opt/ros/humble/include/rclcpp -isystem /opt/ros/humble/include/rosidl_runtime_c -isystem /opt/ros/humble/include/rcutils -isystem /opt/ros/humble/include/rosidl_typesupport_interface -isystem /opt/ros/humble/include/fastcdr -isystem /opt/ros/humble/include/rosidl_runtime_cpp -isystem /opt/ros/humble/include/rosidl_typesupport_fastrtps_cpp -isystem /opt/ros/humble/include/rmw -isystem /opt/ros/humble/include/rosidl_typesupport_fastrtps_c -isystem /opt/ros/humble/include/rosidl_typesupport_introspection_c -isystem /opt/ros/humble/include/rosidl_typesupport_introspection_cpp -isystem /opt/ros/humble/include/std_msgs -isystem /opt/ros/humble/include/builtin_interfaces -isystem /opt/ros/humble/include/ament_index_cpp -isystem /opt/ros/humble/include/libstatistics_collector -isystem /opt/ros/humble/include/rcl -isystem /opt/ros/humble/include/rcl_interfaces -isystem /opt/ros/humble/include/rcl_logging_interface -isystem /opt/ros/humble/include/rcl_yaml_param_parser -isystem /opt/ros/humble/include/libyaml_vendor -isystem /opt/ros/humble/include/tracetools -isystem /opt/ros/humble/include/rcpputils -isystem /opt/ros/humble/include/statistics_msgs -isystem /opt/ros/humble/include/rosgraph_msgs -isystem /opt/ros/humble/include/rosidl_typesupport_cpp -isystem /opt/ros/humble/include/rosidl_typesupport_c -O3 -DNDEBUG -Wall -Wextra -Wpedantic -DMODEL=ros2_imu -DNUMST=1 -DNCSTATES=0 -DHAVESTDIO -DMODEL_HAS_DYNAMICALLY_LOADED_SFCNS=0 -DON_TARGET_WAIT_FOR_START=1 -DCLASSIC_INTERFACE=0 -DALLOCATIONFCN=0 -DTID01EQ=0 -DTERMFCN=1 -DONESTEPFCN=1 -DMAT_FILE=0 -DMULTI_INSTANCE_CODE=0 -DEXT_MODE=1 -DINTEGER_CODE=0 -DMT=0 -DROS2_PROJECT -DSTACK_SIZE=64 -D__MW_TARGET_USE_HARDWARE_RESOURCES_H__ -DRT=RT -fpermissive -MD -MT CMakeFiles/ros2_imu.dir/src/ros2_imu.cpp.o -MF CMakeFiles/ros2_imu.dir/src/ros2_imu.cpp.o.d -o CMakeFiles/ros2_imu.dir/src/ros2_imu.cpp.o -c /home/ubuntu/ros2_ws/src/ros2_imu/src/ros2_imu.cpp\n'}
[78.955112] (-) TimerEvent: {}
[79.055546] (-) TimerEvent: {}
[79.162227] (-) TimerEvent: {}
[79.262974] (-) TimerEvent: {}
[79.370475] (-) TimerEvent: {}
[79.475548] (-) TimerEvent: {}
[79.576310] (-) TimerEvent: {}
[79.679551] (-) TimerEvent: {}
[79.783575] (-) TimerEvent: {}
[79.887561] (-) TimerEvent: {}
[79.991568] (-) TimerEvent: {}
[80.095579] (-) TimerEvent: {}
[80.196269] (-) TimerEvent: {}
[80.296963] (-) TimerEvent: {}
[80.397672] (-) TimerEvent: {}
[80.498679] (-) TimerEvent: {}
[80.599950] (-) TimerEvent: {}
[80.700722] (-) TimerEvent: {}
[80.803537] (-) TimerEvent: {}
[80.907544] (-) TimerEvent: {}
[81.009274] (-) TimerEvent: {}
[81.111579] (-) TimerEvent: {}
[81.216294] (-) TimerEvent: {}
[81.319573] (-) TimerEvent: {}
[81.423570] (-) TimerEvent: {}
[81.527699] (-) TimerEvent: {}
[81.631540] (-) TimerEvent: {}
[81.732519] (-) TimerEvent: {}
[81.835586] (-) TimerEvent: {}
[81.939571] (-) TimerEvent: {}
[82.043597] (-) TimerEvent: {}
[82.144353] (-) TimerEvent: {}
[82.245029] (-) TimerEvent: {}
[82.347065] (-) TimerEvent: {}
[82.448808] (-) TimerEvent: {}
[82.551436] (-) TimerEvent: {}
[82.652270] (-) TimerEvent: {}
[82.753771] (-) TimerEvent: {}
[82.854691] (-) TimerEvent: {}
[82.955658] (-) TimerEvent: {}
[83.057140] (-) TimerEvent: {}
[83.159711] (-) TimerEvent: {}
[83.261649] (-) TimerEvent: {}
[83.362432] (-) TimerEvent: {}
[83.463589] (-) TimerEvent: {}
[83.566297] (-) TimerEvent: {}
[83.667789] (-) TimerEvent: {}
[83.772559] (-) TimerEvent: {}
[83.879704] (-) TimerEvent: {}
[83.980846] (-) TimerEvent: {}
[84.083586] (-) TimerEvent: {}
[84.184260] (-) TimerEvent: {}
[84.288976] (-) TimerEvent: {}
[84.391575] (-) TimerEvent: {}
[84.492758] (-) TimerEvent: {}
[84.594683] (-) TimerEvent: {}
[84.696282] (-) TimerEvent: {}
[84.799578] (-) TimerEvent: {}
[84.901074] (-) TimerEvent: {}
[85.003192] (-) TimerEvent: {}
[85.107596] (-) TimerEvent: {}
[85.111549] (ros2_imu) StderrLine: {'line': b'In file included from /home/ubuntu/ros2_ws/src/ros2_imu/src/ros2_imu.cpp:25:\n'}
[85.112794] (ros2_imu) StderrLine: {'line': b'/home/ubuntu/ros2_ws/src/ros2_imu/include/ros2_imu/ros2_imu_private.h:69:2: error: #error Code was generated for compiler with different sized ulong/long. Consider adjusting Test hardware word size settings on the Hardware Implementation pane to match your compiler word sizes as defined in limits.h of the compiler. Alternatively, you can select the Test hardware is the same as production hardware option and select the Enable portable word sizes option on the Code Generation > Verification pane for ERT based targets, which will disable the preprocessor word size checks.\n'}
[85.113839] (ros2_imu) StderrLine: {'line': b'   69 | #error Code was generated for compiler with different sized ulong/long. \\\n'}
[85.114699] (ros2_imu) StderrLine: {'line': b'      |  ^~~~~\n'}
[85.207929] (-) TimerEvent: {}
[85.309994] (-) TimerEvent: {}
[85.410839] (-) TimerEvent: {}
[85.511575] (-) TimerEvent: {}
[85.613985] (-) TimerEvent: {}
[85.715389] (-) TimerEvent: {}
[85.816114] (-) TimerEvent: {}
[85.916825] (-) TimerEvent: {}
[86.017574] (-) TimerEvent: {}
[86.118307] (-) TimerEvent: {}
[86.229516] (-) TimerEvent: {}
[86.329998] (-) TimerEvent: {}
[86.431473] (-) TimerEvent: {}
[86.533039] (-) TimerEvent: {}
[86.633606] (-) TimerEvent: {}
[86.735467] (-) TimerEvent: {}
[86.838479] (-) TimerEvent: {}
[86.938899] (-) TimerEvent: {}
[87.039361] (-) TimerEvent: {}
[87.139798] (-) TimerEvent: {}
[87.240283] (-) TimerEvent: {}
[87.340721] (-) TimerEvent: {}
[87.441158] (-) TimerEvent: {}
[87.541569] (-) TimerEvent: {}
[87.641992] (-) TimerEvent: {}
[87.742405] (-) TimerEvent: {}
[87.843615] (-) TimerEvent: {}
[87.944018] (-) TimerEvent: {}
[88.044412] (-) TimerEvent: {}
[88.144808] (-) TimerEvent: {}
[88.245222] (-) TimerEvent: {}
[88.345627] (-) TimerEvent: {}
[88.446028] (-) TimerEvent: {}
[88.546429] (-) TimerEvent: {}
[88.646860] (-) TimerEvent: {}
[88.747275] (-) TimerEvent: {}
[88.847694] (-) TimerEvent: {}
[88.948088] (-) TimerEvent: {}
[89.048486] (-) TimerEvent: {}
[89.148903] (-) TimerEvent: {}
[89.249311] (-) TimerEvent: {}
[89.349736] (-) TimerEvent: {}
[89.450146] (-) TimerEvent: {}
[89.550538] (-) TimerEvent: {}
[89.650924] (-) TimerEvent: {}
[89.751362] (-) TimerEvent: {}
[89.851759] (-) TimerEvent: {}
[89.952153] (-) TimerEvent: {}
[90.052554] (-) TimerEvent: {}
[90.152959] (-) TimerEvent: {}
[90.253397] (-) TimerEvent: {}
[90.353801] (-) TimerEvent: {}
[90.454198] (-) TimerEvent: {}
[90.554586] (-) TimerEvent: {}
[90.654995] (-) TimerEvent: {}
[90.755446] (-) TimerEvent: {}
[90.855873] (-) TimerEvent: {}
[90.956295] (-) TimerEvent: {}
[91.056731] (-) TimerEvent: {}
[91.157163] (-) TimerEvent: {}
[91.257569] (-) TimerEvent: {}
[91.357974] (-) TimerEvent: {}
[91.458393] (-) TimerEvent: {}
[91.558810] (-) TimerEvent: {}
[91.659261] (-) TimerEvent: {}
[91.759716] (-) TimerEvent: {}
[91.860128] (-) TimerEvent: {}
[91.960558] (-) TimerEvent: {}
[92.060956] (-) TimerEvent: {}
[92.161376] (-) TimerEvent: {}
[92.261792] (-) TimerEvent: {}
[92.362215] (-) TimerEvent: {}
[92.462615] (-) TimerEvent: {}
[92.563037] (-) TimerEvent: {}
[92.663451] (-) TimerEvent: {}
[92.763861] (-) TimerEvent: {}
[92.864271] (-) TimerEvent: {}
[92.964681] (-) TimerEvent: {}
[93.065087] (-) TimerEvent: {}
[93.165508] (-) TimerEvent: {}
[93.271452] (-) TimerEvent: {}
[93.375457] (-) TimerEvent: {}
[93.475894] (-) TimerEvent: {}
[93.578785] (-) TimerEvent: {}
[93.679225] (-) TimerEvent: {}
[93.779679] (-) TimerEvent: {}
[93.880094] (-) TimerEvent: {}
[93.980501] (-) TimerEvent: {}
[94.080902] (-) TimerEvent: {}
[94.181330] (-) TimerEvent: {}
[94.281750] (-) TimerEvent: {}
[94.382164] (-) TimerEvent: {}
[94.483460] (-) TimerEvent: {}
[94.583874] (-) TimerEvent: {}
[94.684292] (-) TimerEvent: {}
[94.784701] (-) TimerEvent: {}
[94.885105] (-) TimerEvent: {}
[94.985536] (-) TimerEvent: {}
[95.085987] (-) TimerEvent: {}
[95.186452] (-) TimerEvent: {}
[95.286882] (-) TimerEvent: {}
[95.387352] (-) TimerEvent: {}
[95.487797] (-) TimerEvent: {}
[95.589168] (-) TimerEvent: {}
[95.689584] (-) TimerEvent: {}
[95.790074] (-) TimerEvent: {}
[95.890476] (-) TimerEvent: {}
[95.990911] (-) TimerEvent: {}
[96.091354] (-) TimerEvent: {}
[96.191771] (-) TimerEvent: {}
[96.292184] (-) TimerEvent: {}
[96.392662] (-) TimerEvent: {}
[96.493115] (-) TimerEvent: {}
[96.593527] (-) TimerEvent: {}
[96.693920] (-) TimerEvent: {}
[96.794359] (-) TimerEvent: {}
[96.894765] (-) TimerEvent: {}
[96.995218] (-) TimerEvent: {}
[97.095672] (-) TimerEvent: {}
[97.196097] (-) TimerEvent: {}
[97.296572] (-) TimerEvent: {}
[97.396994] (-) TimerEvent: {}
[97.499466] (-) TimerEvent: {}
[97.599931] (-) TimerEvent: {}
[97.700387] (-) TimerEvent: {}
[97.800772] (-) TimerEvent: {}
[97.903203] (-) TimerEvent: {}
[98.003675] (-) TimerEvent: {}
[98.104100] (-) TimerEvent: {}
[98.204504] (-) TimerEvent: {}
[98.304933] (-) TimerEvent: {}
[98.405353] (-) TimerEvent: {}
[98.505842] (-) TimerEvent: {}
[98.606303] (-) TimerEvent: {}
[98.706760] (-) TimerEvent: {}
[98.807162] (-) TimerEvent: {}
[98.907616] (-) TimerEvent: {}
[99.011016] (-) TimerEvent: {}
[99.111560] (-) TimerEvent: {}
[99.212005] (-) TimerEvent: {}
[99.312507] (-) TimerEvent: {}
[99.412929] (-) TimerEvent: {}
[99.513372] (-) TimerEvent: {}
[99.613806] (-) TimerEvent: {}
[99.714234] (-) TimerEvent: {}
[99.814648] (-) TimerEvent: {}
[99.915076] (-) TimerEvent: {}
[100.015469] (-) TimerEvent: {}
[100.115897] (-) TimerEvent: {}
[100.216320] (-) TimerEvent: {}
[100.316758] (-) TimerEvent: {}
[100.417182] (-) TimerEvent: {}
[100.517640] (-) TimerEvent: {}
[100.618062] (-) TimerEvent: {}
[100.718516] (-) TimerEvent: {}
[100.818957] (-) TimerEvent: {}
[100.919445] (-) TimerEvent: {}
[101.019870] (-) TimerEvent: {}
[101.120297] (-) TimerEvent: {}
[101.222042] (-) TimerEvent: {}
[101.322452] (-) TimerEvent: {}
[101.422877] (-) TimerEvent: {}
[101.523384] (-) TimerEvent: {}
[101.623822] (-) TimerEvent: {}
[101.724230] (-) TimerEvent: {}
[101.824673] (-) TimerEvent: {}
[101.925122] (-) TimerEvent: {}
[102.025559] (-) TimerEvent: {}
[102.125966] (-) TimerEvent: {}
[102.226392] (-) TimerEvent: {}
[102.326880] (-) TimerEvent: {}
[102.427291] (-) TimerEvent: {}
[102.527740] (-) TimerEvent: {}
[102.628146] (-) TimerEvent: {}
[102.728595] (-) TimerEvent: {}
[102.829007] (-) TimerEvent: {}
[102.929414] (-) TimerEvent: {}
[103.029925] (-) TimerEvent: {}
[103.130499] (-) TimerEvent: {}
[103.230936] (-) TimerEvent: {}
[103.331409] (-) TimerEvent: {}
[103.431859] (-) TimerEvent: {}
[103.535478] (-) TimerEvent: {}
[103.635876] (-) TimerEvent: {}
[103.736290] (-) TimerEvent: {}
[103.836733] (-) TimerEvent: {}
[103.937152] (-) TimerEvent: {}
[104.037618] (-) TimerEvent: {}
[104.138066] (-) TimerEvent: {}
[104.238511] (-) TimerEvent: {}
[104.338944] (-) TimerEvent: {}
[104.439399] (-) TimerEvent: {}
[104.539880] (-) TimerEvent: {}
[104.640646] (-) TimerEvent: {}
[104.741066] (-) TimerEvent: {}
[104.841487] (-) TimerEvent: {}
[104.941920] (-) TimerEvent: {}
[105.042403] (-) TimerEvent: {}
[105.142837] (-) TimerEvent: {}
[105.243262] (-) TimerEvent: {}
[105.343730] (-) TimerEvent: {}
[105.444174] (-) TimerEvent: {}
[105.544625] (-) TimerEvent: {}
[105.645091] (-) TimerEvent: {}
[105.745514] (-) TimerEvent: {}
[105.845932] (-) TimerEvent: {}
[105.946401] (-) TimerEvent: {}
[106.046823] (-) TimerEvent: {}
[106.147219] (-) TimerEvent: {}
[106.247658] (-) TimerEvent: {}
[106.348087] (-) TimerEvent: {}
[106.448480] (-) TimerEvent: {}
[106.548916] (-) TimerEvent: {}
[106.649349] (-) TimerEvent: {}
[106.749761] (-) TimerEvent: {}
[106.851455] (-) TimerEvent: {}
[106.951919] (-) TimerEvent: {}
[107.052319] (-) TimerEvent: {}
[107.152723] (-) TimerEvent: {}
[107.253125] (-) TimerEvent: {}
[107.353518] (-) TimerEvent: {}
[107.453900] (-) TimerEvent: {}
[107.554308] (-) TimerEvent: {}
[107.654707] (-) TimerEvent: {}
[107.755157] (-) TimerEvent: {}
[107.855568] (-) TimerEvent: {}
[107.955996] (-) TimerEvent: {}
[108.056624] (-) TimerEvent: {}
[108.157144] (-) TimerEvent: {}
[108.257841] (-) TimerEvent: {}
[108.358553] (-) TimerEvent: {}
[108.459414] (-) TimerEvent: {}
[108.560135] (-) TimerEvent: {}
[108.660827] (-) TimerEvent: {}
[108.761528] (-) TimerEvent: {}
[108.862259] (-) TimerEvent: {}
[108.962969] (-) TimerEvent: {}
[109.063714] (-) TimerEvent: {}
[109.164413] (-) TimerEvent: {}
[109.265114] (-) TimerEvent: {}
[109.365827] (-) TimerEvent: {}
[109.466542] (-) TimerEvent: {}
[109.567383] (-) TimerEvent: {}
[109.668164] (-) TimerEvent: {}
[109.768985] (-) TimerEvent: {}
[109.869662] (-) TimerEvent: {}
[109.960816] (ros2_imu) StderrLine: {'line': b'gmake[2]: *** [CMakeFiles/ros2_imu.dir/build.make:177: CMakeFiles/ros2_imu.dir/src/ros2_imu.cpp.o] Error 1\n'}
[109.967549] (ros2_imu) StderrLine: {'line': b'gmake[1]: *** [CMakeFiles/Makefile2:140: CMakeFiles/ros2_imu.dir/all] Error 2\n'}
[109.968566] (ros2_imu) StderrLine: {'line': b'gmake: *** [Makefile:149: all] Error 2\n'}
[109.969316] (ros2_imu) StdoutLine: {'line': b"gmake[2]: Leaving directory '/home/ubuntu/ros2_ws/build/ros2_imu'\n"}
[109.970069] (-) TimerEvent: {}
[109.970259] (ros2_imu) StdoutLine: {'line': b"gmake[1]: Leaving directory '/home/ubuntu/ros2_ws/build/ros2_imu'\n"}
[110.003379] (ros2_imu) CommandEnded: {'returncode': 2}
[110.070926] (-) TimerEvent: {}
[110.171717] (-) TimerEvent: {}
[110.272420] (-) TimerEvent: {}
[110.375565] (-) TimerEvent: {}
[110.476863] (-) TimerEvent: {}
[110.577530] (-) TimerEvent: {}
[110.678258] (-) TimerEvent: {}
[110.778931] (-) TimerEvent: {}
[110.881048] (-) TimerEvent: {}
[110.984229] (-) TimerEvent: {}
[111.040854] (ros2_imu) JobEnded: {'identifier': 'ros2_imu', 'rc': 2}
[111.054068] (-) EventReactorShutdown: {}
