[11.727s] Invoking command in '/home/ubuntu/ros2_ws/src/my_ahrs': PYTHONPATH=/home/ubuntu/ros2_ws/build/my_ahrs/prefix_override:/home/ubuntu/ros2_ws/install/my_ahrs/lib/python3.10/site-packages:${PYTHONPATH} /usr/bin/python3 -W ignore:setup.py install is deprecated setup.py egg_info --egg-base ../../build/my_ahrs build --build-base /home/ubuntu/ros2_ws/build/my_ahrs/build install --record /home/ubuntu/ros2_ws/build/my_ahrs/install.log --single-version-externally-managed install_data
[16.533s] running egg_info
[16.546s] writing ../../build/my_ahrs/my_ahrs.egg-info/PKG-INFO
[16.554s] writing dependency_links to ../../build/my_ahrs/my_ahrs.egg-info/dependency_links.txt
[16.556s] writing entry points to ../../build/my_ahrs/my_ahrs.egg-info/entry_points.txt
[16.570s] writing requirements to ../../build/my_ahrs/my_ahrs.egg-info/requires.txt
[16.571s] writing top-level names to ../../build/my_ahrs/my_ahrs.egg-info/top_level.txt
[16.586s] reading manifest file '../../build/my_ahrs/my_ahrs.egg-info/SOURCES.txt'
[16.595s] writing manifest file '../../build/my_ahrs/my_ahrs.egg-info/SOURCES.txt'
[16.598s] running build
[16.611s] running build_py
[16.618s] copying my_ahrs/madgwick_node.py -> /home/ubuntu/ros2_ws/build/my_ahrs/build/lib/my_ahrs
[16.619s] running install
[16.620s] running install_lib
[16.621s] copying /home/ubuntu/ros2_ws/build/my_ahrs/build/lib/my_ahrs/madgwick_node.py -> /home/ubuntu/ros2_ws/install/my_ahrs/lib/python3.10/site-packages/my_ahrs
[16.636s] byte-compiling /home/ubuntu/ros2_ws/install/my_ahrs/lib/python3.10/site-packages/my_ahrs/madgwick_node.py to madgwick_node.cpython-310.pyc
[16.638s] running install_data
[16.648s] running install_egg_info
[16.657s] removing '/home/ubuntu/ros2_ws/install/my_ahrs/lib/python3.10/site-packages/my_ahrs-0.0.0-py3.10.egg-info' (and everything under it)
[16.667s] Copying ../../build/my_ahrs/my_ahrs.egg-info to /home/ubuntu/ros2_ws/install/my_ahrs/lib/python3.10/site-packages/my_ahrs-0.0.0-py3.10.egg-info
[16.692s] running install_scripts
[16.976s] Installing cf_node script to /home/ubuntu/ros2_ws/install/my_ahrs/lib/my_ahrs
[16.989s] Installing ekf_node script to /home/ubuntu/ros2_ws/install/my_ahrs/lib/my_ahrs
[17.003s] Installing mad_node script to /home/ubuntu/ros2_ws/install/my_ahrs/lib/my_ahrs
[17.014s] writing list of installed files to '/home/ubuntu/ros2_ws/build/my_ahrs/install.log'
[17.347s] Invoked command in '/home/ubuntu/ros2_ws/src/my_ahrs' returned '0': PYTHONPATH=/home/ubuntu/ros2_ws/build/my_ahrs/prefix_override:/home/ubuntu/ros2_ws/install/my_ahrs/lib/python3.10/site-packages:${PYTHONPATH} /usr/bin/python3 -W ignore:setup.py install is deprecated setup.py egg_info --egg-base ../../build/my_ahrs build --build-base /home/ubuntu/ros2_ws/build/my_ahrs/build install --record /home/ubuntu/ros2_ws/build/my_ahrs/install.log --single-version-externally-managed install_data
