-- Found ament_cmake: 1.3.9 (/opt/ros/humble/share/ament_cmake/cmake)
-- Found rosidl_default_generators: 1.2.0 (/opt/ros/humble/share/rosidl_default_generators/cmake)
-- Using all available rosidl_typesupport_c: rosidl_typesupport_fastrtps_c;rosidl_typesupport_introspection_c
-- Found rosidl_adapter: 3.1.5 (/opt/ros/humble/share/rosidl_adapter/cmake)
-- Using all available rosidl_typesupport_cpp: rosidl_typesupport_fastrtps_cpp;rosidl_typesupport_introspection_cpp
-- Found ament_cmake_ros: 0.10.0 (/opt/ros/humble/share/ament_cmake_ros/cmake)
-- Using all available rosidl_typesupport_c: rosidl_typesupport_fastrtps_c;rosidl_typesupport_introspection_c
-- Using all available rosidl_typesupport_cpp: rosidl_typesupport_fastrtps_cpp;rosidl_typesupport_introspection_cpp
-- Found python_cmake_module: 0.10.0 (/opt/ros/humble/share/python_cmake_module/cmake)
-- Using PYTHON_EXECUTABLE: /usr/bin/python3
-- Using PYTHON_INCLUDE_DIRS: /usr/include/python3.10
-- Using PYTHON_LIBRARIES: /usr/lib/aarch64-linux-gnu/libpython3.10.so
-- Configuring done
-- Generating done
-- Build files have been written to: /home/ubuntu/ros2_ws/build/aerobot_interfaces
[  2%] [34m[1mGenerating C++ code for ROS interfaces[0m
[  2%] Built target aerobot_interfaces__cpp
[  2%] Built target ament_cmake_python_copy_aerobot_interfaces
[  4%] [34m[1mGenerating C++ type support for eProsima Fast-RTPS[0m
[35m[1mConsolidate compiler generated dependencies of target aerobot_interfaces__rosidl_typesupport_fastrtps_cpp[0m
[  6%] [32mBuilding CXX object CMakeFiles/aerobot_interfaces__rosidl_typesupport_fastrtps_cpp.dir/rosidl_typesupport_fastrtps_cpp/aerobot_interfaces/srv/detail/dds_fastrtps/esc_srv__type_support.cpp.o[0m
[  8%] [32mBuilding CXX object CMakeFiles/aerobot_interfaces__rosidl_typesupport_fastrtps_cpp.dir/rosidl_typesupport_fastrtps_cpp/aerobot_interfaces/msg/detail/dds_fastrtps/esc_msg__type_support.cpp.o[0m
[ 10%] [32mBuilding CXX object CMakeFiles/aerobot_interfaces__rosidl_typesupport_fastrtps_cpp.dir/rosidl_typesupport_fastrtps_cpp/aerobot_interfaces/srv/detail/dds_fastrtps/calibrate__type_support.cpp.o[0m
[ 12%] [32m[1mLinking CXX shared library libaerobot_interfaces__rosidl_typesupport_fastrtps_cpp.so[0m
[ 12%] Built target aerobot_interfaces__rosidl_typesupport_fastrtps_cpp
[ 14%] [34m[1mGenerating C++ introspection for ROS interfaces[0m
[35m[1mConsolidate compiler generated dependencies of target aerobot_interfaces__rosidl_typesupport_introspection_cpp[0m
[ 17%] [32mBuilding CXX object CMakeFiles/aerobot_interfaces__rosidl_typesupport_introspection_cpp.dir/rosidl_typesupport_introspection_cpp/aerobot_interfaces/srv/detail/esc_srv__type_support.cpp.o[0m
[ 19%] [32mBuilding CXX object CMakeFiles/aerobot_interfaces__rosidl_typesupport_introspection_cpp.dir/rosidl_typesupport_introspection_cpp/aerobot_interfaces/msg/detail/esc_msg__type_support.cpp.o[0m
[ 21%] [32mBuilding CXX object CMakeFiles/aerobot_interfaces__rosidl_typesupport_introspection_cpp.dir/rosidl_typesupport_introspection_cpp/aerobot_interfaces/srv/detail/calibrate__type_support.cpp.o[0m
[ 23%] [32m[1mLinking CXX shared library libaerobot_interfaces__rosidl_typesupport_introspection_cpp.so[0m
[ 23%] Built target aerobot_interfaces__rosidl_typesupport_introspection_cpp
running egg_info
writing aerobot_interfaces.egg-info/PKG-INFO
writing dependency_links to aerobot_interfaces.egg-info/dependency_links.txt
writing top-level names to aerobot_interfaces.egg-info/top_level.txt
reading manifest file 'aerobot_interfaces.egg-info/SOURCES.txt'
writing manifest file 'aerobot_interfaces.egg-info/SOURCES.txt'
[ 23%] Built target ament_cmake_python_build_aerobot_interfaces_egg
[ 25%] [34m[1mGenerating C++ type support dispatch for ROS interfaces[0m
[35m[1mConsolidate compiler generated dependencies of target aerobot_interfaces__rosidl_typesupport_cpp[0m
[ 27%] [32mBuilding CXX object CMakeFiles/aerobot_interfaces__rosidl_typesupport_cpp.dir/rosidl_typesupport_cpp/aerobot_interfaces/srv/esc_srv__type_support.cpp.o[0m
[ 29%] [32mBuilding CXX object CMakeFiles/aerobot_interfaces__rosidl_typesupport_cpp.dir/rosidl_typesupport_cpp/aerobot_interfaces/srv/calibrate__type_support.cpp.o[0m
[ 31%] [32mBuilding CXX object CMakeFiles/aerobot_interfaces__rosidl_typesupport_cpp.dir/rosidl_typesupport_cpp/aerobot_interfaces/msg/esc_msg__type_support.cpp.o[0m
[ 34%] [32m[1mLinking CXX shared library libaerobot_interfaces__rosidl_typesupport_cpp.so[0m
[ 34%] Built target aerobot_interfaces__rosidl_typesupport_cpp
[ 36%] [34m[1mGenerating C code for ROS interfaces[0m
[35m[1mConsolidate compiler generated dependencies of target aerobot_interfaces__rosidl_generator_c[0m
[ 38%] [32mBuilding C object CMakeFiles/aerobot_interfaces__rosidl_generator_c.dir/rosidl_generator_c/aerobot_interfaces/srv/detail/esc_srv__functions.c.o[0m
[ 40%] [32mBuilding C object CMakeFiles/aerobot_interfaces__rosidl_generator_c.dir/rosidl_generator_c/aerobot_interfaces/srv/detail/calibrate__functions.c.o[0m
[ 42%] [32mBuilding C object CMakeFiles/aerobot_interfaces__rosidl_generator_c.dir/rosidl_generator_c/aerobot_interfaces/msg/detail/esc_msg__functions.c.o[0m
[ 44%] [32m[1mLinking C shared library libaerobot_interfaces__rosidl_generator_c.so[0m
[ 44%] Built target aerobot_interfaces__rosidl_generator_c
[ 46%] [34m[1mGenerating C type support for eProsima Fast-RTPS[0m
[35m[1mConsolidate compiler generated dependencies of target aerobot_interfaces__rosidl_typesupport_fastrtps_c[0m
[ 48%] [32mBuilding CXX object CMakeFiles/aerobot_interfaces__rosidl_typesupport_fastrtps_c.dir/rosidl_typesupport_fastrtps_c/aerobot_interfaces/srv/detail/esc_srv__type_support_c.cpp.o[0m
[ 51%] [32mBuilding CXX object CMakeFiles/aerobot_interfaces__rosidl_typesupport_fastrtps_c.dir/rosidl_typesupport_fastrtps_c/aerobot_interfaces/msg/detail/esc_msg__type_support_c.cpp.o[0m
[ 53%] [32mBuilding CXX object CMakeFiles/aerobot_interfaces__rosidl_typesupport_fastrtps_c.dir/rosidl_typesupport_fastrtps_c/aerobot_interfaces/srv/detail/calibrate__type_support_c.cpp.o[0m
[ 55%] [32m[1mLinking CXX shared library libaerobot_interfaces__rosidl_typesupport_fastrtps_c.so[0m
[ 55%] Built target aerobot_interfaces__rosidl_typesupport_fastrtps_c
[ 57%] [34m[1mGenerating C type support dispatch for ROS interfaces[0m
[35m[1mConsolidate compiler generated dependencies of target aerobot_interfaces__rosidl_typesupport_c[0m
[ 59%] [32mBuilding CXX object CMakeFiles/aerobot_interfaces__rosidl_typesupport_c.dir/rosidl_typesupport_c/aerobot_interfaces/srv/esc_srv__type_support.cpp.o[0m
[ 61%] [32mBuilding CXX object CMakeFiles/aerobot_interfaces__rosidl_typesupport_c.dir/rosidl_typesupport_c/aerobot_interfaces/srv/calibrate__type_support.cpp.o[0m
[ 63%] [32mBuilding CXX object CMakeFiles/aerobot_interfaces__rosidl_typesupport_c.dir/rosidl_typesupport_c/aerobot_interfaces/msg/esc_msg__type_support.cpp.o[0m
[ 65%] [32m[1mLinking CXX shared library libaerobot_interfaces__rosidl_typesupport_c.so[0m
[ 65%] Built target aerobot_interfaces__rosidl_typesupport_c
[ 68%] [34m[1mGenerating C introspection for ROS interfaces[0m
[35m[1mConsolidate compiler generated dependencies of target aerobot_interfaces__rosidl_typesupport_introspection_c[0m
[ 70%] [32mBuilding C object CMakeFiles/aerobot_interfaces__rosidl_typesupport_introspection_c.dir/rosidl_typesupport_introspection_c/aerobot_interfaces/srv/detail/esc_srv__type_support.c.o[0m
[ 72%] [32mBuilding C object CMakeFiles/aerobot_interfaces__rosidl_typesupport_introspection_c.dir/rosidl_typesupport_introspection_c/aerobot_interfaces/srv/detail/calibrate__type_support.c.o[0m
[ 74%] [32mBuilding C object CMakeFiles/aerobot_interfaces__rosidl_typesupport_introspection_c.dir/rosidl_typesupport_introspection_c/aerobot_interfaces/msg/detail/esc_msg__type_support.c.o[0m
[ 76%] [32m[1mLinking C shared library libaerobot_interfaces__rosidl_typesupport_introspection_c.so[0m
[ 76%] Built target aerobot_interfaces__rosidl_typesupport_introspection_c
[ 76%] Built target aerobot_interfaces
[ 78%] [34m[1mGenerating Python code for ROS interfaces[0m
[ 78%] Built target aerobot_interfaces__py
[35m[1mConsolidate compiler generated dependencies of target aerobot_interfaces__rosidl_generator_py[0m
[ 80%] [32mBuilding C object CMakeFiles/aerobot_interfaces__rosidl_generator_py.dir/rosidl_generator_py/aerobot_interfaces/srv/_esc_srv_s.c.o[0m
[ 82%] [32mBuilding C object CMakeFiles/aerobot_interfaces__rosidl_generator_py.dir/rosidl_generator_py/aerobot_interfaces/srv/_calibrate_s.c.o[0m
[ 85%] [32mBuilding C object CMakeFiles/aerobot_interfaces__rosidl_generator_py.dir/rosidl_generator_py/aerobot_interfaces/msg/_esc_msg_s.c.o[0m
[ 87%] [32m[1mLinking C shared library rosidl_generator_py/aerobot_interfaces/libaerobot_interfaces__rosidl_generator_py.so[0m
[ 87%] Built target aerobot_interfaces__rosidl_generator_py
[35m[1mConsolidate compiler generated dependencies of target aerobot_interfaces__rosidl_typesupport_fastrtps_c__pyext[0m
[ 89%] [32mBuilding C object CMakeFiles/aerobot_interfaces__rosidl_typesupport_fastrtps_c__pyext.dir/rosidl_generator_py/aerobot_interfaces/_aerobot_interfaces_s.ep.rosidl_typesupport_fastrtps_c.c.o[0m
[ 91%] [32m[1mLinking C shared library rosidl_generator_py/aerobot_interfaces/aerobot_interfaces_s__rosidl_typesupport_fastrtps_c.cpython-310-aarch64-linux-gnu.so[0m
[ 91%] Built target aerobot_interfaces__rosidl_typesupport_fastrtps_c__pyext
[35m[1mConsolidate compiler generated dependencies of target aerobot_interfaces__rosidl_typesupport_c__pyext[0m
[ 93%] [32mBuilding C object CMakeFiles/aerobot_interfaces__rosidl_typesupport_c__pyext.dir/rosidl_generator_py/aerobot_interfaces/_aerobot_interfaces_s.ep.rosidl_typesupport_c.c.o[0m
[ 95%] [32m[1mLinking C shared library rosidl_generator_py/aerobot_interfaces/aerobot_interfaces_s__rosidl_typesupport_c.cpython-310-aarch64-linux-gnu.so[0m
[ 95%] Built target aerobot_interfaces__rosidl_typesupport_c__pyext
[35m[1mConsolidate compiler generated dependencies of target aerobot_interfaces__rosidl_typesupport_introspection_c__pyext[0m
[ 97%] [32mBuilding C object CMakeFiles/aerobot_interfaces__rosidl_typesupport_introspection_c__pyext.dir/rosidl_generator_py/aerobot_interfaces/_aerobot_interfaces_s.ep.rosidl_typesupport_introspection_c.c.o[0m
[100%] [32m[1mLinking C shared library rosidl_generator_py/aerobot_interfaces/aerobot_interfaces_s__rosidl_typesupport_introspection_c.cpython-310-aarch64-linux-gnu.so[0m
[100%] Built target aerobot_interfaces__rosidl_typesupport_introspection_c__pyext
