[0.480s] Invoking command in '/home/ubuntu/ros2_ws/build/aerobot_interfaces': CMAKE_PREFIX_PATH=${CMAKE_PREFIX_PATH}:/home/ubuntu/ros2_ws/install/my_ahrs:/home/ubuntu/ros2_ws/install/lsm6dso:/home/ubuntu/ros2_ws/install/esc_pkg:/home/ubuntu/ros2_ws/install/bmm150_sensor:/opt/ros/humble /usr/bin/cmake --build /home/ubuntu/ros2_ws/build/aerobot_interfaces -- -j4 -l4
[12.616s] -- Found ament_cmake: 1.3.9 (/opt/ros/humble/share/ament_cmake/cmake)
[12.628s] -- Found rosidl_default_generators: 1.2.0 (/opt/ros/humble/share/rosidl_default_generators/cmake)
[12.629s] -- Using all available rosidl_typesupport_c: rosidl_typesupport_fastrtps_c;rosidl_typesupport_introspection_c
[12.631s] -- Found rosidl_adapter: 3.1.5 (/opt/ros/humble/share/rosidl_adapter/cmake)
[12.657s] -- Using all available rosidl_typesupport_cpp: rosidl_typesupport_fastrtps_cpp;rosidl_typesupport_introspection_cpp
[12.658s] -- Found ament_cmake_ros: 0.10.0 (/opt/ros/humble/share/ament_cmake_ros/cmake)
[14.212s] -- Using all available rosidl_typesupport_c: rosidl_typesupport_fastrtps_c;rosidl_typesupport_introspection_c
[19.261s] -- Using all available rosidl_typesupport_cpp: rosidl_typesupport_fastrtps_cpp;rosidl_typesupport_introspection_cpp
[19.702s] -- Found python_cmake_module: 0.10.0 (/opt/ros/humble/share/python_cmake_module/cmake)
[20.087s] -- Using PYTHON_EXECUTABLE: /usr/bin/python3
[20.089s] -- Using PYTHON_INCLUDE_DIRS: /usr/include/python3.10
[20.090s] -- Using PYTHON_LIBRARIES: /usr/lib/aarch64-linux-gnu/libpython3.10.so
[20.381s] -- Configuring done
[20.991s] -- Generating done
[21.053s] -- Build files have been written to: /home/ubuntu/ros2_ws/build/aerobot_interfaces
[22.010s] [  2%] [34m[1mGenerating C++ code for ROS interfaces[0m
[39.945s] [  2%] Built target aerobot_interfaces__cpp
[40.897s] [  2%] Built target ament_cmake_python_copy_aerobot_interfaces
[41.072s] [  4%] [34m[1mGenerating C++ type support for eProsima Fast-RTPS[0m
[58.102s] [35m[1mConsolidate compiler generated dependencies of target aerobot_interfaces__rosidl_typesupport_fastrtps_cpp[0m
[58.641s] [  6%] [32mBuilding CXX object CMakeFiles/aerobot_interfaces__rosidl_typesupport_fastrtps_cpp.dir/rosidl_typesupport_fastrtps_cpp/aerobot_interfaces/srv/detail/dds_fastrtps/esc_srv__type_support.cpp.o[0m
[71.901s] [  8%] [32mBuilding CXX object CMakeFiles/aerobot_interfaces__rosidl_typesupport_fastrtps_cpp.dir/rosidl_typesupport_fastrtps_cpp/aerobot_interfaces/msg/detail/dds_fastrtps/esc_msg__type_support.cpp.o[0m
[81.010s] [ 10%] [32mBuilding CXX object CMakeFiles/aerobot_interfaces__rosidl_typesupport_fastrtps_cpp.dir/rosidl_typesupport_fastrtps_cpp/aerobot_interfaces/srv/detail/dds_fastrtps/calibrate__type_support.cpp.o[0m
[88.381s] [ 12%] [32m[1mLinking CXX shared library libaerobot_interfaces__rosidl_typesupport_fastrtps_cpp.so[0m
[89.945s] [ 12%] Built target aerobot_interfaces__rosidl_typesupport_fastrtps_cpp
[90.094s] [ 14%] [34m[1mGenerating C++ introspection for ROS interfaces[0m
[96.495s] [35m[1mConsolidate compiler generated dependencies of target aerobot_interfaces__rosidl_typesupport_introspection_cpp[0m
[96.875s] [ 17%] [32mBuilding CXX object CMakeFiles/aerobot_interfaces__rosidl_typesupport_introspection_cpp.dir/rosidl_typesupport_introspection_cpp/aerobot_interfaces/srv/detail/esc_srv__type_support.cpp.o[0m
[103.458s] [ 19%] [32mBuilding CXX object CMakeFiles/aerobot_interfaces__rosidl_typesupport_introspection_cpp.dir/rosidl_typesupport_introspection_cpp/aerobot_interfaces/msg/detail/esc_msg__type_support.cpp.o[0m
[109.905s] [ 21%] [32mBuilding CXX object CMakeFiles/aerobot_interfaces__rosidl_typesupport_introspection_cpp.dir/rosidl_typesupport_introspection_cpp/aerobot_interfaces/srv/detail/calibrate__type_support.cpp.o[0m
[117.245s] [ 23%] [32m[1mLinking CXX shared library libaerobot_interfaces__rosidl_typesupport_introspection_cpp.so[0m
[117.986s] [ 23%] Built target aerobot_interfaces__rosidl_typesupport_introspection_cpp
[122.917s] running egg_info
[122.930s] writing aerobot_interfaces.egg-info/PKG-INFO
[122.931s] writing dependency_links to aerobot_interfaces.egg-info/dependency_links.txt
[122.933s] writing top-level names to aerobot_interfaces.egg-info/top_level.txt
[122.963s] reading manifest file 'aerobot_interfaces.egg-info/SOURCES.txt'
[122.972s] writing manifest file 'aerobot_interfaces.egg-info/SOURCES.txt'
[123.358s] [ 23%] Built target ament_cmake_python_build_aerobot_interfaces_egg
[123.481s] [ 25%] [34m[1mGenerating C++ type support dispatch for ROS interfaces[0m
[128.521s] [35m[1mConsolidate compiler generated dependencies of target aerobot_interfaces__rosidl_typesupport_cpp[0m
[128.809s] [ 27%] [32mBuilding CXX object CMakeFiles/aerobot_interfaces__rosidl_typesupport_cpp.dir/rosidl_typesupport_cpp/aerobot_interfaces/srv/esc_srv__type_support.cpp.o[0m
[133.857s] [ 29%] [32mBuilding CXX object CMakeFiles/aerobot_interfaces__rosidl_typesupport_cpp.dir/rosidl_typesupport_cpp/aerobot_interfaces/srv/calibrate__type_support.cpp.o[0m
[137.986s] [ 31%] [32mBuilding CXX object CMakeFiles/aerobot_interfaces__rosidl_typesupport_cpp.dir/rosidl_typesupport_cpp/aerobot_interfaces/msg/esc_msg__type_support.cpp.o[0m
[141.988s] [ 34%] [32m[1mLinking CXX shared library libaerobot_interfaces__rosidl_typesupport_cpp.so[0m
[142.576s] [ 34%] Built target aerobot_interfaces__rosidl_typesupport_cpp
[142.709s] [ 36%] [34m[1mGenerating C code for ROS interfaces[0m
[150.757s] [35m[1mConsolidate compiler generated dependencies of target aerobot_interfaces__rosidl_generator_c[0m
[150.965s] [ 38%] [32mBuilding C object CMakeFiles/aerobot_interfaces__rosidl_generator_c.dir/rosidl_generator_c/aerobot_interfaces/srv/detail/esc_srv__functions.c.o[0m
[152.496s] [ 40%] [32mBuilding C object CMakeFiles/aerobot_interfaces__rosidl_generator_c.dir/rosidl_generator_c/aerobot_interfaces/srv/detail/calibrate__functions.c.o[0m
[153.778s] [ 42%] [32mBuilding C object CMakeFiles/aerobot_interfaces__rosidl_generator_c.dir/rosidl_generator_c/aerobot_interfaces/msg/detail/esc_msg__functions.c.o[0m
[154.943s] [ 44%] [32m[1mLinking C shared library libaerobot_interfaces__rosidl_generator_c.so[0m
[155.653s] [ 44%] Built target aerobot_interfaces__rosidl_generator_c
[155.941s] [ 46%] [34m[1mGenerating C type support for eProsima Fast-RTPS[0m
[164.828s] [35m[1mConsolidate compiler generated dependencies of target aerobot_interfaces__rosidl_typesupport_fastrtps_c[0m
[165.226s] [ 48%] [32mBuilding CXX object CMakeFiles/aerobot_interfaces__rosidl_typesupport_fastrtps_c.dir/rosidl_typesupport_fastrtps_c/aerobot_interfaces/srv/detail/esc_srv__type_support_c.cpp.o[0m
[171.362s] [ 51%] [32mBuilding CXX object CMakeFiles/aerobot_interfaces__rosidl_typesupport_fastrtps_c.dir/rosidl_typesupport_fastrtps_c/aerobot_interfaces/msg/detail/esc_msg__type_support_c.cpp.o[0m
[177.874s] [ 53%] [32mBuilding CXX object CMakeFiles/aerobot_interfaces__rosidl_typesupport_fastrtps_c.dir/rosidl_typesupport_fastrtps_c/aerobot_interfaces/srv/detail/calibrate__type_support_c.cpp.o[0m
[184.712s] [ 55%] [32m[1mLinking CXX shared library libaerobot_interfaces__rosidl_typesupport_fastrtps_c.so[0m
[185.751s] [ 55%] Built target aerobot_interfaces__rosidl_typesupport_fastrtps_c
[185.976s] [ 57%] [34m[1mGenerating C type support dispatch for ROS interfaces[0m
[190.431s] [35m[1mConsolidate compiler generated dependencies of target aerobot_interfaces__rosidl_typesupport_c[0m
[190.657s] [ 59%] [32mBuilding CXX object CMakeFiles/aerobot_interfaces__rosidl_typesupport_c.dir/rosidl_typesupport_c/aerobot_interfaces/srv/esc_srv__type_support.cpp.o[0m
[191.353s] [ 61%] [32mBuilding CXX object CMakeFiles/aerobot_interfaces__rosidl_typesupport_c.dir/rosidl_typesupport_c/aerobot_interfaces/srv/calibrate__type_support.cpp.o[0m
[192.154s] [ 63%] [32mBuilding CXX object CMakeFiles/aerobot_interfaces__rosidl_typesupport_c.dir/rosidl_typesupport_c/aerobot_interfaces/msg/esc_msg__type_support.cpp.o[0m
[192.879s] [ 65%] [32m[1mLinking CXX shared library libaerobot_interfaces__rosidl_typesupport_c.so[0m
[193.493s] [ 65%] Built target aerobot_interfaces__rosidl_typesupport_c
[193.643s] [ 68%] [34m[1mGenerating C introspection for ROS interfaces[0m
[200.605s] [35m[1mConsolidate compiler generated dependencies of target aerobot_interfaces__rosidl_typesupport_introspection_c[0m
[200.785s] [ 70%] [32mBuilding C object CMakeFiles/aerobot_interfaces__rosidl_typesupport_introspection_c.dir/rosidl_typesupport_introspection_c/aerobot_interfaces/srv/detail/esc_srv__type_support.c.o[0m
[201.552s] [ 72%] [32mBuilding C object CMakeFiles/aerobot_interfaces__rosidl_typesupport_introspection_c.dir/rosidl_typesupport_introspection_c/aerobot_interfaces/srv/detail/calibrate__type_support.c.o[0m
[202.687s] [ 74%] [32mBuilding C object CMakeFiles/aerobot_interfaces__rosidl_typesupport_introspection_c.dir/rosidl_typesupport_introspection_c/aerobot_interfaces/msg/detail/esc_msg__type_support.c.o[0m
[203.294s] [ 76%] [32m[1mLinking C shared library libaerobot_interfaces__rosidl_typesupport_introspection_c.so[0m
[203.933s] [ 76%] Built target aerobot_interfaces__rosidl_typesupport_introspection_c
[204.269s] [ 76%] Built target aerobot_interfaces
[204.570s] [ 78%] [34m[1mGenerating Python code for ROS interfaces[0m
[216.505s] [ 78%] Built target aerobot_interfaces__py
[216.682s] [35m[1mConsolidate compiler generated dependencies of target aerobot_interfaces__rosidl_generator_py[0m
[217.097s] [ 80%] [32mBuilding C object CMakeFiles/aerobot_interfaces__rosidl_generator_py.dir/rosidl_generator_py/aerobot_interfaces/srv/_esc_srv_s.c.o[0m
[221.573s] [ 82%] [32mBuilding C object CMakeFiles/aerobot_interfaces__rosidl_generator_py.dir/rosidl_generator_py/aerobot_interfaces/srv/_calibrate_s.c.o[0m
[226.314s] [ 85%] [32mBuilding C object CMakeFiles/aerobot_interfaces__rosidl_generator_py.dir/rosidl_generator_py/aerobot_interfaces/msg/_esc_msg_s.c.o[0m
[229.142s] [ 87%] [32m[1mLinking C shared library rosidl_generator_py/aerobot_interfaces/libaerobot_interfaces__rosidl_generator_py.so[0m
[229.868s] [ 87%] Built target aerobot_interfaces__rosidl_generator_py
[230.175s] [35m[1mConsolidate compiler generated dependencies of target aerobot_interfaces__rosidl_typesupport_fastrtps_c__pyext[0m
[230.598s] [ 89%] [32mBuilding C object CMakeFiles/aerobot_interfaces__rosidl_typesupport_fastrtps_c__pyext.dir/rosidl_generator_py/aerobot_interfaces/_aerobot_interfaces_s.ep.rosidl_typesupport_fastrtps_c.c.o[0m
[232.690s] [ 91%] [32m[1mLinking C shared library rosidl_generator_py/aerobot_interfaces/aerobot_interfaces_s__rosidl_typesupport_fastrtps_c.cpython-310-aarch64-linux-gnu.so[0m
[233.199s] [ 91%] Built target aerobot_interfaces__rosidl_typesupport_fastrtps_c__pyext
[233.401s] [35m[1mConsolidate compiler generated dependencies of target aerobot_interfaces__rosidl_typesupport_c__pyext[0m
[233.732s] [ 93%] [32mBuilding C object CMakeFiles/aerobot_interfaces__rosidl_typesupport_c__pyext.dir/rosidl_generator_py/aerobot_interfaces/_aerobot_interfaces_s.ep.rosidl_typesupport_c.c.o[0m
[237.300s] [ 95%] [32m[1mLinking C shared library rosidl_generator_py/aerobot_interfaces/aerobot_interfaces_s__rosidl_typesupport_c.cpython-310-aarch64-linux-gnu.so[0m
[238.447s] [ 95%] Built target aerobot_interfaces__rosidl_typesupport_c__pyext
[238.819s] [35m[1mConsolidate compiler generated dependencies of target aerobot_interfaces__rosidl_typesupport_introspection_c__pyext[0m
[239.374s] [ 97%] [32mBuilding C object CMakeFiles/aerobot_interfaces__rosidl_typesupport_introspection_c__pyext.dir/rosidl_generator_py/aerobot_interfaces/_aerobot_interfaces_s.ep.rosidl_typesupport_introspection_c.c.o[0m
[244.227s] [100%] [32m[1mLinking C shared library rosidl_generator_py/aerobot_interfaces/aerobot_interfaces_s__rosidl_typesupport_introspection_c.cpython-310-aarch64-linux-gnu.so[0m
[244.968s] [100%] Built target aerobot_interfaces__rosidl_typesupport_introspection_c__pyext
