[17.895s] Invoking command in '/home/ubuntu/ros2_ws/src/lsm6dso': PYTHONPATH=/home/ubuntu/ros2_ws/build/lsm6dso/prefix_override:/home/ubuntu/ros2_ws/install/lsm6dso/lib/python3.10/site-packages:${PYTHONPATH} /usr/bin/python3 -W ignore:setup.py install is deprecated setup.py egg_info --egg-base ../../build/lsm6dso build --build-base /home/ubuntu/ros2_ws/build/lsm6dso/build install --record /home/ubuntu/ros2_ws/build/lsm6dso/install.log --single-version-externally-managed install_data
[22.495s] running egg_info
[22.504s] writing ../../build/lsm6dso/lsm6dso.egg-info/PKG-INFO
[22.507s] writing dependency_links to ../../build/lsm6dso/lsm6dso.egg-info/dependency_links.txt
[22.513s] writing entry points to ../../build/lsm6dso/lsm6dso.egg-info/entry_points.txt
[22.522s] writing requirements to ../../build/lsm6dso/lsm6dso.egg-info/requires.txt
[22.523s] writing top-level names to ../../build/lsm6dso/lsm6dso.egg-info/top_level.txt
[22.539s] reading manifest file '../../build/lsm6dso/lsm6dso.egg-info/SOURCES.txt'
[22.553s] writing manifest file '../../build/lsm6dso/lsm6dso.egg-info/SOURCES.txt'
[22.555s] running build
[22.556s] running build_py
[22.560s] running install
[22.565s] running install_lib
[22.582s] running install_data
[22.584s] running install_egg_info
[22.603s] removing '/home/ubuntu/ros2_ws/install/lsm6dso/lib/python3.10/site-packages/lsm6dso-0.0.0-py3.10.egg-info' (and everything under it)
[22.608s] Copying ../../build/lsm6dso/lsm6dso.egg-info to /home/ubuntu/ros2_ws/install/lsm6dso/lib/python3.10/site-packages/lsm6dso-0.0.0-py3.10.egg-info
[22.629s] running install_scripts
[22.874s] Installing lsm6dso script to /home/ubuntu/ros2_ws/install/lsm6dso/lib/lsm6dso
[22.879s] writing list of installed files to '/home/ubuntu/ros2_ws/build/lsm6dso/install.log'
[23.190s] Invoked command in '/home/ubuntu/ros2_ws/src/lsm6dso' returned '0': PYTHONPATH=/home/ubuntu/ros2_ws/build/lsm6dso/prefix_override:/home/ubuntu/ros2_ws/install/lsm6dso/lib/python3.10/site-packages:${PYTHONPATH} /usr/bin/python3 -W ignore:setup.py install is deprecated setup.py egg_info --egg-base ../../build/lsm6dso build --build-base /home/ubuntu/ros2_ws/build/lsm6dso/build install --record /home/ubuntu/ros2_ws/build/lsm6dso/install.log --single-version-externally-managed install_data
