[1.268s] DEBUG:colcon:Command line arguments: ['/usr/bin/colcon', 'build', '--allow-overriding', 'aerobot_interfaces']
[1.270s] DEBUG:colcon:Parsed command line arguments: Namespace(log_base=None, log_level=None, verb_name='build', build_base='build', install_base='install', merge_install=False, symlink_install=False, test_result_base=None, continue_on_error=False, executor='parallel', parallel_workers=4, event_handlers=None, ignore_user_meta=False, metas=['./colcon.meta'], base_paths=['.'], packages_ignore=None, packages_ignore_regex=None, paths=None, packages_up_to=None, packages_up_to_regex=None, packages_above=None, packages_above_and_dependencies=None, packages_above_depth=None, packages_select_by_dep=None, packages_skip_by_dep=None, packages_skip_up_to=None, packages_select_build_failed=False, packages_skip_build_finished=False, packages_select_test_failures=False, packages_skip_test_passed=False, packages_select=None, packages_skip=None, packages_select_regex=None, packages_skip_regex=None, packages_start=None, packages_end=None, allow_overriding=['aerobot_interfaces'], cmake_args=None, cmake_target=None, cmake_target_skip_unavailable=False, cmake_clean_cache=False, cmake_clean_first=False, cmake_force_configure=False, ament_cmake_args=None, catkin_cmake_args=None, catkin_skip_building_tests=False, mixin_files=None, mixin=None, verb_parser=<colcon_mixin.mixin.mixin_argument.MixinArgumentDecorator object at 0xffffa6ed9c00>, verb_extension=<colcon_core.verb.build.BuildVerb object at 0xffffa6fe6ce0>, main=<bound method BuildVerb.main of <colcon_core.verb.build.BuildVerb object at 0xffffa6fe6ce0>>, mixin_verb=('build',))
[4.446s] Level 1:colcon.colcon_core.package_discovery:discover_packages(colcon_meta) check parameters
[4.447s] Level 1:colcon.colcon_core.package_discovery:discover_packages(recursive) check parameters
[4.448s] Level 1:colcon.colcon_core.package_discovery:discover_packages(ignore) check parameters
[4.448s] Level 1:colcon.colcon_core.package_discovery:discover_packages(path) check parameters
[4.449s] Level 1:colcon.colcon_core.package_discovery:discover_packages(colcon_meta) discover
[4.450s] Level 1:colcon.colcon_core.package_discovery:discover_packages(recursive) discover
[4.452s] INFO:colcon.colcon_core.package_discovery:Crawling recursively for packages in '/home/ubuntu/ros2_ws'
[4.454s] Level 1:colcon.colcon_core.package_identification:_identify(.) by extensions ['ignore', 'ignore_ament_install']
[4.457s] Level 1:colcon.colcon_core.package_identification:_identify(.) by extension 'ignore'
[4.459s] Level 1:colcon.colcon_core.package_identification:_identify(.) by extension 'ignore_ament_install'
[4.461s] Level 1:colcon.colcon_core.package_identification:_identify(.) by extensions ['colcon_pkg']
[4.463s] Level 1:colcon.colcon_core.package_identification:_identify(.) by extension 'colcon_pkg'
[4.467s] Level 1:colcon.colcon_core.package_identification:_identify(.) by extensions ['colcon_meta']
[4.469s] Level 1:colcon.colcon_core.package_identification:_identify(.) by extension 'colcon_meta'
[4.471s] Level 1:colcon.colcon_core.package_identification:_identify(.) by extensions ['ros']
[4.474s] Level 1:colcon.colcon_core.package_identification:_identify(.) by extension 'ros'
[4.617s] Level 1:colcon.colcon_core.package_identification:_identify(.) by extensions ['cmake', 'python']
[4.620s] Level 1:colcon.colcon_core.package_identification:_identify(.) by extension 'cmake'
[4.622s] Level 1:colcon.colcon_core.package_identification:_identify(.) by extension 'python'
[4.624s] Level 1:colcon.colcon_core.package_identification:_identify(.) by extensions ['python_setup_py']
[4.625s] Level 1:colcon.colcon_core.package_identification:_identify(.) by extension 'python_setup_py'
[4.628s] Level 1:colcon.colcon_core.package_identification:_identify(build) by extensions ['ignore', 'ignore_ament_install']
[4.631s] Level 1:colcon.colcon_core.package_identification:_identify(build) by extension 'ignore'
[4.633s] Level 1:colcon.colcon_core.package_identification:_identify(build) ignored
[4.636s] Level 1:colcon.colcon_core.package_identification:_identify(install) by extensions ['ignore', 'ignore_ament_install']
[4.638s] Level 1:colcon.colcon_core.package_identification:_identify(install) by extension 'ignore'
[4.640s] Level 1:colcon.colcon_core.package_identification:_identify(install) ignored
[4.648s] Level 1:colcon.colcon_core.package_identification:_identify(log) by extensions ['ignore', 'ignore_ament_install']
[4.651s] Level 1:colcon.colcon_core.package_identification:_identify(log) by extension 'ignore'
[4.652s] Level 1:colcon.colcon_core.package_identification:_identify(log) ignored
[4.655s] Level 1:colcon.colcon_core.package_identification:_identify(src) by extensions ['ignore', 'ignore_ament_install']
[4.657s] Level 1:colcon.colcon_core.package_identification:_identify(src) by extension 'ignore'
[4.659s] Level 1:colcon.colcon_core.package_identification:_identify(src) by extension 'ignore_ament_install'
[4.661s] Level 1:colcon.colcon_core.package_identification:_identify(src) by extensions ['colcon_pkg']
[4.662s] Level 1:colcon.colcon_core.package_identification:_identify(src) by extension 'colcon_pkg'
[4.664s] Level 1:colcon.colcon_core.package_identification:_identify(src) by extensions ['colcon_meta']
[4.666s] Level 1:colcon.colcon_core.package_identification:_identify(src) by extension 'colcon_meta'
[4.668s] Level 1:colcon.colcon_core.package_identification:_identify(src) by extensions ['ros']
[4.669s] Level 1:colcon.colcon_core.package_identification:_identify(src) by extension 'ros'
[4.671s] Level 1:colcon.colcon_core.package_identification:_identify(src) by extensions ['cmake', 'python']
[4.673s] Level 1:colcon.colcon_core.package_identification:_identify(src) by extension 'cmake'
[4.675s] Level 1:colcon.colcon_core.package_identification:_identify(src) by extension 'python'
[4.677s] Level 1:colcon.colcon_core.package_identification:_identify(src) by extensions ['python_setup_py']
[4.678s] Level 1:colcon.colcon_core.package_identification:_identify(src) by extension 'python_setup_py'
[4.681s] Level 1:colcon.colcon_core.package_identification:_identify(src/aerobot_interfaces) by extensions ['ignore', 'ignore_ament_install']
[4.683s] Level 1:colcon.colcon_core.package_identification:_identify(src/aerobot_interfaces) by extension 'ignore'
[4.685s] Level 1:colcon.colcon_core.package_identification:_identify(src/aerobot_interfaces) by extension 'ignore_ament_install'
[4.687s] Level 1:colcon.colcon_core.package_identification:_identify(src/aerobot_interfaces) by extensions ['colcon_pkg']
[4.688s] Level 1:colcon.colcon_core.package_identification:_identify(src/aerobot_interfaces) by extension 'colcon_pkg'
[4.690s] Level 1:colcon.colcon_core.package_identification:_identify(src/aerobot_interfaces) by extensions ['colcon_meta']
[4.692s] Level 1:colcon.colcon_core.package_identification:_identify(src/aerobot_interfaces) by extension 'colcon_meta'
[4.693s] Level 1:colcon.colcon_core.package_identification:_identify(src/aerobot_interfaces) by extensions ['ros']
[4.695s] Level 1:colcon.colcon_core.package_identification:_identify(src/aerobot_interfaces) by extension 'ros'
[4.723s] DEBUG:colcon.colcon_core.package_identification:Package 'src/aerobot_interfaces' with type 'ros.ament_cmake' and name 'aerobot_interfaces'
[4.725s] Level 1:colcon.colcon_core.package_identification:_identify(src/bmm150_sensor) by extensions ['ignore', 'ignore_ament_install']
[4.726s] Level 1:colcon.colcon_core.package_identification:_identify(src/bmm150_sensor) by extension 'ignore'
[4.727s] Level 1:colcon.colcon_core.package_identification:_identify(src/bmm150_sensor) by extension 'ignore_ament_install'
[4.728s] Level 1:colcon.colcon_core.package_identification:_identify(src/bmm150_sensor) by extensions ['colcon_pkg']
[4.729s] Level 1:colcon.colcon_core.package_identification:_identify(src/bmm150_sensor) by extension 'colcon_pkg'
[4.729s] Level 1:colcon.colcon_core.package_identification:_identify(src/bmm150_sensor) by extensions ['colcon_meta']
[4.730s] Level 1:colcon.colcon_core.package_identification:_identify(src/bmm150_sensor) by extension 'colcon_meta'
[4.731s] Level 1:colcon.colcon_core.package_identification:_identify(src/bmm150_sensor) by extensions ['ros']
[4.731s] Level 1:colcon.colcon_core.package_identification:_identify(src/bmm150_sensor) by extension 'ros'
[4.740s] DEBUG:colcon.colcon_core.package_identification:Package 'src/bmm150_sensor' with type 'ros.ament_python' and name 'bmm150_sensor'
[4.742s] Level 1:colcon.colcon_core.package_identification:_identify(src/esc_pkg) by extensions ['ignore', 'ignore_ament_install']
[4.743s] Level 1:colcon.colcon_core.package_identification:_identify(src/esc_pkg) by extension 'ignore'
[4.744s] Level 1:colcon.colcon_core.package_identification:_identify(src/esc_pkg) by extension 'ignore_ament_install'
[4.745s] Level 1:colcon.colcon_core.package_identification:_identify(src/esc_pkg) by extensions ['colcon_pkg']
[4.746s] Level 1:colcon.colcon_core.package_identification:_identify(src/esc_pkg) by extension 'colcon_pkg'
[4.746s] Level 1:colcon.colcon_core.package_identification:_identify(src/esc_pkg) by extensions ['colcon_meta']
[4.747s] Level 1:colcon.colcon_core.package_identification:_identify(src/esc_pkg) by extension 'colcon_meta'
[4.748s] Level 1:colcon.colcon_core.package_identification:_identify(src/esc_pkg) by extensions ['ros']
[4.748s] Level 1:colcon.colcon_core.package_identification:_identify(src/esc_pkg) by extension 'ros'
[4.756s] DEBUG:colcon.colcon_core.package_identification:Package 'src/esc_pkg' with type 'ros.ament_python' and name 'esc_pkg'
[4.758s] Level 1:colcon.colcon_core.package_identification:_identify(src/lsm6dso) by extensions ['ignore', 'ignore_ament_install']
[4.759s] Level 1:colcon.colcon_core.package_identification:_identify(src/lsm6dso) by extension 'ignore'
[4.760s] Level 1:colcon.colcon_core.package_identification:_identify(src/lsm6dso) by extension 'ignore_ament_install'
[4.761s] Level 1:colcon.colcon_core.package_identification:_identify(src/lsm6dso) by extensions ['colcon_pkg']
[4.762s] Level 1:colcon.colcon_core.package_identification:_identify(src/lsm6dso) by extension 'colcon_pkg'
[4.762s] Level 1:colcon.colcon_core.package_identification:_identify(src/lsm6dso) by extensions ['colcon_meta']
[4.763s] Level 1:colcon.colcon_core.package_identification:_identify(src/lsm6dso) by extension 'colcon_meta'
[4.764s] Level 1:colcon.colcon_core.package_identification:_identify(src/lsm6dso) by extensions ['ros']
[4.764s] Level 1:colcon.colcon_core.package_identification:_identify(src/lsm6dso) by extension 'ros'
[4.774s] DEBUG:colcon.colcon_core.package_identification:Package 'src/lsm6dso' with type 'ros.ament_python' and name 'lsm6dso'
[4.776s] Level 1:colcon.colcon_core.package_identification:_identify(src/my_ahrs) by extensions ['ignore', 'ignore_ament_install']
[4.777s] Level 1:colcon.colcon_core.package_identification:_identify(src/my_ahrs) by extension 'ignore'
[4.778s] Level 1:colcon.colcon_core.package_identification:_identify(src/my_ahrs) by extension 'ignore_ament_install'
[4.779s] Level 1:colcon.colcon_core.package_identification:_identify(src/my_ahrs) by extensions ['colcon_pkg']
[4.780s] Level 1:colcon.colcon_core.package_identification:_identify(src/my_ahrs) by extension 'colcon_pkg'
[4.780s] Level 1:colcon.colcon_core.package_identification:_identify(src/my_ahrs) by extensions ['colcon_meta']
[4.781s] Level 1:colcon.colcon_core.package_identification:_identify(src/my_ahrs) by extension 'colcon_meta'
[4.782s] Level 1:colcon.colcon_core.package_identification:_identify(src/my_ahrs) by extensions ['ros']
[4.783s] Level 1:colcon.colcon_core.package_identification:_identify(src/my_ahrs) by extension 'ros'
[4.795s] DEBUG:colcon.colcon_core.package_identification:Package 'src/my_ahrs' with type 'ros.ament_python' and name 'my_ahrs'
[4.796s] Level 1:colcon.colcon_core.package_discovery:discover_packages(recursive) using defaults
[4.797s] Level 1:colcon.colcon_core.package_discovery:discover_packages(ignore) discover
[4.797s] Level 1:colcon.colcon_core.package_discovery:discover_packages(ignore) using defaults
[4.797s] Level 1:colcon.colcon_core.package_discovery:discover_packages(path) discover
[4.798s] Level 1:colcon.colcon_core.package_discovery:discover_packages(path) using defaults
[5.124s] Level 1:colcon.colcon_core.package_discovery:discover_packages(prefix_path) check parameters
[5.125s] Level 1:colcon.colcon_core.package_discovery:discover_packages(prefix_path) discover
[5.139s] WARNING:colcon.colcon_ros.prefix_path.ament:The path '/home/ubuntu/ros2_ws/install/untitled1' in the environment variable AMENT_PREFIX_PATH doesn't exist
[5.142s] WARNING:colcon.colcon_ros.prefix_path.ament:The path '/home/ubuntu/ros2_ws/install/testing_ros2' in the environment variable AMENT_PREFIX_PATH doesn't exist
[5.143s] WARNING:colcon.colcon_ros.prefix_path.ament:The path '/home/ubuntu/ros2_ws/install/testing_ros' in the environment variable AMENT_PREFIX_PATH doesn't exist
[5.145s] WARNING:colcon.colcon_ros.prefix_path.ament:The path '/home/ubuntu/ros2_ws/install/ros2_imu' in the environment variable AMENT_PREFIX_PATH doesn't exist
[5.152s] WARNING:colcon.colcon_ros.prefix_path.ament:The path '/home/ubuntu/ros2_ws/install/pid_control_aerobot' in the environment variable AMENT_PREFIX_PATH doesn't exist
[5.153s] WARNING:colcon.colcon_ros.prefix_path.ament:The path '/home/ubuntu/ros2_ws/install/my_ahrs' in the environment variable AMENT_PREFIX_PATH doesn't exist
[5.160s] WARNING:colcon.colcon_ros.prefix_path.ament:The path '/home/ubuntu/ros2_ws/install/lsm6dso' in the environment variable AMENT_PREFIX_PATH doesn't exist
[5.162s] WARNING:colcon.colcon_ros.prefix_path.ament:The path '/home/ubuntu/ros2_ws/install/esc_pkg' in the environment variable AMENT_PREFIX_PATH doesn't exist
[5.164s] WARNING:colcon.colcon_ros.prefix_path.ament:The path '/home/ubuntu/ros2_ws/install/complementary_filter_ros2' in the environment variable AMENT_PREFIX_PATH doesn't exist
[5.165s] WARNING:colcon.colcon_ros.prefix_path.ament:The path '/home/ubuntu/ros2_ws/install/bmm150_sensor' in the environment variable AMENT_PREFIX_PATH doesn't exist
[5.171s] WARNING:colcon.colcon_ros.prefix_path.ament:The path '/home/ubuntu/ros2_ws/install/aerobot_interfaces' in the environment variable AMENT_PREFIX_PATH doesn't exist
[5.183s] WARNING:colcon.colcon_ros.prefix_path.catkin:The path '/home/ubuntu/ros2_ws/install/untitled1' in the environment variable CMAKE_PREFIX_PATH doesn't exist
[5.186s] WARNING:colcon.colcon_ros.prefix_path.catkin:The path '/home/ubuntu/ros2_ws/install/testing_ros2' in the environment variable CMAKE_PREFIX_PATH doesn't exist
[5.188s] WARNING:colcon.colcon_ros.prefix_path.catkin:The path '/home/ubuntu/ros2_ws/install/testing_ros' in the environment variable CMAKE_PREFIX_PATH doesn't exist
[5.189s] WARNING:colcon.colcon_ros.prefix_path.catkin:The path '/home/ubuntu/ros2_ws/install/ros2_imu' in the environment variable CMAKE_PREFIX_PATH doesn't exist
[5.197s] WARNING:colcon.colcon_ros.prefix_path.catkin:The path '/home/ubuntu/ros2_ws/install/pid_control_aerobot' in the environment variable CMAKE_PREFIX_PATH doesn't exist
[5.201s] WARNING:colcon.colcon_ros.prefix_path.catkin:The path '/home/ubuntu/ros2_ws/install/complementary_filter_ros2' in the environment variable CMAKE_PREFIX_PATH doesn't exist
[5.204s] WARNING:colcon.colcon_ros.prefix_path.catkin:The path '/home/ubuntu/ros2_ws/install/aerobot_interfaces' in the environment variable CMAKE_PREFIX_PATH doesn't exist
[5.218s] DEBUG:colcon.colcon_installed_package_information.package_discovery:Found 0 installed packages in /home/ubuntu/ros2_ws/install
[5.239s] DEBUG:colcon.colcon_installed_package_information.package_discovery:Found 184 installed packages in /opt/ros/humble
[5.252s] Level 1:colcon.colcon_core.package_discovery:discover_packages(prefix_path) using defaults
[5.658s] Level 5:colcon.colcon_core.verb:set package 'aerobot_interfaces' build argument 'cmake_args' from command line to 'None'
[5.659s] Level 5:colcon.colcon_core.verb:set package 'aerobot_interfaces' build argument 'cmake_target' from command line to 'None'
[5.659s] Level 5:colcon.colcon_core.verb:set package 'aerobot_interfaces' build argument 'cmake_target_skip_unavailable' from command line to 'False'
[5.659s] Level 5:colcon.colcon_core.verb:set package 'aerobot_interfaces' build argument 'cmake_clean_cache' from command line to 'False'
[5.660s] Level 5:colcon.colcon_core.verb:set package 'aerobot_interfaces' build argument 'cmake_clean_first' from command line to 'False'
[5.660s] Level 5:colcon.colcon_core.verb:set package 'aerobot_interfaces' build argument 'cmake_force_configure' from command line to 'False'
[5.661s] Level 5:colcon.colcon_core.verb:set package 'aerobot_interfaces' build argument 'ament_cmake_args' from command line to 'None'
[5.661s] Level 5:colcon.colcon_core.verb:set package 'aerobot_interfaces' build argument 'catkin_cmake_args' from command line to 'None'
[5.661s] Level 5:colcon.colcon_core.verb:set package 'aerobot_interfaces' build argument 'catkin_skip_building_tests' from command line to 'False'
[5.662s] DEBUG:colcon.colcon_core.verb:Building package 'aerobot_interfaces' with the following arguments: {'ament_cmake_args': None, 'build_base': '/home/ubuntu/ros2_ws/build/aerobot_interfaces', 'catkin_cmake_args': None, 'catkin_skip_building_tests': False, 'cmake_args': None, 'cmake_clean_cache': False, 'cmake_clean_first': False, 'cmake_force_configure': False, 'cmake_target': None, 'cmake_target_skip_unavailable': False, 'install_base': '/home/ubuntu/ros2_ws/install/aerobot_interfaces', 'merge_install': False, 'path': '/home/ubuntu/ros2_ws/src/aerobot_interfaces', 'symlink_install': False, 'test_result_base': None}
[5.666s] Level 5:colcon.colcon_core.verb:set package 'bmm150_sensor' build argument 'cmake_args' from command line to 'None'
[5.668s] Level 5:colcon.colcon_core.verb:set package 'bmm150_sensor' build argument 'cmake_target' from command line to 'None'
[5.670s] Level 5:colcon.colcon_core.verb:set package 'bmm150_sensor' build argument 'cmake_target_skip_unavailable' from command line to 'False'
[5.671s] Level 5:colcon.colcon_core.verb:set package 'bmm150_sensor' build argument 'cmake_clean_cache' from command line to 'False'
[5.673s] Level 5:colcon.colcon_core.verb:set package 'bmm150_sensor' build argument 'cmake_clean_first' from command line to 'False'
[5.674s] Level 5:colcon.colcon_core.verb:set package 'bmm150_sensor' build argument 'cmake_force_configure' from command line to 'False'
[5.676s] Level 5:colcon.colcon_core.verb:set package 'bmm150_sensor' build argument 'ament_cmake_args' from command line to 'None'
[5.677s] Level 5:colcon.colcon_core.verb:set package 'bmm150_sensor' build argument 'catkin_cmake_args' from command line to 'None'
[5.679s] Level 5:colcon.colcon_core.verb:set package 'bmm150_sensor' build argument 'catkin_skip_building_tests' from command line to 'False'
[5.681s] DEBUG:colcon.colcon_core.verb:Building package 'bmm150_sensor' with the following arguments: {'ament_cmake_args': None, 'build_base': '/home/ubuntu/ros2_ws/build/bmm150_sensor', 'catkin_cmake_args': None, 'catkin_skip_building_tests': False, 'cmake_args': None, 'cmake_clean_cache': False, 'cmake_clean_first': False, 'cmake_force_configure': False, 'cmake_target': None, 'cmake_target_skip_unavailable': False, 'install_base': '/home/ubuntu/ros2_ws/install/bmm150_sensor', 'merge_install': False, 'path': '/home/ubuntu/ros2_ws/src/bmm150_sensor', 'symlink_install': False, 'test_result_base': None}
[5.687s] Level 5:colcon.colcon_core.verb:set package 'lsm6dso' build argument 'cmake_args' from command line to 'None'
[5.689s] Level 5:colcon.colcon_core.verb:set package 'lsm6dso' build argument 'cmake_target' from command line to 'None'
[5.690s] Level 5:colcon.colcon_core.verb:set package 'lsm6dso' build argument 'cmake_target_skip_unavailable' from command line to 'False'
[5.692s] Level 5:colcon.colcon_core.verb:set package 'lsm6dso' build argument 'cmake_clean_cache' from command line to 'False'
[5.693s] Level 5:colcon.colcon_core.verb:set package 'lsm6dso' build argument 'cmake_clean_first' from command line to 'False'
[5.694s] Level 5:colcon.colcon_core.verb:set package 'lsm6dso' build argument 'cmake_force_configure' from command line to 'False'
[5.696s] Level 5:colcon.colcon_core.verb:set package 'lsm6dso' build argument 'ament_cmake_args' from command line to 'None'
[5.697s] Level 5:colcon.colcon_core.verb:set package 'lsm6dso' build argument 'catkin_cmake_args' from command line to 'None'
[5.699s] Level 5:colcon.colcon_core.verb:set package 'lsm6dso' build argument 'catkin_skip_building_tests' from command line to 'False'
[5.700s] DEBUG:colcon.colcon_core.verb:Building package 'lsm6dso' with the following arguments: {'ament_cmake_args': None, 'build_base': '/home/ubuntu/ros2_ws/build/lsm6dso', 'catkin_cmake_args': None, 'catkin_skip_building_tests': False, 'cmake_args': None, 'cmake_clean_cache': False, 'cmake_clean_first': False, 'cmake_force_configure': False, 'cmake_target': None, 'cmake_target_skip_unavailable': False, 'install_base': '/home/ubuntu/ros2_ws/install/lsm6dso', 'merge_install': False, 'path': '/home/ubuntu/ros2_ws/src/lsm6dso', 'symlink_install': False, 'test_result_base': None}
[5.706s] Level 5:colcon.colcon_core.verb:set package 'my_ahrs' build argument 'cmake_args' from command line to 'None'
[5.708s] Level 5:colcon.colcon_core.verb:set package 'my_ahrs' build argument 'cmake_target' from command line to 'None'
[5.709s] Level 5:colcon.colcon_core.verb:set package 'my_ahrs' build argument 'cmake_target_skip_unavailable' from command line to 'False'
[5.711s] Level 5:colcon.colcon_core.verb:set package 'my_ahrs' build argument 'cmake_clean_cache' from command line to 'False'
[5.712s] Level 5:colcon.colcon_core.verb:set package 'my_ahrs' build argument 'cmake_clean_first' from command line to 'False'
[5.714s] Level 5:colcon.colcon_core.verb:set package 'my_ahrs' build argument 'cmake_force_configure' from command line to 'False'
[5.715s] Level 5:colcon.colcon_core.verb:set package 'my_ahrs' build argument 'ament_cmake_args' from command line to 'None'
[5.717s] Level 5:colcon.colcon_core.verb:set package 'my_ahrs' build argument 'catkin_cmake_args' from command line to 'None'
[5.718s] Level 5:colcon.colcon_core.verb:set package 'my_ahrs' build argument 'catkin_skip_building_tests' from command line to 'False'
[5.720s] DEBUG:colcon.colcon_core.verb:Building package 'my_ahrs' with the following arguments: {'ament_cmake_args': None, 'build_base': '/home/ubuntu/ros2_ws/build/my_ahrs', 'catkin_cmake_args': None, 'catkin_skip_building_tests': False, 'cmake_args': None, 'cmake_clean_cache': False, 'cmake_clean_first': False, 'cmake_force_configure': False, 'cmake_target': None, 'cmake_target_skip_unavailable': False, 'install_base': '/home/ubuntu/ros2_ws/install/my_ahrs', 'merge_install': False, 'path': '/home/ubuntu/ros2_ws/src/my_ahrs', 'symlink_install': False, 'test_result_base': None}
[5.726s] Level 5:colcon.colcon_core.verb:set package 'esc_pkg' build argument 'cmake_args' from command line to 'None'
[5.727s] Level 5:colcon.colcon_core.verb:set package 'esc_pkg' build argument 'cmake_target' from command line to 'None'
[5.729s] Level 5:colcon.colcon_core.verb:set package 'esc_pkg' build argument 'cmake_target_skip_unavailable' from command line to 'False'
[5.730s] Level 5:colcon.colcon_core.verb:set package 'esc_pkg' build argument 'cmake_clean_cache' from command line to 'False'
[5.732s] Level 5:colcon.colcon_core.verb:set package 'esc_pkg' build argument 'cmake_clean_first' from command line to 'False'
[5.733s] Level 5:colcon.colcon_core.verb:set package 'esc_pkg' build argument 'cmake_force_configure' from command line to 'False'
[5.735s] Level 5:colcon.colcon_core.verb:set package 'esc_pkg' build argument 'ament_cmake_args' from command line to 'None'
[5.736s] Level 5:colcon.colcon_core.verb:set package 'esc_pkg' build argument 'catkin_cmake_args' from command line to 'None'
[5.738s] Level 5:colcon.colcon_core.verb:set package 'esc_pkg' build argument 'catkin_skip_building_tests' from command line to 'False'
[5.739s] DEBUG:colcon.colcon_core.verb:Building package 'esc_pkg' with the following arguments: {'ament_cmake_args': None, 'build_base': '/home/ubuntu/ros2_ws/build/esc_pkg', 'catkin_cmake_args': None, 'catkin_skip_building_tests': False, 'cmake_args': None, 'cmake_clean_cache': False, 'cmake_clean_first': False, 'cmake_force_configure': False, 'cmake_target': None, 'cmake_target_skip_unavailable': False, 'install_base': '/home/ubuntu/ros2_ws/install/esc_pkg', 'merge_install': False, 'path': '/home/ubuntu/ros2_ws/src/esc_pkg', 'symlink_install': False, 'test_result_base': None}
[5.742s] INFO:colcon.colcon_core.executor:Executing jobs using 'parallel' executor
[5.752s] DEBUG:colcon.colcon_parallel_executor.executor.parallel:run_until_complete
[5.756s] INFO:colcon.colcon_ros.task.ament_cmake.build:Building ROS package in '/home/ubuntu/ros2_ws/src/aerobot_interfaces' with build type 'ament_cmake'
[5.758s] INFO:colcon.colcon_cmake.task.cmake.build:Building CMake package in '/home/ubuntu/ros2_ws/src/aerobot_interfaces'
[5.798s] INFO:colcon.colcon_core.plugin_system:Skipping extension 'colcon_core.shell.bat': Not used on non-Windows systems
[5.802s] INFO:colcon.colcon_core.shell:Skip shell extension 'powershell' for command environment: Not usable outside of PowerShell
[5.804s] DEBUG:colcon.colcon_core.shell:Skip shell extension 'dsv' for command environment
[5.874s] INFO:colcon.colcon_ros.task.ament_python.build:Building ROS package in '/home/ubuntu/ros2_ws/src/bmm150_sensor' with build type 'ament_python'
[5.876s] Level 1:colcon.colcon_core.shell:create_environment_hook('bmm150_sensor', 'ament_prefix_path')
[5.878s] INFO:colcon.colcon_core.shell:Creating environment hook '/home/ubuntu/ros2_ws/install/bmm150_sensor/share/bmm150_sensor/hook/ament_prefix_path.ps1'
[5.888s] INFO:colcon.colcon_core.shell:Creating environment descriptor '/home/ubuntu/ros2_ws/install/bmm150_sensor/share/bmm150_sensor/hook/ament_prefix_path.dsv'
[5.893s] INFO:colcon.colcon_core.shell:Creating environment hook '/home/ubuntu/ros2_ws/install/bmm150_sensor/share/bmm150_sensor/hook/ament_prefix_path.sh'
[5.905s] INFO:colcon.colcon_core.shell:Skip shell extension 'powershell' for command environment: Not usable outside of PowerShell
[5.907s] DEBUG:colcon.colcon_core.shell:Skip shell extension 'dsv' for command environment
[5.962s] INFO:colcon.colcon_ros.task.ament_python.build:Building ROS package in '/home/ubuntu/ros2_ws/src/lsm6dso' with build type 'ament_python'
[5.963s] Level 1:colcon.colcon_core.shell:create_environment_hook('lsm6dso', 'ament_prefix_path')
[5.966s] INFO:colcon.colcon_core.shell:Creating environment hook '/home/ubuntu/ros2_ws/install/lsm6dso/share/lsm6dso/hook/ament_prefix_path.ps1'
[5.982s] INFO:colcon.colcon_core.shell:Creating environment descriptor '/home/ubuntu/ros2_ws/install/lsm6dso/share/lsm6dso/hook/ament_prefix_path.dsv'
[5.989s] INFO:colcon.colcon_core.shell:Creating environment hook '/home/ubuntu/ros2_ws/install/lsm6dso/share/lsm6dso/hook/ament_prefix_path.sh'
[5.998s] INFO:colcon.colcon_core.shell:Skip shell extension 'powershell' for command environment: Not usable outside of PowerShell
[6.000s] DEBUG:colcon.colcon_core.shell:Skip shell extension 'dsv' for command environment
[6.059s] INFO:colcon.colcon_ros.task.ament_python.build:Building ROS package in '/home/ubuntu/ros2_ws/src/my_ahrs' with build type 'ament_python'
[6.060s] Level 1:colcon.colcon_core.shell:create_environment_hook('my_ahrs', 'ament_prefix_path')
[6.067s] INFO:colcon.colcon_core.shell:Creating environment hook '/home/ubuntu/ros2_ws/install/my_ahrs/share/my_ahrs/hook/ament_prefix_path.ps1'
[6.091s] INFO:colcon.colcon_core.shell:Creating environment descriptor '/home/ubuntu/ros2_ws/install/my_ahrs/share/my_ahrs/hook/ament_prefix_path.dsv'
[6.100s] INFO:colcon.colcon_core.shell:Creating environment hook '/home/ubuntu/ros2_ws/install/my_ahrs/share/my_ahrs/hook/ament_prefix_path.sh'
[6.111s] INFO:colcon.colcon_core.shell:Skip shell extension 'powershell' for command environment: Not usable outside of PowerShell
[6.114s] DEBUG:colcon.colcon_core.shell:Skip shell extension 'dsv' for command environment
[6.232s] DEBUG:colcon.colcon_core.event_handler.log_command:Invoking command in '/home/ubuntu/ros2_ws/build/aerobot_interfaces': CMAKE_PREFIX_PATH=${CMAKE_PREFIX_PATH}:/home/ubuntu/ros2_ws/install/my_ahrs:/home/ubuntu/ros2_ws/install/lsm6dso:/home/ubuntu/ros2_ws/install/esc_pkg:/home/ubuntu/ros2_ws/install/bmm150_sensor:/opt/ros/humble /usr/bin/cmake --build /home/ubuntu/ros2_ws/build/aerobot_interfaces -- -j4 -l4
[12.592s] INFO:colcon.colcon_core.task.python.build:Building Python package in '/home/ubuntu/ros2_ws/src/bmm150_sensor'
[12.606s] INFO:colcon.colcon_core.shell:Skip shell extension 'powershell' for command environment: Not usable outside of PowerShell
[12.609s] DEBUG:colcon.colcon_core.shell:Skip shell extension 'dsv' for command environment
[17.575s] INFO:colcon.colcon_core.task.python.build:Building Python package in '/home/ubuntu/ros2_ws/src/lsm6dso'
[17.581s] INFO:colcon.colcon_core.shell:Skip shell extension 'powershell' for command environment: Not usable outside of PowerShell
[17.590s] DEBUG:colcon.colcon_core.shell:Skip shell extension 'dsv' for command environment
[23.142s] INFO:colcon.colcon_core.task.python.build:Building Python package in '/home/ubuntu/ros2_ws/src/my_ahrs'
[23.144s] INFO:colcon.colcon_core.shell:Skip shell extension 'powershell' for command environment: Not usable outside of PowerShell
[23.145s] DEBUG:colcon.colcon_core.shell:Skip shell extension 'dsv' for command environment
[23.290s] DEBUG:colcon.colcon_core.event_handler.log_command:Invoked command in '/home/ubuntu/ros2_ws/build/aerobot_interfaces' returned '0': CMAKE_PREFIX_PATH=${CMAKE_PREFIX_PATH}:/home/ubuntu/ros2_ws/install/my_ahrs:/home/ubuntu/ros2_ws/install/lsm6dso:/home/ubuntu/ros2_ws/install/esc_pkg:/home/ubuntu/ros2_ws/install/bmm150_sensor:/opt/ros/humble /usr/bin/cmake --build /home/ubuntu/ros2_ws/build/aerobot_interfaces -- -j4 -l4
[26.935s] DEBUG:colcon.colcon_core.event_handler.log_command:Invoking command in '/home/ubuntu/ros2_ws/build/aerobot_interfaces': CMAKE_PREFIX_PATH=${CMAKE_PREFIX_PATH}:/home/ubuntu/ros2_ws/install/my_ahrs:/home/ubuntu/ros2_ws/install/lsm6dso:/home/ubuntu/ros2_ws/install/esc_pkg:/home/ubuntu/ros2_ws/install/bmm150_sensor:/opt/ros/humble /usr/bin/cmake --install /home/ubuntu/ros2_ws/build/aerobot_interfaces
[30.448s] Level 1:colcon.colcon_core.environment:create_environment_scripts_only(aerobot_interfaces)
[30.452s] DEBUG:colcon.colcon_core.event_handler.log_command:Invoked command in '/home/ubuntu/ros2_ws/build/aerobot_interfaces' returned '0': CMAKE_PREFIX_PATH=${CMAKE_PREFIX_PATH}:/home/ubuntu/ros2_ws/install/my_ahrs:/home/ubuntu/ros2_ws/install/lsm6dso:/home/ubuntu/ros2_ws/install/esc_pkg:/home/ubuntu/ros2_ws/install/bmm150_sensor:/opt/ros/humble /usr/bin/cmake --install /home/ubuntu/ros2_ws/build/aerobot_interfaces
[30.489s] Level 1:colcon.colcon_core.environment:checking '/home/ubuntu/ros2_ws/install/aerobot_interfaces' for CMake module files
[30.502s] Level 1:colcon.colcon_core.environment:checking '/home/ubuntu/ros2_ws/install/aerobot_interfaces' for CMake config files
[30.520s] Level 1:colcon.colcon_core.shell:create_environment_hook('aerobot_interfaces', 'cmake_prefix_path')
[30.528s] INFO:colcon.colcon_core.shell:Creating environment hook '/home/ubuntu/ros2_ws/install/aerobot_interfaces/share/aerobot_interfaces/hook/cmake_prefix_path.ps1'
[30.532s] INFO:colcon.colcon_core.shell:Creating environment descriptor '/home/ubuntu/ros2_ws/install/aerobot_interfaces/share/aerobot_interfaces/hook/cmake_prefix_path.dsv'
[30.536s] INFO:colcon.colcon_core.shell:Creating environment hook '/home/ubuntu/ros2_ws/install/aerobot_interfaces/share/aerobot_interfaces/hook/cmake_prefix_path.sh'
[30.544s] Level 1:colcon.colcon_core.environment:checking '/home/ubuntu/ros2_ws/install/aerobot_interfaces/lib'
[30.547s] Level 1:colcon.colcon_core.shell:create_environment_hook('aerobot_interfaces', 'ld_library_path_lib')
[30.550s] INFO:colcon.colcon_core.shell:Creating environment hook '/home/ubuntu/ros2_ws/install/aerobot_interfaces/share/aerobot_interfaces/hook/ld_library_path_lib.ps1'
[30.555s] INFO:colcon.colcon_core.shell:Creating environment descriptor '/home/ubuntu/ros2_ws/install/aerobot_interfaces/share/aerobot_interfaces/hook/ld_library_path_lib.dsv'
[30.561s] INFO:colcon.colcon_core.shell:Creating environment hook '/home/ubuntu/ros2_ws/install/aerobot_interfaces/share/aerobot_interfaces/hook/ld_library_path_lib.sh'
[30.566s] Level 1:colcon.colcon_core.environment:checking '/home/ubuntu/ros2_ws/install/aerobot_interfaces/bin'
[30.567s] Level 1:colcon.colcon_core.environment:checking '/home/ubuntu/ros2_ws/install/aerobot_interfaces/lib/pkgconfig/aerobot_interfaces.pc'
[30.571s] Level 1:colcon.colcon_core.environment:checking '/home/ubuntu/ros2_ws/install/aerobot_interfaces/lib/python3.10/site-packages'
[30.574s] Level 1:colcon.colcon_core.environment:checking '/home/ubuntu/ros2_ws/install/aerobot_interfaces/bin'
[30.579s] INFO:colcon.colcon_core.shell:Creating package script '/home/ubuntu/ros2_ws/install/aerobot_interfaces/share/aerobot_interfaces/package.ps1'
[30.592s] INFO:colcon.colcon_core.shell:Creating package descriptor '/home/ubuntu/ros2_ws/install/aerobot_interfaces/share/aerobot_interfaces/package.dsv'
[30.600s] INFO:colcon.colcon_core.shell:Creating package script '/home/ubuntu/ros2_ws/install/aerobot_interfaces/share/aerobot_interfaces/package.sh'
[30.610s] INFO:colcon.colcon_core.shell:Creating package script '/home/ubuntu/ros2_ws/install/aerobot_interfaces/share/aerobot_interfaces/package.bash'
[30.623s] INFO:colcon.colcon_core.shell:Creating package script '/home/ubuntu/ros2_ws/install/aerobot_interfaces/share/aerobot_interfaces/package.zsh'
[30.636s] Level 1:colcon.colcon_core.environment:create_file_with_runtime_dependencies(/home/ubuntu/ros2_ws/install/aerobot_interfaces/share/colcon-core/packages/aerobot_interfaces)
[31.313s] DEBUG:colcon.colcon_core.event_handler.log_command:Invoking command in '/home/ubuntu/ros2_ws/src/my_ahrs': PYTHONPATH=/home/ubuntu/ros2_ws/build/my_ahrs/prefix_override:/home/ubuntu/ros2_ws/install/my_ahrs/lib/python3.10/site-packages:${PYTHONPATH} /usr/bin/python3 -W ignore:setup.py install is deprecated setup.py egg_info --egg-base ../../build/my_ahrs build --build-base /home/ubuntu/ros2_ws/build/my_ahrs/build install --record /home/ubuntu/ros2_ws/build/my_ahrs/install.log --single-version-externally-managed install_data
[32.580s] DEBUG:colcon.colcon_core.event_handler.log_command:Invoking command in '/home/ubuntu/ros2_ws/src/lsm6dso': PYTHONPATH=/home/ubuntu/ros2_ws/build/lsm6dso/prefix_override:/home/ubuntu/ros2_ws/install/lsm6dso/lib/python3.10/site-packages:${PYTHONPATH} /usr/bin/python3 -W ignore:setup.py install is deprecated setup.py egg_info --egg-base ../../build/lsm6dso build --build-base /home/ubuntu/ros2_ws/build/lsm6dso/build install --record /home/ubuntu/ros2_ws/build/lsm6dso/install.log --single-version-externally-managed install_data
[32.856s] DEBUG:colcon.colcon_core.event_handler.log_command:Invoking command in '/home/ubuntu/ros2_ws/src/bmm150_sensor': PYTHONPATH=/home/ubuntu/ros2_ws/build/bmm150_sensor/prefix_override:/home/ubuntu/ros2_ws/install/bmm150_sensor/lib/python3.10/site-packages:${PYTHONPATH} /usr/bin/python3 -W ignore:setup.py install is deprecated setup.py egg_info --egg-base ../../build/bmm150_sensor build --build-base /home/ubuntu/ros2_ws/build/bmm150_sensor/build install --record /home/ubuntu/ros2_ws/build/bmm150_sensor/install.log --single-version-externally-managed install_data
[34.416s] Level 1:colcon.colcon_core.environment:create_environment_scripts_only(aerobot_interfaces)
[34.419s] Level 1:colcon.colcon_core.environment:checking '/home/ubuntu/ros2_ws/install/aerobot_interfaces' for CMake module files
[34.435s] Level 1:colcon.colcon_core.environment:checking '/home/ubuntu/ros2_ws/install/aerobot_interfaces' for CMake config files
[34.456s] Level 1:colcon.colcon_core.shell:create_environment_hook('aerobot_interfaces', 'cmake_prefix_path')
[34.474s] INFO:colcon.colcon_core.shell:Creating environment hook '/home/ubuntu/ros2_ws/install/aerobot_interfaces/share/aerobot_interfaces/hook/cmake_prefix_path.ps1'
[34.483s] INFO:colcon.colcon_core.shell:Creating environment descriptor '/home/ubuntu/ros2_ws/install/aerobot_interfaces/share/aerobot_interfaces/hook/cmake_prefix_path.dsv'
[34.491s] INFO:colcon.colcon_core.shell:Creating environment hook '/home/ubuntu/ros2_ws/install/aerobot_interfaces/share/aerobot_interfaces/hook/cmake_prefix_path.sh'
[34.510s] Level 1:colcon.colcon_core.environment:checking '/home/ubuntu/ros2_ws/install/aerobot_interfaces/lib'
[34.512s] Level 1:colcon.colcon_core.shell:create_environment_hook('aerobot_interfaces', 'ld_library_path_lib')
[34.515s] INFO:colcon.colcon_core.shell:Creating environment hook '/home/ubuntu/ros2_ws/install/aerobot_interfaces/share/aerobot_interfaces/hook/ld_library_path_lib.ps1'
[34.530s] INFO:colcon.colcon_core.shell:Creating environment descriptor '/home/ubuntu/ros2_ws/install/aerobot_interfaces/share/aerobot_interfaces/hook/ld_library_path_lib.dsv'
[34.546s] INFO:colcon.colcon_core.shell:Creating environment hook '/home/ubuntu/ros2_ws/install/aerobot_interfaces/share/aerobot_interfaces/hook/ld_library_path_lib.sh'
[34.550s] Level 1:colcon.colcon_core.environment:checking '/home/ubuntu/ros2_ws/install/aerobot_interfaces/bin'
[34.551s] Level 1:colcon.colcon_core.environment:checking '/home/ubuntu/ros2_ws/install/aerobot_interfaces/lib/pkgconfig/aerobot_interfaces.pc'
[34.554s] Level 1:colcon.colcon_core.environment:checking '/home/ubuntu/ros2_ws/install/aerobot_interfaces/lib/python3.10/site-packages'
[34.557s] Level 1:colcon.colcon_core.environment:checking '/home/ubuntu/ros2_ws/install/aerobot_interfaces/bin'
[34.561s] INFO:colcon.colcon_core.shell:Creating package script '/home/ubuntu/ros2_ws/install/aerobot_interfaces/share/aerobot_interfaces/package.ps1'
[34.580s] INFO:colcon.colcon_core.shell:Creating package descriptor '/home/ubuntu/ros2_ws/install/aerobot_interfaces/share/aerobot_interfaces/package.dsv'
[34.586s] INFO:colcon.colcon_core.shell:Creating package script '/home/ubuntu/ros2_ws/install/aerobot_interfaces/share/aerobot_interfaces/package.sh'
[34.592s] INFO:colcon.colcon_core.shell:Creating package script '/home/ubuntu/ros2_ws/install/aerobot_interfaces/share/aerobot_interfaces/package.bash'
[34.598s] INFO:colcon.colcon_core.shell:Creating package script '/home/ubuntu/ros2_ws/install/aerobot_interfaces/share/aerobot_interfaces/package.zsh'
[34.603s] Level 1:colcon.colcon_core.environment:create_file_with_runtime_dependencies(/home/ubuntu/ros2_ws/install/aerobot_interfaces/share/colcon-core/packages/aerobot_interfaces)
[34.630s] INFO:colcon.colcon_ros.task.ament_python.build:Building ROS package in '/home/ubuntu/ros2_ws/src/esc_pkg' with build type 'ament_python'
[34.632s] Level 1:colcon.colcon_core.shell:create_environment_hook('esc_pkg', 'ament_prefix_path')
[34.636s] INFO:colcon.colcon_core.shell:Creating environment hook '/home/ubuntu/ros2_ws/install/esc_pkg/share/esc_pkg/hook/ament_prefix_path.ps1'
[34.676s] INFO:colcon.colcon_core.shell:Creating environment descriptor '/home/ubuntu/ros2_ws/install/esc_pkg/share/esc_pkg/hook/ament_prefix_path.dsv'
[34.684s] INFO:colcon.colcon_core.shell:Creating environment hook '/home/ubuntu/ros2_ws/install/esc_pkg/share/esc_pkg/hook/ament_prefix_path.sh'
[34.694s] INFO:colcon.colcon_core.shell:Skip shell extension 'powershell' for command environment: Not usable outside of PowerShell
[34.696s] DEBUG:colcon.colcon_core.shell:Skip shell extension 'dsv' for command environment
[40.269s] INFO:colcon.colcon_core.task.python.build:Building Python package in '/home/ubuntu/ros2_ws/src/esc_pkg'
[40.271s] INFO:colcon.colcon_core.shell:Skip shell extension 'powershell' for command environment: Not usable outside of PowerShell
[40.272s] DEBUG:colcon.colcon_core.shell:Skip shell extension 'dsv' for command environment
[40.329s] Level 1:colcon.colcon_core.environment:checking '/home/ubuntu/ros2_ws/install/lsm6dso' for CMake module files
[40.335s] DEBUG:colcon.colcon_core.event_handler.log_command:Invoked command in '/home/ubuntu/ros2_ws/src/lsm6dso' returned '0': PYTHONPATH=/home/ubuntu/ros2_ws/build/lsm6dso/prefix_override:/home/ubuntu/ros2_ws/install/lsm6dso/lib/python3.10/site-packages:${PYTHONPATH} /usr/bin/python3 -W ignore:setup.py install is deprecated setup.py egg_info --egg-base ../../build/lsm6dso build --build-base /home/ubuntu/ros2_ws/build/lsm6dso/build install --record /home/ubuntu/ros2_ws/build/lsm6dso/install.log --single-version-externally-managed install_data
[40.340s] Level 1:colcon.colcon_core.environment:checking '/home/ubuntu/ros2_ws/install/lsm6dso' for CMake config files
[40.348s] Level 1:colcon.colcon_core.environment:checking '/home/ubuntu/ros2_ws/install/lsm6dso/lib'
[40.349s] Level 1:colcon.colcon_core.environment:checking '/home/ubuntu/ros2_ws/install/lsm6dso/bin'
[40.350s] Level 1:colcon.colcon_core.environment:checking '/home/ubuntu/ros2_ws/install/lsm6dso/lib/pkgconfig/lsm6dso.pc'
[40.353s] Level 1:colcon.colcon_core.environment:checking '/home/ubuntu/ros2_ws/install/lsm6dso/lib/python3.10/site-packages'
[40.354s] Level 1:colcon.colcon_core.shell:create_environment_hook('lsm6dso', 'pythonpath')
[40.357s] INFO:colcon.colcon_core.shell:Creating environment hook '/home/ubuntu/ros2_ws/install/lsm6dso/share/lsm6dso/hook/pythonpath.ps1'
[40.360s] INFO:colcon.colcon_core.shell:Creating environment descriptor '/home/ubuntu/ros2_ws/install/lsm6dso/share/lsm6dso/hook/pythonpath.dsv'
[40.365s] INFO:colcon.colcon_core.shell:Creating environment hook '/home/ubuntu/ros2_ws/install/lsm6dso/share/lsm6dso/hook/pythonpath.sh'
[40.373s] Level 1:colcon.colcon_core.environment:checking '/home/ubuntu/ros2_ws/install/lsm6dso/bin'
[40.374s] Level 1:colcon.colcon_core.environment:create_environment_scripts_only(lsm6dso)
[40.377s] INFO:colcon.colcon_core.shell:Creating package script '/home/ubuntu/ros2_ws/install/lsm6dso/share/lsm6dso/package.ps1'
[40.383s] INFO:colcon.colcon_core.shell:Creating package descriptor '/home/ubuntu/ros2_ws/install/lsm6dso/share/lsm6dso/package.dsv'
[40.387s] INFO:colcon.colcon_core.shell:Creating package script '/home/ubuntu/ros2_ws/install/lsm6dso/share/lsm6dso/package.sh'
[40.392s] INFO:colcon.colcon_core.shell:Creating package script '/home/ubuntu/ros2_ws/install/lsm6dso/share/lsm6dso/package.bash'
[40.395s] INFO:colcon.colcon_core.shell:Creating package script '/home/ubuntu/ros2_ws/install/lsm6dso/share/lsm6dso/package.zsh'
[40.398s] Level 1:colcon.colcon_core.environment:create_file_with_runtime_dependencies(/home/ubuntu/ros2_ws/install/lsm6dso/share/colcon-core/packages/lsm6dso)
[40.404s] Level 1:colcon.colcon_core.environment:checking '/home/ubuntu/ros2_ws/install/my_ahrs' for CMake module files
[40.415s] DEBUG:colcon.colcon_core.event_handler.log_command:Invoked command in '/home/ubuntu/ros2_ws/src/my_ahrs' returned '0': PYTHONPATH=/home/ubuntu/ros2_ws/build/my_ahrs/prefix_override:/home/ubuntu/ros2_ws/install/my_ahrs/lib/python3.10/site-packages:${PYTHONPATH} /usr/bin/python3 -W ignore:setup.py install is deprecated setup.py egg_info --egg-base ../../build/my_ahrs build --build-base /home/ubuntu/ros2_ws/build/my_ahrs/build install --record /home/ubuntu/ros2_ws/build/my_ahrs/install.log --single-version-externally-managed install_data
[40.418s] Level 1:colcon.colcon_core.environment:checking '/home/ubuntu/ros2_ws/install/my_ahrs' for CMake config files
[40.427s] Level 1:colcon.colcon_core.environment:checking '/home/ubuntu/ros2_ws/install/my_ahrs/lib'
[40.429s] Level 1:colcon.colcon_core.environment:checking '/home/ubuntu/ros2_ws/install/my_ahrs/bin'
[40.430s] Level 1:colcon.colcon_core.environment:checking '/home/ubuntu/ros2_ws/install/my_ahrs/lib/pkgconfig/my_ahrs.pc'
[40.432s] Level 1:colcon.colcon_core.environment:checking '/home/ubuntu/ros2_ws/install/my_ahrs/lib/python3.10/site-packages'
[40.433s] Level 1:colcon.colcon_core.shell:create_environment_hook('my_ahrs', 'pythonpath')
[40.436s] INFO:colcon.colcon_core.shell:Creating environment hook '/home/ubuntu/ros2_ws/install/my_ahrs/share/my_ahrs/hook/pythonpath.ps1'
[40.440s] INFO:colcon.colcon_core.shell:Creating environment descriptor '/home/ubuntu/ros2_ws/install/my_ahrs/share/my_ahrs/hook/pythonpath.dsv'
[40.444s] INFO:colcon.colcon_core.shell:Creating environment hook '/home/ubuntu/ros2_ws/install/my_ahrs/share/my_ahrs/hook/pythonpath.sh'
[40.449s] Level 1:colcon.colcon_core.environment:checking '/home/ubuntu/ros2_ws/install/my_ahrs/bin'
[40.450s] Level 1:colcon.colcon_core.environment:create_environment_scripts_only(my_ahrs)
[40.453s] INFO:colcon.colcon_core.shell:Creating package script '/home/ubuntu/ros2_ws/install/my_ahrs/share/my_ahrs/package.ps1'
[40.458s] INFO:colcon.colcon_core.shell:Creating package descriptor '/home/ubuntu/ros2_ws/install/my_ahrs/share/my_ahrs/package.dsv'
[40.463s] INFO:colcon.colcon_core.shell:Creating package script '/home/ubuntu/ros2_ws/install/my_ahrs/share/my_ahrs/package.sh'
[40.468s] INFO:colcon.colcon_core.shell:Creating package script '/home/ubuntu/ros2_ws/install/my_ahrs/share/my_ahrs/package.bash'
[40.472s] INFO:colcon.colcon_core.shell:Creating package script '/home/ubuntu/ros2_ws/install/my_ahrs/share/my_ahrs/package.zsh'
[40.476s] Level 1:colcon.colcon_core.environment:create_file_with_runtime_dependencies(/home/ubuntu/ros2_ws/install/my_ahrs/share/colcon-core/packages/my_ahrs)
[40.483s] Level 1:colcon.colcon_core.environment:checking '/home/ubuntu/ros2_ws/install/bmm150_sensor' for CMake module files
[40.492s] DEBUG:colcon.colcon_core.event_handler.log_command:Invoked command in '/home/ubuntu/ros2_ws/src/bmm150_sensor' returned '0': PYTHONPATH=/home/ubuntu/ros2_ws/build/bmm150_sensor/prefix_override:/home/ubuntu/ros2_ws/install/bmm150_sensor/lib/python3.10/site-packages:${PYTHONPATH} /usr/bin/python3 -W ignore:setup.py install is deprecated setup.py egg_info --egg-base ../../build/bmm150_sensor build --build-base /home/ubuntu/ros2_ws/build/bmm150_sensor/build install --record /home/ubuntu/ros2_ws/build/bmm150_sensor/install.log --single-version-externally-managed install_data
[40.497s] Level 1:colcon.colcon_core.environment:checking '/home/ubuntu/ros2_ws/install/bmm150_sensor' for CMake config files
[40.507s] Level 1:colcon.colcon_core.environment:checking '/home/ubuntu/ros2_ws/install/bmm150_sensor/lib'
[40.508s] Level 1:colcon.colcon_core.environment:checking '/home/ubuntu/ros2_ws/install/bmm150_sensor/bin'
[40.510s] Level 1:colcon.colcon_core.environment:checking '/home/ubuntu/ros2_ws/install/bmm150_sensor/lib/pkgconfig/bmm150_sensor.pc'
[40.512s] Level 1:colcon.colcon_core.environment:checking '/home/ubuntu/ros2_ws/install/bmm150_sensor/lib/python3.10/site-packages'
[40.513s] Level 1:colcon.colcon_core.shell:create_environment_hook('bmm150_sensor', 'pythonpath')
[40.515s] INFO:colcon.colcon_core.shell:Creating environment hook '/home/ubuntu/ros2_ws/install/bmm150_sensor/share/bmm150_sensor/hook/pythonpath.ps1'
[40.519s] INFO:colcon.colcon_core.shell:Creating environment descriptor '/home/ubuntu/ros2_ws/install/bmm150_sensor/share/bmm150_sensor/hook/pythonpath.dsv'
[40.522s] INFO:colcon.colcon_core.shell:Creating environment hook '/home/ubuntu/ros2_ws/install/bmm150_sensor/share/bmm150_sensor/hook/pythonpath.sh'
[40.527s] Level 1:colcon.colcon_core.environment:checking '/home/ubuntu/ros2_ws/install/bmm150_sensor/bin'
[40.528s] Level 1:colcon.colcon_core.environment:create_environment_scripts_only(bmm150_sensor)
[40.532s] INFO:colcon.colcon_core.shell:Creating package script '/home/ubuntu/ros2_ws/install/bmm150_sensor/share/bmm150_sensor/package.ps1'
[40.536s] INFO:colcon.colcon_core.shell:Creating package descriptor '/home/ubuntu/ros2_ws/install/bmm150_sensor/share/bmm150_sensor/package.dsv'
[40.540s] INFO:colcon.colcon_core.shell:Creating package script '/home/ubuntu/ros2_ws/install/bmm150_sensor/share/bmm150_sensor/package.sh'
[40.545s] INFO:colcon.colcon_core.shell:Creating package script '/home/ubuntu/ros2_ws/install/bmm150_sensor/share/bmm150_sensor/package.bash'
[40.567s] INFO:colcon.colcon_core.shell:Creating package script '/home/ubuntu/ros2_ws/install/bmm150_sensor/share/bmm150_sensor/package.zsh'
[40.570s] Level 1:colcon.colcon_core.environment:create_file_with_runtime_dependencies(/home/ubuntu/ros2_ws/install/bmm150_sensor/share/colcon-core/packages/bmm150_sensor)
[45.827s] DEBUG:colcon.colcon_core.event_handler.log_command:Invoking command in '/home/ubuntu/ros2_ws/src/esc_pkg': CMAKE_PREFIX_PATH=/home/ubuntu/ros2_ws/install/aerobot_interfaces:/home/ubuntu/ros2_ws/install/untitled1:/home/ubuntu/ros2_ws/install/testing_ros2:/home/ubuntu/ros2_ws/install/testing_ros:/home/ubuntu/ros2_ws/install/ros2_imu:/home/ubuntu/ros2_ws/install/pid_control_aerobot:/home/ubuntu/ros2_ws/install/complementary_filter_ros2 PYTHONPATH=/home/ubuntu/ros2_ws/build/esc_pkg/prefix_override:/home/ubuntu/ros2_ws/install/esc_pkg/lib/python3.10/site-packages:${PYTHONPATH} /usr/bin/python3 -W ignore:setup.py install is deprecated setup.py egg_info --egg-base ../../build/esc_pkg build --build-base /home/ubuntu/ros2_ws/build/esc_pkg/build install --record /home/ubuntu/ros2_ws/build/esc_pkg/install.log --single-version-externally-managed install_data
[50.344s] Level 1:colcon.colcon_core.environment:checking '/home/ubuntu/ros2_ws/install/esc_pkg' for CMake module files
[50.349s] DEBUG:colcon.colcon_core.event_handler.log_command:Invoked command in '/home/ubuntu/ros2_ws/src/esc_pkg' returned '0': CMAKE_PREFIX_PATH=/home/ubuntu/ros2_ws/install/aerobot_interfaces:/home/ubuntu/ros2_ws/install/untitled1:/home/ubuntu/ros2_ws/install/testing_ros2:/home/ubuntu/ros2_ws/install/testing_ros:/home/ubuntu/ros2_ws/install/ros2_imu:/home/ubuntu/ros2_ws/install/pid_control_aerobot:/home/ubuntu/ros2_ws/install/complementary_filter_ros2 PYTHONPATH=/home/ubuntu/ros2_ws/build/esc_pkg/prefix_override:/home/ubuntu/ros2_ws/install/esc_pkg/lib/python3.10/site-packages:${PYTHONPATH} /usr/bin/python3 -W ignore:setup.py install is deprecated setup.py egg_info --egg-base ../../build/esc_pkg build --build-base /home/ubuntu/ros2_ws/build/esc_pkg/build install --record /home/ubuntu/ros2_ws/build/esc_pkg/install.log --single-version-externally-managed install_data
[50.353s] Level 1:colcon.colcon_core.environment:checking '/home/ubuntu/ros2_ws/install/esc_pkg' for CMake config files
[50.363s] Level 1:colcon.colcon_core.environment:checking '/home/ubuntu/ros2_ws/install/esc_pkg/lib'
[50.365s] Level 1:colcon.colcon_core.environment:checking '/home/ubuntu/ros2_ws/install/esc_pkg/bin'
[50.366s] Level 1:colcon.colcon_core.environment:checking '/home/ubuntu/ros2_ws/install/esc_pkg/lib/pkgconfig/esc_pkg.pc'
[50.369s] Level 1:colcon.colcon_core.environment:checking '/home/ubuntu/ros2_ws/install/esc_pkg/lib/python3.10/site-packages'
[50.370s] Level 1:colcon.colcon_core.shell:create_environment_hook('esc_pkg', 'pythonpath')
[50.373s] INFO:colcon.colcon_core.shell:Creating environment hook '/home/ubuntu/ros2_ws/install/esc_pkg/share/esc_pkg/hook/pythonpath.ps1'
[50.377s] INFO:colcon.colcon_core.shell:Creating environment descriptor '/home/ubuntu/ros2_ws/install/esc_pkg/share/esc_pkg/hook/pythonpath.dsv'
[50.381s] INFO:colcon.colcon_core.shell:Creating environment hook '/home/ubuntu/ros2_ws/install/esc_pkg/share/esc_pkg/hook/pythonpath.sh'
[50.388s] Level 1:colcon.colcon_core.environment:checking '/home/ubuntu/ros2_ws/install/esc_pkg/bin'
[50.389s] Level 1:colcon.colcon_core.environment:create_environment_scripts_only(esc_pkg)
[50.392s] INFO:colcon.colcon_core.shell:Creating package script '/home/ubuntu/ros2_ws/install/esc_pkg/share/esc_pkg/package.ps1'
[50.399s] INFO:colcon.colcon_core.shell:Creating package descriptor '/home/ubuntu/ros2_ws/install/esc_pkg/share/esc_pkg/package.dsv'
[50.404s] INFO:colcon.colcon_core.shell:Creating package script '/home/ubuntu/ros2_ws/install/esc_pkg/share/esc_pkg/package.sh'
[50.409s] INFO:colcon.colcon_core.shell:Creating package script '/home/ubuntu/ros2_ws/install/esc_pkg/share/esc_pkg/package.bash'
[50.413s] INFO:colcon.colcon_core.shell:Creating package script '/home/ubuntu/ros2_ws/install/esc_pkg/share/esc_pkg/package.zsh'
[50.417s] Level 1:colcon.colcon_core.environment:create_file_with_runtime_dependencies(/home/ubuntu/ros2_ws/install/esc_pkg/share/colcon-core/packages/esc_pkg)
[50.433s] DEBUG:colcon.colcon_parallel_executor.executor.parallel:closing loop
[50.445s] DEBUG:colcon.colcon_parallel_executor.executor.parallel:loop closed
[50.448s] DEBUG:colcon.colcon_parallel_executor.executor.parallel:run_until_complete finished with '0'
[50.449s] DEBUG:colcon.colcon_core.event_reactor:joining thread
[50.514s] INFO:colcon.colcon_core.plugin_system:Skipping extension 'colcon_notification.desktop_notification.notify_send': Could not find 'notify-send'
[50.516s] INFO:colcon.colcon_core.plugin_system:Skipping extension 'colcon_notification.desktop_notification.terminal_notifier': Not used on non-Darwin systems
[50.518s] INFO:colcon.colcon_core.plugin_system:Skipping extension 'colcon_notification.desktop_notification.win32': Not used on non-Windows systems
[50.518s] INFO:colcon.colcon_notification.desktop_notification:Sending desktop notification using 'notify2'
[50.526s] DEBUG:colcon.colcon_notification.desktop_notification.notify2:Failed to initialize notify2: org.freedesktop.DBus.Error.ServiceUnknown: The name org.freedesktop.Notifications was not provided by any .service files
[50.529s] DEBUG:colcon.colcon_core.event_reactor:joined thread
[50.532s] INFO:colcon.colcon_core.shell:Creating prefix script '/home/ubuntu/ros2_ws/install/local_setup.ps1'
[50.541s] INFO:colcon.colcon_core.shell:Creating prefix util module '/home/ubuntu/ros2_ws/install/_local_setup_util_ps1.py'
[50.556s] INFO:colcon.colcon_core.shell:Creating prefix chain script '/home/ubuntu/ros2_ws/install/setup.ps1'
[50.573s] INFO:colcon.colcon_core.shell:Creating prefix script '/home/ubuntu/ros2_ws/install/local_setup.sh'
[50.579s] INFO:colcon.colcon_core.shell:Creating prefix util module '/home/ubuntu/ros2_ws/install/_local_setup_util_sh.py'
[50.585s] INFO:colcon.colcon_core.shell:Creating prefix chain script '/home/ubuntu/ros2_ws/install/setup.sh'
[50.602s] INFO:colcon.colcon_core.shell:Creating prefix script '/home/ubuntu/ros2_ws/install/local_setup.bash'
[50.607s] INFO:colcon.colcon_core.shell:Creating prefix chain script '/home/ubuntu/ros2_ws/install/setup.bash'
[50.623s] INFO:colcon.colcon_core.shell:Creating prefix script '/home/ubuntu/ros2_ws/install/local_setup.zsh'
[50.629s] INFO:colcon.colcon_core.shell:Creating prefix chain script '/home/ubuntu/ros2_ws/install/setup.zsh'
