[22.953s] Invoking command in '/home/ubuntu/ros2_ws/src/my_ahrs': PYTHONPATH=/home/ubuntu/ros2_ws/build/my_ahrs/prefix_override:/home/ubuntu/ros2_ws/install/my_ahrs/lib/python3.10/site-packages:${PYTHONPATH} /usr/bin/python3 -W ignore:setup.py install is deprecated setup.py egg_info --egg-base ../../build/my_ahrs build --build-base /home/ubuntu/ros2_ws/build/my_ahrs/build install --record /home/ubuntu/ros2_ws/build/my_ahrs/install.log --single-version-externally-managed install_data
[31.217s] running egg_info
[31.218s] writing ../../build/my_ahrs/my_ahrs.egg-info/PKG-INFO
[31.235s] writing dependency_links to ../../build/my_ahrs/my_ahrs.egg-info/dependency_links.txt
[31.252s] writing entry points to ../../build/my_ahrs/my_ahrs.egg-info/entry_points.txt
[31.253s] writing requirements to ../../build/my_ahrs/my_ahrs.egg-info/requires.txt
[31.254s] writing top-level names to ../../build/my_ahrs/my_ahrs.egg-info/top_level.txt
[31.276s] reading manifest file '../../build/my_ahrs/my_ahrs.egg-info/SOURCES.txt'
[31.285s] writing manifest file '../../build/my_ahrs/my_ahrs.egg-info/SOURCES.txt'
[31.286s] running build
[31.287s] running build_py
[31.291s] running install
[31.295s] running install_lib
[31.311s] running install_data
[31.318s] running install_egg_info
[31.349s] removing '/home/ubuntu/ros2_ws/install/my_ahrs/lib/python3.10/site-packages/my_ahrs-0.0.0-py3.10.egg-info' (and everything under it)
[31.355s] Copying ../../build/my_ahrs/my_ahrs.egg-info to /home/ubuntu/ros2_ws/install/my_ahrs/lib/python3.10/site-packages/my_ahrs-0.0.0-py3.10.egg-info
[31.386s] running install_scripts
[32.151s] Installing cf_node script to /home/ubuntu/ros2_ws/install/my_ahrs/lib/my_ahrs
[32.171s] Installing ekf_node script to /home/ubuntu/ros2_ws/install/my_ahrs/lib/my_ahrs
[32.184s] Installing mad_node script to /home/ubuntu/ros2_ws/install/my_ahrs/lib/my_ahrs
[32.212s] writing list of installed files to '/home/ubuntu/ros2_ws/build/my_ahrs/install.log'
[32.592s] Invoked command in '/home/ubuntu/ros2_ws/src/my_ahrs' returned '0': PYTHONPATH=/home/ubuntu/ros2_ws/build/my_ahrs/prefix_override:/home/ubuntu/ros2_ws/install/my_ahrs/lib/python3.10/site-packages:${PYTHONPATH} /usr/bin/python3 -W ignore:setup.py install is deprecated setup.py egg_info --egg-base ../../build/my_ahrs build --build-base /home/ubuntu/ros2_ws/build/my_ahrs/build install --record /home/ubuntu/ros2_ws/build/my_ahrs/install.log --single-version-externally-managed install_data
