[18.707s] Invoking command in '/home/ubuntu/ros2_ws/src/esc_pkg': CMAKE_PREFIX_PATH=/home/ubuntu/ros2_ws/install/aerobot_interfaces:/home/ubuntu/ros2_ws/install/ros2_imu PYTHONPATH=/home/ubuntu/ros2_ws/build/esc_pkg/prefix_override:/home/ubuntu/ros2_ws/install/esc_pkg/lib/python3.10/site-packages:${PYTHONPATH} /usr/bin/python3 -W ignore:setup.py install is deprecated setup.py egg_info --egg-base ../../build/esc_pkg build --build-base /home/ubuntu/ros2_ws/build/esc_pkg/build install --record /home/ubuntu/ros2_ws/build/esc_pkg/install.log --single-version-externally-managed install_data
[24.034s] running egg_info
[24.073s] writing ../../build/esc_pkg/esc_pkg.egg-info/PKG-INFO
[24.090s] writing dependency_links to ../../build/esc_pkg/esc_pkg.egg-info/dependency_links.txt
[24.116s] writing entry points to ../../build/esc_pkg/esc_pkg.egg-info/entry_points.txt
[24.122s] writing requirements to ../../build/esc_pkg/esc_pkg.egg-info/requires.txt
[24.136s] writing top-level names to ../../build/esc_pkg/esc_pkg.egg-info/top_level.txt
[24.167s] reading manifest file '../../build/esc_pkg/esc_pkg.egg-info/SOURCES.txt'
[24.181s] writing manifest file '../../build/esc_pkg/esc_pkg.egg-info/SOURCES.txt'
[24.182s] running build
[24.183s] running build_py
[24.200s] copying esc_pkg/esc_node.py -> /home/ubuntu/ros2_ws/build/esc_pkg/build/lib/esc_pkg
[24.202s] running install
[24.228s] running install_lib
[24.232s] copying /home/ubuntu/ros2_ws/build/esc_pkg/build/lib/esc_pkg/esc_node.py -> /home/ubuntu/ros2_ws/install/esc_pkg/lib/python3.10/site-packages/esc_pkg
[24.241s] byte-compiling /home/ubuntu/ros2_ws/install/esc_pkg/lib/python3.10/site-packages/esc_pkg/esc_node.py to esc_node.cpython-310.pyc
[24.254s] running install_data
[24.264s] running install_egg_info
[24.267s] removing '/home/ubuntu/ros2_ws/install/esc_pkg/lib/python3.10/site-packages/esc_pkg-0.0.0-py3.10.egg-info' (and everything under it)
[24.281s] Copying ../../build/esc_pkg/esc_pkg.egg-info to /home/ubuntu/ros2_ws/install/esc_pkg/lib/python3.10/site-packages/esc_pkg-0.0.0-py3.10.egg-info
[24.285s] running install_scripts
[24.758s] Installing esc_node script to /home/ubuntu/ros2_ws/install/esc_pkg/lib/esc_pkg
[24.774s] writing list of installed files to '/home/ubuntu/ros2_ws/build/esc_pkg/install.log'
[25.438s] Invoked command in '/home/ubuntu/ros2_ws/src/esc_pkg' returned '0': CMAKE_PREFIX_PATH=/home/ubuntu/ros2_ws/install/aerobot_interfaces:/home/ubuntu/ros2_ws/install/ros2_imu PYTHONPATH=/home/ubuntu/ros2_ws/build/esc_pkg/prefix_override:/home/ubuntu/ros2_ws/install/esc_pkg/lib/python3.10/site-packages:${PYTHONPATH} /usr/bin/python3 -W ignore:setup.py install is deprecated setup.py egg_info --egg-base ../../build/esc_pkg build --build-base /home/ubuntu/ros2_ws/build/esc_pkg/build install --record /home/ubuntu/ros2_ws/build/esc_pkg/install.log --single-version-externally-managed install_data
