[37.697s] Invoking command in '/home/ubuntu/ros2_ws/src/my_ahrs': PYTHONPATH=/home/ubuntu/ros2_ws/build/my_ahrs/prefix_override:/home/ubuntu/ros2_ws/install/my_ahrs/lib/python3.10/site-packages:${PYTHONPATH} /usr/bin/python3 -W ignore:setup.py install is deprecated setup.py egg_info --egg-base ../../build/my_ahrs build --build-base /home/ubuntu/ros2_ws/build/my_ahrs/build install --record /home/ubuntu/ros2_ws/build/my_ahrs/install.log --single-version-externally-managed install_data
[49.921s] running egg_info
[49.942s] writing ../../build/my_ahrs/my_ahrs.egg-info/PKG-INFO
[49.947s] writing dependency_links to ../../build/my_ahrs/my_ahrs.egg-info/dependency_links.txt
[49.970s] writing entry points to ../../build/my_ahrs/my_ahrs.egg-info/entry_points.txt
[49.975s] writing requirements to ../../build/my_ahrs/my_ahrs.egg-info/requires.txt
[49.976s] writing top-level names to ../../build/my_ahrs/my_ahrs.egg-info/top_level.txt
[50.038s] reading manifest file '../../build/my_ahrs/my_ahrs.egg-info/SOURCES.txt'
[50.079s] writing manifest file '../../build/my_ahrs/my_ahrs.egg-info/SOURCES.txt'
[50.081s] running build
[50.082s] running build_py
[50.108s] running install
[50.110s] running install_lib
[50.128s] running install_data
[50.129s] running install_egg_info
[50.134s] removing '/home/ubuntu/ros2_ws/install/my_ahrs/lib/python3.10/site-packages/my_ahrs-0.0.0-py3.10.egg-info' (and everything under it)
[50.142s] Copying ../../build/my_ahrs/my_ahrs.egg-info to /home/ubuntu/ros2_ws/install/my_ahrs/lib/python3.10/site-packages/my_ahrs-0.0.0-py3.10.egg-info
[50.162s] running install_scripts
[50.575s] Installing cf_node script to /home/ubuntu/ros2_ws/install/my_ahrs/lib/my_ahrs
[50.581s] Installing ekf_node script to /home/ubuntu/ros2_ws/install/my_ahrs/lib/my_ahrs
[50.586s] Installing mad_node script to /home/ubuntu/ros2_ws/install/my_ahrs/lib/my_ahrs
[50.594s] writing list of installed files to '/home/ubuntu/ros2_ws/build/my_ahrs/install.log'
[51.082s] Invoked command in '/home/ubuntu/ros2_ws/src/my_ahrs' returned '0': PYTHONPATH=/home/ubuntu/ros2_ws/build/my_ahrs/prefix_override:/home/ubuntu/ros2_ws/install/my_ahrs/lib/python3.10/site-packages:${PYTHONPATH} /usr/bin/python3 -W ignore:setup.py install is deprecated setup.py egg_info --egg-base ../../build/my_ahrs build --build-base /home/ubuntu/ros2_ws/build/my_ahrs/build install --record /home/ubuntu/ros2_ws/build/my_ahrs/install.log --single-version-externally-managed install_data
