[3.214s] Invoking command in '/home/ubuntu/ros2_ws/src/esc_pkg': CMAKE_PREFIX_PATH=/home/ubuntu/ros2_ws/install/aerobot_interfaces:/home/ubuntu/ros2_ws/install/testing_ros2:/home/ubuntu/ros2_ws/install/testing_ros:/home/ubuntu/ros2_ws/install/ros2_imu:/home/ubuntu/ros2_ws/install/complementary_filter_ros2 PYTHONPATH=/home/ubuntu/ros2_ws/build/esc_pkg/prefix_override:/home/ubuntu/ros2_ws/install/esc_pkg/lib/python3.10/site-packages:${PYTHONPATH} /usr/bin/python3 -W ignore:setup.py install is deprecated setup.py egg_info --egg-base ../../build/esc_pkg build --build-base /home/ubuntu/ros2_ws/build/esc_pkg/build install --record /home/ubuntu/ros2_ws/build/esc_pkg/install.log --single-version-externally-managed install_data
[4.468s] running egg_info
[4.470s] writing ../../build/esc_pkg/esc_pkg.egg-info/PKG-INFO
[4.471s] writing dependency_links to ../../build/esc_pkg/esc_pkg.egg-info/dependency_links.txt
[4.472s] writing entry points to ../../build/esc_pkg/esc_pkg.egg-info/entry_points.txt
[4.473s] writing requirements to ../../build/esc_pkg/esc_pkg.egg-info/requires.txt
[4.474s] writing top-level names to ../../build/esc_pkg/esc_pkg.egg-info/top_level.txt
[4.483s] reading manifest file '../../build/esc_pkg/esc_pkg.egg-info/SOURCES.txt'
[4.487s] writing manifest file '../../build/esc_pkg/esc_pkg.egg-info/SOURCES.txt'
[4.488s] running build
[4.488s] running build_py
[4.489s] copying esc_pkg/esc_node.py -> /home/ubuntu/ros2_ws/build/esc_pkg/build/lib/esc_pkg
[4.490s] running install
[4.491s] running install_lib
[4.495s] copying /home/ubuntu/ros2_ws/build/esc_pkg/build/lib/esc_pkg/esc_node.py -> /home/ubuntu/ros2_ws/install/esc_pkg/lib/python3.10/site-packages/esc_pkg
[4.498s] byte-compiling /home/ubuntu/ros2_ws/install/esc_pkg/lib/python3.10/site-packages/esc_pkg/esc_node.py to esc_node.cpython-310.pyc
[4.503s] running install_data
[4.504s] running install_egg_info
[4.511s] removing '/home/ubuntu/ros2_ws/install/esc_pkg/lib/python3.10/site-packages/esc_pkg-0.0.0-py3.10.egg-info' (and everything under it)
[4.512s] Copying ../../build/esc_pkg/esc_pkg.egg-info to /home/ubuntu/ros2_ws/install/esc_pkg/lib/python3.10/site-packages/esc_pkg-0.0.0-py3.10.egg-info
[4.520s] running install_scripts
[4.600s] Installing esc_node script to /home/ubuntu/ros2_ws/install/esc_pkg/lib/esc_pkg
[4.602s] writing list of installed files to '/home/ubuntu/ros2_ws/build/esc_pkg/install.log'
[4.738s] Invoked command in '/home/ubuntu/ros2_ws/src/esc_pkg' returned '0': CMAKE_PREFIX_PATH=/home/ubuntu/ros2_ws/install/aerobot_interfaces:/home/ubuntu/ros2_ws/install/testing_ros2:/home/ubuntu/ros2_ws/install/testing_ros:/home/ubuntu/ros2_ws/install/ros2_imu:/home/ubuntu/ros2_ws/install/complementary_filter_ros2 PYTHONPATH=/home/ubuntu/ros2_ws/build/esc_pkg/prefix_override:/home/ubuntu/ros2_ws/install/esc_pkg/lib/python3.10/site-packages:${PYTHONPATH} /usr/bin/python3 -W ignore:setup.py install is deprecated setup.py egg_info --egg-base ../../build/esc_pkg build --build-base /home/ubuntu/ros2_ws/build/esc_pkg/build install --record /home/ubuntu/ros2_ws/build/esc_pkg/install.log --single-version-externally-managed install_data
