[1.460s] DEBUG:colcon:Command line arguments: ['/usr/bin/colcon', 'build', '--packages-up-to', 'complementary_filter_ros2']
[1.461s] DEBUG:colcon:Parsed command line arguments: Namespace(log_base=None, log_level=None, verb_name='build', build_base='build', install_base='install', merge_install=False, symlink_install=False, test_result_base=None, continue_on_error=False, executor='parallel', parallel_workers=4, event_handlers=None, ignore_user_meta=False, metas=['./colcon.meta'], base_paths=['.'], packages_ignore=None, packages_ignore_regex=None, paths=None, packages_up_to=['complementary_filter_ros2'], packages_up_to_regex=None, packages_above=None, packages_above_and_dependencies=None, packages_above_depth=None, packages_select_by_dep=None, packages_skip_by_dep=None, packages_skip_up_to=None, packages_select_build_failed=False, packages_skip_build_finished=False, packages_select_test_failures=False, packages_skip_test_passed=False, packages_select=None, packages_skip=None, packages_select_regex=None, packages_skip_regex=None, packages_start=None, packages_end=None, allow_overriding=[], cmake_args=None, cmake_target=None, cmake_target_skip_unavailable=False, cmake_clean_cache=False, cmake_clean_first=False, cmake_force_configure=False, ament_cmake_args=None, catkin_cmake_args=None, catkin_skip_building_tests=False, mixin_files=None, mixin=None, verb_parser=<colcon_mixin.mixin.mixin_argument.MixinArgumentDecorator object at 0xffffae209450>, verb_extension=<colcon_core.verb.build.BuildVerb object at 0xffffae31a530>, main=<bound method BuildVerb.main of <colcon_core.verb.build.BuildVerb object at 0xffffae31a530>>, mixin_verb=('build',))
[4.515s] Level 1:colcon.colcon_core.package_discovery:discover_packages(colcon_meta) check parameters
[4.517s] Level 1:colcon.colcon_core.package_discovery:discover_packages(recursive) check parameters
[4.517s] Level 1:colcon.colcon_core.package_discovery:discover_packages(ignore) check parameters
[4.518s] Level 1:colcon.colcon_core.package_discovery:discover_packages(path) check parameters
[4.518s] Level 1:colcon.colcon_core.package_discovery:discover_packages(colcon_meta) discover
[4.519s] Level 1:colcon.colcon_core.package_discovery:discover_packages(recursive) discover
[4.519s] INFO:colcon.colcon_core.package_discovery:Crawling recursively for packages in '/home/ubuntu/ros2_ws'
[4.521s] Level 1:colcon.colcon_core.package_identification:_identify(.) by extensions ['ignore', 'ignore_ament_install']
[4.522s] Level 1:colcon.colcon_core.package_identification:_identify(.) by extension 'ignore'
[4.523s] Level 1:colcon.colcon_core.package_identification:_identify(.) by extension 'ignore_ament_install'
[4.524s] Level 1:colcon.colcon_core.package_identification:_identify(.) by extensions ['colcon_pkg']
[4.524s] Level 1:colcon.colcon_core.package_identification:_identify(.) by extension 'colcon_pkg'
[4.525s] Level 1:colcon.colcon_core.package_identification:_identify(.) by extensions ['colcon_meta']
[4.525s] Level 1:colcon.colcon_core.package_identification:_identify(.) by extension 'colcon_meta'
[4.526s] Level 1:colcon.colcon_core.package_identification:_identify(.) by extensions ['ros']
[4.526s] Level 1:colcon.colcon_core.package_identification:_identify(.) by extension 'ros'
[4.657s] Level 1:colcon.colcon_core.package_identification:_identify(.) by extensions ['cmake', 'python']
[4.658s] Level 1:colcon.colcon_core.package_identification:_identify(.) by extension 'cmake'
[4.658s] Level 1:colcon.colcon_core.package_identification:_identify(.) by extension 'python'
[4.659s] Level 1:colcon.colcon_core.package_identification:_identify(.) by extensions ['python_setup_py']
[4.660s] Level 1:colcon.colcon_core.package_identification:_identify(.) by extension 'python_setup_py'
[4.662s] Level 1:colcon.colcon_core.package_identification:_identify(build) by extensions ['ignore', 'ignore_ament_install']
[4.663s] Level 1:colcon.colcon_core.package_identification:_identify(build) by extension 'ignore'
[4.663s] Level 1:colcon.colcon_core.package_identification:_identify(build) ignored
[4.664s] Level 1:colcon.colcon_core.package_identification:_identify(install) by extensions ['ignore', 'ignore_ament_install']
[4.665s] Level 1:colcon.colcon_core.package_identification:_identify(install) by extension 'ignore'
[4.665s] Level 1:colcon.colcon_core.package_identification:_identify(install) ignored
[4.667s] Level 1:colcon.colcon_core.package_identification:_identify(log) by extensions ['ignore', 'ignore_ament_install']
[4.668s] Level 1:colcon.colcon_core.package_identification:_identify(log) by extension 'ignore'
[4.668s] Level 1:colcon.colcon_core.package_identification:_identify(log) ignored
[4.669s] Level 1:colcon.colcon_core.package_identification:_identify(src) by extensions ['ignore', 'ignore_ament_install']
[4.669s] Level 1:colcon.colcon_core.package_identification:_identify(src) by extension 'ignore'
[4.670s] Level 1:colcon.colcon_core.package_identification:_identify(src) by extension 'ignore_ament_install'
[4.670s] Level 1:colcon.colcon_core.package_identification:_identify(src) by extensions ['colcon_pkg']
[4.671s] Level 1:colcon.colcon_core.package_identification:_identify(src) by extension 'colcon_pkg'
[4.671s] Level 1:colcon.colcon_core.package_identification:_identify(src) by extensions ['colcon_meta']
[4.671s] Level 1:colcon.colcon_core.package_identification:_identify(src) by extension 'colcon_meta'
[4.672s] Level 1:colcon.colcon_core.package_identification:_identify(src) by extensions ['ros']
[4.672s] Level 1:colcon.colcon_core.package_identification:_identify(src) by extension 'ros'
[4.673s] Level 1:colcon.colcon_core.package_identification:_identify(src) by extensions ['cmake', 'python']
[4.673s] Level 1:colcon.colcon_core.package_identification:_identify(src) by extension 'cmake'
[4.673s] Level 1:colcon.colcon_core.package_identification:_identify(src) by extension 'python'
[4.673s] Level 1:colcon.colcon_core.package_identification:_identify(src) by extensions ['python_setup_py']
[4.674s] Level 1:colcon.colcon_core.package_identification:_identify(src) by extension 'python_setup_py'
[4.675s] Level 1:colcon.colcon_core.package_identification:_identify(src/aerobot_interfaces) by extensions ['ignore', 'ignore_ament_install']
[4.675s] Level 1:colcon.colcon_core.package_identification:_identify(src/aerobot_interfaces) by extension 'ignore'
[4.676s] Level 1:colcon.colcon_core.package_identification:_identify(src/aerobot_interfaces) by extension 'ignore_ament_install'
[4.676s] Level 1:colcon.colcon_core.package_identification:_identify(src/aerobot_interfaces) by extensions ['colcon_pkg']
[4.676s] Level 1:colcon.colcon_core.package_identification:_identify(src/aerobot_interfaces) by extension 'colcon_pkg'
[4.677s] Level 1:colcon.colcon_core.package_identification:_identify(src/aerobot_interfaces) by extensions ['colcon_meta']
[4.677s] Level 1:colcon.colcon_core.package_identification:_identify(src/aerobot_interfaces) by extension 'colcon_meta'
[4.677s] Level 1:colcon.colcon_core.package_identification:_identify(src/aerobot_interfaces) by extensions ['ros']
[4.677s] Level 1:colcon.colcon_core.package_identification:_identify(src/aerobot_interfaces) by extension 'ros'
[4.688s] DEBUG:colcon.colcon_core.package_identification:Package 'src/aerobot_interfaces' with type 'ros.ament_cmake' and name 'aerobot_interfaces'
[4.689s] Level 1:colcon.colcon_core.package_identification:_identify(src/bmm150_sensor) by extensions ['ignore', 'ignore_ament_install']
[4.689s] Level 1:colcon.colcon_core.package_identification:_identify(src/bmm150_sensor) by extension 'ignore'
[4.690s] Level 1:colcon.colcon_core.package_identification:_identify(src/bmm150_sensor) by extension 'ignore_ament_install'
[4.690s] Level 1:colcon.colcon_core.package_identification:_identify(src/bmm150_sensor) by extensions ['colcon_pkg']
[4.690s] Level 1:colcon.colcon_core.package_identification:_identify(src/bmm150_sensor) by extension 'colcon_pkg'
[4.691s] Level 1:colcon.colcon_core.package_identification:_identify(src/bmm150_sensor) by extensions ['colcon_meta']
[4.691s] Level 1:colcon.colcon_core.package_identification:_identify(src/bmm150_sensor) by extension 'colcon_meta'
[4.691s] Level 1:colcon.colcon_core.package_identification:_identify(src/bmm150_sensor) by extensions ['ros']
[4.692s] Level 1:colcon.colcon_core.package_identification:_identify(src/bmm150_sensor) by extension 'ros'
[4.695s] DEBUG:colcon.colcon_core.package_identification:Package 'src/bmm150_sensor' with type 'ros.ament_python' and name 'bmm150_sensor'
[4.696s] Level 1:colcon.colcon_core.package_identification:_identify(src/complementary_filter_ros2) by extensions ['ignore', 'ignore_ament_install']
[4.697s] Level 1:colcon.colcon_core.package_identification:_identify(src/complementary_filter_ros2) by extension 'ignore'
[4.697s] Level 1:colcon.colcon_core.package_identification:_identify(src/complementary_filter_ros2) by extension 'ignore_ament_install'
[4.698s] Level 1:colcon.colcon_core.package_identification:_identify(src/complementary_filter_ros2) by extensions ['colcon_pkg']
[4.698s] Level 1:colcon.colcon_core.package_identification:_identify(src/complementary_filter_ros2) by extension 'colcon_pkg'
[4.698s] Level 1:colcon.colcon_core.package_identification:_identify(src/complementary_filter_ros2) by extensions ['colcon_meta']
[4.699s] Level 1:colcon.colcon_core.package_identification:_identify(src/complementary_filter_ros2) by extension 'colcon_meta'
[4.699s] Level 1:colcon.colcon_core.package_identification:_identify(src/complementary_filter_ros2) by extensions ['ros']
[4.699s] Level 1:colcon.colcon_core.package_identification:_identify(src/complementary_filter_ros2) by extension 'ros'
[4.702s] DEBUG:colcon.colcon_core.package_identification:Package 'src/complementary_filter_ros2' with type 'ros.ament_cmake' and name 'complementary_filter_ros2'
[4.703s] Level 1:colcon.colcon_core.package_identification:_identify(src/esc_pkg) by extensions ['ignore', 'ignore_ament_install']
[4.704s] Level 1:colcon.colcon_core.package_identification:_identify(src/esc_pkg) by extension 'ignore'
[4.704s] Level 1:colcon.colcon_core.package_identification:_identify(src/esc_pkg) by extension 'ignore_ament_install'
[4.704s] Level 1:colcon.colcon_core.package_identification:_identify(src/esc_pkg) by extensions ['colcon_pkg']
[4.705s] Level 1:colcon.colcon_core.package_identification:_identify(src/esc_pkg) by extension 'colcon_pkg'
[4.705s] Level 1:colcon.colcon_core.package_identification:_identify(src/esc_pkg) by extensions ['colcon_meta']
[4.705s] Level 1:colcon.colcon_core.package_identification:_identify(src/esc_pkg) by extension 'colcon_meta'
[4.706s] Level 1:colcon.colcon_core.package_identification:_identify(src/esc_pkg) by extensions ['ros']
[4.706s] Level 1:colcon.colcon_core.package_identification:_identify(src/esc_pkg) by extension 'ros'
[4.709s] DEBUG:colcon.colcon_core.package_identification:Package 'src/esc_pkg' with type 'ros.ament_python' and name 'esc_pkg'
[4.710s] Level 1:colcon.colcon_core.package_identification:_identify(src/lsm6dso) by extensions ['ignore', 'ignore_ament_install']
[4.710s] Level 1:colcon.colcon_core.package_identification:_identify(src/lsm6dso) by extension 'ignore'
[4.711s] Level 1:colcon.colcon_core.package_identification:_identify(src/lsm6dso) by extension 'ignore_ament_install'
[4.711s] Level 1:colcon.colcon_core.package_identification:_identify(src/lsm6dso) by extensions ['colcon_pkg']
[4.712s] Level 1:colcon.colcon_core.package_identification:_identify(src/lsm6dso) by extension 'colcon_pkg'
[4.712s] Level 1:colcon.colcon_core.package_identification:_identify(src/lsm6dso) by extensions ['colcon_meta']
[4.712s] Level 1:colcon.colcon_core.package_identification:_identify(src/lsm6dso) by extension 'colcon_meta'
[4.712s] Level 1:colcon.colcon_core.package_identification:_identify(src/lsm6dso) by extensions ['ros']
[4.712s] Level 1:colcon.colcon_core.package_identification:_identify(src/lsm6dso) by extension 'ros'
[4.716s] DEBUG:colcon.colcon_core.package_identification:Package 'src/lsm6dso' with type 'ros.ament_python' and name 'lsm6dso'
[4.717s] Level 1:colcon.colcon_core.package_identification:_identify(src/my_ahrs) by extensions ['ignore', 'ignore_ament_install']
[4.718s] Level 1:colcon.colcon_core.package_identification:_identify(src/my_ahrs) by extension 'ignore'
[4.718s] Level 1:colcon.colcon_core.package_identification:_identify(src/my_ahrs) by extension 'ignore_ament_install'
[4.719s] Level 1:colcon.colcon_core.package_identification:_identify(src/my_ahrs) by extensions ['colcon_pkg']
[4.719s] Level 1:colcon.colcon_core.package_identification:_identify(src/my_ahrs) by extension 'colcon_pkg'
[4.719s] Level 1:colcon.colcon_core.package_identification:_identify(src/my_ahrs) by extensions ['colcon_meta']
[4.719s] Level 1:colcon.colcon_core.package_identification:_identify(src/my_ahrs) by extension 'colcon_meta'
[4.720s] Level 1:colcon.colcon_core.package_identification:_identify(src/my_ahrs) by extensions ['ros']
[4.720s] Level 1:colcon.colcon_core.package_identification:_identify(src/my_ahrs) by extension 'ros'
[4.723s] DEBUG:colcon.colcon_core.package_identification:Package 'src/my_ahrs' with type 'ros.ament_python' and name 'my_ahrs'
[4.724s] Level 1:colcon.colcon_core.package_identification:_identify(src/ros2_imu) by extensions ['ignore', 'ignore_ament_install']
[4.725s] Level 1:colcon.colcon_core.package_identification:_identify(src/ros2_imu) by extension 'ignore'
[4.725s] Level 1:colcon.colcon_core.package_identification:_identify(src/ros2_imu) by extension 'ignore_ament_install'
[4.726s] Level 1:colcon.colcon_core.package_identification:_identify(src/ros2_imu) by extensions ['colcon_pkg']
[4.726s] Level 1:colcon.colcon_core.package_identification:_identify(src/ros2_imu) by extension 'colcon_pkg'
[4.726s] Level 1:colcon.colcon_core.package_identification:_identify(src/ros2_imu) by extensions ['colcon_meta']
[4.726s] Level 1:colcon.colcon_core.package_identification:_identify(src/ros2_imu) by extension 'colcon_meta'
[4.727s] Level 1:colcon.colcon_core.package_identification:_identify(src/ros2_imu) by extensions ['ros']
[4.727s] Level 1:colcon.colcon_core.package_identification:_identify(src/ros2_imu) by extension 'ros'
[4.730s] DEBUG:colcon.colcon_core.package_identification:Package 'src/ros2_imu' with type 'ros.ament_cmake' and name 'ros2_imu'
[4.731s] Level 1:colcon.colcon_core.package_identification:_identify(src/testing_ros) by extensions ['ignore', 'ignore_ament_install']
[4.732s] Level 1:colcon.colcon_core.package_identification:_identify(src/testing_ros) by extension 'ignore'
[4.732s] Level 1:colcon.colcon_core.package_identification:_identify(src/testing_ros) by extension 'ignore_ament_install'
[4.733s] Level 1:colcon.colcon_core.package_identification:_identify(src/testing_ros) by extensions ['colcon_pkg']
[4.733s] Level 1:colcon.colcon_core.package_identification:_identify(src/testing_ros) by extension 'colcon_pkg'
[4.733s] Level 1:colcon.colcon_core.package_identification:_identify(src/testing_ros) by extensions ['colcon_meta']
[4.734s] Level 1:colcon.colcon_core.package_identification:_identify(src/testing_ros) by extension 'colcon_meta'
[4.734s] Level 1:colcon.colcon_core.package_identification:_identify(src/testing_ros) by extensions ['ros']
[4.734s] Level 1:colcon.colcon_core.package_identification:_identify(src/testing_ros) by extension 'ros'
[4.737s] DEBUG:colcon.colcon_core.package_identification:Package 'src/testing_ros' with type 'ros.ament_cmake' and name 'testing_ros'
[4.738s] Level 1:colcon.colcon_core.package_identification:_identify(src/testing_ros2) by extensions ['ignore', 'ignore_ament_install']
[4.739s] Level 1:colcon.colcon_core.package_identification:_identify(src/testing_ros2) by extension 'ignore'
[4.739s] Level 1:colcon.colcon_core.package_identification:_identify(src/testing_ros2) by extension 'ignore_ament_install'
[4.739s] Level 1:colcon.colcon_core.package_identification:_identify(src/testing_ros2) by extensions ['colcon_pkg']
[4.740s] Level 1:colcon.colcon_core.package_identification:_identify(src/testing_ros2) by extension 'colcon_pkg'
[4.740s] Level 1:colcon.colcon_core.package_identification:_identify(src/testing_ros2) by extensions ['colcon_meta']
[4.740s] Level 1:colcon.colcon_core.package_identification:_identify(src/testing_ros2) by extension 'colcon_meta'
[4.741s] Level 1:colcon.colcon_core.package_identification:_identify(src/testing_ros2) by extensions ['ros']
[4.741s] Level 1:colcon.colcon_core.package_identification:_identify(src/testing_ros2) by extension 'ros'
[4.744s] DEBUG:colcon.colcon_core.package_identification:Package 'src/testing_ros2' with type 'ros.ament_cmake' and name 'testing_ros2'
[4.744s] Level 1:colcon.colcon_core.package_discovery:discover_packages(recursive) using defaults
[4.745s] Level 1:colcon.colcon_core.package_discovery:discover_packages(ignore) discover
[4.745s] Level 1:colcon.colcon_core.package_discovery:discover_packages(ignore) using defaults
[4.745s] Level 1:colcon.colcon_core.package_discovery:discover_packages(path) discover
[4.745s] Level 1:colcon.colcon_core.package_discovery:discover_packages(path) using defaults
[5.071s] INFO:colcon.colcon_core.package_selection:Skipping package 'ros2_imu' in 'src/ros2_imu'
[5.072s] INFO:colcon.colcon_core.package_selection:Skipping package 'esc_pkg' in 'src/esc_pkg'
[5.081s] INFO:colcon.colcon_core.package_selection:Skipping package 'testing_ros2' in 'src/testing_ros2'
[5.081s] INFO:colcon.colcon_core.package_selection:Skipping package 'testing_ros' in 'src/testing_ros'
[5.082s] INFO:colcon.colcon_core.package_selection:Skipping package 'my_ahrs' in 'src/my_ahrs'
[5.082s] INFO:colcon.colcon_core.package_selection:Skipping package 'lsm6dso' in 'src/lsm6dso'
[5.083s] INFO:colcon.colcon_core.package_selection:Skipping package 'bmm150_sensor' in 'src/bmm150_sensor'
[5.083s] INFO:colcon.colcon_core.package_selection:Skipping package 'aerobot_interfaces' in 'src/aerobot_interfaces'
[5.088s] Level 1:colcon.colcon_core.package_discovery:discover_packages(prefix_path) check parameters
[5.089s] Level 1:colcon.colcon_core.package_discovery:discover_packages(prefix_path) discover
[5.135s] DEBUG:colcon.colcon_installed_package_information.package_discovery:Found 9 installed packages in /home/ubuntu/ros2_ws/install
[5.160s] DEBUG:colcon.colcon_installed_package_information.package_discovery:Found 184 installed packages in /opt/ros/humble
[5.177s] Level 1:colcon.colcon_core.package_discovery:discover_packages(prefix_path) using defaults
[5.581s] Level 5:colcon.colcon_core.verb:set package 'complementary_filter_ros2' build argument 'cmake_args' from command line to 'None'
[5.583s] Level 5:colcon.colcon_core.verb:set package 'complementary_filter_ros2' build argument 'cmake_target' from command line to 'None'
[5.585s] Level 5:colcon.colcon_core.verb:set package 'complementary_filter_ros2' build argument 'cmake_target_skip_unavailable' from command line to 'False'
[5.586s] Level 5:colcon.colcon_core.verb:set package 'complementary_filter_ros2' build argument 'cmake_clean_cache' from command line to 'False'
[5.587s] Level 5:colcon.colcon_core.verb:set package 'complementary_filter_ros2' build argument 'cmake_clean_first' from command line to 'False'
[5.589s] Level 5:colcon.colcon_core.verb:set package 'complementary_filter_ros2' build argument 'cmake_force_configure' from command line to 'False'
[5.590s] Level 5:colcon.colcon_core.verb:set package 'complementary_filter_ros2' build argument 'ament_cmake_args' from command line to 'None'
[5.592s] Level 5:colcon.colcon_core.verb:set package 'complementary_filter_ros2' build argument 'catkin_cmake_args' from command line to 'None'
[5.593s] Level 5:colcon.colcon_core.verb:set package 'complementary_filter_ros2' build argument 'catkin_skip_building_tests' from command line to 'False'
[5.594s] DEBUG:colcon.colcon_core.verb:Building package 'complementary_filter_ros2' with the following arguments: {'ament_cmake_args': None, 'build_base': '/home/ubuntu/ros2_ws/build/complementary_filter_ros2', 'catkin_cmake_args': None, 'catkin_skip_building_tests': False, 'cmake_args': None, 'cmake_clean_cache': False, 'cmake_clean_first': False, 'cmake_force_configure': False, 'cmake_target': None, 'cmake_target_skip_unavailable': False, 'install_base': '/home/ubuntu/ros2_ws/install/complementary_filter_ros2', 'merge_install': False, 'path': '/home/ubuntu/ros2_ws/src/complementary_filter_ros2', 'symlink_install': False, 'test_result_base': None}
[5.597s] INFO:colcon.colcon_core.executor:Executing jobs using 'parallel' executor
[5.607s] DEBUG:colcon.colcon_parallel_executor.executor.parallel:run_until_complete
[5.609s] INFO:colcon.colcon_ros.task.ament_cmake.build:Building ROS package in '/home/ubuntu/ros2_ws/src/complementary_filter_ros2' with build type 'ament_cmake'
[5.610s] INFO:colcon.colcon_cmake.task.cmake.build:Building CMake package in '/home/ubuntu/ros2_ws/src/complementary_filter_ros2'
[5.652s] INFO:colcon.colcon_core.plugin_system:Skipping extension 'colcon_core.shell.bat': Not used on non-Windows systems
[5.656s] INFO:colcon.colcon_core.shell:Skip shell extension 'powershell' for command environment: Not usable outside of PowerShell
[5.657s] DEBUG:colcon.colcon_core.shell:Skip shell extension 'dsv' for command environment
[5.834s] DEBUG:colcon.colcon_core.event_handler.log_command:Invoking command in '/home/ubuntu/ros2_ws/build/complementary_filter_ros2': CMAKE_PREFIX_PATH=${CMAKE_PREFIX_PATH}:/home/ubuntu/ros2_ws/install/my_ahrs:/home/ubuntu/ros2_ws/install/lsm6dso:/home/ubuntu/ros2_ws/install/esc_pkg:/home/ubuntu/ros2_ws/install/bmm150_sensor:/opt/ros/humble /usr/bin/cmake --build /home/ubuntu/ros2_ws/build/complementary_filter_ros2 -- -j4 -l4
[377.398s] DEBUG:colcon.colcon_core.event_handler.log_command:Invoked command in '/home/ubuntu/ros2_ws/build/complementary_filter_ros2' returned '0': CMAKE_PREFIX_PATH=${CMAKE_PREFIX_PATH}:/home/ubuntu/ros2_ws/install/my_ahrs:/home/ubuntu/ros2_ws/install/lsm6dso:/home/ubuntu/ros2_ws/install/esc_pkg:/home/ubuntu/ros2_ws/install/bmm150_sensor:/opt/ros/humble /usr/bin/cmake --build /home/ubuntu/ros2_ws/build/complementary_filter_ros2 -- -j4 -l4
[378.231s] DEBUG:colcon.colcon_core.event_handler.log_command:Invoking command in '/home/ubuntu/ros2_ws/build/complementary_filter_ros2': CMAKE_PREFIX_PATH=${CMAKE_PREFIX_PATH}:/home/ubuntu/ros2_ws/install/my_ahrs:/home/ubuntu/ros2_ws/install/lsm6dso:/home/ubuntu/ros2_ws/install/esc_pkg:/home/ubuntu/ros2_ws/install/bmm150_sensor:/opt/ros/humble /usr/bin/cmake --install /home/ubuntu/ros2_ws/build/complementary_filter_ros2
[378.470s] Level 1:colcon.colcon_core.environment:create_environment_scripts_only(complementary_filter_ros2)
[378.474s] DEBUG:colcon.colcon_core.event_handler.log_command:Invoked command in '/home/ubuntu/ros2_ws/build/complementary_filter_ros2' returned '0': CMAKE_PREFIX_PATH=${CMAKE_PREFIX_PATH}:/home/ubuntu/ros2_ws/install/my_ahrs:/home/ubuntu/ros2_ws/install/lsm6dso:/home/ubuntu/ros2_ws/install/esc_pkg:/home/ubuntu/ros2_ws/install/bmm150_sensor:/opt/ros/humble /usr/bin/cmake --install /home/ubuntu/ros2_ws/build/complementary_filter_ros2
[378.573s] Level 1:colcon.colcon_core.environment:checking '/home/ubuntu/ros2_ws/install/complementary_filter_ros2' for CMake module files
[378.588s] Level 1:colcon.colcon_core.environment:checking '/home/ubuntu/ros2_ws/install/complementary_filter_ros2' for CMake config files
[378.595s] Level 1:colcon.colcon_core.shell:create_environment_hook('complementary_filter_ros2', 'cmake_prefix_path')
[378.598s] INFO:colcon.colcon_core.shell:Creating environment hook '/home/ubuntu/ros2_ws/install/complementary_filter_ros2/share/complementary_filter_ros2/hook/cmake_prefix_path.ps1'
[378.605s] INFO:colcon.colcon_core.shell:Creating environment descriptor '/home/ubuntu/ros2_ws/install/complementary_filter_ros2/share/complementary_filter_ros2/hook/cmake_prefix_path.dsv'
[378.611s] INFO:colcon.colcon_core.shell:Creating environment hook '/home/ubuntu/ros2_ws/install/complementary_filter_ros2/share/complementary_filter_ros2/hook/cmake_prefix_path.sh'
[378.622s] Level 1:colcon.colcon_core.environment:checking '/home/ubuntu/ros2_ws/install/complementary_filter_ros2/lib'
[378.624s] Level 1:colcon.colcon_core.environment:checking '/home/ubuntu/ros2_ws/install/complementary_filter_ros2/bin'
[378.625s] Level 1:colcon.colcon_core.environment:checking '/home/ubuntu/ros2_ws/install/complementary_filter_ros2/lib/pkgconfig/complementary_filter_ros2.pc'
[378.627s] Level 1:colcon.colcon_core.environment:checking '/home/ubuntu/ros2_ws/install/complementary_filter_ros2/lib/python3.10/site-packages'
[378.630s] Level 1:colcon.colcon_core.environment:checking '/home/ubuntu/ros2_ws/install/complementary_filter_ros2/bin'
[378.634s] INFO:colcon.colcon_core.shell:Creating package script '/home/ubuntu/ros2_ws/install/complementary_filter_ros2/share/complementary_filter_ros2/package.ps1'
[378.644s] INFO:colcon.colcon_core.shell:Creating package descriptor '/home/ubuntu/ros2_ws/install/complementary_filter_ros2/share/complementary_filter_ros2/package.dsv'
[378.651s] INFO:colcon.colcon_core.shell:Creating package script '/home/ubuntu/ros2_ws/install/complementary_filter_ros2/share/complementary_filter_ros2/package.sh'
[378.661s] INFO:colcon.colcon_core.shell:Creating package script '/home/ubuntu/ros2_ws/install/complementary_filter_ros2/share/complementary_filter_ros2/package.bash'
[378.686s] INFO:colcon.colcon_core.shell:Creating package script '/home/ubuntu/ros2_ws/install/complementary_filter_ros2/share/complementary_filter_ros2/package.zsh'
[378.698s] Level 1:colcon.colcon_core.environment:create_file_with_runtime_dependencies(/home/ubuntu/ros2_ws/install/complementary_filter_ros2/share/colcon-core/packages/complementary_filter_ros2)
[379.514s] Level 1:colcon.colcon_core.environment:create_environment_scripts_only(complementary_filter_ros2)
[379.517s] Level 1:colcon.colcon_core.environment:checking '/home/ubuntu/ros2_ws/install/complementary_filter_ros2' for CMake module files
[379.526s] Level 1:colcon.colcon_core.environment:checking '/home/ubuntu/ros2_ws/install/complementary_filter_ros2' for CMake config files
[379.542s] Level 1:colcon.colcon_core.shell:create_environment_hook('complementary_filter_ros2', 'cmake_prefix_path')
[379.545s] INFO:colcon.colcon_core.shell:Creating environment hook '/home/ubuntu/ros2_ws/install/complementary_filter_ros2/share/complementary_filter_ros2/hook/cmake_prefix_path.ps1'
[379.549s] INFO:colcon.colcon_core.shell:Creating environment descriptor '/home/ubuntu/ros2_ws/install/complementary_filter_ros2/share/complementary_filter_ros2/hook/cmake_prefix_path.dsv'
[379.557s] INFO:colcon.colcon_core.shell:Creating environment hook '/home/ubuntu/ros2_ws/install/complementary_filter_ros2/share/complementary_filter_ros2/hook/cmake_prefix_path.sh'
[379.564s] Level 1:colcon.colcon_core.environment:checking '/home/ubuntu/ros2_ws/install/complementary_filter_ros2/lib'
[379.565s] Level 1:colcon.colcon_core.environment:checking '/home/ubuntu/ros2_ws/install/complementary_filter_ros2/bin'
[379.566s] Level 1:colcon.colcon_core.environment:checking '/home/ubuntu/ros2_ws/install/complementary_filter_ros2/lib/pkgconfig/complementary_filter_ros2.pc'
[379.569s] Level 1:colcon.colcon_core.environment:checking '/home/ubuntu/ros2_ws/install/complementary_filter_ros2/lib/python3.10/site-packages'
[379.572s] Level 1:colcon.colcon_core.environment:checking '/home/ubuntu/ros2_ws/install/complementary_filter_ros2/bin'
[379.575s] INFO:colcon.colcon_core.shell:Creating package script '/home/ubuntu/ros2_ws/install/complementary_filter_ros2/share/complementary_filter_ros2/package.ps1'
[379.586s] INFO:colcon.colcon_core.shell:Creating package descriptor '/home/ubuntu/ros2_ws/install/complementary_filter_ros2/share/complementary_filter_ros2/package.dsv'
[379.597s] INFO:colcon.colcon_core.shell:Creating package script '/home/ubuntu/ros2_ws/install/complementary_filter_ros2/share/complementary_filter_ros2/package.sh'
[379.602s] INFO:colcon.colcon_core.shell:Creating package script '/home/ubuntu/ros2_ws/install/complementary_filter_ros2/share/complementary_filter_ros2/package.bash'
[379.613s] INFO:colcon.colcon_core.shell:Creating package script '/home/ubuntu/ros2_ws/install/complementary_filter_ros2/share/complementary_filter_ros2/package.zsh'
[379.619s] Level 1:colcon.colcon_core.environment:create_file_with_runtime_dependencies(/home/ubuntu/ros2_ws/install/complementary_filter_ros2/share/colcon-core/packages/complementary_filter_ros2)
[379.626s] DEBUG:colcon.colcon_parallel_executor.executor.parallel:closing loop
[379.627s] DEBUG:colcon.colcon_parallel_executor.executor.parallel:loop closed
[379.628s] DEBUG:colcon.colcon_parallel_executor.executor.parallel:run_until_complete finished with '0'
[379.629s] DEBUG:colcon.colcon_core.event_reactor:joining thread
[379.691s] INFO:colcon.colcon_core.plugin_system:Skipping extension 'colcon_notification.desktop_notification.notify_send': Could not find 'notify-send'
[379.692s] INFO:colcon.colcon_core.plugin_system:Skipping extension 'colcon_notification.desktop_notification.terminal_notifier': Not used on non-Darwin systems
[379.693s] INFO:colcon.colcon_core.plugin_system:Skipping extension 'colcon_notification.desktop_notification.win32': Not used on non-Windows systems
[379.694s] INFO:colcon.colcon_notification.desktop_notification:Sending desktop notification using 'notify2'
[379.712s] DEBUG:colcon.colcon_notification.desktop_notification.notify2:Failed to initialize notify2: org.freedesktop.DBus.Error.ServiceUnknown: The name org.freedesktop.Notifications was not provided by any .service files
[379.714s] DEBUG:colcon.colcon_core.event_reactor:joined thread
[379.716s] INFO:colcon.colcon_core.shell:Creating prefix script '/home/ubuntu/ros2_ws/install/local_setup.ps1'
[379.741s] INFO:colcon.colcon_core.shell:Creating prefix util module '/home/ubuntu/ros2_ws/install/_local_setup_util_ps1.py'
[379.763s] INFO:colcon.colcon_core.shell:Creating prefix chain script '/home/ubuntu/ros2_ws/install/setup.ps1'
[379.787s] INFO:colcon.colcon_core.shell:Creating prefix script '/home/ubuntu/ros2_ws/install/local_setup.sh'
[379.795s] INFO:colcon.colcon_core.shell:Creating prefix util module '/home/ubuntu/ros2_ws/install/_local_setup_util_sh.py'
[379.805s] INFO:colcon.colcon_core.shell:Creating prefix chain script '/home/ubuntu/ros2_ws/install/setup.sh'
[379.831s] INFO:colcon.colcon_core.shell:Creating prefix script '/home/ubuntu/ros2_ws/install/local_setup.bash'
[379.838s] INFO:colcon.colcon_core.shell:Creating prefix chain script '/home/ubuntu/ros2_ws/install/setup.bash'
[379.882s] INFO:colcon.colcon_core.shell:Creating prefix script '/home/ubuntu/ros2_ws/install/local_setup.zsh'
[379.894s] INFO:colcon.colcon_core.shell:Creating prefix chain script '/home/ubuntu/ros2_ws/install/setup.zsh'
