[1.409s] DEBUG:colcon:Command line arguments: ['/usr/bin/colcon', 'build', '--packages-select', 'my_ahrs']
[1.410s] DEBUG:colcon:Parsed command line arguments: Namespace(log_base=None, log_level=None, verb_name='build', build_base='build', install_base='install', merge_install=False, symlink_install=False, test_result_base=None, continue_on_error=False, executor='parallel', parallel_workers=4, event_handlers=None, ignore_user_meta=False, metas=['./colcon.meta'], base_paths=['.'], packages_ignore=None, packages_ignore_regex=None, paths=None, packages_up_to=None, packages_up_to_regex=None, packages_above=None, packages_above_and_dependencies=None, packages_above_depth=None, packages_select_by_dep=None, packages_skip_by_dep=None, packages_skip_up_to=None, packages_select_build_failed=False, packages_skip_build_finished=False, packages_select_test_failures=False, packages_skip_test_passed=False, packages_select=['my_ahrs'], packages_skip=None, packages_select_regex=None, packages_skip_regex=None, packages_start=None, packages_end=None, allow_overriding=[], cmake_args=None, cmake_target=None, cmake_target_skip_unavailable=False, cmake_clean_cache=False, cmake_clean_first=False, cmake_force_configure=False, ament_cmake_args=None, catkin_cmake_args=None, catkin_skip_building_tests=False, mixin_files=None, mixin=None, verb_parser=<colcon_mixin.mixin.mixin_argument.MixinArgumentDecorator object at 0xffffa3052140>, verb_extension=<colcon_core.verb.build.BuildVerb object at 0xffffa3163220>, main=<bound method BuildVerb.main of <colcon_core.verb.build.BuildVerb object at 0xffffa3163220>>, mixin_verb=('build',))
[4.079s] Level 1:colcon.colcon_core.package_discovery:discover_packages(colcon_meta) check parameters
[4.080s] Level 1:colcon.colcon_core.package_discovery:discover_packages(recursive) check parameters
[4.080s] Level 1:colcon.colcon_core.package_discovery:discover_packages(ignore) check parameters
[4.081s] Level 1:colcon.colcon_core.package_discovery:discover_packages(path) check parameters
[4.081s] Level 1:colcon.colcon_core.package_discovery:discover_packages(colcon_meta) discover
[4.082s] Level 1:colcon.colcon_core.package_discovery:discover_packages(recursive) discover
[4.082s] INFO:colcon.colcon_core.package_discovery:Crawling recursively for packages in '/home/ubuntu/ros2_ws'
[4.083s] Level 1:colcon.colcon_core.package_identification:_identify(.) by extensions ['ignore', 'ignore_ament_install']
[4.085s] Level 1:colcon.colcon_core.package_identification:_identify(.) by extension 'ignore'
[4.085s] Level 1:colcon.colcon_core.package_identification:_identify(.) by extension 'ignore_ament_install'
[4.086s] Level 1:colcon.colcon_core.package_identification:_identify(.) by extensions ['colcon_pkg']
[4.087s] Level 1:colcon.colcon_core.package_identification:_identify(.) by extension 'colcon_pkg'
[4.088s] Level 1:colcon.colcon_core.package_identification:_identify(.) by extensions ['colcon_meta']
[4.088s] Level 1:colcon.colcon_core.package_identification:_identify(.) by extension 'colcon_meta'
[4.089s] Level 1:colcon.colcon_core.package_identification:_identify(.) by extensions ['ros']
[4.089s] Level 1:colcon.colcon_core.package_identification:_identify(.) by extension 'ros'
[4.215s] Level 1:colcon.colcon_core.package_identification:_identify(.) by extensions ['cmake', 'python']
[4.216s] Level 1:colcon.colcon_core.package_identification:_identify(.) by extension 'cmake'
[4.217s] Level 1:colcon.colcon_core.package_identification:_identify(.) by extension 'python'
[4.217s] Level 1:colcon.colcon_core.package_identification:_identify(.) by extensions ['python_setup_py']
[4.218s] Level 1:colcon.colcon_core.package_identification:_identify(.) by extension 'python_setup_py'
[4.220s] Level 1:colcon.colcon_core.package_identification:_identify(build) by extensions ['ignore', 'ignore_ament_install']
[4.221s] Level 1:colcon.colcon_core.package_identification:_identify(build) by extension 'ignore'
[4.221s] Level 1:colcon.colcon_core.package_identification:_identify(build) ignored
[4.223s] Level 1:colcon.colcon_core.package_identification:_identify(install) by extensions ['ignore', 'ignore_ament_install']
[4.225s] Level 1:colcon.colcon_core.package_identification:_identify(install) by extension 'ignore'
[4.226s] Level 1:colcon.colcon_core.package_identification:_identify(install) ignored
[4.228s] Level 1:colcon.colcon_core.package_identification:_identify(log) by extensions ['ignore', 'ignore_ament_install']
[4.230s] Level 1:colcon.colcon_core.package_identification:_identify(log) by extension 'ignore'
[4.231s] Level 1:colcon.colcon_core.package_identification:_identify(log) ignored
[4.232s] Level 1:colcon.colcon_core.package_identification:_identify(src) by extensions ['ignore', 'ignore_ament_install']
[4.233s] Level 1:colcon.colcon_core.package_identification:_identify(src) by extension 'ignore'
[4.234s] Level 1:colcon.colcon_core.package_identification:_identify(src) by extension 'ignore_ament_install'
[4.235s] Level 1:colcon.colcon_core.package_identification:_identify(src) by extensions ['colcon_pkg']
[4.236s] Level 1:colcon.colcon_core.package_identification:_identify(src) by extension 'colcon_pkg'
[4.236s] Level 1:colcon.colcon_core.package_identification:_identify(src) by extensions ['colcon_meta']
[4.237s] Level 1:colcon.colcon_core.package_identification:_identify(src) by extension 'colcon_meta'
[4.237s] Level 1:colcon.colcon_core.package_identification:_identify(src) by extensions ['ros']
[4.238s] Level 1:colcon.colcon_core.package_identification:_identify(src) by extension 'ros'
[4.239s] Level 1:colcon.colcon_core.package_identification:_identify(src) by extensions ['cmake', 'python']
[4.240s] Level 1:colcon.colcon_core.package_identification:_identify(src) by extension 'cmake'
[4.240s] Level 1:colcon.colcon_core.package_identification:_identify(src) by extension 'python'
[4.241s] Level 1:colcon.colcon_core.package_identification:_identify(src) by extensions ['python_setup_py']
[4.241s] Level 1:colcon.colcon_core.package_identification:_identify(src) by extension 'python_setup_py'
[4.243s] Level 1:colcon.colcon_core.package_identification:_identify(src/bmm150_sensor) by extensions ['ignore', 'ignore_ament_install']
[4.244s] Level 1:colcon.colcon_core.package_identification:_identify(src/bmm150_sensor) by extension 'ignore'
[4.244s] Level 1:colcon.colcon_core.package_identification:_identify(src/bmm150_sensor) by extension 'ignore_ament_install'
[4.245s] Level 1:colcon.colcon_core.package_identification:_identify(src/bmm150_sensor) by extensions ['colcon_pkg']
[4.246s] Level 1:colcon.colcon_core.package_identification:_identify(src/bmm150_sensor) by extension 'colcon_pkg'
[4.246s] Level 1:colcon.colcon_core.package_identification:_identify(src/bmm150_sensor) by extensions ['colcon_meta']
[4.246s] Level 1:colcon.colcon_core.package_identification:_identify(src/bmm150_sensor) by extension 'colcon_meta'
[4.247s] Level 1:colcon.colcon_core.package_identification:_identify(src/bmm150_sensor) by extensions ['ros']
[4.247s] Level 1:colcon.colcon_core.package_identification:_identify(src/bmm150_sensor) by extension 'ros'
[4.272s] DEBUG:colcon.colcon_core.package_identification:Package 'src/bmm150_sensor' with type 'ros.ament_python' and name 'bmm150_sensor'
[4.274s] Level 1:colcon.colcon_core.package_identification:_identify(src/lsm6dso) by extensions ['ignore', 'ignore_ament_install']
[4.275s] Level 1:colcon.colcon_core.package_identification:_identify(src/lsm6dso) by extension 'ignore'
[4.276s] Level 1:colcon.colcon_core.package_identification:_identify(src/lsm6dso) by extension 'ignore_ament_install'
[4.277s] Level 1:colcon.colcon_core.package_identification:_identify(src/lsm6dso) by extensions ['colcon_pkg']
[4.278s] Level 1:colcon.colcon_core.package_identification:_identify(src/lsm6dso) by extension 'colcon_pkg'
[4.279s] Level 1:colcon.colcon_core.package_identification:_identify(src/lsm6dso) by extensions ['colcon_meta']
[4.279s] Level 1:colcon.colcon_core.package_identification:_identify(src/lsm6dso) by extension 'colcon_meta'
[4.280s] Level 1:colcon.colcon_core.package_identification:_identify(src/lsm6dso) by extensions ['ros']
[4.281s] Level 1:colcon.colcon_core.package_identification:_identify(src/lsm6dso) by extension 'ros'
[4.291s] DEBUG:colcon.colcon_core.package_identification:Package 'src/lsm6dso' with type 'ros.ament_python' and name 'lsm6dso'
[4.293s] Level 1:colcon.colcon_core.package_identification:_identify(src/my_ahrs) by extensions ['ignore', 'ignore_ament_install']
[4.294s] Level 1:colcon.colcon_core.package_identification:_identify(src/my_ahrs) by extension 'ignore'
[4.295s] Level 1:colcon.colcon_core.package_identification:_identify(src/my_ahrs) by extension 'ignore_ament_install'
[4.296s] Level 1:colcon.colcon_core.package_identification:_identify(src/my_ahrs) by extensions ['colcon_pkg']
[4.296s] Level 1:colcon.colcon_core.package_identification:_identify(src/my_ahrs) by extension 'colcon_pkg'
[4.297s] Level 1:colcon.colcon_core.package_identification:_identify(src/my_ahrs) by extensions ['colcon_meta']
[4.297s] Level 1:colcon.colcon_core.package_identification:_identify(src/my_ahrs) by extension 'colcon_meta'
[4.298s] Level 1:colcon.colcon_core.package_identification:_identify(src/my_ahrs) by extensions ['ros']
[4.298s] Level 1:colcon.colcon_core.package_identification:_identify(src/my_ahrs) by extension 'ros'
[4.307s] DEBUG:colcon.colcon_core.package_identification:Package 'src/my_ahrs' with type 'ros.ament_python' and name 'my_ahrs'
[4.307s] Level 1:colcon.colcon_core.package_discovery:discover_packages(recursive) using defaults
[4.308s] Level 1:colcon.colcon_core.package_discovery:discover_packages(ignore) discover
[4.308s] Level 1:colcon.colcon_core.package_discovery:discover_packages(ignore) using defaults
[4.309s] Level 1:colcon.colcon_core.package_discovery:discover_packages(path) discover
[4.309s] Level 1:colcon.colcon_core.package_discovery:discover_packages(path) using defaults
[4.621s] INFO:colcon.colcon_core.package_selection:Skipping not selected package 'bmm150_sensor' in 'src/bmm150_sensor'
[4.621s] INFO:colcon.colcon_core.package_selection:Skipping not selected package 'lsm6dso' in 'src/lsm6dso'
[4.626s] Level 1:colcon.colcon_core.package_discovery:discover_packages(prefix_path) check parameters
[4.626s] Level 1:colcon.colcon_core.package_discovery:discover_packages(prefix_path) discover
[4.638s] WARNING:colcon.colcon_ros.prefix_path.ament:The path '/home/ubuntu/ros2_ws/install/my_ekf_package' in the environment variable AMENT_PREFIX_PATH doesn't exist
[4.639s] WARNING:colcon.colcon_ros.prefix_path.ament:The path '/home/ubuntu/ros2_ws/install/mag_sensor' in the environment variable AMENT_PREFIX_PATH doesn't exist
[4.641s] WARNING:colcon.colcon_ros.prefix_path.ament:The path '/home/ubuntu/ros2_ws/install/ekf' in the environment variable AMENT_PREFIX_PATH doesn't exist
[4.644s] WARNING:colcon.colcon_ros.prefix_path.catkin:The path '/home/ubuntu/ros2_ws/install/my_ekf_package' in the environment variable CMAKE_PREFIX_PATH doesn't exist
[4.657s] DEBUG:colcon.colcon_installed_package_information.package_discovery:Found 3 installed packages in /home/ubuntu/ros2_ws/install
[4.677s] DEBUG:colcon.colcon_installed_package_information.package_discovery:Found 184 installed packages in /opt/ros/humble
[4.690s] Level 1:colcon.colcon_core.package_discovery:discover_packages(prefix_path) using defaults
[5.054s] Level 5:colcon.colcon_core.verb:set package 'my_ahrs' build argument 'cmake_args' from command line to 'None'
[5.055s] Level 5:colcon.colcon_core.verb:set package 'my_ahrs' build argument 'cmake_target' from command line to 'None'
[5.055s] Level 5:colcon.colcon_core.verb:set package 'my_ahrs' build argument 'cmake_target_skip_unavailable' from command line to 'False'
[5.056s] Level 5:colcon.colcon_core.verb:set package 'my_ahrs' build argument 'cmake_clean_cache' from command line to 'False'
[5.056s] Level 5:colcon.colcon_core.verb:set package 'my_ahrs' build argument 'cmake_clean_first' from command line to 'False'
[5.056s] Level 5:colcon.colcon_core.verb:set package 'my_ahrs' build argument 'cmake_force_configure' from command line to 'False'
[5.057s] Level 5:colcon.colcon_core.verb:set package 'my_ahrs' build argument 'ament_cmake_args' from command line to 'None'
[5.058s] Level 5:colcon.colcon_core.verb:set package 'my_ahrs' build argument 'catkin_cmake_args' from command line to 'None'
[5.058s] Level 5:colcon.colcon_core.verb:set package 'my_ahrs' build argument 'catkin_skip_building_tests' from command line to 'False'
[5.059s] DEBUG:colcon.colcon_core.verb:Building package 'my_ahrs' with the following arguments: {'ament_cmake_args': None, 'build_base': '/home/ubuntu/ros2_ws/build/my_ahrs', 'catkin_cmake_args': None, 'catkin_skip_building_tests': False, 'cmake_args': None, 'cmake_clean_cache': False, 'cmake_clean_first': False, 'cmake_force_configure': False, 'cmake_target': None, 'cmake_target_skip_unavailable': False, 'install_base': '/home/ubuntu/ros2_ws/install/my_ahrs', 'merge_install': False, 'path': '/home/ubuntu/ros2_ws/src/my_ahrs', 'symlink_install': False, 'test_result_base': None}
[5.060s] INFO:colcon.colcon_core.executor:Executing jobs using 'parallel' executor
[5.071s] DEBUG:colcon.colcon_parallel_executor.executor.parallel:run_until_complete
[5.074s] INFO:colcon.colcon_ros.task.ament_python.build:Building ROS package in '/home/ubuntu/ros2_ws/src/my_ahrs' with build type 'ament_python'
[5.076s] Level 1:colcon.colcon_core.shell:create_environment_hook('my_ahrs', 'ament_prefix_path')
[5.103s] INFO:colcon.colcon_core.plugin_system:Skipping extension 'colcon_core.shell.bat': Not used on non-Windows systems
[5.106s] INFO:colcon.colcon_core.shell:Creating environment hook '/home/ubuntu/ros2_ws/install/my_ahrs/share/my_ahrs/hook/ament_prefix_path.ps1'
[5.112s] INFO:colcon.colcon_core.shell:Creating environment descriptor '/home/ubuntu/ros2_ws/install/my_ahrs/share/my_ahrs/hook/ament_prefix_path.dsv'
[5.118s] INFO:colcon.colcon_core.shell:Creating environment hook '/home/ubuntu/ros2_ws/install/my_ahrs/share/my_ahrs/hook/ament_prefix_path.sh'
[5.127s] INFO:colcon.colcon_core.shell:Skip shell extension 'powershell' for command environment: Not usable outside of PowerShell
[5.128s] DEBUG:colcon.colcon_core.shell:Skip shell extension 'dsv' for command environment
[8.904s] INFO:colcon.colcon_core.task.python.build:Building Python package in '/home/ubuntu/ros2_ws/src/my_ahrs'
[8.906s] INFO:colcon.colcon_core.shell:Skip shell extension 'powershell' for command environment: Not usable outside of PowerShell
[8.907s] DEBUG:colcon.colcon_core.shell:Skip shell extension 'dsv' for command environment
[13.895s] DEBUG:colcon.colcon_core.event_handler.log_command:Invoking command in '/home/ubuntu/ros2_ws/src/my_ahrs': PYTHONPATH=/home/ubuntu/ros2_ws/build/my_ahrs/prefix_override:/home/ubuntu/ros2_ws/install/my_ahrs/lib/python3.10/site-packages:${PYTHONPATH} /usr/bin/python3 -W ignore:setup.py install is deprecated setup.py egg_info --egg-base ../../build/my_ahrs build --build-base /home/ubuntu/ros2_ws/build/my_ahrs/build install --record /home/ubuntu/ros2_ws/build/my_ahrs/install.log --single-version-externally-managed install_data
[18.122s] DEBUG:colcon.colcon_core.event_handler.log_command:Invoked command in '/home/ubuntu/ros2_ws/src/my_ahrs' returned '0': PYTHONPATH=/home/ubuntu/ros2_ws/build/my_ahrs/prefix_override:/home/ubuntu/ros2_ws/install/my_ahrs/lib/python3.10/site-packages:${PYTHONPATH} /usr/bin/python3 -W ignore:setup.py install is deprecated setup.py egg_info --egg-base ../../build/my_ahrs build --build-base /home/ubuntu/ros2_ws/build/my_ahrs/build install --record /home/ubuntu/ros2_ws/build/my_ahrs/install.log --single-version-externally-managed install_data
[18.153s] Level 1:colcon.colcon_core.environment:checking '/home/ubuntu/ros2_ws/install/my_ahrs' for CMake module files
[18.159s] Level 1:colcon.colcon_core.environment:checking '/home/ubuntu/ros2_ws/install/my_ahrs' for CMake config files
[18.170s] Level 1:colcon.colcon_core.environment:checking '/home/ubuntu/ros2_ws/install/my_ahrs/lib'
[18.172s] Level 1:colcon.colcon_core.environment:checking '/home/ubuntu/ros2_ws/install/my_ahrs/bin'
[18.173s] Level 1:colcon.colcon_core.environment:checking '/home/ubuntu/ros2_ws/install/my_ahrs/lib/pkgconfig/my_ahrs.pc'
[18.176s] Level 1:colcon.colcon_core.environment:checking '/home/ubuntu/ros2_ws/install/my_ahrs/lib/python3.10/site-packages'
[18.177s] Level 1:colcon.colcon_core.shell:create_environment_hook('my_ahrs', 'pythonpath')
[18.180s] INFO:colcon.colcon_core.shell:Creating environment hook '/home/ubuntu/ros2_ws/install/my_ahrs/share/my_ahrs/hook/pythonpath.ps1'
[18.184s] INFO:colcon.colcon_core.shell:Creating environment descriptor '/home/ubuntu/ros2_ws/install/my_ahrs/share/my_ahrs/hook/pythonpath.dsv'
[18.189s] INFO:colcon.colcon_core.shell:Creating environment hook '/home/ubuntu/ros2_ws/install/my_ahrs/share/my_ahrs/hook/pythonpath.sh'
[18.196s] Level 1:colcon.colcon_core.environment:checking '/home/ubuntu/ros2_ws/install/my_ahrs/bin'
[18.197s] Level 1:colcon.colcon_core.environment:create_environment_scripts_only(my_ahrs)
[18.200s] INFO:colcon.colcon_core.shell:Creating package script '/home/ubuntu/ros2_ws/install/my_ahrs/share/my_ahrs/package.ps1'
[18.210s] INFO:colcon.colcon_core.shell:Creating package descriptor '/home/ubuntu/ros2_ws/install/my_ahrs/share/my_ahrs/package.dsv'
[18.217s] INFO:colcon.colcon_core.shell:Creating package script '/home/ubuntu/ros2_ws/install/my_ahrs/share/my_ahrs/package.sh'
[18.226s] INFO:colcon.colcon_core.shell:Creating package script '/home/ubuntu/ros2_ws/install/my_ahrs/share/my_ahrs/package.bash'
[18.234s] INFO:colcon.colcon_core.shell:Creating package script '/home/ubuntu/ros2_ws/install/my_ahrs/share/my_ahrs/package.zsh'
[18.242s] Level 1:colcon.colcon_core.environment:create_file_with_runtime_dependencies(/home/ubuntu/ros2_ws/install/my_ahrs/share/colcon-core/packages/my_ahrs)
[18.246s] DEBUG:colcon.colcon_parallel_executor.executor.parallel:closing loop
[18.249s] DEBUG:colcon.colcon_parallel_executor.executor.parallel:loop closed
[18.251s] DEBUG:colcon.colcon_parallel_executor.executor.parallel:run_until_complete finished with '0'
[18.251s] DEBUG:colcon.colcon_core.event_reactor:joining thread
[18.304s] INFO:colcon.colcon_core.plugin_system:Skipping extension 'colcon_notification.desktop_notification.notify_send': Could not find 'notify-send'
[18.305s] INFO:colcon.colcon_core.plugin_system:Skipping extension 'colcon_notification.desktop_notification.terminal_notifier': Not used on non-Darwin systems
[18.306s] INFO:colcon.colcon_core.plugin_system:Skipping extension 'colcon_notification.desktop_notification.win32': Not used on non-Windows systems
[18.307s] INFO:colcon.colcon_notification.desktop_notification:Sending desktop notification using 'notify2'
[18.316s] DEBUG:colcon.colcon_notification.desktop_notification.notify2:Failed to initialize notify2: org.freedesktop.DBus.Error.ServiceUnknown: The name org.freedesktop.Notifications was not provided by any .service files
[18.317s] DEBUG:colcon.colcon_core.event_reactor:joined thread
[18.320s] INFO:colcon.colcon_core.shell:Creating prefix script '/home/ubuntu/ros2_ws/install/local_setup.ps1'
[18.329s] INFO:colcon.colcon_core.shell:Creating prefix util module '/home/ubuntu/ros2_ws/install/_local_setup_util_ps1.py'
[18.343s] INFO:colcon.colcon_core.shell:Creating prefix chain script '/home/ubuntu/ros2_ws/install/setup.ps1'
[18.356s] INFO:colcon.colcon_core.shell:Creating prefix script '/home/ubuntu/ros2_ws/install/local_setup.sh'
[18.363s] INFO:colcon.colcon_core.shell:Creating prefix util module '/home/ubuntu/ros2_ws/install/_local_setup_util_sh.py'
[18.369s] INFO:colcon.colcon_core.shell:Creating prefix chain script '/home/ubuntu/ros2_ws/install/setup.sh'
[18.383s] INFO:colcon.colcon_core.shell:Creating prefix script '/home/ubuntu/ros2_ws/install/local_setup.bash'
[18.389s] INFO:colcon.colcon_core.shell:Creating prefix chain script '/home/ubuntu/ros2_ws/install/setup.bash'
[18.404s] INFO:colcon.colcon_core.shell:Creating prefix script '/home/ubuntu/ros2_ws/install/local_setup.zsh'
[18.411s] INFO:colcon.colcon_core.shell:Creating prefix chain script '/home/ubuntu/ros2_ws/install/setup.zsh'
