[5.876s] Invoking command in '/home/ubuntu/ros2_ws/src/esc_pkg': CMAKE_PREFIX_PATH=/home/ubuntu/ros2_ws/install/aerobot_interfaces:/home/ubuntu/ros2_ws/install/ros2_imu PYTHONPATH=/home/ubuntu/ros2_ws/build/esc_pkg/prefix_override:/home/ubuntu/ros2_ws/install/esc_pkg/lib/python3.10/site-packages:${PYTHONPATH} /usr/bin/python3 -W ignore:setup.py install is deprecated setup.py egg_info --egg-base ../../build/esc_pkg build --build-base /home/ubuntu/ros2_ws/build/esc_pkg/build install --record /home/ubuntu/ros2_ws/build/esc_pkg/install.log --single-version-externally-managed install_data
[7.620s] running egg_info
[7.624s] writing ../../build/esc_pkg/esc_pkg.egg-info/PKG-INFO
[7.632s] writing dependency_links to ../../build/esc_pkg/esc_pkg.egg-info/dependency_links.txt
[7.633s] writing entry points to ../../build/esc_pkg/esc_pkg.egg-info/entry_points.txt
[7.633s] writing requirements to ../../build/esc_pkg/esc_pkg.egg-info/requires.txt
[7.633s] writing top-level names to ../../build/esc_pkg/esc_pkg.egg-info/top_level.txt
[7.646s] reading manifest file '../../build/esc_pkg/esc_pkg.egg-info/SOURCES.txt'
[7.651s] writing manifest file '../../build/esc_pkg/esc_pkg.egg-info/SOURCES.txt'
[7.655s] running build
[7.661s] running build_py
[7.663s] copying esc_pkg/esc_node.py -> /home/ubuntu/ros2_ws/build/esc_pkg/build/lib/esc_pkg
[7.665s] running install
[7.666s] running install_lib
[7.666s] copying /home/ubuntu/ros2_ws/build/esc_pkg/build/lib/esc_pkg/esc_node.py -> /home/ubuntu/ros2_ws/install/esc_pkg/lib/python3.10/site-packages/esc_pkg
[7.678s] byte-compiling /home/ubuntu/ros2_ws/install/esc_pkg/lib/python3.10/site-packages/esc_pkg/esc_node.py to esc_node.cpython-310.pyc
[7.679s] running install_data
[7.679s] running install_egg_info
[7.685s] removing '/home/ubuntu/ros2_ws/install/esc_pkg/lib/python3.10/site-packages/esc_pkg-0.0.0-py3.10.egg-info' (and everything under it)
[7.686s] Copying ../../build/esc_pkg/esc_pkg.egg-info to /home/ubuntu/ros2_ws/install/esc_pkg/lib/python3.10/site-packages/esc_pkg-0.0.0-py3.10.egg-info
[7.696s] running install_scripts
[7.794s] Installing esc_node script to /home/ubuntu/ros2_ws/install/esc_pkg/lib/esc_pkg
[7.798s] writing list of installed files to '/home/ubuntu/ros2_ws/build/esc_pkg/install.log'
[7.977s] Invoked command in '/home/ubuntu/ros2_ws/src/esc_pkg' returned '0': CMAKE_PREFIX_PATH=/home/ubuntu/ros2_ws/install/aerobot_interfaces:/home/ubuntu/ros2_ws/install/ros2_imu PYTHONPATH=/home/ubuntu/ros2_ws/build/esc_pkg/prefix_override:/home/ubuntu/ros2_ws/install/esc_pkg/lib/python3.10/site-packages:${PYTHONPATH} /usr/bin/python3 -W ignore:setup.py install is deprecated setup.py egg_info --egg-base ../../build/esc_pkg build --build-base /home/ubuntu/ros2_ws/build/esc_pkg/build install --record /home/ubuntu/ros2_ws/build/esc_pkg/install.log --single-version-externally-managed install_data
