[8.385s] Invoking command in '/home/ubuntu/ros2_ws/src/lsm6dso': PYTHONPATH=/home/ubuntu/ros2_ws/build/lsm6dso/prefix_override:/home/ubuntu/ros2_ws/install/lsm6dso/lib/python3.10/site-packages:${PYTHONPATH} /usr/bin/python3 -W ignore:setup.py install is deprecated setup.py egg_info --egg-base ../../build/lsm6dso build --build-base /home/ubuntu/ros2_ws/build/lsm6dso/build install --record /home/ubuntu/ros2_ws/build/lsm6dso/install.log --single-version-externally-managed install_data
[11.892s] running egg_info
[11.896s] writing ../../build/lsm6dso/lsm6dso.egg-info/PKG-INFO
[11.914s] writing dependency_links to ../../build/lsm6dso/lsm6dso.egg-info/dependency_links.txt
[11.915s] writing entry points to ../../build/lsm6dso/lsm6dso.egg-info/entry_points.txt
[11.916s] writing requirements to ../../build/lsm6dso/lsm6dso.egg-info/requires.txt
[11.918s] writing top-level names to ../../build/lsm6dso/lsm6dso.egg-info/top_level.txt
[11.927s] reading manifest file '../../build/lsm6dso/lsm6dso.egg-info/SOURCES.txt'
[11.940s] writing manifest file '../../build/lsm6dso/lsm6dso.egg-info/SOURCES.txt'
[11.942s] running build
[11.967s] running build_py
[11.969s] copying lsm6dso/sensor.py -> /home/ubuntu/ros2_ws/build/lsm6dso/build/lib/lsm6dso
[11.970s] running install
[11.971s] running install_lib
[11.986s] copying /home/ubuntu/ros2_ws/build/lsm6dso/build/lib/lsm6dso/sensor.py -> /home/ubuntu/ros2_ws/install/lsm6dso/lib/python3.10/site-packages/lsm6dso
[11.993s] byte-compiling /home/ubuntu/ros2_ws/install/lsm6dso/lib/python3.10/site-packages/lsm6dso/sensor.py to sensor.cpython-310.pyc
[11.995s] running install_data
[11.997s] running install_egg_info
[12.013s] removing '/home/ubuntu/ros2_ws/install/lsm6dso/lib/python3.10/site-packages/lsm6dso-0.0.0-py3.10.egg-info' (and everything under it)
[12.014s] Copying ../../build/lsm6dso/lsm6dso.egg-info to /home/ubuntu/ros2_ws/install/lsm6dso/lib/python3.10/site-packages/lsm6dso-0.0.0-py3.10.egg-info
[12.029s] running install_scripts
[12.238s] Installing lsm6dso script to /home/ubuntu/ros2_ws/install/lsm6dso/lib/lsm6dso
[12.243s] writing list of installed files to '/home/ubuntu/ros2_ws/build/lsm6dso/install.log'
[12.537s] Invoked command in '/home/ubuntu/ros2_ws/src/lsm6dso' returned '0': PYTHONPATH=/home/ubuntu/ros2_ws/build/lsm6dso/prefix_override:/home/ubuntu/ros2_ws/install/lsm6dso/lib/python3.10/site-packages:${PYTHONPATH} /usr/bin/python3 -W ignore:setup.py install is deprecated setup.py egg_info --egg-base ../../build/lsm6dso build --build-base /home/ubuntu/ros2_ws/build/lsm6dso/build install --record /home/ubuntu/ros2_ws/build/lsm6dso/install.log --single-version-externally-managed install_data
