[45.614s] Invoking command in '/home/ubuntu/ros2_ws/src/lsm6dso': PYTHONPATH=/home/ubuntu/ros2_ws/build/lsm6dso/prefix_override:/home/ubuntu/ros2_ws/install/lsm6dso/lib/python3.10/site-packages:${PYTHONPATH} /usr/bin/python3 -W ignore:setup.py install is deprecated setup.py egg_info --egg-base ../../build/lsm6dso build --build-base /home/ubuntu/ros2_ws/build/lsm6dso/build install --record /home/ubuntu/ros2_ws/build/lsm6dso/install.log --single-version-externally-managed install_data
[57.001s] running egg_info
[57.015s] writing ../../build/lsm6dso/lsm6dso.egg-info/PKG-INFO
[57.027s] writing dependency_links to ../../build/lsm6dso/lsm6dso.egg-info/dependency_links.txt
[57.049s] writing entry points to ../../build/lsm6dso/lsm6dso.egg-info/entry_points.txt
[57.064s] writing requirements to ../../build/lsm6dso/lsm6dso.egg-info/requires.txt
[57.072s] writing top-level names to ../../build/lsm6dso/lsm6dso.egg-info/top_level.txt
[57.117s] reading manifest file '../../build/lsm6dso/lsm6dso.egg-info/SOURCES.txt'
[57.143s] writing manifest file '../../build/lsm6dso/lsm6dso.egg-info/SOURCES.txt'
[57.158s] running build
[57.164s] running build_py
[57.178s] running install
[57.188s] running install_lib
[57.213s] running install_data
[57.231s] running install_egg_info
[57.259s] removing '/home/ubuntu/ros2_ws/install/lsm6dso/lib/python3.10/site-packages/lsm6dso-0.0.0-py3.10.egg-info' (and everything under it)
[57.268s] Copying ../../build/lsm6dso/lsm6dso.egg-info to /home/ubuntu/ros2_ws/install/lsm6dso/lib/python3.10/site-packages/lsm6dso-0.0.0-py3.10.egg-info
[57.287s] running install_scripts
[57.524s] Installing lsm6dso script to /home/ubuntu/ros2_ws/install/lsm6dso/lib/lsm6dso
[57.541s] writing list of installed files to '/home/ubuntu/ros2_ws/build/lsm6dso/install.log'
[57.821s] Invoked command in '/home/ubuntu/ros2_ws/src/lsm6dso' returned '0': PYTHONPATH=/home/ubuntu/ros2_ws/build/lsm6dso/prefix_override:/home/ubuntu/ros2_ws/install/lsm6dso/lib/python3.10/site-packages:${PYTHONPATH} /usr/bin/python3 -W ignore:setup.py install is deprecated setup.py egg_info --egg-base ../../build/lsm6dso build --build-base /home/ubuntu/ros2_ws/build/lsm6dso/build install --record /home/ubuntu/ros2_ws/build/lsm6dso/install.log --single-version-externally-managed install_data
