running egg_info
writing ../../build/my_ahrs/my_ahrs.egg-info/PKG-INFO
writing dependency_links to ../../build/my_ahrs/my_ahrs.egg-info/dependency_links.txt
writing entry points to ../../build/my_ahrs/my_ahrs.egg-info/entry_points.txt
writing requirements to ../../build/my_ahrs/my_ahrs.egg-info/requires.txt
writing top-level names to ../../build/my_ahrs/my_ahrs.egg-info/top_level.txt
reading manifest file '../../build/my_ahrs/my_ahrs.egg-info/SOURCES.txt'
writing manifest file '../../build/my_ahrs/my_ahrs.egg-info/SOURCES.txt'
running build
running build_py
copying my_ahrs/ekf_node.py -> /home/ubuntu/ros2_ws/build/my_ahrs/build/lib/my_ahrs
copying my_ahrs/madgwick_node.py -> /home/ubuntu/ros2_ws/build/my_ahrs/build/lib/my_ahrs
running install
running install_lib
copying /home/ubuntu/ros2_ws/build/my_ahrs/build/lib/my_ahrs/ekf_node.py -> /home/ubuntu/ros2_ws/install/my_ahrs/lib/python3.10/site-packages/my_ahrs
copying /home/ubuntu/ros2_ws/build/my_ahrs/build/lib/my_ahrs/madgwick_node.py -> /home/ubuntu/ros2_ws/install/my_ahrs/lib/python3.10/site-packages/my_ahrs
byte-compiling /home/ubuntu/ros2_ws/install/my_ahrs/lib/python3.10/site-packages/my_ahrs/ekf_node.py to ekf_node.cpython-310.pyc
byte-compiling /home/ubuntu/ros2_ws/install/my_ahrs/lib/python3.10/site-packages/my_ahrs/madgwick_node.py to madgwick_node.cpython-310.pyc
running install_data
copying launch/ekf_launch.py -> /home/ubuntu/ros2_ws/install/my_ahrs/share/my_ahrs/launch
running install_egg_info
removing '/home/ubuntu/ros2_ws/install/my_ahrs/lib/python3.10/site-packages/my_ahrs-0.0.0-py3.10.egg-info' (and everything under it)
Copying ../../build/my_ahrs/my_ahrs.egg-info to /home/ubuntu/ros2_ws/install/my_ahrs/lib/python3.10/site-packages/my_ahrs-0.0.0-py3.10.egg-info
running install_scripts
Installing cf_node script to /home/ubuntu/ros2_ws/install/my_ahrs/lib/my_ahrs
Installing ekf_node script to /home/ubuntu/ros2_ws/install/my_ahrs/lib/my_ahrs
Installing mad_node script to /home/ubuntu/ros2_ws/install/my_ahrs/lib/my_ahrs
writing list of installed files to '/home/ubuntu/ros2_ws/build/my_ahrs/install.log'
