[18.780s] Invoking command in '/home/ubuntu/ros2_ws/src/bmm150_sensor': PYTHONPATH=/home/ubuntu/ros2_ws/build/bmm150_sensor/prefix_override:/home/ubuntu/ros2_ws/install/bmm150_sensor/lib/python3.10/site-packages:${PYTHONPATH} /usr/bin/python3 -W ignore:setup.py install is deprecated setup.py egg_info --egg-base ../../build/bmm150_sensor build --build-base /home/ubuntu/ros2_ws/build/bmm150_sensor/build install --record /home/ubuntu/ros2_ws/build/bmm150_sensor/install.log --single-version-externally-managed install_data
[23.913s] running egg_info
[23.939s] writing ../../build/bmm150_sensor/bmm150_sensor.egg-info/PKG-INFO
[23.952s] writing dependency_links to ../../build/bmm150_sensor/bmm150_sensor.egg-info/dependency_links.txt
[23.972s] writing entry points to ../../build/bmm150_sensor/bmm150_sensor.egg-info/entry_points.txt
[23.979s] writing requirements to ../../build/bmm150_sensor/bmm150_sensor.egg-info/requires.txt
[23.999s] writing top-level names to ../../build/bmm150_sensor/bmm150_sensor.egg-info/top_level.txt
[24.024s] reading manifest file '../../build/bmm150_sensor/bmm150_sensor.egg-info/SOURCES.txt'
[24.047s] writing manifest file '../../build/bmm150_sensor/bmm150_sensor.egg-info/SOURCES.txt'
[24.053s] running build
[24.055s] running build_py
[24.072s] running install
[24.076s] running install_lib
[24.096s] running install_data
[24.099s] running install_egg_info
[24.126s] removing '/home/ubuntu/ros2_ws/install/bmm150_sensor/lib/python3.10/site-packages/bmm150_sensor-0.0.0-py3.10.egg-info' (and everything under it)
[24.132s] Copying ../../build/bmm150_sensor/bmm150_sensor.egg-info to /home/ubuntu/ros2_ws/install/bmm150_sensor/lib/python3.10/site-packages/bmm150_sensor-0.0.0-py3.10.egg-info
[24.170s] running install_scripts
[24.455s] Installing bmm150 script to /home/ubuntu/ros2_ws/install/bmm150_sensor/lib/bmm150_sensor
[24.459s] writing list of installed files to '/home/ubuntu/ros2_ws/build/bmm150_sensor/install.log'
[24.816s] Invoked command in '/home/ubuntu/ros2_ws/src/bmm150_sensor' returned '0': PYTHONPATH=/home/ubuntu/ros2_ws/build/bmm150_sensor/prefix_override:/home/ubuntu/ros2_ws/install/bmm150_sensor/lib/python3.10/site-packages:${PYTHONPATH} /usr/bin/python3 -W ignore:setup.py install is deprecated setup.py egg_info --egg-base ../../build/bmm150_sensor build --build-base /home/ubuntu/ros2_ws/build/bmm150_sensor/build install --record /home/ubuntu/ros2_ws/build/bmm150_sensor/install.log --single-version-externally-managed install_data
