[10.978s] Invoking command in '/home/ubuntu/ros2_ws/src/lsm6dso': PYTHONPATH=/home/ubuntu/ros2_ws/build/lsm6dso/prefix_override:/home/ubuntu/ros2_ws/install/lsm6dso/lib/python3.10/site-packages:${PYTHONPATH} /usr/bin/python3 -W ignore:setup.py install is deprecated setup.py egg_info --egg-base ../../build/lsm6dso build --build-base /home/ubuntu/ros2_ws/build/lsm6dso/build install --record /home/ubuntu/ros2_ws/build/lsm6dso/install.log --single-version-externally-managed install_data
[15.258s] running egg_info
[15.268s] writing ../../build/lsm6dso/lsm6dso.egg-info/PKG-INFO
[15.280s] writing dependency_links to ../../build/lsm6dso/lsm6dso.egg-info/dependency_links.txt
[15.281s] writing entry points to ../../build/lsm6dso/lsm6dso.egg-info/entry_points.txt
[15.282s] writing requirements to ../../build/lsm6dso/lsm6dso.egg-info/requires.txt
[15.283s] writing top-level names to ../../build/lsm6dso/lsm6dso.egg-info/top_level.txt
[15.301s] reading manifest file '../../build/lsm6dso/lsm6dso.egg-info/SOURCES.txt'
[15.313s] writing manifest file '../../build/lsm6dso/lsm6dso.egg-info/SOURCES.txt'
[15.314s] running build
[15.316s] running build_py
[15.318s] copying lsm6dso/sensor.py -> /home/ubuntu/ros2_ws/build/lsm6dso/build/lib/lsm6dso
[15.324s] running install
[15.325s] running install_lib
[15.334s] copying /home/ubuntu/ros2_ws/build/lsm6dso/build/lib/lsm6dso/sensor.py -> /home/ubuntu/ros2_ws/install/lsm6dso/lib/python3.10/site-packages/lsm6dso
[15.342s] byte-compiling /home/ubuntu/ros2_ws/install/lsm6dso/lib/python3.10/site-packages/lsm6dso/sensor.py to sensor.cpython-310.pyc
[15.353s] running install_data
[15.356s] running install_egg_info
[15.363s] removing '/home/ubuntu/ros2_ws/install/lsm6dso/lib/python3.10/site-packages/lsm6dso-0.0.0-py3.10.egg-info' (and everything under it)
[15.365s] Copying ../../build/lsm6dso/lsm6dso.egg-info to /home/ubuntu/ros2_ws/install/lsm6dso/lib/python3.10/site-packages/lsm6dso-0.0.0-py3.10.egg-info
[15.377s] running install_scripts
[15.555s] Installing lsm6dso script to /home/ubuntu/ros2_ws/install/lsm6dso/lib/lsm6dso
[15.564s] writing list of installed files to '/home/ubuntu/ros2_ws/build/lsm6dso/install.log'
[15.878s] Invoked command in '/home/ubuntu/ros2_ws/src/lsm6dso' returned '0': PYTHONPATH=/home/ubuntu/ros2_ws/build/lsm6dso/prefix_override:/home/ubuntu/ros2_ws/install/lsm6dso/lib/python3.10/site-packages:${PYTHONPATH} /usr/bin/python3 -W ignore:setup.py install is deprecated setup.py egg_info --egg-base ../../build/lsm6dso build --build-base /home/ubuntu/ros2_ws/build/lsm6dso/build install --record /home/ubuntu/ros2_ws/build/lsm6dso/install.log --single-version-externally-managed install_data
