[0.000000] (-) TimerEvent: {}
[0.008131] (-) JobUnselected: {'identifier': 'bmm150_sensor'}
[0.009463] (-) JobUnselected: {'identifier': 'lsm6dso'}
[0.010687] (-) JobUnselected: {'identifier': 'my_ahrs'}
[0.012273] (ros2_imu) JobQueued: {'identifier': 'ros2_imu', 'dependencies': OrderedDict()}
[0.019389] (ros2_imu) JobStarted: {'identifier': 'ros2_imu'}
[0.096734] (ros2_imu) JobProgress: {'identifier': 'ros2_imu', 'progress': 'cmake'}
[0.099539] (-) TimerEvent: {}
[0.104941] (ros2_imu) JobProgress: {'identifier': 'ros2_imu', 'progress': 'build'}
[0.112101] (ros2_imu) Command: {'cmd': ['/usr/bin/cmake', '--build', '/home/ubuntu/ros2_ws/build/ros2_imu', '--', '-j4', '-l4'], 'cwd': '/home/ubuntu/ros2_ws/build/ros2_imu', 'env': OrderedDict([('USER', 'ubuntu'), ('SSH_CLIENT', '192.168.0.106 54662 22'), ('XDG_SESSION_TYPE', 'tty'), ('SHLVL', '1'), ('LD_LIBRARY_PATH', '/opt/ros/humble/lib/aarch64-linux-gnu:/opt/ros/humble/lib'), ('MOTD_SHOWN', 'pam'), ('HOME', '/home/ubuntu'), ('OLDPWD', '/home/ubuntu'), ('ROS_PYTHON_VERSION', '3'), ('DBUS_SESSION_BUS_ADDRESS', 'unix:path=/run/user/1000/bus'), ('COLCON_PREFIX_PATH', '/home/ubuntu/ros2_ws/install'), ('ROS_DISTRO', 'humble'), ('LOGNAME', 'ubuntu'), ('_', '/usr/bin/colcon'), ('ROS_VERSION', '2'), ('XDG_SESSION_CLASS', 'user'), ('XDG_SESSION_ID', '4'), ('ROS_LOCALHOST_ONLY', '0'), ('PATH', '/opt/ros/humble/bin:/usr/local/sbin:/usr/local/bin:/usr/sbin:/usr/bin:/sbin:/bin:/usr/games:/usr/local/games:/snap/bin'), ('XDG_RUNTIME_DIR', '/run/user/1000'), ('LANG', 'en_US.UTF-8'), ('AMENT_PREFIX_PATH', '/home/ubuntu/ros2_ws/install/ros2_imu:/home/ubuntu/ros2_ws/install/my_ahrs:/home/ubuntu/ros2_ws/install/lsm6dso:/home/ubuntu/ros2_ws/install/bmm150_sensor:/opt/ros/humble'), ('SHELL', '/bin/bash'), ('PWD', '/home/ubuntu/ros2_ws/build/ros2_imu'), ('LC_ALL', 'C'), ('SSH_CONNECTION', '192.168.0.106 54662 192.168.0.122 22'), ('PYTHONPATH', '/home/ubuntu/ros2_ws/install/my_ahrs/lib/python3.10/site-packages:/home/ubuntu/ros2_ws/install/lsm6dso/lib/python3.10/site-packages:/home/ubuntu/ros2_ws/install/bmm150_sensor/lib/python3.10/site-packages:/opt/ros/humble/lib/python3.10/site-packages:/opt/ros/humble/local/lib/python3.10/dist-packages'), ('COLCON', '1'), ('CMAKE_PREFIX_PATH', '/home/ubuntu/ros2_ws/install/ros2_imu:/home/ubuntu/ros2_ws/install/my_ahrs:/home/ubuntu/ros2_ws/install/lsm6dso:/home/ubuntu/ros2_ws/install/bmm150_sensor:/opt/ros/humble')]), 'shell': False}
[0.178945] (ros2_imu) StdoutLine: {'line': b'/usr/bin/cmake -S/home/ubuntu/ros2_ws/src/ros2_imu -B/home/ubuntu/ros2_ws/build/ros2_imu --check-build-system CMakeFiles/Makefile.cmake 0\n'}
[0.199723] (-) TimerEvent: {}
[0.300359] (-) TimerEvent: {}
[0.303947] (ros2_imu) StdoutLine: {'line': b'-- Found ament_cmake: 1.3.9 (/opt/ros/humble/share/ament_cmake/cmake)\n'}
[0.400555] (-) TimerEvent: {}
[0.501055] (-) TimerEvent: {}
[0.601536] (-) TimerEvent: {}
[0.702085] (-) TimerEvent: {}
[0.802540] (-) TimerEvent: {}
[0.903069] (-) TimerEvent: {}
[1.003498] (-) TimerEvent: {}
[1.104004] (-) TimerEvent: {}
[1.204814] (-) TimerEvent: {}
[1.305467] (-) TimerEvent: {}
[1.326923] (ros2_imu) StdoutLine: {'line': b'-- Found ament_cmake_ros: 0.10.0 (/opt/ros/humble/share/ament_cmake_ros/cmake)\n'}
[1.347287] (ros2_imu) StdoutLine: {'line': b'-- Found geometry_msgs: 4.2.4 (/opt/ros/humble/share/geometry_msgs/cmake)\n'}
[1.405661] (-) TimerEvent: {}
[1.506205] (-) TimerEvent: {}
[1.542028] (ros2_imu) StdoutLine: {'line': b'-- Found rosidl_generator_c: 3.1.5 (/opt/ros/humble/share/rosidl_generator_c/cmake)\n'}
[1.560715] (ros2_imu) StdoutLine: {'line': b'-- Found rosidl_adapter: 3.1.5 (/opt/ros/humble/share/rosidl_adapter/cmake)\n'}
[1.599223] (ros2_imu) StdoutLine: {'line': b'-- Found rosidl_generator_cpp: 3.1.5 (/opt/ros/humble/share/rosidl_generator_cpp/cmake)\n'}
[1.606385] (-) TimerEvent: {}
[1.673087] (ros2_imu) StdoutLine: {'line': b'-- Using all available rosidl_typesupport_c: rosidl_typesupport_fastrtps_c;rosidl_typesupport_introspection_c\n'}
[1.706653] (-) TimerEvent: {}
[1.775681] (ros2_imu) StdoutLine: {'line': b'-- Using all available rosidl_typesupport_cpp: rosidl_typesupport_fastrtps_cpp;rosidl_typesupport_introspection_cpp\n'}
[1.809807] (-) TimerEvent: {}
[1.911764] (-) TimerEvent: {}
[2.012297] (-) TimerEvent: {}
[2.112775] (-) TimerEvent: {}
[2.213207] (-) TimerEvent: {}
[2.313689] (-) TimerEvent: {}
[2.414211] (-) TimerEvent: {}
[2.514706] (-) TimerEvent: {}
[2.542375] (ros2_imu) StdoutLine: {'line': b'-- Found rclcpp: 16.0.9 (/opt/ros/humble/share/rclcpp/cmake)\n'}
[2.614920] (-) TimerEvent: {}
[2.715406] (-) TimerEvent: {}
[2.816176] (-) TimerEvent: {}
[2.873763] (ros2_imu) StdoutLine: {'line': b'-- Found rmw_implementation_cmake: 6.1.2 (/opt/ros/humble/share/rmw_implementation_cmake/cmake)\n'}
[2.894998] (ros2_imu) StdoutLine: {'line': b'-- Found rmw_fastrtps_cpp: 6.2.6 (/opt/ros/humble/share/rmw_fastrtps_cpp/cmake)\n'}
[2.916389] (-) TimerEvent: {}
[3.017493] (-) TimerEvent: {}
[3.117937] (-) TimerEvent: {}
[3.218419] (-) TimerEvent: {}
[3.318928] (-) TimerEvent: {}
[3.419392] (-) TimerEvent: {}
[3.520508] (-) TimerEvent: {}
[3.620973] (-) TimerEvent: {}
[3.721426] (-) TimerEvent: {}
[3.779296] (ros2_imu) StdoutLine: {'line': b"-- Using RMW implementation 'rmw_fastrtps_cpp' as default\n"}
[3.821634] (-) TimerEvent: {}
[3.922133] (-) TimerEvent: {}
[4.022585] (-) TimerEvent: {}
[4.123038] (-) TimerEvent: {}
[4.224075] (-) TimerEvent: {}
[4.324583] (-) TimerEvent: {}
[4.425079] (-) TimerEvent: {}
[4.525654] (-) TimerEvent: {}
[4.626177] (-) TimerEvent: {}
[4.726638] (-) TimerEvent: {}
[4.827318] (-) TimerEvent: {}
[4.927753] (-) TimerEvent: {}
[5.029577] (-) TimerEvent: {}
[5.095231] (ros2_imu) StdoutLine: {'line': b'-- Configuring done\n'}
[5.129747] (-) TimerEvent: {}
[5.181940] (ros2_imu) StdoutLine: {'line': b'-- Generating done\n'}
[5.194098] (ros2_imu) StdoutLine: {'line': b'-- Build files have been written to: /home/ubuntu/ros2_ws/build/ros2_imu\n'}
[5.226696] (ros2_imu) StdoutLine: {'line': b'/usr/bin/cmake -E cmake_progress_start /home/ubuntu/ros2_ws/build/ros2_imu/CMakeFiles /home/ubuntu/ros2_ws/build/ros2_imu//CMakeFiles/progress.marks\n'}
[5.230454] (-) TimerEvent: {}
[5.288940] (ros2_imu) StdoutLine: {'line': b'/usr/bin/gmake  -f CMakeFiles/Makefile2 all\n'}
[5.295457] (ros2_imu) StdoutLine: {'line': b"gmake[1]: Entering directory '/home/ubuntu/ros2_ws/build/ros2_imu'\n"}
[5.297054] (ros2_imu) StdoutLine: {'line': b'/usr/bin/gmake  -f CMakeFiles/ros2_imu.dir/build.make CMakeFiles/ros2_imu.dir/depend\n'}
[5.300568] (ros2_imu) StdoutLine: {'line': b"gmake[2]: Entering directory '/home/ubuntu/ros2_ws/build/ros2_imu'\n"}
[5.301210] (ros2_imu) StdoutLine: {'line': b'cd /home/ubuntu/ros2_ws/build/ros2_imu && /usr/bin/cmake -E cmake_depends "Unix Makefiles" /home/ubuntu/ros2_ws/src/ros2_imu /home/ubuntu/ros2_ws/src/ros2_imu /home/ubuntu/ros2_ws/build/ros2_imu /home/ubuntu/ros2_ws/build/ros2_imu /home/ubuntu/ros2_ws/build/ros2_imu/CMakeFiles/ros2_imu.dir/DependInfo.cmake --color=\n'}
[5.330631] (-) TimerEvent: {}
[5.431125] (-) TimerEvent: {}
[5.531584] (-) TimerEvent: {}
[5.534653] (ros2_imu) StdoutLine: {'line': b'Consolidate compiler generated dependencies of target ros2_imu\n'}
[5.539343] (ros2_imu) StdoutLine: {'line': b"gmake[2]: Leaving directory '/home/ubuntu/ros2_ws/build/ros2_imu'\n"}
[5.540142] (ros2_imu) StdoutLine: {'line': b'/usr/bin/gmake  -f CMakeFiles/ros2_imu.dir/build.make CMakeFiles/ros2_imu.dir/build\n'}
[5.582704] (ros2_imu) StdoutLine: {'line': b"gmake[2]: Entering directory '/home/ubuntu/ros2_ws/build/ros2_imu'\n"}
[5.631939] (-) TimerEvent: {}
[5.665758] (ros2_imu) StdoutLine: {'line': b'[ 15%] Building C object CMakeFiles/ros2_imu.dir/src/ext_svr.c.o\n'}
[5.670300] (ros2_imu) StdoutLine: {'line': b'/usr/bin/cc -DDEFAULT_RMW_IMPLEMENTATION=rmw_fastrtps_cpp -DRCUTILS_ENABLE_FAULT_INJECTION -DROS_PACKAGE_NAME=\\"ros2_imu\\" -I/home/ubuntu/ros2_ws/src/ros2_imu/include/ros2_imu -I/home/ubuntu/ros2_ws/src/ros2_imu/include -isystem /opt/ros/humble/include/geometry_msgs -isystem /opt/ros/humble/include/rclcpp -isystem /opt/ros/humble/include/std_msgs -isystem /opt/ros/humble/include/builtin_interfaces -isystem /opt/ros/humble/include/rosidl_runtime_c -isystem /opt/ros/humble/include/rcutils -isystem /opt/ros/humble/include/rosidl_typesupport_interface -isystem /opt/ros/humble/include/fastcdr -isystem /opt/ros/humble/include/rosidl_runtime_cpp -isystem /opt/ros/humble/include/rosidl_typesupport_fastrtps_cpp -isystem /opt/ros/humble/include/rmw -isystem /opt/ros/humble/include/rosidl_typesupport_fastrtps_c -isystem /opt/ros/humble/include/rosidl_typesupport_introspection_c -isystem /opt/ros/humble/include/rosidl_typesupport_introspection_cpp -isystem /opt/ros/humble/include/ament_index_cpp -isystem /opt/ros/humble/include/libstatistics_collector -isystem /opt/ros/humble/include/rcl -isystem /opt/ros/humble/include/rcl_interfaces -isystem /opt/ros/humble/include/rcl_logging_interface -isystem /opt/ros/humble/include/rcl_yaml_param_parser -isystem /opt/ros/humble/include/libyaml_vendor -isystem /opt/ros/humble/include/tracetools -isystem /opt/ros/humble/include/rcpputils -isystem /opt/ros/humble/include/statistics_msgs -isystem /opt/ros/humble/include/rosgraph_msgs -isystem /opt/ros/humble/include/rosidl_typesupport_cpp -isystem /opt/ros/humble/include/rosidl_typesupport_c -O3 -DNDEBUG -Wall -Wextra -Wpedantic -DMODEL=ros2_imu -DNUMST=1 -DNCSTATES=0 -DHAVESTDIO -DMODEL_HAS_DYNAMICALLY_LOADED_SFCNS=0 -DON_TARGET_WAIT_FOR_START=1 -DCLASSIC_INTERFACE=0 -DALLOCATIONFCN=0 -DTID01EQ=0 -DTERMFCN=1 -DONESTEPFCN=1 -DMAT_FILE=0 -DMULTI_INSTANCE_CODE=0 -DEXT_MODE=1 -DINTEGER_CODE=0 -DMT=0 -DROS2_PROJECT -DSTACK_SIZE=64 -D__MW_TARGET_USE_HARDWARE_RESOURCES_H__ -DRT=RT -fpermissive -std=gnu99 -MD -MT CMakeFiles/ros2_imu.dir/src/ext_svr.c.o -MF CMakeFiles/ros2_imu.dir/src/ext_svr.c.o.d -o CMakeFiles/ros2_imu.dir/src/ext_svr.c.o -c /home/ubuntu/ros2_ws/src/ros2_imu/src/ext_svr.c\n'}
[5.674000] (ros2_imu) StdoutLine: {'line': b'[ 15%] Building C object CMakeFiles/ros2_imu.dir/src/ext_work.c.o\n'}
[5.679135] (ros2_imu) StdoutLine: {'line': b'[ 23%] Building C object CMakeFiles/ros2_imu.dir/src/rtiostream_interface.c.o\n'}
[5.684550] (ros2_imu) StdoutLine: {'line': b'[ 30%] Building C object CMakeFiles/ros2_imu.dir/src/updown.c.o\n'}
[5.689049] (ros2_imu) StdoutLine: {'line': b'/usr/bin/cc -DDEFAULT_RMW_IMPLEMENTATION=rmw_fastrtps_cpp -DRCUTILS_ENABLE_FAULT_INJECTION -DROS_PACKAGE_NAME=\\"ros2_imu\\" -I/home/ubuntu/ros2_ws/src/ros2_imu/include/ros2_imu -I/home/ubuntu/ros2_ws/src/ros2_imu/include -isystem /opt/ros/humble/include/geometry_msgs -isystem /opt/ros/humble/include/rclcpp -isystem /opt/ros/humble/include/std_msgs -isystem /opt/ros/humble/include/builtin_interfaces -isystem /opt/ros/humble/include/rosidl_runtime_c -isystem /opt/ros/humble/include/rcutils -isystem /opt/ros/humble/include/rosidl_typesupport_interface -isystem /opt/ros/humble/include/fastcdr -isystem /opt/ros/humble/include/rosidl_runtime_cpp -isystem /opt/ros/humble/include/rosidl_typesupport_fastrtps_cpp -isystem /opt/ros/humble/include/rmw -isystem /opt/ros/humble/include/rosidl_typesupport_fastrtps_c -isystem /opt/ros/humble/include/rosidl_typesupport_introspection_c -isystem /opt/ros/humble/include/rosidl_typesupport_introspection_cpp -isystem /opt/ros/humble/include/ament_index_cpp -isystem /opt/ros/humble/include/libstatistics_collector -isystem /opt/ros/humble/include/rcl -isystem /opt/ros/humble/include/rcl_interfaces -isystem /opt/ros/humble/include/rcl_logging_interface -isystem /opt/ros/humble/include/rcl_yaml_param_parser -isystem /opt/ros/humble/include/libyaml_vendor -isystem /opt/ros/humble/include/tracetools -isystem /opt/ros/humble/include/rcpputils -isystem /opt/ros/humble/include/statistics_msgs -isystem /opt/ros/humble/include/rosgraph_msgs -isystem /opt/ros/humble/include/rosidl_typesupport_cpp -isystem /opt/ros/humble/include/rosidl_typesupport_c -O3 -DNDEBUG -Wall -Wextra -Wpedantic -DMODEL=ros2_imu -DNUMST=1 -DNCSTATES=0 -DHAVESTDIO -DMODEL_HAS_DYNAMICALLY_LOADED_SFCNS=0 -DON_TARGET_WAIT_FOR_START=1 -DCLASSIC_INTERFACE=0 -DALLOCATIONFCN=0 -DTID01EQ=0 -DTERMFCN=1 -DONESTEPFCN=1 -DMAT_FILE=0 -DMULTI_INSTANCE_CODE=0 -DEXT_MODE=1 -DINTEGER_CODE=0 -DMT=0 -DROS2_PROJECT -DSTACK_SIZE=64 -D__MW_TARGET_USE_HARDWARE_RESOURCES_H__ -DRT=RT -fpermissive -std=gnu99 -MD -MT CMakeFiles/ros2_imu.dir/src/ext_work.c.o -MF CMakeFiles/ros2_imu.dir/src/ext_work.c.o.d -o CMakeFiles/ros2_imu.dir/src/ext_work.c.o -c /home/ubuntu/ros2_ws/src/ros2_imu/src/ext_work.c\n'}
[5.700945] (ros2_imu) StdoutLine: {'line': b'/usr/bin/cc -DDEFAULT_RMW_IMPLEMENTATION=rmw_fastrtps_cpp -DRCUTILS_ENABLE_FAULT_INJECTION -DROS_PACKAGE_NAME=\\"ros2_imu\\" -I/home/ubuntu/ros2_ws/src/ros2_imu/include/ros2_imu -I/home/ubuntu/ros2_ws/src/ros2_imu/include -isystem /opt/ros/humble/include/geometry_msgs -isystem /opt/ros/humble/include/rclcpp -isystem /opt/ros/humble/include/std_msgs -isystem /opt/ros/humble/include/builtin_interfaces -isystem /opt/ros/humble/include/rosidl_runtime_c -isystem /opt/ros/humble/include/rcutils -isystem /opt/ros/humble/include/rosidl_typesupport_interface -isystem /opt/ros/humble/include/fastcdr -isystem /opt/ros/humble/include/rosidl_runtime_cpp -isystem /opt/ros/humble/include/rosidl_typesupport_fastrtps_cpp -isystem /opt/ros/humble/include/rmw -isystem /opt/ros/humble/include/rosidl_typesupport_fastrtps_c -isystem /opt/ros/humble/include/rosidl_typesupport_introspection_c -isystem /opt/ros/humble/include/rosidl_typesupport_introspection_cpp -isystem /opt/ros/humble/include/ament_index_cpp -isystem /opt/ros/humble/include/libstatistics_collector -isystem /opt/ros/humble/include/rcl -isystem /opt/ros/humble/include/rcl_interfaces -isystem /opt/ros/humble/include/rcl_logging_interface -isystem /opt/ros/humble/include/rcl_yaml_param_parser -isystem /opt/ros/humble/include/libyaml_vendor -isystem /opt/ros/humble/include/tracetools -isystem /opt/ros/humble/include/rcpputils -isystem /opt/ros/humble/include/statistics_msgs -isystem /opt/ros/humble/include/rosgraph_msgs -isystem /opt/ros/humble/include/rosidl_typesupport_cpp -isystem /opt/ros/humble/include/rosidl_typesupport_c -O3 -DNDEBUG -Wall -Wextra -Wpedantic -DMODEL=ros2_imu -DNUMST=1 -DNCSTATES=0 -DHAVESTDIO -DMODEL_HAS_DYNAMICALLY_LOADED_SFCNS=0 -DON_TARGET_WAIT_FOR_START=1 -DCLASSIC_INTERFACE=0 -DALLOCATIONFCN=0 -DTID01EQ=0 -DTERMFCN=1 -DONESTEPFCN=1 -DMAT_FILE=0 -DMULTI_INSTANCE_CODE=0 -DEXT_MODE=1 -DINTEGER_CODE=0 -DMT=0 -DROS2_PROJECT -DSTACK_SIZE=64 -D__MW_TARGET_USE_HARDWARE_RESOURCES_H__ -DRT=RT -fpermissive -std=gnu99 -MD -MT CMakeFiles/ros2_imu.dir/src/rtiostream_interface.c.o -MF CMakeFiles/ros2_imu.dir/src/rtiostream_interface.c.o.d -o CMakeFiles/ros2_imu.dir/src/rtiostream_interface.c.o -c /home/ubuntu/ros2_ws/src/ros2_imu/src/rtiostream_interface.c\n'}
[5.712323] (ros2_imu) StdoutLine: {'line': b'/usr/bin/cc -DDEFAULT_RMW_IMPLEMENTATION=rmw_fastrtps_cpp -DRCUTILS_ENABLE_FAULT_INJECTION -DROS_PACKAGE_NAME=\\"ros2_imu\\" -I/home/ubuntu/ros2_ws/src/ros2_imu/include/ros2_imu -I/home/ubuntu/ros2_ws/src/ros2_imu/include -isystem /opt/ros/humble/include/geometry_msgs -isystem /opt/ros/humble/include/rclcpp -isystem /opt/ros/humble/include/std_msgs -isystem /opt/ros/humble/include/builtin_interfaces -isystem /opt/ros/humble/include/rosidl_runtime_c -isystem /opt/ros/humble/include/rcutils -isystem /opt/ros/humble/include/rosidl_typesupport_interface -isystem /opt/ros/humble/include/fastcdr -isystem /opt/ros/humble/include/rosidl_runtime_cpp -isystem /opt/ros/humble/include/rosidl_typesupport_fastrtps_cpp -isystem /opt/ros/humble/include/rmw -isystem /opt/ros/humble/include/rosidl_typesupport_fastrtps_c -isystem /opt/ros/humble/include/rosidl_typesupport_introspection_c -isystem /opt/ros/humble/include/rosidl_typesupport_introspection_cpp -isystem /opt/ros/humble/include/ament_index_cpp -isystem /opt/ros/humble/include/libstatistics_collector -isystem /opt/ros/humble/include/rcl -isystem /opt/ros/humble/include/rcl_interfaces -isystem /opt/ros/humble/include/rcl_logging_interface -isystem /opt/ros/humble/include/rcl_yaml_param_parser -isystem /opt/ros/humble/include/libyaml_vendor -isystem /opt/ros/humble/include/tracetools -isystem /opt/ros/humble/include/rcpputils -isystem /opt/ros/humble/include/statistics_msgs -isystem /opt/ros/humble/include/rosgraph_msgs -isystem /opt/ros/humble/include/rosidl_typesupport_cpp -isystem /opt/ros/humble/include/rosidl_typesupport_c -O3 -DNDEBUG -Wall -Wextra -Wpedantic -DMODEL=ros2_imu -DNUMST=1 -DNCSTATES=0 -DHAVESTDIO -DMODEL_HAS_DYNAMICALLY_LOADED_SFCNS=0 -DON_TARGET_WAIT_FOR_START=1 -DCLASSIC_INTERFACE=0 -DALLOCATIONFCN=0 -DTID01EQ=0 -DTERMFCN=1 -DONESTEPFCN=1 -DMAT_FILE=0 -DMULTI_INSTANCE_CODE=0 -DEXT_MODE=1 -DINTEGER_CODE=0 -DMT=0 -DROS2_PROJECT -DSTACK_SIZE=64 -D__MW_TARGET_USE_HARDWARE_RESOURCES_H__ -DRT=RT -fpermissive -std=gnu99 -MD -MT CMakeFiles/ros2_imu.dir/src/updown.c.o -MF CMakeFiles/ros2_imu.dir/src/updown.c.o.d -o CMakeFiles/ros2_imu.dir/src/updown.c.o -c /home/ubuntu/ros2_ws/src/ros2_imu/src/updown.c\n'}
[5.726127] (ros2_imu) StderrLine: {'line': b"cc1: warning: command-line option '-fpermissive' is valid for C++/ObjC++ but not for C\n"}
[5.731981] (ros2_imu) StderrLine: {'line': b"cc1: warning: command-line option '-fpermissive' is valid for C++/ObjC++ but not for C\n"}
[5.732747] (-) TimerEvent: {}
[5.768771] (ros2_imu) StderrLine: {'line': b"cc1: warning: command-line option '-fpermissive' is valid for C++/ObjC++ but not for C\n"}
[5.781330] (ros2_imu) StderrLine: {'line': b"cc1: warning: command-line option '-fpermissive' is valid for C++/ObjC++ but not for C\n"}
[5.832953] (-) TimerEvent: {}
[5.933458] (-) TimerEvent: {}
[6.033922] (-) TimerEvent: {}
[6.134399] (-) TimerEvent: {}
[6.234810] (-) TimerEvent: {}
[6.335249] (-) TimerEvent: {}
[6.435751] (-) TimerEvent: {}
[6.536793] (-) TimerEvent: {}
[6.637381] (-) TimerEvent: {}
[6.648060] (ros2_imu) StdoutLine: {'line': b'[ 38%] Building C object CMakeFiles/ros2_imu.dir/src/rtiostream_utils.c.o\n'}
[6.661569] (ros2_imu) StdoutLine: {'line': b'/usr/bin/cc -DDEFAULT_RMW_IMPLEMENTATION=rmw_fastrtps_cpp -DRCUTILS_ENABLE_FAULT_INJECTION -DROS_PACKAGE_NAME=\\"ros2_imu\\" -I/home/ubuntu/ros2_ws/src/ros2_imu/include/ros2_imu -I/home/ubuntu/ros2_ws/src/ros2_imu/include -isystem /opt/ros/humble/include/geometry_msgs -isystem /opt/ros/humble/include/rclcpp -isystem /opt/ros/humble/include/std_msgs -isystem /opt/ros/humble/include/builtin_interfaces -isystem /opt/ros/humble/include/rosidl_runtime_c -isystem /opt/ros/humble/include/rcutils -isystem /opt/ros/humble/include/rosidl_typesupport_interface -isystem /opt/ros/humble/include/fastcdr -isystem /opt/ros/humble/include/rosidl_runtime_cpp -isystem /opt/ros/humble/include/rosidl_typesupport_fastrtps_cpp -isystem /opt/ros/humble/include/rmw -isystem /opt/ros/humble/include/rosidl_typesupport_fastrtps_c -isystem /opt/ros/humble/include/rosidl_typesupport_introspection_c -isystem /opt/ros/humble/include/rosidl_typesupport_introspection_cpp -isystem /opt/ros/humble/include/ament_index_cpp -isystem /opt/ros/humble/include/libstatistics_collector -isystem /opt/ros/humble/include/rcl -isystem /opt/ros/humble/include/rcl_interfaces -isystem /opt/ros/humble/include/rcl_logging_interface -isystem /opt/ros/humble/include/rcl_yaml_param_parser -isystem /opt/ros/humble/include/libyaml_vendor -isystem /opt/ros/humble/include/tracetools -isystem /opt/ros/humble/include/rcpputils -isystem /opt/ros/humble/include/statistics_msgs -isystem /opt/ros/humble/include/rosgraph_msgs -isystem /opt/ros/humble/include/rosidl_typesupport_cpp -isystem /opt/ros/humble/include/rosidl_typesupport_c -O3 -DNDEBUG -Wall -Wextra -Wpedantic -DMODEL=ros2_imu -DNUMST=1 -DNCSTATES=0 -DHAVESTDIO -DMODEL_HAS_DYNAMICALLY_LOADED_SFCNS=0 -DON_TARGET_WAIT_FOR_START=1 -DCLASSIC_INTERFACE=0 -DALLOCATIONFCN=0 -DTID01EQ=0 -DTERMFCN=1 -DONESTEPFCN=1 -DMAT_FILE=0 -DMULTI_INSTANCE_CODE=0 -DEXT_MODE=1 -DINTEGER_CODE=0 -DMT=0 -DROS2_PROJECT -DSTACK_SIZE=64 -D__MW_TARGET_USE_HARDWARE_RESOURCES_H__ -DRT=RT -fpermissive -std=gnu99 -MD -MT CMakeFiles/ros2_imu.dir/src/rtiostream_utils.c.o -MF CMakeFiles/ros2_imu.dir/src/rtiostream_utils.c.o.d -o CMakeFiles/ros2_imu.dir/src/rtiostream_utils.c.o -c /home/ubuntu/ros2_ws/src/ros2_imu/src/rtiostream_utils.c\n'}
[6.737654] (-) TimerEvent: {}
[6.741319] (ros2_imu) StderrLine: {'line': b"cc1: warning: command-line option '-fpermissive' is valid for C++/ObjC++ but not for C\n"}
[6.838480] (-) TimerEvent: {}
[6.939094] (-) TimerEvent: {}
[7.014848] (ros2_imu) StdoutLine: {'line': b'[ 46%] Building CXX object CMakeFiles/ros2_imu.dir/src/main.cpp.o\n'}
[7.032813] (ros2_imu) StdoutLine: {'line': b'/usr/bin/c++ -DDEFAULT_RMW_IMPLEMENTATION=rmw_fastrtps_cpp -DRCUTILS_ENABLE_FAULT_INJECTION -DROS_PACKAGE_NAME=\\"ros2_imu\\" -I/home/ubuntu/ros2_ws/src/ros2_imu/include/ros2_imu -I/home/ubuntu/ros2_ws/src/ros2_imu/include -isystem /opt/ros/humble/include/geometry_msgs -isystem /opt/ros/humble/include/rclcpp -isystem /opt/ros/humble/include/std_msgs -isystem /opt/ros/humble/include/builtin_interfaces -isystem /opt/ros/humble/include/rosidl_runtime_c -isystem /opt/ros/humble/include/rcutils -isystem /opt/ros/humble/include/rosidl_typesupport_interface -isystem /opt/ros/humble/include/fastcdr -isystem /opt/ros/humble/include/rosidl_runtime_cpp -isystem /opt/ros/humble/include/rosidl_typesupport_fastrtps_cpp -isystem /opt/ros/humble/include/rmw -isystem /opt/ros/humble/include/rosidl_typesupport_fastrtps_c -isystem /opt/ros/humble/include/rosidl_typesupport_introspection_c -isystem /opt/ros/humble/include/rosidl_typesupport_introspection_cpp -isystem /opt/ros/humble/include/ament_index_cpp -isystem /opt/ros/humble/include/libstatistics_collector -isystem /opt/ros/humble/include/rcl -isystem /opt/ros/humble/include/rcl_interfaces -isystem /opt/ros/humble/include/rcl_logging_interface -isystem /opt/ros/humble/include/rcl_yaml_param_parser -isystem /opt/ros/humble/include/libyaml_vendor -isystem /opt/ros/humble/include/tracetools -isystem /opt/ros/humble/include/rcpputils -isystem /opt/ros/humble/include/statistics_msgs -isystem /opt/ros/humble/include/rosgraph_msgs -isystem /opt/ros/humble/include/rosidl_typesupport_cpp -isystem /opt/ros/humble/include/rosidl_typesupport_c -O3 -DNDEBUG -Wall -Wextra -Wpedantic -DMODEL=ros2_imu -DNUMST=1 -DNCSTATES=0 -DHAVESTDIO -DMODEL_HAS_DYNAMICALLY_LOADED_SFCNS=0 -DON_TARGET_WAIT_FOR_START=1 -DCLASSIC_INTERFACE=0 -DALLOCATIONFCN=0 -DTID01EQ=0 -DTERMFCN=1 -DONESTEPFCN=1 -DMAT_FILE=0 -DMULTI_INSTANCE_CODE=0 -DEXT_MODE=1 -DINTEGER_CODE=0 -DMT=0 -DROS2_PROJECT -DSTACK_SIZE=64 -D__MW_TARGET_USE_HARDWARE_RESOURCES_H__ -DRT=RT -fpermissive -MD -MT CMakeFiles/ros2_imu.dir/src/main.cpp.o -MF CMakeFiles/ros2_imu.dir/src/main.cpp.o.d -o CMakeFiles/ros2_imu.dir/src/main.cpp.o -c /home/ubuntu/ros2_ws/src/ros2_imu/src/main.cpp\n'}
[7.039861] (-) TimerEvent: {}
[7.140487] (-) TimerEvent: {}
[7.241051] (-) TimerEvent: {}
[7.266902] (ros2_imu) StdoutLine: {'line': b'[ 53%] Building CXX object CMakeFiles/ros2_imu.dir/src/ros2_imu.cpp.o\n'}
[7.281046] (ros2_imu) StdoutLine: {'line': b'/usr/bin/c++ -DDEFAULT_RMW_IMPLEMENTATION=rmw_fastrtps_cpp -DRCUTILS_ENABLE_FAULT_INJECTION -DROS_PACKAGE_NAME=\\"ros2_imu\\" -I/home/ubuntu/ros2_ws/src/ros2_imu/include/ros2_imu -I/home/ubuntu/ros2_ws/src/ros2_imu/include -isystem /opt/ros/humble/include/geometry_msgs -isystem /opt/ros/humble/include/rclcpp -isystem /opt/ros/humble/include/std_msgs -isystem /opt/ros/humble/include/builtin_interfaces -isystem /opt/ros/humble/include/rosidl_runtime_c -isystem /opt/ros/humble/include/rcutils -isystem /opt/ros/humble/include/rosidl_typesupport_interface -isystem /opt/ros/humble/include/fastcdr -isystem /opt/ros/humble/include/rosidl_runtime_cpp -isystem /opt/ros/humble/include/rosidl_typesupport_fastrtps_cpp -isystem /opt/ros/humble/include/rmw -isystem /opt/ros/humble/include/rosidl_typesupport_fastrtps_c -isystem /opt/ros/humble/include/rosidl_typesupport_introspection_c -isystem /opt/ros/humble/include/rosidl_typesupport_introspection_cpp -isystem /opt/ros/humble/include/ament_index_cpp -isystem /opt/ros/humble/include/libstatistics_collector -isystem /opt/ros/humble/include/rcl -isystem /opt/ros/humble/include/rcl_interfaces -isystem /opt/ros/humble/include/rcl_logging_interface -isystem /opt/ros/humble/include/rcl_yaml_param_parser -isystem /opt/ros/humble/include/libyaml_vendor -isystem /opt/ros/humble/include/tracetools -isystem /opt/ros/humble/include/rcpputils -isystem /opt/ros/humble/include/statistics_msgs -isystem /opt/ros/humble/include/rosgraph_msgs -isystem /opt/ros/humble/include/rosidl_typesupport_cpp -isystem /opt/ros/humble/include/rosidl_typesupport_c -O3 -DNDEBUG -Wall -Wextra -Wpedantic -DMODEL=ros2_imu -DNUMST=1 -DNCSTATES=0 -DHAVESTDIO -DMODEL_HAS_DYNAMICALLY_LOADED_SFCNS=0 -DON_TARGET_WAIT_FOR_START=1 -DCLASSIC_INTERFACE=0 -DALLOCATIONFCN=0 -DTID01EQ=0 -DTERMFCN=1 -DONESTEPFCN=1 -DMAT_FILE=0 -DMULTI_INSTANCE_CODE=0 -DEXT_MODE=1 -DINTEGER_CODE=0 -DMT=0 -DROS2_PROJECT -DSTACK_SIZE=64 -D__MW_TARGET_USE_HARDWARE_RESOURCES_H__ -DRT=RT -fpermissive -MD -MT CMakeFiles/ros2_imu.dir/src/ros2_imu.cpp.o -MF CMakeFiles/ros2_imu.dir/src/ros2_imu.cpp.o.d -o CMakeFiles/ros2_imu.dir/src/ros2_imu.cpp.o -c /home/ubuntu/ros2_ws/src/ros2_imu/src/ros2_imu.cpp\n'}
[7.341281] (-) TimerEvent: {}
[7.441736] (-) TimerEvent: {}
[7.542211] (-) TimerEvent: {}
[7.642714] (-) TimerEvent: {}
[7.743201] (-) TimerEvent: {}
[7.843654] (-) TimerEvent: {}
[7.944747] (-) TimerEvent: {}
[8.045283] (-) TimerEvent: {}
[8.147784] (-) TimerEvent: {}
[8.250294] (-) TimerEvent: {}
[8.352205] (-) TimerEvent: {}
[8.453255] (-) TimerEvent: {}
[8.553792] (-) TimerEvent: {}
[8.654415] (-) TimerEvent: {}
[8.755007] (-) TimerEvent: {}
[8.855481] (-) TimerEvent: {}
[8.955998] (-) TimerEvent: {}
[9.056491] (-) TimerEvent: {}
[9.156948] (-) TimerEvent: {}
[9.257389] (-) TimerEvent: {}
[9.357881] (-) TimerEvent: {}
[9.458405] (-) TimerEvent: {}
[9.558917] (-) TimerEvent: {}
[9.563421] (ros2_imu) StdoutLine: {'line': b'[ 61%] Building CXX object CMakeFiles/ros2_imu.dir/src/ros2nodeinterface.cpp.o\n'}
[9.569940] (ros2_imu) StdoutLine: {'line': b'[ 69%] Building CXX object CMakeFiles/ros2_imu.dir/src/ros2_imu_data.cpp.o\n'}
[9.572636] (ros2_imu) StdoutLine: {'line': b'/usr/bin/c++ -DDEFAULT_RMW_IMPLEMENTATION=rmw_fastrtps_cpp -DRCUTILS_ENABLE_FAULT_INJECTION -DROS_PACKAGE_NAME=\\"ros2_imu\\" -I/home/ubuntu/ros2_ws/src/ros2_imu/include/ros2_imu -I/home/ubuntu/ros2_ws/src/ros2_imu/include -isystem /opt/ros/humble/include/geometry_msgs -isystem /opt/ros/humble/include/rclcpp -isystem /opt/ros/humble/include/std_msgs -isystem /opt/ros/humble/include/builtin_interfaces -isystem /opt/ros/humble/include/rosidl_runtime_c -isystem /opt/ros/humble/include/rcutils -isystem /opt/ros/humble/include/rosidl_typesupport_interface -isystem /opt/ros/humble/include/fastcdr -isystem /opt/ros/humble/include/rosidl_runtime_cpp -isystem /opt/ros/humble/include/rosidl_typesupport_fastrtps_cpp -isystem /opt/ros/humble/include/rmw -isystem /opt/ros/humble/include/rosidl_typesupport_fastrtps_c -isystem /opt/ros/humble/include/rosidl_typesupport_introspection_c -isystem /opt/ros/humble/include/rosidl_typesupport_introspection_cpp -isystem /opt/ros/humble/include/ament_index_cpp -isystem /opt/ros/humble/include/libstatistics_collector -isystem /opt/ros/humble/include/rcl -isystem /opt/ros/humble/include/rcl_interfaces -isystem /opt/ros/humble/include/rcl_logging_interface -isystem /opt/ros/humble/include/rcl_yaml_param_parser -isystem /opt/ros/humble/include/libyaml_vendor -isystem /opt/ros/humble/include/tracetools -isystem /opt/ros/humble/include/rcpputils -isystem /opt/ros/humble/include/statistics_msgs -isystem /opt/ros/humble/include/rosgraph_msgs -isystem /opt/ros/humble/include/rosidl_typesupport_cpp -isystem /opt/ros/humble/include/rosidl_typesupport_c -O3 -DNDEBUG -Wall -Wextra -Wpedantic -DMODEL=ros2_imu -DNUMST=1 -DNCSTATES=0 -DHAVESTDIO -DMODEL_HAS_DYNAMICALLY_LOADED_SFCNS=0 -DON_TARGET_WAIT_FOR_START=1 -DCLASSIC_INTERFACE=0 -DALLOCATIONFCN=0 -DTID01EQ=0 -DTERMFCN=1 -DONESTEPFCN=1 -DMAT_FILE=0 -DMULTI_INSTANCE_CODE=0 -DEXT_MODE=1 -DINTEGER_CODE=0 -DMT=0 -DROS2_PROJECT -DSTACK_SIZE=64 -D__MW_TARGET_USE_HARDWARE_RESOURCES_H__ -DRT=RT -fpermissive -MD -MT CMakeFiles/ros2_imu.dir/src/ros2nodeinterface.cpp.o -MF CMakeFiles/ros2_imu.dir/src/ros2nodeinterface.cpp.o.d -o CMakeFiles/ros2_imu.dir/src/ros2nodeinterface.cpp.o -c /home/ubuntu/ros2_ws/src/ros2_imu/src/ros2nodeinterface.cpp\n'}
[9.577758] (ros2_imu) StdoutLine: {'line': b'/usr/bin/c++ -DDEFAULT_RMW_IMPLEMENTATION=rmw_fastrtps_cpp -DRCUTILS_ENABLE_FAULT_INJECTION -DROS_PACKAGE_NAME=\\"ros2_imu\\" -I/home/ubuntu/ros2_ws/src/ros2_imu/include/ros2_imu -I/home/ubuntu/ros2_ws/src/ros2_imu/include -isystem /opt/ros/humble/include/geometry_msgs -isystem /opt/ros/humble/include/rclcpp -isystem /opt/ros/humble/include/std_msgs -isystem /opt/ros/humble/include/builtin_interfaces -isystem /opt/ros/humble/include/rosidl_runtime_c -isystem /opt/ros/humble/include/rcutils -isystem /opt/ros/humble/include/rosidl_typesupport_interface -isystem /opt/ros/humble/include/fastcdr -isystem /opt/ros/humble/include/rosidl_runtime_cpp -isystem /opt/ros/humble/include/rosidl_typesupport_fastrtps_cpp -isystem /opt/ros/humble/include/rmw -isystem /opt/ros/humble/include/rosidl_typesupport_fastrtps_c -isystem /opt/ros/humble/include/rosidl_typesupport_introspection_c -isystem /opt/ros/humble/include/rosidl_typesupport_introspection_cpp -isystem /opt/ros/humble/include/ament_index_cpp -isystem /opt/ros/humble/include/libstatistics_collector -isystem /opt/ros/humble/include/rcl -isystem /opt/ros/humble/include/rcl_interfaces -isystem /opt/ros/humble/include/rcl_logging_interface -isystem /opt/ros/humble/include/rcl_yaml_param_parser -isystem /opt/ros/humble/include/libyaml_vendor -isystem /opt/ros/humble/include/tracetools -isystem /opt/ros/humble/include/rcpputils -isystem /opt/ros/humble/include/statistics_msgs -isystem /opt/ros/humble/include/rosgraph_msgs -isystem /opt/ros/humble/include/rosidl_typesupport_cpp -isystem /opt/ros/humble/include/rosidl_typesupport_c -O3 -DNDEBUG -Wall -Wextra -Wpedantic -DMODEL=ros2_imu -DNUMST=1 -DNCSTATES=0 -DHAVESTDIO -DMODEL_HAS_DYNAMICALLY_LOADED_SFCNS=0 -DON_TARGET_WAIT_FOR_START=1 -DCLASSIC_INTERFACE=0 -DALLOCATIONFCN=0 -DTID01EQ=0 -DTERMFCN=1 -DONESTEPFCN=1 -DMAT_FILE=0 -DMULTI_INSTANCE_CODE=0 -DEXT_MODE=1 -DINTEGER_CODE=0 -DMT=0 -DROS2_PROJECT -DSTACK_SIZE=64 -D__MW_TARGET_USE_HARDWARE_RESOURCES_H__ -DRT=RT -fpermissive -MD -MT CMakeFiles/ros2_imu.dir/src/ros2_imu_data.cpp.o -MF CMakeFiles/ros2_imu.dir/src/ros2_imu_data.cpp.o.d -o CMakeFiles/ros2_imu.dir/src/ros2_imu_data.cpp.o -c /home/ubuntu/ros2_ws/src/ros2_imu/src/ros2_imu_data.cpp\n'}
[9.659240] (-) TimerEvent: {}
[9.759706] (-) TimerEvent: {}
[9.860618] (-) TimerEvent: {}
[9.961087] (-) TimerEvent: {}
[10.061918] (-) TimerEvent: {}
[10.162552] (-) TimerEvent: {}
[10.262984] (-) TimerEvent: {}
[10.364292] (-) TimerEvent: {}
[10.464728] (-) TimerEvent: {}
[10.565204] (-) TimerEvent: {}
[10.665741] (-) TimerEvent: {}
[10.766182] (-) TimerEvent: {}
[10.866826] (-) TimerEvent: {}
[10.967289] (-) TimerEvent: {}
[11.067755] (-) TimerEvent: {}
[11.168259] (-) TimerEvent: {}
[11.268726] (-) TimerEvent: {}
[11.369197] (-) TimerEvent: {}
[11.469652] (-) TimerEvent: {}
[11.570168] (-) TimerEvent: {}
[11.670821] (-) TimerEvent: {}
[11.771395] (-) TimerEvent: {}
[11.871917] (-) TimerEvent: {}
[11.972697] (-) TimerEvent: {}
[12.073253] (-) TimerEvent: {}
[12.174306] (-) TimerEvent: {}
[12.275570] (-) TimerEvent: {}
[12.376163] (-) TimerEvent: {}
[12.476698] (-) TimerEvent: {}
[12.577211] (-) TimerEvent: {}
[12.677678] (-) TimerEvent: {}
[12.778135] (-) TimerEvent: {}
[12.878560] (-) TimerEvent: {}
[12.979118] (-) TimerEvent: {}
[13.079587] (-) TimerEvent: {}
[13.180653] (-) TimerEvent: {}
[13.281188] (-) TimerEvent: {}
[13.390526] (-) TimerEvent: {}
[13.490964] (-) TimerEvent: {}
[13.591448] (-) TimerEvent: {}
[13.692036] (-) TimerEvent: {}
[13.795199] (-) TimerEvent: {}
[13.895779] (-) TimerEvent: {}
[13.996904] (-) TimerEvent: {}
[14.097393] (-) TimerEvent: {}
[14.197892] (-) TimerEvent: {}
[14.298442] (-) TimerEvent: {}
[14.399087] (-) TimerEvent: {}
[14.499689] (-) TimerEvent: {}
[14.600236] (-) TimerEvent: {}
[14.700768] (-) TimerEvent: {}
[14.801803] (-) TimerEvent: {}
[14.903011] (-) TimerEvent: {}
[15.004591] (-) TimerEvent: {}
[15.106512] (-) TimerEvent: {}
[15.209240] (-) TimerEvent: {}
[15.310002] (-) TimerEvent: {}
[15.411515] (-) TimerEvent: {}
[15.512463] (-) TimerEvent: {}
[15.613298] (-) TimerEvent: {}
[15.714154] (-) TimerEvent: {}
[15.815419] (-) TimerEvent: {}
[15.916379] (-) TimerEvent: {}
[16.017274] (-) TimerEvent: {}
[16.117927] (-) TimerEvent: {}
[16.218652] (-) TimerEvent: {}
[16.319391] (-) TimerEvent: {}
[16.420726] (-) TimerEvent: {}
[16.521409] (-) TimerEvent: {}
[16.623306] (-) TimerEvent: {}
[16.724242] (-) TimerEvent: {}
[16.825208] (-) TimerEvent: {}
[16.925943] (-) TimerEvent: {}
[17.026911] (-) TimerEvent: {}
[17.127912] (-) TimerEvent: {}
[17.228590] (-) TimerEvent: {}
[17.329496] (-) TimerEvent: {}
[17.430968] (-) TimerEvent: {}
[17.531760] (-) TimerEvent: {}
[17.632842] (-) TimerEvent: {}
[17.733495] (-) TimerEvent: {}
[17.834250] (-) TimerEvent: {}
[17.935096] (-) TimerEvent: {}
[18.036675] (-) TimerEvent: {}
[18.137343] (-) TimerEvent: {}
[18.237861] (-) TimerEvent: {}
[18.338613] (-) TimerEvent: {}
[18.468562] (-) TimerEvent: {}
[18.569070] (-) TimerEvent: {}
[18.670822] (-) TimerEvent: {}
[18.771744] (-) TimerEvent: {}
[18.873379] (-) TimerEvent: {}
[18.974665] (-) TimerEvent: {}
[19.076382] (-) TimerEvent: {}
[19.176884] (-) TimerEvent: {}
[19.278293] (-) TimerEvent: {}
[19.379042] (-) TimerEvent: {}
[19.479565] (-) TimerEvent: {}
[19.580613] (-) TimerEvent: {}
[19.682308] (-) TimerEvent: {}
[19.783903] (-) TimerEvent: {}
[19.886944] (-) TimerEvent: {}
[19.989470] (-) TimerEvent: {}
[20.091115] (-) TimerEvent: {}
[20.192874] (-) TimerEvent: {}
[20.294146] (-) TimerEvent: {}
[20.395441] (-) TimerEvent: {}
[20.496217] (-) TimerEvent: {}
[20.597150] (-) TimerEvent: {}
[20.697892] (-) TimerEvent: {}
[20.798675] (-) TimerEvent: {}
[20.899332] (-) TimerEvent: {}
[21.000143] (-) TimerEvent: {}
[21.102560] (-) TimerEvent: {}
[21.203484] (-) TimerEvent: {}
[21.304283] (-) TimerEvent: {}
[21.404791] (-) TimerEvent: {}
[21.505403] (-) TimerEvent: {}
[21.606146] (-) TimerEvent: {}
[21.709323] (-) TimerEvent: {}
[21.810624] (-) TimerEvent: {}
[21.911412] (-) TimerEvent: {}
[22.013936] (-) TimerEvent: {}
[22.116379] (-) TimerEvent: {}
[22.217847] (-) TimerEvent: {}
[22.318998] (-) TimerEvent: {}
[22.421441] (-) TimerEvent: {}
[22.522265] (-) TimerEvent: {}
[22.623261] (-) TimerEvent: {}
[22.724521] (-) TimerEvent: {}
[22.825303] (-) TimerEvent: {}
[22.926209] (-) TimerEvent: {}
[23.027077] (-) TimerEvent: {}
[23.127913] (-) TimerEvent: {}
[23.228800] (-) TimerEvent: {}
[23.330951] (-) TimerEvent: {}
[23.431747] (-) TimerEvent: {}
[23.532558] (-) TimerEvent: {}
[23.633445] (-) TimerEvent: {}
[23.733985] (-) TimerEvent: {}
[23.834480] (-) TimerEvent: {}
[23.935547] (-) TimerEvent: {}
[24.036073] (-) TimerEvent: {}
[24.136561] (-) TimerEvent: {}
[24.237134] (-) TimerEvent: {}
[24.337716] (-) TimerEvent: {}
[24.438239] (-) TimerEvent: {}
[24.543462] (-) TimerEvent: {}
[24.644053] (-) TimerEvent: {}
[24.744560] (-) TimerEvent: {}
[24.845340] (-) TimerEvent: {}
[24.945952] (-) TimerEvent: {}
[25.046818] (-) TimerEvent: {}
[25.147423] (-) TimerEvent: {}
[25.248394] (-) TimerEvent: {}
[25.348925] (-) TimerEvent: {}
[25.449527] (-) TimerEvent: {}
[25.550185] (-) TimerEvent: {}
[25.652095] (-) TimerEvent: {}
[25.752686] (-) TimerEvent: {}
[25.853224] (-) TimerEvent: {}
[25.953764] (-) TimerEvent: {}
[26.054247] (-) TimerEvent: {}
[26.154755] (-) TimerEvent: {}
[26.255299] (-) TimerEvent: {}
[26.355818] (-) TimerEvent: {}
[26.456638] (-) TimerEvent: {}
[26.557479] (-) TimerEvent: {}
[26.658155] (-) TimerEvent: {}
[26.758726] (-) TimerEvent: {}
[26.859287] (-) TimerEvent: {}
[26.959882] (-) TimerEvent: {}
[27.060458] (-) TimerEvent: {}
[27.160993] (-) TimerEvent: {}
[27.262319] (-) TimerEvent: {}
[27.362890] (-) TimerEvent: {}
[27.463402] (-) TimerEvent: {}
[27.563910] (-) TimerEvent: {}
[27.664408] (-) TimerEvent: {}
[27.764965] (-) TimerEvent: {}
[27.865444] (-) TimerEvent: {}
[27.965952] (-) TimerEvent: {}
[28.066466] (-) TimerEvent: {}
[28.166958] (-) TimerEvent: {}
[28.267432] (-) TimerEvent: {}
[28.368045] (-) TimerEvent: {}
[28.468586] (-) TimerEvent: {}
[28.569285] (-) TimerEvent: {}
[28.669824] (-) TimerEvent: {}
[28.770327] (-) TimerEvent: {}
[28.870899] (-) TimerEvent: {}
[28.971411] (-) TimerEvent: {}
[29.072043] (-) TimerEvent: {}
[29.172677] (-) TimerEvent: {}
[29.273214] (-) TimerEvent: {}
[29.373844] (-) TimerEvent: {}
[29.474710] (-) TimerEvent: {}
[29.578056] (-) TimerEvent: {}
[29.678563] (-) TimerEvent: {}
[29.779148] (-) TimerEvent: {}
[29.879690] (-) TimerEvent: {}
[29.980216] (-) TimerEvent: {}
[30.080677] (-) TimerEvent: {}
[30.181215] (-) TimerEvent: {}
[30.281742] (-) TimerEvent: {}
[30.382229] (-) TimerEvent: {}
[30.482764] (-) TimerEvent: {}
[30.583358] (-) TimerEvent: {}
[30.683961] (-) TimerEvent: {}
[30.784723] (-) TimerEvent: {}
[30.885369] (-) TimerEvent: {}
[30.985934] (-) TimerEvent: {}
[31.086482] (-) TimerEvent: {}
[31.187109] (-) TimerEvent: {}
[31.287965] (-) TimerEvent: {}
[31.388886] (-) TimerEvent: {}
[31.489438] (-) TimerEvent: {}
[31.589983] (-) TimerEvent: {}
[31.690502] (-) TimerEvent: {}
[31.791013] (-) TimerEvent: {}
[31.891546] (-) TimerEvent: {}
[31.992608] (-) TimerEvent: {}
[32.093125] (-) TimerEvent: {}
[32.193731] (-) TimerEvent: {}
[32.294272] (-) TimerEvent: {}
[32.394821] (-) TimerEvent: {}
[32.495329] (-) TimerEvent: {}
[32.595953] (-) TimerEvent: {}
[32.696805] (-) TimerEvent: {}
[32.797494] (-) TimerEvent: {}
[32.898041] (-) TimerEvent: {}
[32.998511] (-) TimerEvent: {}
[33.099298] (-) TimerEvent: {}
[33.199944] (-) TimerEvent: {}
[33.300958] (-) TimerEvent: {}
[33.401522] (-) TimerEvent: {}
[33.502069] (-) TimerEvent: {}
[33.602599] (-) TimerEvent: {}
[33.703324] (-) TimerEvent: {}
[33.804221] (-) TimerEvent: {}
[33.904797] (-) TimerEvent: {}
[34.005369] (-) TimerEvent: {}
[34.105878] (-) TimerEvent: {}
[34.206457] (-) TimerEvent: {}
[34.307020] (-) TimerEvent: {}
[34.407529] (-) TimerEvent: {}
[34.508143] (-) TimerEvent: {}
[34.611285] (-) TimerEvent: {}
[34.712122] (-) TimerEvent: {}
[34.812643] (-) TimerEvent: {}
[34.913189] (-) TimerEvent: {}
[35.013755] (-) TimerEvent: {}
[35.114285] (-) TimerEvent: {}
[35.214811] (-) TimerEvent: {}
[35.315325] (-) TimerEvent: {}
[35.415897] (-) TimerEvent: {}
[35.516393] (-) TimerEvent: {}
[35.616908] (-) TimerEvent: {}
[35.717410] (-) TimerEvent: {}
[35.818007] (-) TimerEvent: {}
[35.918585] (-) TimerEvent: {}
[36.019144] (-) TimerEvent: {}
[36.119610] (-) TimerEvent: {}
[36.220099] (-) TimerEvent: {}
[36.320994] (-) TimerEvent: {}
[36.421553] (-) TimerEvent: {}
[36.522085] (-) TimerEvent: {}
[36.622598] (-) TimerEvent: {}
[36.723091] (-) TimerEvent: {}
[36.823599] (-) TimerEvent: {}
[36.924143] (-) TimerEvent: {}
[37.024673] (-) TimerEvent: {}
[37.125217] (-) TimerEvent: {}
[37.225762] (-) TimerEvent: {}
[37.326250] (-) TimerEvent: {}
[37.426760] (-) TimerEvent: {}
[37.527280] (-) TimerEvent: {}
[37.627776] (-) TimerEvent: {}
[37.728351] (-) TimerEvent: {}
[37.828895] (-) TimerEvent: {}
[37.930537] (-) TimerEvent: {}
[38.031033] (-) TimerEvent: {}
[38.131516] (-) TimerEvent: {}
[38.232028] (-) TimerEvent: {}
[38.332562] (-) TimerEvent: {}
[38.433122] (-) TimerEvent: {}
[38.533631] (-) TimerEvent: {}
[38.634120] (-) TimerEvent: {}
[38.734611] (-) TimerEvent: {}
[38.835076] (-) TimerEvent: {}
[38.936177] (-) TimerEvent: {}
[39.036701] (-) TimerEvent: {}
[39.137207] (-) TimerEvent: {}
[39.237684] (-) TimerEvent: {}
[39.338395] (-) TimerEvent: {}
[39.438940] (-) TimerEvent: {}
[39.539470] (-) TimerEvent: {}
[39.645616] (-) TimerEvent: {}
[39.746118] (-) TimerEvent: {}
[39.846659] (-) TimerEvent: {}
[39.947214] (-) TimerEvent: {}
[40.047715] (-) TimerEvent: {}
[40.148267] (-) TimerEvent: {}
[40.248771] (-) TimerEvent: {}
[40.349341] (-) TimerEvent: {}
[40.449888] (-) TimerEvent: {}
[40.550438] (-) TimerEvent: {}
[40.651017] (-) TimerEvent: {}
[40.751951] (-) TimerEvent: {}
[40.852467] (-) TimerEvent: {}
[40.952964] (-) TimerEvent: {}
[41.053429] (-) TimerEvent: {}
[41.154158] (-) TimerEvent: {}
[41.254681] (-) TimerEvent: {}
[41.355180] (-) TimerEvent: {}
[41.455716] (-) TimerEvent: {}
[41.556243] (-) TimerEvent: {}
[41.656748] (-) TimerEvent: {}
[41.757298] (-) TimerEvent: {}
[41.857807] (-) TimerEvent: {}
[41.958607] (-) TimerEvent: {}
[42.059520] (-) TimerEvent: {}
[42.160035] (-) TimerEvent: {}
[42.260536] (-) TimerEvent: {}
[42.361461] (-) TimerEvent: {}
[42.461986] (-) TimerEvent: {}
[42.562560] (-) TimerEvent: {}
[42.666966] (-) TimerEvent: {}
[42.767476] (-) TimerEvent: {}
[42.868331] (-) TimerEvent: {}
[42.969108] (-) TimerEvent: {}
[43.069631] (-) TimerEvent: {}
[43.170129] (-) TimerEvent: {}
[43.270600] (-) TimerEvent: {}
[43.371890] (-) TimerEvent: {}
[43.472352] (-) TimerEvent: {}
[43.572870] (-) TimerEvent: {}
[43.673362] (-) TimerEvent: {}
[43.773958] (-) TimerEvent: {}
[43.874509] (-) TimerEvent: {}
[43.976128] (-) TimerEvent: {}
[44.076665] (-) TimerEvent: {}
[44.177257] (-) TimerEvent: {}
[44.277885] (-) TimerEvent: {}
[44.378616] (-) TimerEvent: {}
[44.479195] (-) TimerEvent: {}
[44.579743] (-) TimerEvent: {}
[45.457090] (-) TimerEvent: {}
[45.557596] (-) TimerEvent: {}
[45.658066] (-) TimerEvent: {}
[45.758607] (-) TimerEvent: {}
[45.859067] (-) TimerEvent: {}
[45.959523] (-) TimerEvent: {}
[46.060024] (-) TimerEvent: {}
[46.160567] (-) TimerEvent: {}
[46.261090] (-) TimerEvent: {}
[46.361676] (-) TimerEvent: {}
[46.462182] (-) TimerEvent: {}
[46.562719] (-) TimerEvent: {}
[46.663266] (-) TimerEvent: {}
[46.763782] (-) TimerEvent: {}
[46.864325] (-) TimerEvent: {}
[46.964836] (-) TimerEvent: {}
[47.065827] (-) TimerEvent: {}
[47.166328] (-) TimerEvent: {}
[47.266895] (-) TimerEvent: {}
[47.367418] (-) TimerEvent: {}
[47.467986] (-) TimerEvent: {}
[47.568537] (-) TimerEvent: {}
[47.669284] (-) TimerEvent: {}
[47.770133] (-) TimerEvent: {}
[47.870828] (-) TimerEvent: {}
[47.972413] (-) TimerEvent: {}
[48.074497] (-) TimerEvent: {}
[48.176492] (-) TimerEvent: {}
[48.280234] (-) TimerEvent: {}
[48.380722] (-) TimerEvent: {}
[48.481307] (-) TimerEvent: {}
[48.581855] (-) TimerEvent: {}
[48.682404] (-) TimerEvent: {}
[48.783502] (-) TimerEvent: {}
[48.884611] (-) TimerEvent: {}
[48.985266] (-) TimerEvent: {}
[49.085758] (-) TimerEvent: {}
[49.186562] (-) TimerEvent: {}
[49.287109] (-) TimerEvent: {}
[49.387662] (-) TimerEvent: {}
[49.488520] (-) TimerEvent: {}
[49.589655] (-) TimerEvent: {}
[49.694292] (-) TimerEvent: {}
[49.794771] (-) TimerEvent: {}
[49.895436] (-) TimerEvent: {}
[49.996393] (-) TimerEvent: {}
[50.096916] (-) TimerEvent: {}
[50.197631] (-) TimerEvent: {}
[50.298480] (-) TimerEvent: {}
[50.399109] (-) TimerEvent: {}
[50.500272] (-) TimerEvent: {}
[50.601636] (-) TimerEvent: {}
[50.702197] (-) TimerEvent: {}
[50.802910] (-) TimerEvent: {}
[50.903638] (-) TimerEvent: {}
[51.004660] (-) TimerEvent: {}
[51.105156] (-) TimerEvent: {}
[51.206972] (-) TimerEvent: {}
[51.307469] (-) TimerEvent: {}
[51.408021] (-) TimerEvent: {}
[51.508510] (-) TimerEvent: {}
[51.609038] (-) TimerEvent: {}
[51.709575] (-) TimerEvent: {}
[51.810092] (-) TimerEvent: {}
[51.910743] (-) TimerEvent: {}
[52.011263] (-) TimerEvent: {}
[52.111817] (-) TimerEvent: {}
[52.212394] (-) TimerEvent: {}
[52.312931] (-) TimerEvent: {}
[52.413423] (-) TimerEvent: {}
[52.513958] (-) TimerEvent: {}
[52.614499] (-) TimerEvent: {}
[52.715208] (-) TimerEvent: {}
[52.815716] (-) TimerEvent: {}
[52.916260] (-) TimerEvent: {}
[53.016726] (-) TimerEvent: {}
[53.052035] (ros2_imu) StderrLine: {'line': b'In file included from /home/ubuntu/ros2_ws/src/ros2_imu/src/ros2nodeinterface.cpp:31:\n'}
[53.055928] (ros2_imu) StderrLine: {'line': b"/home/ubuntu/ros2_ws/src/ros2_imu/include/ros2_imu/ros2nodeinterface.h: In constructor 'ros2::matlab::NodeInterface::NodeInterface()':\n"}
[53.056781] (ros2_imu) StderrLine: {'line': b"/home/ubuntu/ros2_ws/src/ros2_imu/include/ros2_imu/ros2nodeinterface.h:76:38: warning: 'ros2::matlab::NodeInterface::mExtModeThread' will be initialized after [-Wreorder]\n"}
[53.057545] (ros2_imu) StderrLine: {'line': b'   76 |         std::shared_ptr<std::thread> mExtModeThread;\n'}
[53.058247] (ros2_imu) StderrLine: {'line': b'      |                                      ^~~~~~~~~~~~~~\n'}
[53.065583] (ros2_imu) StderrLine: {'line': b"/home/ubuntu/ros2_ws/src/ros2_imu/include/ros2_imu/ros2nodeinterface.h:73:15: warning:   'ros2::matlab::Semaphore ros2::matlab::NodeInterface::mStopSem' [-Wreorder]\n"}
[53.066463] (ros2_imu) StderrLine: {'line': b'   73 |     Semaphore mStopSem;\n'}
[53.067281] (ros2_imu) StderrLine: {'line': b'      |               ^~~~~~~~\n'}
[53.068077] (ros2_imu) StderrLine: {'line': b'/home/ubuntu/ros2_ws/src/ros2_imu/src/ros2nodeinterface.cpp:43:1: warning:   when initialized here [-Wreorder]\n'}
[53.068763] (ros2_imu) StderrLine: {'line': b'   43 | NodeInterface::NodeInterface()\n'}
[53.069421] (ros2_imu) StderrLine: {'line': b'      | ^~~~~~~~~~~~~\n'}
[53.086914] (ros2_imu) StderrLine: {'line': b"/home/ubuntu/ros2_ws/src/ros2_imu/src/ros2nodeinterface.cpp: In member function 'void ros2::matlab::NodeInterface::initialize(int, char* const*)':\n"}
[53.089763] (ros2_imu) StderrLine: {'line': b"/home/ubuntu/ros2_ws/src/ros2_imu/src/ros2nodeinterface.cpp:67:47: warning: ISO C++ forbids converting a string constant to 'char*' [-Wwrite-strings]\n"}
[53.091999] (ros2_imu) StderrLine: {'line': b'   67 |                         char* extmodeArg[] = {"-port","17725","-blocking","1","-verbose","0"};\n'}
[53.092748] (ros2_imu) StderrLine: {'line': b'      |                                               ^~~~~~~\n'}
[53.093616] (ros2_imu) StderrLine: {'line': b"/home/ubuntu/ros2_ws/src/ros2_imu/src/ros2nodeinterface.cpp:67:55: warning: ISO C++ forbids converting a string constant to 'char*' [-Wwrite-strings]\n"}
[53.094345] (ros2_imu) StderrLine: {'line': b'   67 |                         char* extmodeArg[] = {"-port","17725","-blocking","1","-verbose","0"};\n'}
[53.095070] (ros2_imu) StderrLine: {'line': b'      |                                                       ^~~~~~~\n'}
[53.095786] (ros2_imu) StderrLine: {'line': b"/home/ubuntu/ros2_ws/src/ros2_imu/src/ros2nodeinterface.cpp:67:63: warning: ISO C++ forbids converting a string constant to 'char*' [-Wwrite-strings]\n"}
[53.125633] (-) TimerEvent: {}
[53.125853] (ros2_imu) StderrLine: {'line': b'   67 |                         char* extmodeArg[] = {"-port","17725","-blocking","1","-verbose","0"};\n'}
[53.126615] (ros2_imu) StderrLine: {'line': b'      |                                                               ^~~~~~~~~~~\n'}
[53.127319] (ros2_imu) StderrLine: {'line': b"/home/ubuntu/ros2_ws/src/ros2_imu/src/ros2nodeinterface.cpp:67:75: warning: ISO C++ forbids converting a string constant to 'char*' [-Wwrite-strings]\n"}
[53.128080] (ros2_imu) StderrLine: {'line': b'   67 |                         char* extmodeArg[] = {"-port","17725","-blocking","1","-verbose","0"};\n'}
[53.128697] (ros2_imu) StderrLine: {'line': b'      |                                                                           ^~~\n'}
[53.129355] (ros2_imu) StderrLine: {'line': b"/home/ubuntu/ros2_ws/src/ros2_imu/src/ros2nodeinterface.cpp:67:79: warning: ISO C++ forbids converting a string constant to 'char*' [-Wwrite-strings]\n"}
[53.130052] (ros2_imu) StderrLine: {'line': b'   67 |                         char* extmodeArg[] = {"-port","17725","-blocking","1","-verbose","0"};\n'}
[53.130661] (ros2_imu) StderrLine: {'line': b'      |                                                                               ^~~~~~~~~~\n'}
[53.131217] (ros2_imu) StderrLine: {'line': b"/home/ubuntu/ros2_ws/src/ros2_imu/src/ros2nodeinterface.cpp:67:90: warning: ISO C++ forbids converting a string constant to 'char*' [-Wwrite-strings]\n"}
[53.160075] (ros2_imu) StderrLine: {'line': b'   67 |                         char* extmodeArg[] = {"-port","17725","-blocking","1","-verbose","0"};\n'}
[53.167285] (ros2_imu) StderrLine: {'line': b'      |                                                                                          ^~~\n'}
[53.225849] (-) TimerEvent: {}
[53.328288] (-) TimerEvent: {}
[53.429035] (-) TimerEvent: {}
[53.529643] (-) TimerEvent: {}
[53.630168] (-) TimerEvent: {}
[53.730653] (-) TimerEvent: {}
[53.831129] (-) TimerEvent: {}
[53.931625] (-) TimerEvent: {}
[54.032163] (-) TimerEvent: {}
[54.132661] (-) TimerEvent: {}
[54.233163] (-) TimerEvent: {}
[54.333647] (-) TimerEvent: {}
[54.434145] (-) TimerEvent: {}
[54.534670] (-) TimerEvent: {}
[54.635121] (-) TimerEvent: {}
[54.735906] (-) TimerEvent: {}
[54.836409] (-) TimerEvent: {}
[54.937032] (-) TimerEvent: {}
[55.037611] (-) TimerEvent: {}
[55.138145] (-) TimerEvent: {}
[55.238679] (-) TimerEvent: {}
[55.339208] (-) TimerEvent: {}
[55.439688] (-) TimerEvent: {}
[55.540172] (-) TimerEvent: {}
[55.640715] (-) TimerEvent: {}
[55.743607] (-) TimerEvent: {}
[55.844148] (-) TimerEvent: {}
[55.947513] (-) TimerEvent: {}
[56.048019] (-) TimerEvent: {}
[56.148557] (-) TimerEvent: {}
[56.249069] (-) TimerEvent: {}
[56.349597] (-) TimerEvent: {}
[56.450653] (-) TimerEvent: {}
[56.551179] (-) TimerEvent: {}
[56.652274] (-) TimerEvent: {}
[56.752790] (-) TimerEvent: {}
[56.853426] (-) TimerEvent: {}
[56.953958] (-) TimerEvent: {}
[57.054436] (-) TimerEvent: {}
[57.154935] (-) TimerEvent: {}
[57.255409] (-) TimerEvent: {}
[57.355918] (-) TimerEvent: {}
[57.456419] (-) TimerEvent: {}
[57.556918] (-) TimerEvent: {}
[57.657434] (-) TimerEvent: {}
[57.757969] (-) TimerEvent: {}
[57.858639] (-) TimerEvent: {}
[57.959177] (-) TimerEvent: {}
[58.059694] (-) TimerEvent: {}
[58.160194] (-) TimerEvent: {}
[58.260649] (-) TimerEvent: {}
[58.361135] (-) TimerEvent: {}
[58.461610] (-) TimerEvent: {}
[58.562091] (-) TimerEvent: {}
[58.663070] (-) TimerEvent: {}
[58.763573] (-) TimerEvent: {}
[58.864330] (-) TimerEvent: {}
[58.964839] (-) TimerEvent: {}
[59.065497] (-) TimerEvent: {}
[59.165982] (-) TimerEvent: {}
[59.266504] (-) TimerEvent: {}
[59.366997] (-) TimerEvent: {}
[59.467519] (-) TimerEvent: {}
[59.568009] (-) TimerEvent: {}
[59.668544] (-) TimerEvent: {}
[59.769140] (-) TimerEvent: {}
[59.870072] (-) TimerEvent: {}
[59.970651] (-) TimerEvent: {}
[60.071226] (-) TimerEvent: {}
[60.171777] (-) TimerEvent: {}
[60.272793] (-) TimerEvent: {}
[60.373541] (-) TimerEvent: {}
[60.474171] (-) TimerEvent: {}
[60.574686] (-) TimerEvent: {}
[60.675447] (-) TimerEvent: {}
[60.776023] (-) TimerEvent: {}
[60.876828] (-) TimerEvent: {}
[60.977366] (-) TimerEvent: {}
[61.078152] (-) TimerEvent: {}
[61.178723] (-) TimerEvent: {}
[61.279223] (-) TimerEvent: {}
[61.379752] (-) TimerEvent: {}
[61.480269] (-) TimerEvent: {}
[61.580824] (-) TimerEvent: {}
[61.681436] (-) TimerEvent: {}
[61.781934] (-) TimerEvent: {}
[61.882525] (-) TimerEvent: {}
[61.983863] (-) TimerEvent: {}
[62.085630] (-) TimerEvent: {}
[62.186538] (-) TimerEvent: {}
[62.288073] (-) TimerEvent: {}
[62.388728] (-) TimerEvent: {}
[62.491405] (-) TimerEvent: {}
[62.593667] (-) TimerEvent: {}
[62.694352] (-) TimerEvent: {}
[62.795579] (-) TimerEvent: {}
[62.896577] (-) TimerEvent: {}
[62.998922] (-) TimerEvent: {}
[63.099745] (-) TimerEvent: {}
[63.200663] (-) TimerEvent: {}
[63.301174] (-) TimerEvent: {}
[63.402376] (-) TimerEvent: {}
[63.503309] (-) TimerEvent: {}
[63.605522] (-) TimerEvent: {}
[63.706423] (-) TimerEvent: {}
[63.807258] (-) TimerEvent: {}
[63.908264] (-) TimerEvent: {}
[64.009382] (-) TimerEvent: {}
[64.110167] (-) TimerEvent: {}
[64.211000] (-) TimerEvent: {}
[64.313545] (-) TimerEvent: {}
[64.414658] (-) TimerEvent: {}
[64.518053] (-) TimerEvent: {}
[64.621559] (-) TimerEvent: {}
[64.724435] (-) TimerEvent: {}
[64.825430] (-) TimerEvent: {}
[64.925992] (-) TimerEvent: {}
[65.026500] (-) TimerEvent: {}
[65.127049] (-) TimerEvent: {}
[65.227623] (-) TimerEvent: {}
[65.328419] (-) TimerEvent: {}
[65.428968] (-) TimerEvent: {}
[65.529519] (-) TimerEvent: {}
[65.629969] (-) TimerEvent: {}
[65.730580] (-) TimerEvent: {}
[65.831227] (-) TimerEvent: {}
[65.932243] (-) TimerEvent: {}
[66.032943] (-) TimerEvent: {}
[66.138009] (-) TimerEvent: {}
[66.238667] (-) TimerEvent: {}
[66.341872] (-) TimerEvent: {}
[66.442373] (-) TimerEvent: {}
[66.543210] (-) TimerEvent: {}
[66.643926] (-) TimerEvent: {}
[66.744634] (-) TimerEvent: {}
[66.845102] (-) TimerEvent: {}
[66.945568] (-) TimerEvent: {}
[67.046026] (-) TimerEvent: {}
[67.146477] (-) TimerEvent: {}
[67.247049] (-) TimerEvent: {}
[67.347550] (-) TimerEvent: {}
[67.448523] (-) TimerEvent: {}
[67.550190] (-) TimerEvent: {}
[67.651490] (-) TimerEvent: {}
[67.752177] (-) TimerEvent: {}
[67.852821] (-) TimerEvent: {}
[67.953333] (-) TimerEvent: {}
[68.053791] (-) TimerEvent: {}
[68.154905] (-) TimerEvent: {}
[68.255574] (-) TimerEvent: {}
[68.356171] (-) TimerEvent: {}
[68.456611] (-) TimerEvent: {}
[68.557154] (-) TimerEvent: {}
[68.657711] (-) TimerEvent: {}
[68.758245] (-) TimerEvent: {}
[68.858730] (-) TimerEvent: {}
[68.959253] (-) TimerEvent: {}
[69.059743] (-) TimerEvent: {}
[69.160246] (-) TimerEvent: {}
[69.260733] (-) TimerEvent: {}
[69.361255] (-) TimerEvent: {}
[69.461781] (-) TimerEvent: {}
[69.562268] (-) TimerEvent: {}
[69.662874] (-) TimerEvent: {}
[69.763359] (-) TimerEvent: {}
[69.863874] (-) TimerEvent: {}
[69.964426] (-) TimerEvent: {}
[70.072425] (-) TimerEvent: {}
[70.172903] (-) TimerEvent: {}
[70.274262] (-) TimerEvent: {}
[70.376350] (-) TimerEvent: {}
[70.477189] (-) TimerEvent: {}
[70.577693] (-) TimerEvent: {}
[70.678407] (-) TimerEvent: {}
[70.779480] (-) TimerEvent: {}
[70.880195] (-) TimerEvent: {}
[70.980696] (-) TimerEvent: {}
[71.081157] (-) TimerEvent: {}
[71.183490] (-) TimerEvent: {}
[71.285046] (-) TimerEvent: {}
[71.385762] (-) TimerEvent: {}
[71.486245] (-) TimerEvent: {}
[71.586714] (-) TimerEvent: {}
[71.688390] (-) TimerEvent: {}
[71.788859] (-) TimerEvent: {}
[71.889398] (-) TimerEvent: {}
[71.989920] (-) TimerEvent: {}
[72.091663] (-) TimerEvent: {}
[72.192596] (-) TimerEvent: {}
[72.293045] (-) TimerEvent: {}
[72.393570] (-) TimerEvent: {}
[72.494030] (-) TimerEvent: {}
[72.594618] (-) TimerEvent: {}
[72.695133] (-) TimerEvent: {}
[72.795594] (-) TimerEvent: {}
[72.896056] (-) TimerEvent: {}
[72.996553] (-) TimerEvent: {}
[73.097040] (-) TimerEvent: {}
[73.197639] (-) TimerEvent: {}
[73.298227] (-) TimerEvent: {}
[73.398823] (-) TimerEvent: {}
[73.499397] (-) TimerEvent: {}
[73.599895] (-) TimerEvent: {}
[73.700542] (-) TimerEvent: {}
[73.801214] (-) TimerEvent: {}
[73.901738] (-) TimerEvent: {}
[74.002689] (-) TimerEvent: {}
[74.103191] (-) TimerEvent: {}
[74.204632] (-) TimerEvent: {}
[74.305218] (-) TimerEvent: {}
[74.406053] (-) TimerEvent: {}
[74.506541] (-) TimerEvent: {}
[74.607036] (-) TimerEvent: {}
[74.707795] (-) TimerEvent: {}
[74.808373] (-) TimerEvent: {}
[74.908807] (-) TimerEvent: {}
[75.009358] (-) TimerEvent: {}
[75.115631] (-) TimerEvent: {}
[75.217663] (-) TimerEvent: {}
[75.318931] (-) TimerEvent: {}
[75.419629] (-) TimerEvent: {}
[75.520322] (-) TimerEvent: {}
[75.622737] (-) TimerEvent: {}
[75.723909] (-) TimerEvent: {}
[75.824702] (-) TimerEvent: {}
[75.925238] (-) TimerEvent: {}
[76.026523] (-) TimerEvent: {}
[76.127413] (-) TimerEvent: {}
[76.228232] (-) TimerEvent: {}
[76.328728] (-) TimerEvent: {}
[76.429391] (-) TimerEvent: {}
[76.529870] (-) TimerEvent: {}
[76.630372] (-) TimerEvent: {}
[76.736362] (-) TimerEvent: {}
[76.836868] (-) TimerEvent: {}
[76.937335] (-) TimerEvent: {}
[77.037841] (-) TimerEvent: {}
[77.138348] (-) TimerEvent: {}
[77.238813] (-) TimerEvent: {}
[77.339302] (-) TimerEvent: {}
[77.439807] (-) TimerEvent: {}
[77.540416] (-) TimerEvent: {}
[77.640873] (-) TimerEvent: {}
[77.741395] (-) TimerEvent: {}
[77.842229] (-) TimerEvent: {}
[77.942732] (-) TimerEvent: {}
[78.043217] (-) TimerEvent: {}
[78.143762] (-) TimerEvent: {}
[78.244277] (-) TimerEvent: {}
[78.344805] (-) TimerEvent: {}
[78.445283] (-) TimerEvent: {}
[78.545772] (-) TimerEvent: {}
[78.646247] (-) TimerEvent: {}
[78.747195] (-) TimerEvent: {}
[78.847692] (-) TimerEvent: {}
[78.948211] (-) TimerEvent: {}
[79.048745] (-) TimerEvent: {}
[79.149233] (-) TimerEvent: {}
[79.249671] (-) TimerEvent: {}
[79.353673] (-) TimerEvent: {}
[79.454207] (-) TimerEvent: {}
[79.554693] (-) TimerEvent: {}
[79.655344] (-) TimerEvent: {}
[79.755818] (-) TimerEvent: {}
[79.856333] (-) TimerEvent: {}
[79.956884] (-) TimerEvent: {}
[80.058295] (-) TimerEvent: {}
[80.160602] (-) TimerEvent: {}
[80.261174] (-) TimerEvent: {}
[80.361712] (-) TimerEvent: {}
[80.462210] (-) TimerEvent: {}
[80.562720] (-) TimerEvent: {}
[80.663196] (-) TimerEvent: {}
[80.763696] (-) TimerEvent: {}
[80.864222] (-) TimerEvent: {}
[80.965135] (-) TimerEvent: {}
[81.065787] (-) TimerEvent: {}
[81.166285] (-) TimerEvent: {}
[81.266798] (-) TimerEvent: {}
[81.367276] (-) TimerEvent: {}
[81.467806] (-) TimerEvent: {}
[81.568331] (-) TimerEvent: {}
[81.668964] (-) TimerEvent: {}
[81.769459] (-) TimerEvent: {}
[81.869961] (-) TimerEvent: {}
[81.970392] (-) TimerEvent: {}
[82.070874] (-) TimerEvent: {}
[82.171370] (-) TimerEvent: {}
[82.272209] (-) TimerEvent: {}
[82.372693] (-) TimerEvent: {}
[82.473188] (-) TimerEvent: {}
[82.573635] (-) TimerEvent: {}
[82.674182] (-) TimerEvent: {}
[82.774803] (-) TimerEvent: {}
[82.875334] (-) TimerEvent: {}
[82.975810] (-) TimerEvent: {}
[83.076299] (-) TimerEvent: {}
[83.176770] (-) TimerEvent: {}
[83.277200] (-) TimerEvent: {}
[83.377687] (-) TimerEvent: {}
[83.479951] (-) TimerEvent: {}
[83.580394] (-) TimerEvent: {}
[83.680819] (-) TimerEvent: {}
[83.781311] (-) TimerEvent: {}
[83.881796] (-) TimerEvent: {}
[83.982259] (-) TimerEvent: {}
[84.082771] (-) TimerEvent: {}
[84.183280] (-) TimerEvent: {}
[84.283729] (-) TimerEvent: {}
[84.386091] (-) TimerEvent: {}
[84.486616] (-) TimerEvent: {}
[84.587303] (-) TimerEvent: {}
[84.688989] (-) TimerEvent: {}
[84.790699] (-) TimerEvent: {}
[84.892031] (-) TimerEvent: {}
[84.993323] (-) TimerEvent: {}
[85.094043] (-) TimerEvent: {}
[85.200770] (-) TimerEvent: {}
[85.302044] (-) TimerEvent: {}
[85.402866] (-) TimerEvent: {}
[85.503368] (-) TimerEvent: {}
[85.603877] (-) TimerEvent: {}
[85.704387] (-) TimerEvent: {}
[85.804889] (-) TimerEvent: {}
[85.905434] (-) TimerEvent: {}
[86.005946] (-) TimerEvent: {}
[86.106581] (-) TimerEvent: {}
[86.207905] (-) TimerEvent: {}
[86.308524] (-) TimerEvent: {}
[86.410988] (-) TimerEvent: {}
[86.511939] (-) TimerEvent: {}
[86.612609] (-) TimerEvent: {}
[86.713268] (-) TimerEvent: {}
[86.813811] (-) TimerEvent: {}
[86.914266] (-) TimerEvent: {}
[87.015048] (-) TimerEvent: {}
[87.115572] (-) TimerEvent: {}
[87.216374] (-) TimerEvent: {}
[87.316899] (-) TimerEvent: {}
[87.417459] (-) TimerEvent: {}
[87.517933] (-) TimerEvent: {}
[87.618569] (-) TimerEvent: {}
[87.719339] (-) TimerEvent: {}
[87.821400] (-) TimerEvent: {}
[87.922893] (-) TimerEvent: {}
[88.024802] (-) TimerEvent: {}
[88.126214] (-) TimerEvent: {}
[88.228357] (-) TimerEvent: {}
[88.329679] (-) TimerEvent: {}
[88.432911] (-) TimerEvent: {}
[88.534362] (-) TimerEvent: {}
[88.635668] (-) TimerEvent: {}
[88.737051] (-) TimerEvent: {}
[88.837669] (-) TimerEvent: {}
[88.940065] (-) TimerEvent: {}
[89.040652] (-) TimerEvent: {}
[89.141193] (-) TimerEvent: {}
[89.241866] (-) TimerEvent: {}
[89.343241] (-) TimerEvent: {}
[89.443820] (-) TimerEvent: {}
[89.544573] (-) TimerEvent: {}
[89.645044] (-) TimerEvent: {}
[89.745589] (-) TimerEvent: {}
[89.846080] (-) TimerEvent: {}
[89.946583] (-) TimerEvent: {}
[90.047120] (-) TimerEvent: {}
[90.147621] (-) TimerEvent: {}
[90.248103] (-) TimerEvent: {}
[90.348619] (-) TimerEvent: {}
[90.449132] (-) TimerEvent: {}
[90.549649] (-) TimerEvent: {}
[90.650188] (-) TimerEvent: {}
[90.750692] (-) TimerEvent: {}
[90.851209] (-) TimerEvent: {}
[90.951717] (-) TimerEvent: {}
[91.052330] (-) TimerEvent: {}
[91.152830] (-) TimerEvent: {}
[91.253287] (-) TimerEvent: {}
[91.353743] (-) TimerEvent: {}
[91.454191] (-) TimerEvent: {}
[91.554719] (-) TimerEvent: {}
[91.655211] (-) TimerEvent: {}
[91.756756] (-) TimerEvent: {}
[91.857310] (-) TimerEvent: {}
[91.958125] (-) TimerEvent: {}
[92.058611] (-) TimerEvent: {}
[92.159215] (-) TimerEvent: {}
[92.260325] (-) TimerEvent: {}
[92.361312] (-) TimerEvent: {}
[92.461820] (-) TimerEvent: {}
[92.563776] (-) TimerEvent: {}
[92.665086] (-) TimerEvent: {}
[92.765864] (-) TimerEvent: {}
[92.868009] (-) TimerEvent: {}
[92.970758] (-) TimerEvent: {}
[93.071288] (-) TimerEvent: {}
[93.171909] (-) TimerEvent: {}
[93.272475] (-) TimerEvent: {}
[93.373022] (-) TimerEvent: {}
[93.473594] (-) TimerEvent: {}
[93.574078] (-) TimerEvent: {}
[93.674597] (-) TimerEvent: {}
[93.775070] (-) TimerEvent: {}
[93.875564] (-) TimerEvent: {}
[93.976075] (-) TimerEvent: {}
[94.076605] (-) TimerEvent: {}
[94.177098] (-) TimerEvent: {}
[94.277604] (-) TimerEvent: {}
[94.378143] (-) TimerEvent: {}
[94.478927] (-) TimerEvent: {}
[94.579520] (-) TimerEvent: {}
[94.680024] (-) TimerEvent: {}
[94.780560] (-) TimerEvent: {}
[94.881113] (-) TimerEvent: {}
[94.981602] (-) TimerEvent: {}
[95.082136] (-) TimerEvent: {}
[95.182666] (-) TimerEvent: {}
[95.283210] (-) TimerEvent: {}
[95.384044] (-) TimerEvent: {}
[95.484565] (-) TimerEvent: {}
[95.585048] (-) TimerEvent: {}
[95.685544] (-) TimerEvent: {}
[95.786303] (-) TimerEvent: {}
[95.886903] (-) TimerEvent: {}
[95.988273] (-) TimerEvent: {}
[96.088772] (-) TimerEvent: {}
[96.189229] (-) TimerEvent: {}
[96.289761] (-) TimerEvent: {}
[96.390282] (-) TimerEvent: {}
[96.494855] (-) TimerEvent: {}
[96.596149] (-) TimerEvent: {}
[96.696656] (-) TimerEvent: {}
[96.797249] (-) TimerEvent: {}
[96.897760] (-) TimerEvent: {}
[96.998268] (-) TimerEvent: {}
[97.098771] (-) TimerEvent: {}
[97.199295] (-) TimerEvent: {}
[97.299769] (-) TimerEvent: {}
[97.400223] (-) TimerEvent: {}
[97.500730] (-) TimerEvent: {}
[97.601229] (-) TimerEvent: {}
[97.701746] (-) TimerEvent: {}
[97.802249] (-) TimerEvent: {}
[97.904526] (-) TimerEvent: {}
[98.005047] (-) TimerEvent: {}
[98.111564] (-) TimerEvent: {}
[98.212090] (-) TimerEvent: {}
[98.312606] (-) TimerEvent: {}
[98.413812] (-) TimerEvent: {}
[98.514289] (-) TimerEvent: {}
[98.614775] (-) TimerEvent: {}
[98.715320] (-) TimerEvent: {}
[98.815779] (-) TimerEvent: {}
[98.916233] (-) TimerEvent: {}
[99.017467] (-) TimerEvent: {}
[99.117969] (-) TimerEvent: {}
[99.218632] (-) TimerEvent: {}
[99.321056] (-) TimerEvent: {}
[99.421559] (-) TimerEvent: {}
[99.522177] (-) TimerEvent: {}
[99.622980] (-) TimerEvent: {}
[99.724016] (-) TimerEvent: {}
[99.824501] (-) TimerEvent: {}
[99.924950] (-) TimerEvent: {}
[100.025396] (-) TimerEvent: {}
[100.125860] (-) TimerEvent: {}
[100.226510] (-) TimerEvent: {}
[100.327020] (-) TimerEvent: {}
[100.427519] (-) TimerEvent: {}
[100.528004] (-) TimerEvent: {}
[100.628530] (-) TimerEvent: {}
[100.729050] (-) TimerEvent: {}
[100.829537] (-) TimerEvent: {}
[100.930017] (-) TimerEvent: {}
[101.030466] (-) TimerEvent: {}
[101.130931] (-) TimerEvent: {}
[101.231387] (-) TimerEvent: {}
[101.332125] (-) TimerEvent: {}
[101.432611] (-) TimerEvent: {}
[101.533140] (-) TimerEvent: {}
[101.633691] (-) TimerEvent: {}
[101.734931] (-) TimerEvent: {}
[101.836416] (-) TimerEvent: {}
[101.936875] (-) TimerEvent: {}
[102.040950] (-) TimerEvent: {}
[102.141681] (-) TimerEvent: {}
[102.242117] (-) TimerEvent: {}
[102.342807] (-) TimerEvent: {}
[102.444645] (-) TimerEvent: {}
[102.545488] (-) TimerEvent: {}
[102.646224] (-) TimerEvent: {}
[102.747489] (-) TimerEvent: {}
[102.848178] (-) TimerEvent: {}
[102.949578] (-) TimerEvent: {}
[103.050450] (-) TimerEvent: {}
[103.151180] (-) TimerEvent: {}
[103.251683] (-) TimerEvent: {}
[103.352302] (-) TimerEvent: {}
[103.452804] (-) TimerEvent: {}
[103.553272] (-) TimerEvent: {}
[103.653740] (-) TimerEvent: {}
[103.754213] (-) TimerEvent: {}
[103.854707] (-) TimerEvent: {}
[103.955193] (-) TimerEvent: {}
[104.055676] (-) TimerEvent: {}
[104.156744] (-) TimerEvent: {}
[104.257298] (-) TimerEvent: {}
[104.357855] (-) TimerEvent: {}
[104.458353] (-) TimerEvent: {}
[104.558854] (-) TimerEvent: {}
[104.659367] (-) TimerEvent: {}
[104.759946] (-) TimerEvent: {}
[104.860384] (-) TimerEvent: {}
[104.960845] (-) TimerEvent: {}
[105.061309] (-) TimerEvent: {}
[105.162200] (-) TimerEvent: {}
[105.266730] (-) TimerEvent: {}
[105.367237] (-) TimerEvent: {}
[105.467729] (-) TimerEvent: {}
[105.568272] (-) TimerEvent: {}
[105.668759] (-) TimerEvent: {}
[105.769762] (-) TimerEvent: {}
[105.870235] (-) TimerEvent: {}
[105.970687] (-) TimerEvent: {}
[106.071183] (-) TimerEvent: {}
[106.171643] (-) TimerEvent: {}
[106.272175] (-) TimerEvent: {}
[106.372665] (-) TimerEvent: {}
[106.473188] (-) TimerEvent: {}
[106.573710] (-) TimerEvent: {}
[106.674206] (-) TimerEvent: {}
[106.774670] (-) TimerEvent: {}
[106.875171] (-) TimerEvent: {}
[106.975698] (-) TimerEvent: {}
[107.076184] (-) TimerEvent: {}
[107.176959] (-) TimerEvent: {}
[107.277543] (-) TimerEvent: {}
[107.378364] (-) TimerEvent: {}
[107.478921] (-) TimerEvent: {}
[107.579723] (-) TimerEvent: {}
[107.681300] (-) TimerEvent: {}
[107.782562] (-) TimerEvent: {}
[107.884262] (-) TimerEvent: {}
[107.984876] (-) TimerEvent: {}
[108.088791] (-) TimerEvent: {}
[108.190176] (-) TimerEvent: {}
[108.291132] (-) TimerEvent: {}
[108.392065] (-) TimerEvent: {}
[108.492578] (-) TimerEvent: {}
[108.593624] (-) TimerEvent: {}
[108.694531] (-) TimerEvent: {}
[108.795534] (-) TimerEvent: {}
[108.896328] (-) TimerEvent: {}
[108.998497] (-) TimerEvent: {}
[109.099193] (-) TimerEvent: {}
[109.199994] (-) TimerEvent: {}
[109.301379] (-) TimerEvent: {}
[109.402159] (-) TimerEvent: {}
[109.502921] (-) TimerEvent: {}
[109.603572] (-) TimerEvent: {}
[109.704395] (-) TimerEvent: {}
[109.805147] (-) TimerEvent: {}
[109.905654] (-) TimerEvent: {}
[110.006167] (-) TimerEvent: {}
[110.106751] (-) TimerEvent: {}
[110.207200] (-) TimerEvent: {}
[110.310021] (-) TimerEvent: {}
[110.410479] (-) TimerEvent: {}
[110.510954] (-) TimerEvent: {}
[110.611512] (-) TimerEvent: {}
[110.712014] (-) TimerEvent: {}
[110.812518] (-) TimerEvent: {}
[110.913025] (-) TimerEvent: {}
[111.013480] (-) TimerEvent: {}
[111.115349] (-) TimerEvent: {}
[111.215898] (-) TimerEvent: {}
[111.316404] (-) TimerEvent: {}
[111.417500] (-) TimerEvent: {}
[111.518601] (-) TimerEvent: {}
[111.619131] (-) TimerEvent: {}
[111.719644] (-) TimerEvent: {}
[111.820168] (-) TimerEvent: {}
[111.921350] (-) TimerEvent: {}
[112.021796] (-) TimerEvent: {}
[112.122255] (-) TimerEvent: {}
[112.222729] (-) TimerEvent: {}
[112.323239] (-) TimerEvent: {}
[112.423788] (-) TimerEvent: {}
[112.524341] (-) TimerEvent: {}
[112.625659] (-) TimerEvent: {}
[112.726106] (-) TimerEvent: {}
[112.826544] (-) TimerEvent: {}
[112.926959] (-) TimerEvent: {}
[113.027408] (-) TimerEvent: {}
[113.127922] (-) TimerEvent: {}
[113.228456] (-) TimerEvent: {}
[113.328989] (-) TimerEvent: {}
[113.429478] (-) TimerEvent: {}
[113.530058] (-) TimerEvent: {}
[113.630682] (-) TimerEvent: {}
[113.731319] (-) TimerEvent: {}
[113.831810] (-) TimerEvent: {}
[113.932357] (-) TimerEvent: {}
[114.032823] (-) TimerEvent: {}
[114.133549] (-) TimerEvent: {}
[114.234458] (-) TimerEvent: {}
[114.334980] (-) TimerEvent: {}
[114.435514] (-) TimerEvent: {}
[114.536022] (-) TimerEvent: {}
[114.636508] (-) TimerEvent: {}
[114.736979] (-) TimerEvent: {}
[114.837490] (-) TimerEvent: {}
[114.938654] (-) TimerEvent: {}
[115.039281] (-) TimerEvent: {}
[115.139790] (-) TimerEvent: {}
[115.240611] (-) TimerEvent: {}
[115.347398] (-) TimerEvent: {}
[115.447995] (-) TimerEvent: {}
[115.548502] (-) TimerEvent: {}
[115.649016] (-) TimerEvent: {}
[115.750139] (-) TimerEvent: {}
[115.850608] (-) TimerEvent: {}
[115.951081] (-) TimerEvent: {}
[116.051638] (-) TimerEvent: {}
[116.152111] (-) TimerEvent: {}
[116.252656] (-) TimerEvent: {}
[116.353290] (-) TimerEvent: {}
[116.453986] (-) TimerEvent: {}
[116.555942] (-) TimerEvent: {}
[116.656904] (-) TimerEvent: {}
[116.757541] (-) TimerEvent: {}
[116.858357] (-) TimerEvent: {}
[116.959150] (-) TimerEvent: {}
[117.059673] (-) TimerEvent: {}
[117.161769] (-) TimerEvent: {}
[117.262410] (-) TimerEvent: {}
[117.363553] (-) TimerEvent: {}
[117.464536] (-) TimerEvent: {}
[117.565016] (-) TimerEvent: {}
[117.665534] (-) TimerEvent: {}
[117.765997] (-) TimerEvent: {}
[117.866485] (-) TimerEvent: {}
[117.966927] (-) TimerEvent: {}
[118.067428] (-) TimerEvent: {}
[118.167978] (-) TimerEvent: {}
[118.268483] (-) TimerEvent: {}
[118.371132] (-) TimerEvent: {}
[118.436092] (ros2_imu) StdoutLine: {'line': b'[ 76%] Building CXX object CMakeFiles/ros2_imu.dir/src/slros_busmsg_conversion.cpp.o\n'}
[118.440633] (ros2_imu) StdoutLine: {'line': b'/usr/bin/c++ -DDEFAULT_RMW_IMPLEMENTATION=rmw_fastrtps_cpp -DRCUTILS_ENABLE_FAULT_INJECTION -DROS_PACKAGE_NAME=\\"ros2_imu\\" -I/home/ubuntu/ros2_ws/src/ros2_imu/include/ros2_imu -I/home/ubuntu/ros2_ws/src/ros2_imu/include -isystem /opt/ros/humble/include/geometry_msgs -isystem /opt/ros/humble/include/rclcpp -isystem /opt/ros/humble/include/std_msgs -isystem /opt/ros/humble/include/builtin_interfaces -isystem /opt/ros/humble/include/rosidl_runtime_c -isystem /opt/ros/humble/include/rcutils -isystem /opt/ros/humble/include/rosidl_typesupport_interface -isystem /opt/ros/humble/include/fastcdr -isystem /opt/ros/humble/include/rosidl_runtime_cpp -isystem /opt/ros/humble/include/rosidl_typesupport_fastrtps_cpp -isystem /opt/ros/humble/include/rmw -isystem /opt/ros/humble/include/rosidl_typesupport_fastrtps_c -isystem /opt/ros/humble/include/rosidl_typesupport_introspection_c -isystem /opt/ros/humble/include/rosidl_typesupport_introspection_cpp -isystem /opt/ros/humble/include/ament_index_cpp -isystem /opt/ros/humble/include/libstatistics_collector -isystem /opt/ros/humble/include/rcl -isystem /opt/ros/humble/include/rcl_interfaces -isystem /opt/ros/humble/include/rcl_logging_interface -isystem /opt/ros/humble/include/rcl_yaml_param_parser -isystem /opt/ros/humble/include/libyaml_vendor -isystem /opt/ros/humble/include/tracetools -isystem /opt/ros/humble/include/rcpputils -isystem /opt/ros/humble/include/statistics_msgs -isystem /opt/ros/humble/include/rosgraph_msgs -isystem /opt/ros/humble/include/rosidl_typesupport_cpp -isystem /opt/ros/humble/include/rosidl_typesupport_c -O3 -DNDEBUG -Wall -Wextra -Wpedantic -DMODEL=ros2_imu -DNUMST=1 -DNCSTATES=0 -DHAVESTDIO -DMODEL_HAS_DYNAMICALLY_LOADED_SFCNS=0 -DON_TARGET_WAIT_FOR_START=1 -DCLASSIC_INTERFACE=0 -DALLOCATIONFCN=0 -DTID01EQ=0 -DTERMFCN=1 -DONESTEPFCN=1 -DMAT_FILE=0 -DMULTI_INSTANCE_CODE=0 -DEXT_MODE=1 -DINTEGER_CODE=0 -DMT=0 -DROS2_PROJECT -DSTACK_SIZE=64 -D__MW_TARGET_USE_HARDWARE_RESOURCES_H__ -DRT=RT -fpermissive -MD -MT CMakeFiles/ros2_imu.dir/src/slros_busmsg_conversion.cpp.o -MF CMakeFiles/ros2_imu.dir/src/slros_busmsg_conversion.cpp.o.d -o CMakeFiles/ros2_imu.dir/src/slros_busmsg_conversion.cpp.o -c /home/ubuntu/ros2_ws/src/ros2_imu/src/slros_busmsg_conversion.cpp\n'}
[118.471367] (-) TimerEvent: {}
[118.571877] (-) TimerEvent: {}
[118.672276] (-) TimerEvent: {}
[118.772698] (-) TimerEvent: {}
[118.873298] (-) TimerEvent: {}
[118.973708] (-) TimerEvent: {}
[119.074354] (-) TimerEvent: {}
[119.174932] (-) TimerEvent: {}
[119.275387] (-) TimerEvent: {}
[119.375814] (-) TimerEvent: {}
[119.476364] (-) TimerEvent: {}
[119.576835] (-) TimerEvent: {}
[119.677313] (-) TimerEvent: {}
[119.777742] (-) TimerEvent: {}
[119.878213] (-) TimerEvent: {}
[119.978700] (-) TimerEvent: {}
[120.079154] (-) TimerEvent: {}
[120.180044] (-) TimerEvent: {}
[120.280522] (-) TimerEvent: {}
[120.388280] (-) TimerEvent: {}
[120.488791] (-) TimerEvent: {}
[120.589275] (-) TimerEvent: {}
[120.689793] (-) TimerEvent: {}
[120.790813] (-) TimerEvent: {}
[120.893215] (-) TimerEvent: {}
[120.993827] (-) TimerEvent: {}
[121.095315] (-) TimerEvent: {}
[121.195780] (-) TimerEvent: {}
[121.297214] (-) TimerEvent: {}
[121.398460] (-) TimerEvent: {}
[121.501929] (-) TimerEvent: {}
[121.602427] (-) TimerEvent: {}
[121.703610] (-) TimerEvent: {}
[121.804068] (-) TimerEvent: {}
[121.904800] (-) TimerEvent: {}
[122.005878] (-) TimerEvent: {}
[122.106346] (-) TimerEvent: {}
[122.208993] (-) TimerEvent: {}
[122.310477] (-) TimerEvent: {}
[122.411271] (-) TimerEvent: {}
[122.511912] (-) TimerEvent: {}
[122.613386] (-) TimerEvent: {}
[122.714084] (-) TimerEvent: {}
[122.814822] (-) TimerEvent: {}
[122.915499] (-) TimerEvent: {}
[123.016146] (-) TimerEvent: {}
[123.116663] (-) TimerEvent: {}
[123.217228] (-) TimerEvent: {}
[123.317813] (-) TimerEvent: {}
[123.418316] (-) TimerEvent: {}
[123.519237] (-) TimerEvent: {}
[123.619778] (-) TimerEvent: {}
[123.721424] (-) TimerEvent: {}
[123.822175] (-) TimerEvent: {}
[123.923965] (-) TimerEvent: {}
[124.025420] (-) TimerEvent: {}
[124.126006] (-) TimerEvent: {}
[124.226472] (-) TimerEvent: {}
[124.326957] (-) TimerEvent: {}
[124.427444] (-) TimerEvent: {}
[124.527988] (-) TimerEvent: {}
[124.628530] (-) TimerEvent: {}
[124.729161] (-) TimerEvent: {}
[124.829781] (-) TimerEvent: {}
[124.930272] (-) TimerEvent: {}
[125.030808] (-) TimerEvent: {}
[125.133534] (-) TimerEvent: {}
[125.235769] (-) TimerEvent: {}
[125.336328] (-) TimerEvent: {}
[125.436798] (-) TimerEvent: {}
[125.540640] (-) TimerEvent: {}
[125.642856] (-) TimerEvent: {}
[125.743532] (-) TimerEvent: {}
[125.844065] (-) TimerEvent: {}
[125.944534] (-) TimerEvent: {}
[126.045080] (-) TimerEvent: {}
[126.145547] (-) TimerEvent: {}
[126.246884] (-) TimerEvent: {}
[126.347353] (-) TimerEvent: {}
[126.449658] (-) TimerEvent: {}
[126.551203] (-) TimerEvent: {}
[126.651635] (-) TimerEvent: {}
[126.752330] (-) TimerEvent: {}
[126.853271] (-) TimerEvent: {}
[126.953743] (-) TimerEvent: {}
[127.054253] (-) TimerEvent: {}
[127.154976] (-) TimerEvent: {}
[127.256053] (-) TimerEvent: {}
[127.357320] (-) TimerEvent: {}
[127.457897] (-) TimerEvent: {}
[127.558349] (-) TimerEvent: {}
[127.660926] (-) TimerEvent: {}
[127.761390] (-) TimerEvent: {}
[127.861940] (-) TimerEvent: {}
[127.962557] (-) TimerEvent: {}
[128.063900] (-) TimerEvent: {}
[128.164357] (-) TimerEvent: {}
[128.264825] (-) TimerEvent: {}
[128.365338] (-) TimerEvent: {}
[128.466031] (-) TimerEvent: {}
[128.570931] (-) TimerEvent: {}
[128.671965] (-) TimerEvent: {}
[128.773809] (-) TimerEvent: {}
[128.874247] (-) TimerEvent: {}
[128.974712] (-) TimerEvent: {}
[129.075264] (-) TimerEvent: {}
[129.175731] (-) TimerEvent: {}
[129.276250] (-) TimerEvent: {}
[129.376816] (-) TimerEvent: {}
[129.477695] (-) TimerEvent: {}
[129.578260] (-) TimerEvent: {}
[129.679018] (-) TimerEvent: {}
[129.779986] (-) TimerEvent: {}
[129.880453] (-) TimerEvent: {}
[129.980931] (-) TimerEvent: {}
[130.081396] (-) TimerEvent: {}
[130.182525] (-) TimerEvent: {}
[130.283029] (-) TimerEvent: {}
[130.383582] (-) TimerEvent: {}
[130.484121] (-) TimerEvent: {}
[130.584589] (-) TimerEvent: {}
[130.685051] (-) TimerEvent: {}
[130.785446] (-) TimerEvent: {}
[130.886129] (-) TimerEvent: {}
[130.986928] (-) TimerEvent: {}
[131.087362] (-) TimerEvent: {}
[131.187780] (-) TimerEvent: {}
[131.288497] (-) TimerEvent: {}
[131.388939] (-) TimerEvent: {}
[131.489388] (-) TimerEvent: {}
[131.589823] (-) TimerEvent: {}
[131.690275] (-) TimerEvent: {}
[131.790763] (-) TimerEvent: {}
[131.891747] (-) TimerEvent: {}
[131.992439] (-) TimerEvent: {}
[132.093535] (-) TimerEvent: {}
[132.194890] (-) TimerEvent: {}
[132.295532] (-) TimerEvent: {}
[132.396357] (-) TimerEvent: {}
[132.497439] (-) TimerEvent: {}
[132.598397] (-) TimerEvent: {}
[132.699018] (-) TimerEvent: {}
[132.800287] (-) TimerEvent: {}
[132.901813] (-) TimerEvent: {}
[133.002371] (-) TimerEvent: {}
[133.103246] (-) TimerEvent: {}
[133.203969] (-) TimerEvent: {}
[133.305188] (-) TimerEvent: {}
[133.405860] (-) TimerEvent: {}
[133.506343] (-) TimerEvent: {}
[133.606860] (-) TimerEvent: {}
[133.707427] (-) TimerEvent: {}
[133.808015] (-) TimerEvent: {}
[133.908486] (-) TimerEvent: {}
[134.008993] (-) TimerEvent: {}
[134.111230] (-) TimerEvent: {}
[134.211812] (-) TimerEvent: {}
[134.313973] (-) TimerEvent: {}
[134.415481] (-) TimerEvent: {}
[134.518395] (-) TimerEvent: {}
[134.620695] (-) TimerEvent: {}
[134.721455] (-) TimerEvent: {}
[134.822028] (-) TimerEvent: {}
[134.922465] (-) TimerEvent: {}
[135.023241] (-) TimerEvent: {}
[135.125762] (-) TimerEvent: {}
[135.226387] (-) TimerEvent: {}
[135.327576] (-) TimerEvent: {}
[135.430537] (-) TimerEvent: {}
[135.531264] (-) TimerEvent: {}
[135.631974] (-) TimerEvent: {}
[135.732831] (-) TimerEvent: {}
[135.834183] (-) TimerEvent: {}
[135.934734] (-) TimerEvent: {}
[136.035903] (-) TimerEvent: {}
[136.137037] (-) TimerEvent: {}
[136.237485] (-) TimerEvent: {}
[136.337958] (-) TimerEvent: {}
[136.438494] (-) TimerEvent: {}
[136.538967] (-) TimerEvent: {}
[136.639539] (-) TimerEvent: {}
[136.740069] (-) TimerEvent: {}
[136.842310] (-) TimerEvent: {}
[136.942902] (-) TimerEvent: {}
[137.043551] (-) TimerEvent: {}
[137.143988] (-) TimerEvent: {}
[137.244449] (-) TimerEvent: {}
[137.345127] (-) TimerEvent: {}
[137.445842] (-) TimerEvent: {}
[137.546341] (-) TimerEvent: {}
[137.646780] (-) TimerEvent: {}
[137.747274] (-) TimerEvent: {}
[137.848088] (-) TimerEvent: {}
[137.948526] (-) TimerEvent: {}
[138.048983] (-) TimerEvent: {}
[138.149434] (-) TimerEvent: {}
[138.249879] (-) TimerEvent: {}
[138.350345] (-) TimerEvent: {}
[138.450892] (-) TimerEvent: {}
[138.460968] (ros2_imu) StdoutLine: {'line': b'[ 84%] Building CXX object CMakeFiles/ros2_imu.dir/src/slros2_initialize.cpp.o\n'}
[138.464718] (ros2_imu) StdoutLine: {'line': b'/usr/bin/c++ -DDEFAULT_RMW_IMPLEMENTATION=rmw_fastrtps_cpp -DRCUTILS_ENABLE_FAULT_INJECTION -DROS_PACKAGE_NAME=\\"ros2_imu\\" -I/home/ubuntu/ros2_ws/src/ros2_imu/include/ros2_imu -I/home/ubuntu/ros2_ws/src/ros2_imu/include -isystem /opt/ros/humble/include/geometry_msgs -isystem /opt/ros/humble/include/rclcpp -isystem /opt/ros/humble/include/std_msgs -isystem /opt/ros/humble/include/builtin_interfaces -isystem /opt/ros/humble/include/rosidl_runtime_c -isystem /opt/ros/humble/include/rcutils -isystem /opt/ros/humble/include/rosidl_typesupport_interface -isystem /opt/ros/humble/include/fastcdr -isystem /opt/ros/humble/include/rosidl_runtime_cpp -isystem /opt/ros/humble/include/rosidl_typesupport_fastrtps_cpp -isystem /opt/ros/humble/include/rmw -isystem /opt/ros/humble/include/rosidl_typesupport_fastrtps_c -isystem /opt/ros/humble/include/rosidl_typesupport_introspection_c -isystem /opt/ros/humble/include/rosidl_typesupport_introspection_cpp -isystem /opt/ros/humble/include/ament_index_cpp -isystem /opt/ros/humble/include/libstatistics_collector -isystem /opt/ros/humble/include/rcl -isystem /opt/ros/humble/include/rcl_interfaces -isystem /opt/ros/humble/include/rcl_logging_interface -isystem /opt/ros/humble/include/rcl_yaml_param_parser -isystem /opt/ros/humble/include/libyaml_vendor -isystem /opt/ros/humble/include/tracetools -isystem /opt/ros/humble/include/rcpputils -isystem /opt/ros/humble/include/statistics_msgs -isystem /opt/ros/humble/include/rosgraph_msgs -isystem /opt/ros/humble/include/rosidl_typesupport_cpp -isystem /opt/ros/humble/include/rosidl_typesupport_c -O3 -DNDEBUG -Wall -Wextra -Wpedantic -DMODEL=ros2_imu -DNUMST=1 -DNCSTATES=0 -DHAVESTDIO -DMODEL_HAS_DYNAMICALLY_LOADED_SFCNS=0 -DON_TARGET_WAIT_FOR_START=1 -DCLASSIC_INTERFACE=0 -DALLOCATIONFCN=0 -DTID01EQ=0 -DTERMFCN=1 -DONESTEPFCN=1 -DMAT_FILE=0 -DMULTI_INSTANCE_CODE=0 -DEXT_MODE=1 -DINTEGER_CODE=0 -DMT=0 -DROS2_PROJECT -DSTACK_SIZE=64 -D__MW_TARGET_USE_HARDWARE_RESOURCES_H__ -DRT=RT -fpermissive -MD -MT CMakeFiles/ros2_imu.dir/src/slros2_initialize.cpp.o -MF CMakeFiles/ros2_imu.dir/src/slros2_initialize.cpp.o.d -o CMakeFiles/ros2_imu.dir/src/slros2_initialize.cpp.o -c /home/ubuntu/ros2_ws/src/ros2_imu/src/slros2_initialize.cpp\n'}
[138.551085] (-) TimerEvent: {}
[138.651507] (-) TimerEvent: {}
[138.751923] (-) TimerEvent: {}
[138.852291] (-) TimerEvent: {}
[138.952693] (-) TimerEvent: {}
[139.053148] (-) TimerEvent: {}
[139.153596] (-) TimerEvent: {}
[139.254028] (-) TimerEvent: {}
[139.354458] (-) TimerEvent: {}
[139.454850] (-) TimerEvent: {}
[139.555263] (-) TimerEvent: {}
[139.655640] (-) TimerEvent: {}
[139.756095] (-) TimerEvent: {}
[139.856481] (-) TimerEvent: {}
[139.956853] (-) TimerEvent: {}
[140.057270] (-) TimerEvent: {}
[140.157732] (-) TimerEvent: {}
[140.258177] (-) TimerEvent: {}
[140.358646] (-) TimerEvent: {}
[140.459281] (-) TimerEvent: {}
[140.565607] (-) TimerEvent: {}
[140.666087] (-) TimerEvent: {}
[140.766526] (-) TimerEvent: {}
[140.867003] (-) TimerEvent: {}
[140.967559] (-) TimerEvent: {}
[141.068523] (-) TimerEvent: {}
[141.168983] (-) TimerEvent: {}
[141.269832] (-) TimerEvent: {}
[141.370291] (-) TimerEvent: {}
[141.470790] (-) TimerEvent: {}
[141.571390] (-) TimerEvent: {}
[141.672107] (-) TimerEvent: {}
[141.772624] (-) TimerEvent: {}
[141.873118] (-) TimerEvent: {}
[141.973637] (-) TimerEvent: {}
[142.074137] (-) TimerEvent: {}
[142.174566] (-) TimerEvent: {}
[142.274983] (-) TimerEvent: {}
[142.375395] (-) TimerEvent: {}
[142.475814] (-) TimerEvent: {}
[142.576312] (-) TimerEvent: {}
[142.680105] (-) TimerEvent: {}
[142.780658] (-) TimerEvent: {}
[142.881119] (-) TimerEvent: {}
[142.981648] (-) TimerEvent: {}
[143.082060] (-) TimerEvent: {}
[143.182566] (-) TimerEvent: {}
[143.283358] (-) TimerEvent: {}
[143.383814] (-) TimerEvent: {}
[143.484304] (-) TimerEvent: {}
[143.584754] (-) TimerEvent: {}
[143.685239] (-) TimerEvent: {}
[143.785796] (-) TimerEvent: {}
[143.886326] (-) TimerEvent: {}
[143.986772] (-) TimerEvent: {}
[144.087272] (-) TimerEvent: {}
[144.187754] (-) TimerEvent: {}
[144.288323] (-) TimerEvent: {}
[144.388981] (-) TimerEvent: {}
[144.489480] (-) TimerEvent: {}
[144.589922] (-) TimerEvent: {}
[144.690909] (-) TimerEvent: {}
[144.791349] (-) TimerEvent: {}
[144.892122] (-) TimerEvent: {}
[144.992701] (-) TimerEvent: {}
[145.093540] (-) TimerEvent: {}
[145.193981] (-) TimerEvent: {}
[145.294402] (-) TimerEvent: {}
[145.396746] (-) TimerEvent: {}
[145.497647] (-) TimerEvent: {}
[145.598258] (-) TimerEvent: {}
[145.699257] (-) TimerEvent: {}
[145.800143] (-) TimerEvent: {}
[145.901252] (-) TimerEvent: {}
[146.002127] (-) TimerEvent: {}
[146.103379] (-) TimerEvent: {}
[146.203794] (-) TimerEvent: {}
[146.305166] (-) TimerEvent: {}
[146.405977] (-) TimerEvent: {}
[146.507112] (-) TimerEvent: {}
[146.608429] (-) TimerEvent: {}
[146.708956] (-) TimerEvent: {}
[146.809562] (-) TimerEvent: {}
[146.909977] (-) TimerEvent: {}
[147.011094] (-) TimerEvent: {}
[147.111536] (-) TimerEvent: {}
[147.212268] (-) TimerEvent: {}
[147.313531] (-) TimerEvent: {}
[147.414146] (-) TimerEvent: {}
[147.515230] (-) TimerEvent: {}
[147.615821] (-) TimerEvent: {}
[147.720806] (-) TimerEvent: {}
[147.822095] (-) TimerEvent: {}
[147.922662] (-) TimerEvent: {}
[148.024524] (-) TimerEvent: {}
[148.126333] (-) TimerEvent: {}
[148.228692] (-) TimerEvent: {}
[148.330011] (-) TimerEvent: {}
[148.430955] (-) TimerEvent: {}
[148.532132] (-) TimerEvent: {}
[148.632801] (-) TimerEvent: {}
[148.733575] (-) TimerEvent: {}
[148.834847] (-) TimerEvent: {}
[148.935967] (-) TimerEvent: {}
[149.037564] (-) TimerEvent: {}
[149.138794] (-) TimerEvent: {}
[149.239358] (-) TimerEvent: {}
[149.339908] (-) TimerEvent: {}
[149.440322] (-) TimerEvent: {}
[149.541788] (-) TimerEvent: {}
[149.643752] (-) TimerEvent: {}
[149.744249] (-) TimerEvent: {}
[149.844700] (-) TimerEvent: {}
[149.945521] (-) TimerEvent: {}
[150.045998] (-) TimerEvent: {}
[150.146535] (-) TimerEvent: {}
[150.247472] (-) TimerEvent: {}
[150.348113] (-) TimerEvent: {}
[150.449528] (-) TimerEvent: {}
[150.550073] (-) TimerEvent: {}
[150.651926] (-) TimerEvent: {}
[150.754025] (-) TimerEvent: {}
[150.854476] (-) TimerEvent: {}
[150.954988] (-) TimerEvent: {}
[151.055465] (-) TimerEvent: {}
[151.155973] (-) TimerEvent: {}
[151.257262] (-) TimerEvent: {}
[151.357939] (-) TimerEvent: {}
[151.458460] (-) TimerEvent: {}
[151.558962] (-) TimerEvent: {}
[151.659869] (-) TimerEvent: {}
[151.760362] (-) TimerEvent: {}
[151.860946] (-) TimerEvent: {}
[151.961420] (-) TimerEvent: {}
[152.061974] (-) TimerEvent: {}
[152.162547] (-) TimerEvent: {}
[152.263170] (-) TimerEvent: {}
[152.364458] (-) TimerEvent: {}
[152.467686] (-) TimerEvent: {}
[152.568169] (-) TimerEvent: {}
[152.670645] (-) TimerEvent: {}
[152.771271] (-) TimerEvent: {}
[152.871789] (-) TimerEvent: {}
[152.972286] (-) TimerEvent: {}
[153.073073] (-) TimerEvent: {}
[153.175155] (-) TimerEvent: {}
[153.276165] (-) TimerEvent: {}
[153.378518] (-) TimerEvent: {}
[153.479988] (-) TimerEvent: {}
[153.580739] (-) TimerEvent: {}
[153.681384] (-) TimerEvent: {}
[153.782004] (-) TimerEvent: {}
[153.882528] (-) TimerEvent: {}
[153.983063] (-) TimerEvent: {}
[154.083531] (-) TimerEvent: {}
[154.184009] (-) TimerEvent: {}
[154.285912] (-) TimerEvent: {}
[154.386331] (-) TimerEvent: {}
[154.486779] (-) TimerEvent: {}
[154.535693] (ros2_imu) StdoutLine: {'line': b'[ 92%] Linking CXX executable ros2_imu\n'}
[154.542875] (ros2_imu) StdoutLine: {'line': b'/usr/bin/cmake -E cmake_link_script CMakeFiles/ros2_imu.dir/link.txt --verbose=1\n'}
[154.580812] (ros2_imu) StdoutLine: {'line': b'/usr/bin/c++ -O3 -DNDEBUG CMakeFiles/ros2_imu.dir/src/ext_svr.c.o CMakeFiles/ros2_imu.dir/src/ext_work.c.o CMakeFiles/ros2_imu.dir/src/rtiostream_interface.c.o CMakeFiles/ros2_imu.dir/src/updown.c.o CMakeFiles/ros2_imu.dir/src/rtiostream_tcpip.c.o CMakeFiles/ros2_imu.dir/src/rtiostream_utils.c.o CMakeFiles/ros2_imu.dir/src/main.cpp.o CMakeFiles/ros2_imu.dir/src/ros2_imu.cpp.o CMakeFiles/ros2_imu.dir/src/ros2_imu_data.cpp.o CMakeFiles/ros2_imu.dir/src/ros2nodeinterface.cpp.o CMakeFiles/ros2_imu.dir/src/slros2_initialize.cpp.o CMakeFiles/ros2_imu.dir/src/slros_busmsg_conversion.cpp.o -o ros2_imu  -Wl,-rpath,/home/ubuntu/ros2_ws/install/ros2_imu/lib:/opt/ros/humble/lib /opt/ros/humble/lib/libgeometry_msgs__rosidl_typesupport_fastrtps_c.so /opt/ros/humble/lib/libgeometry_msgs__rosidl_typesupport_introspection_c.so /opt/ros/humble/lib/libgeometry_msgs__rosidl_typesupport_fastrtps_cpp.so /opt/ros/humble/lib/libgeometry_msgs__rosidl_typesupport_introspection_cpp.so /opt/ros/humble/lib/libgeometry_msgs__rosidl_typesupport_cpp.so /opt/ros/humble/lib/libgeometry_msgs__rosidl_generator_py.so /opt/ros/humble/lib/librclcpp.so -ldl /opt/ros/humble/lib/libstd_msgs__rosidl_typesupport_fastrtps_c.so /opt/ros/humble/lib/libstd_msgs__rosidl_typesupport_introspection_c.so /opt/ros/humble/lib/libstd_msgs__rosidl_typesupport_fastrtps_cpp.so /opt/ros/humble/lib/libstd_msgs__rosidl_typesupport_introspection_cpp.so /opt/ros/humble/lib/libstd_msgs__rosidl_typesupport_cpp.so /opt/ros/humble/lib/libgeometry_msgs__rosidl_typesupport_c.so /opt/ros/humble/lib/libgeometry_msgs__rosidl_generator_c.so /opt/ros/humble/lib/libstd_msgs__rosidl_generator_py.so /opt/ros/humble/lib/libstd_msgs__rosidl_typesupport_c.so /opt/ros/humble/lib/libstd_msgs__rosidl_generator_c.so /opt/ros/humble/lib/liblibstatistics_collector.so /opt/ros/humble/lib/librcl.so /opt/ros/humble/lib/librmw_implementation.so /opt/ros/humble/lib/libament_index_cpp.so /opt/ros/humble/lib/librcl_logging_spdlog.so /opt/ros/humble/lib/librcl_logging_interface.so /opt/ros/humble/lib/librcl_interfaces__rosidl_typesupport_fastrtps_c.so /opt/ros/humble/lib/librcl_interfaces__rosidl_typesupport_introspection_c.so /opt/ros/humble/lib/librcl_interfaces__rosidl_typesupport_fastrtps_cpp.so /opt/ros/humble/lib/librcl_interfaces__rosidl_typesupport_introspection_cpp.so /opt/ros/humble/lib/librcl_interfaces__rosidl_typesupport_cpp.so /opt/ros/humble/lib/librcl_interfaces__rosidl_generator_py.so /opt/ros/humble/lib/librcl_interfaces__rosidl_typesupport_c.so /opt/ros/humble/lib/librcl_interfaces__rosidl_generator_c.so /opt/ros/humble/lib/librcl_yaml_param_parser.so /opt/ros/humble/lib/libyaml.so /opt/ros/humble/lib/librosgraph_msgs__rosidl_typesupport_fastrtps_c.so /opt/ros/humble/lib/librosgraph_msgs__rosidl_typesupport_fastrtps_cpp.so /opt/ros/humble/lib/librosgraph_msgs__rosidl_typesupport_introspection_c.so /opt/ros/humble/lib/librosgraph_msgs__rosidl_typesupport_introspection_cpp.so /opt/ros/humble/lib/librosgraph_msgs__rosidl_typesupport_cpp.so /opt/ros/humble/lib/librosgraph_msgs__rosidl_generator_py.so /opt/ros/humble/lib/librosgraph_msgs__rosidl_typesupport_c.so /opt/ros/humble/lib/librosgraph_msgs__rosidl_generator_c.so /opt/ros/humble/lib/libstatistics_msgs__rosidl_typesupport_fastrtps_c.so /opt/ros/humble/lib/libbuiltin_interfaces__rosidl_typesupport_fastrtps_c.so /opt/ros/humble/lib/librosidl_typesupport_fastrtps_c.so /opt/ros/humble/lib/libstatistics_msgs__rosidl_typesupport_fastrtps_cpp.so /opt/ros/humble/lib/libbuiltin_interfaces__rosidl_typesupport_fastrtps_cpp.so /opt/ros/humble/lib/librosidl_typesupport_fastrtps_cpp.so /opt/ros/humble/lib/libfastcdr.so.1.0.24 /opt/ros/humble/lib/librmw.so /opt/ros/humble/lib/libstatistics_msgs__rosidl_typesupport_introspection_c.so /opt/ros/humble/lib/libbuiltin_interfaces__rosidl_typesupport_introspection_c.so /opt/ros/humble/lib/libstatistics_msgs__rosidl_typesupport_introspection_cpp.so /opt/ros/humble/lib/libbuiltin_interfaces__rosidl_typesupport_introspection_cpp.so /opt/ros/humble/lib/librosidl_typesupport_introspection_cpp.so /opt/ros/humble/lib/librosidl_typesupport_introspection_c.so /opt/ros/humble/lib/libstatistics_msgs__rosidl_typesupport_cpp.so /opt/ros/humble/lib/libbuiltin_interfaces__rosidl_typesupport_cpp.so /opt/ros/humble/lib/librosidl_typesupport_cpp.so /opt/ros/humble/lib/libstatistics_msgs__rosidl_generator_py.so /opt/ros/humble/lib/libbuiltin_interfaces__rosidl_generator_py.so /usr/lib/aarch64-linux-gnu/libpython3.10.so /opt/ros/humble/lib/libstatistics_msgs__rosidl_typesupport_c.so /opt/ros/humble/lib/libbuiltin_interfaces__rosidl_typesupport_c.so /opt/ros/humble/lib/libstatistics_msgs__rosidl_generator_c.so /opt/ros/humble/lib/libbuiltin_interfaces__rosidl_generator_c.so /opt/ros/humble/lib/librosidl_typesupport_c.so /opt/ros/humble/lib/librosidl_runtime_c.so /opt/ros/humble/lib/librcpputils.so /opt/ros/humble/lib/librcutils.so -ldl /opt/ros/humble/lib/libtracetools.so \n'}
[154.586971] (-) TimerEvent: {}
[154.687436] (-) TimerEvent: {}
[154.787994] (-) TimerEvent: {}
[154.888486] (-) TimerEvent: {}
[154.989522] (-) TimerEvent: {}
[155.089993] (-) TimerEvent: {}
[155.190504] (-) TimerEvent: {}
[155.290978] (-) TimerEvent: {}
[155.391448] (-) TimerEvent: {}
[155.396572] (ros2_imu) StdoutLine: {'line': b"gmake[2]: Leaving directory '/home/ubuntu/ros2_ws/build/ros2_imu'\n"}
[155.440101] (ros2_imu) StdoutLine: {'line': b'[100%] Built target ros2_imu\n'}
[155.446249] (ros2_imu) StdoutLine: {'line': b"gmake[1]: Leaving directory '/home/ubuntu/ros2_ws/build/ros2_imu'\n"}
[155.447410] (ros2_imu) StdoutLine: {'line': b'/usr/bin/cmake -E cmake_progress_start /home/ubuntu/ros2_ws/build/ros2_imu/CMakeFiles 0\n'}
[155.490802] (ros2_imu) CommandEnded: {'returncode': 0}
[155.493909] (-) TimerEvent: {}
[155.594996] (-) TimerEvent: {}
[155.695496] (-) TimerEvent: {}
[155.803743] (-) TimerEvent: {}
[155.905003] (-) TimerEvent: {}
[155.913844] (ros2_imu) JobProgress: {'identifier': 'ros2_imu', 'progress': 'install'}
[155.980439] (ros2_imu) Command: {'cmd': ['/usr/bin/cmake', '--install', '/home/ubuntu/ros2_ws/build/ros2_imu'], 'cwd': '/home/ubuntu/ros2_ws/build/ros2_imu', 'env': OrderedDict([('USER', 'ubuntu'), ('SSH_CLIENT', '192.168.0.106 54662 22'), ('XDG_SESSION_TYPE', 'tty'), ('SHLVL', '1'), ('LD_LIBRARY_PATH', '/opt/ros/humble/lib/aarch64-linux-gnu:/opt/ros/humble/lib'), ('MOTD_SHOWN', 'pam'), ('HOME', '/home/ubuntu'), ('OLDPWD', '/home/ubuntu'), ('ROS_PYTHON_VERSION', '3'), ('DBUS_SESSION_BUS_ADDRESS', 'unix:path=/run/user/1000/bus'), ('COLCON_PREFIX_PATH', '/home/ubuntu/ros2_ws/install'), ('ROS_DISTRO', 'humble'), ('LOGNAME', 'ubuntu'), ('_', '/usr/bin/colcon'), ('ROS_VERSION', '2'), ('XDG_SESSION_CLASS', 'user'), ('XDG_SESSION_ID', '4'), ('ROS_LOCALHOST_ONLY', '0'), ('PATH', '/opt/ros/humble/bin:/usr/local/sbin:/usr/local/bin:/usr/sbin:/usr/bin:/sbin:/bin:/usr/games:/usr/local/games:/snap/bin'), ('XDG_RUNTIME_DIR', '/run/user/1000'), ('LANG', 'en_US.UTF-8'), ('AMENT_PREFIX_PATH', '/home/ubuntu/ros2_ws/install/ros2_imu:/home/ubuntu/ros2_ws/install/my_ahrs:/home/ubuntu/ros2_ws/install/lsm6dso:/home/ubuntu/ros2_ws/install/bmm150_sensor:/opt/ros/humble'), ('SHELL', '/bin/bash'), ('PWD', '/home/ubuntu/ros2_ws/build/ros2_imu'), ('LC_ALL', 'C'), ('SSH_CONNECTION', '192.168.0.106 54662 192.168.0.122 22'), ('PYTHONPATH', '/home/ubuntu/ros2_ws/install/my_ahrs/lib/python3.10/site-packages:/home/ubuntu/ros2_ws/install/lsm6dso/lib/python3.10/site-packages:/home/ubuntu/ros2_ws/install/bmm150_sensor/lib/python3.10/site-packages:/opt/ros/humble/lib/python3.10/site-packages:/opt/ros/humble/local/lib/python3.10/dist-packages'), ('COLCON', '1'), ('CMAKE_PREFIX_PATH', '/home/ubuntu/ros2_ws/install/ros2_imu:/home/ubuntu/ros2_ws/install/my_ahrs:/home/ubuntu/ros2_ws/install/lsm6dso:/home/ubuntu/ros2_ws/install/bmm150_sensor:/opt/ros/humble')]), 'shell': False}
[156.007060] (-) TimerEvent: {}
[156.029356] (ros2_imu) StdoutLine: {'line': b'-- Install configuration: "Release"\n'}
[156.032261] (ros2_imu) StdoutLine: {'line': b'-- Installing: /home/ubuntu/ros2_ws/install/ros2_imu/lib/ros2_imu/ros2_imu\n'}
[156.046593] (ros2_imu) StdoutLine: {'line': b'-- Up-to-date: /home/ubuntu/ros2_ws/install/ros2_imu/share/ament_index/resource_index/package_run_dependencies/ros2_imu\n'}
[156.050502] (ros2_imu) StdoutLine: {'line': b'-- Up-to-date: /home/ubuntu/ros2_ws/install/ros2_imu/share/ament_index/resource_index/parent_prefix_path/ros2_imu\n'}
[156.054163] (ros2_imu) StdoutLine: {'line': b'-- Up-to-date: /home/ubuntu/ros2_ws/install/ros2_imu/share/ros2_imu/environment/ament_prefix_path.sh\n'}
[156.056312] (ros2_imu) StdoutLine: {'line': b'-- Installing: /home/ubuntu/ros2_ws/install/ros2_imu/share/ros2_imu/environment/ament_prefix_path.dsv\n'}
[156.059629] (ros2_imu) StdoutLine: {'line': b'-- Up-to-date: /home/ubuntu/ros2_ws/install/ros2_imu/share/ros2_imu/environment/path.sh\n'}
[156.061441] (ros2_imu) StdoutLine: {'line': b'-- Installing: /home/ubuntu/ros2_ws/install/ros2_imu/share/ros2_imu/environment/path.dsv\n'}
[156.064791] (ros2_imu) StdoutLine: {'line': b'-- Up-to-date: /home/ubuntu/ros2_ws/install/ros2_imu/share/ros2_imu/local_setup.bash\n'}
[156.065261] (ros2_imu) StdoutLine: {'line': b'-- Up-to-date: /home/ubuntu/ros2_ws/install/ros2_imu/share/ros2_imu/local_setup.sh\n'}
[156.068055] (ros2_imu) StdoutLine: {'line': b'-- Up-to-date: /home/ubuntu/ros2_ws/install/ros2_imu/share/ros2_imu/local_setup.zsh\n'}
[156.071700] (ros2_imu) StdoutLine: {'line': b'-- Installing: /home/ubuntu/ros2_ws/install/ros2_imu/share/ros2_imu/local_setup.dsv\n'}
[156.073129] (ros2_imu) StdoutLine: {'line': b'-- Installing: /home/ubuntu/ros2_ws/install/ros2_imu/share/ros2_imu/package.dsv\n'}
[156.079289] (ros2_imu) StdoutLine: {'line': b'-- Up-to-date: /home/ubuntu/ros2_ws/install/ros2_imu/share/ament_index/resource_index/packages/ros2_imu\n'}
[156.079933] (ros2_imu) StdoutLine: {'line': b'-- Up-to-date: /home/ubuntu/ros2_ws/install/ros2_imu/share/ros2_imu/cmake/ament_cmake_export_include_directories-extras.cmake\n'}
[156.080511] (ros2_imu) StdoutLine: {'line': b'-- Up-to-date: /home/ubuntu/ros2_ws/install/ros2_imu/share/ros2_imu/cmake/ros2_imuConfig.cmake\n'}
[156.081491] (ros2_imu) StdoutLine: {'line': b'-- Up-to-date: /home/ubuntu/ros2_ws/install/ros2_imu/share/ros2_imu/cmake/ros2_imuConfig-version.cmake\n'}
[156.082151] (ros2_imu) StdoutLine: {'line': b'-- Installing: /home/ubuntu/ros2_ws/install/ros2_imu/share/ros2_imu/package.xml\n'}
[156.089685] (ros2_imu) CommandEnded: {'returncode': 0}
[156.107333] (-) TimerEvent: {}
[156.207789] (-) TimerEvent: {}
[156.308911] (-) TimerEvent: {}
[156.409474] (-) TimerEvent: {}
[156.510190] (-) TimerEvent: {}
[156.549707] (ros2_imu) JobEnded: {'identifier': 'ros2_imu', 'rc': 0}
[156.553545] (-) EventReactorShutdown: {}
