[10.839s] Invoking command in '/home/ubuntu/ros2_ws/src/lsm6dso': PYTHONPATH=/home/ubuntu/ros2_ws/build/lsm6dso/prefix_override:/home/ubuntu/ros2_ws/install/lsm6dso/lib/python3.10/site-packages:${PYTHONPATH} /usr/bin/python3 -W ignore:setup.py install is deprecated setup.py egg_info --egg-base ../../build/lsm6dso build --build-base /home/ubuntu/ros2_ws/build/lsm6dso/build install --record /home/ubuntu/ros2_ws/build/lsm6dso/install.log --single-version-externally-managed install_data
[15.528s] running egg_info
[15.539s] writing ../../build/lsm6dso/lsm6dso.egg-info/PKG-INFO
[15.544s] writing dependency_links to ../../build/lsm6dso/lsm6dso.egg-info/dependency_links.txt
[15.550s] writing entry points to ../../build/lsm6dso/lsm6dso.egg-info/entry_points.txt
[15.555s] writing requirements to ../../build/lsm6dso/lsm6dso.egg-info/requires.txt
[15.566s] writing top-level names to ../../build/lsm6dso/lsm6dso.egg-info/top_level.txt
[15.620s] reading manifest file '../../build/lsm6dso/lsm6dso.egg-info/SOURCES.txt'
[15.635s] writing manifest file '../../build/lsm6dso/lsm6dso.egg-info/SOURCES.txt'
[15.638s] running build
[15.639s] running build_py
[15.657s] copying lsm6dso/calibrate.py -> /home/ubuntu/ros2_ws/build/lsm6dso/build/lib/lsm6dso
[15.658s] running install
[15.659s] running install_lib
[15.674s] copying /home/ubuntu/ros2_ws/build/lsm6dso/build/lib/lsm6dso/calibrate.py -> /home/ubuntu/ros2_ws/install/lsm6dso/lib/python3.10/site-packages/lsm6dso
[15.678s] byte-compiling /home/ubuntu/ros2_ws/install/lsm6dso/lib/python3.10/site-packages/lsm6dso/calibrate.py to calibrate.cpython-310.pyc
[15.689s] running install_data
[15.690s] running install_egg_info
[15.725s] removing '/home/ubuntu/ros2_ws/install/lsm6dso/lib/python3.10/site-packages/lsm6dso-0.0.0-py3.10.egg-info' (and everything under it)
[15.731s] Copying ../../build/lsm6dso/lsm6dso.egg-info to /home/ubuntu/ros2_ws/install/lsm6dso/lib/python3.10/site-packages/lsm6dso-0.0.0-py3.10.egg-info
[15.752s] running install_scripts
[16.382s] Installing calibrate_gyro script to /home/ubuntu/ros2_ws/install/lsm6dso/lib/lsm6dso
[16.392s] Installing lsm6dso script to /home/ubuntu/ros2_ws/install/lsm6dso/lib/lsm6dso
[16.409s] writing list of installed files to '/home/ubuntu/ros2_ws/build/lsm6dso/install.log'
[16.767s] Invoked command in '/home/ubuntu/ros2_ws/src/lsm6dso' returned '0': PYTHONPATH=/home/ubuntu/ros2_ws/build/lsm6dso/prefix_override:/home/ubuntu/ros2_ws/install/lsm6dso/lib/python3.10/site-packages:${PYTHONPATH} /usr/bin/python3 -W ignore:setup.py install is deprecated setup.py egg_info --egg-base ../../build/lsm6dso build --build-base /home/ubuntu/ros2_ws/build/lsm6dso/build install --record /home/ubuntu/ros2_ws/build/lsm6dso/install.log --single-version-externally-managed install_data
