[10.812s] Invoking command in '/home/ubuntu/ros2_ws/src/esc_pkg': CMAKE_PREFIX_PATH=/home/ubuntu/ros2_ws/install/aerobot_interfaces:/home/ubuntu/ros2_ws/install/untitled1:/home/ubuntu/ros2_ws/install/testing_ros2:/home/ubuntu/ros2_ws/install/testing_ros:/home/ubuntu/ros2_ws/install/ros2_imu:/home/ubuntu/ros2_ws/install/pid_control_aerobot:/home/ubuntu/ros2_ws/install/complementary_filter_ros2 PYTHONPATH=/home/ubuntu/ros2_ws/build/esc_pkg/prefix_override:/home/ubuntu/ros2_ws/install/esc_pkg/lib/python3.10/site-packages:${PYTHONPATH} /usr/bin/python3 -W ignore:setup.py install is deprecated setup.py egg_info --egg-base ../../build/esc_pkg build --build-base /home/ubuntu/ros2_ws/build/esc_pkg/build install --record /home/ubuntu/ros2_ws/build/esc_pkg/install.log --single-version-externally-managed install_data
[14.916s] running egg_info
[14.922s] writing ../../build/esc_pkg/esc_pkg.egg-info/PKG-INFO
[14.925s] writing dependency_links to ../../build/esc_pkg/esc_pkg.egg-info/dependency_links.txt
[14.927s] writing entry points to ../../build/esc_pkg/esc_pkg.egg-info/entry_points.txt
[14.928s] writing requirements to ../../build/esc_pkg/esc_pkg.egg-info/requires.txt
[14.930s] writing top-level names to ../../build/esc_pkg/esc_pkg.egg-info/top_level.txt
[14.952s] reading manifest file '../../build/esc_pkg/esc_pkg.egg-info/SOURCES.txt'
[14.963s] writing manifest file '../../build/esc_pkg/esc_pkg.egg-info/SOURCES.txt'
[14.965s] running build
[14.970s] running build_py
[14.974s] running install
[14.981s] running install_lib
[14.989s] running install_data
[14.990s] running install_egg_info
[15.008s] removing '/home/ubuntu/ros2_ws/install/esc_pkg/lib/python3.10/site-packages/esc_pkg-0.0.0-py3.10.egg-info' (and everything under it)
[15.013s] Copying ../../build/esc_pkg/esc_pkg.egg-info to /home/ubuntu/ros2_ws/install/esc_pkg/lib/python3.10/site-packages/esc_pkg-0.0.0-py3.10.egg-info
[15.032s] running install_scripts
[15.255s] Installing esc_node script to /home/ubuntu/ros2_ws/install/esc_pkg/lib/esc_pkg
[15.260s] writing list of installed files to '/home/ubuntu/ros2_ws/build/esc_pkg/install.log'
[15.507s] Invoked command in '/home/ubuntu/ros2_ws/src/esc_pkg' returned '0': CMAKE_PREFIX_PATH=/home/ubuntu/ros2_ws/install/aerobot_interfaces:/home/ubuntu/ros2_ws/install/untitled1:/home/ubuntu/ros2_ws/install/testing_ros2:/home/ubuntu/ros2_ws/install/testing_ros:/home/ubuntu/ros2_ws/install/ros2_imu:/home/ubuntu/ros2_ws/install/pid_control_aerobot:/home/ubuntu/ros2_ws/install/complementary_filter_ros2 PYTHONPATH=/home/ubuntu/ros2_ws/build/esc_pkg/prefix_override:/home/ubuntu/ros2_ws/install/esc_pkg/lib/python3.10/site-packages:${PYTHONPATH} /usr/bin/python3 -W ignore:setup.py install is deprecated setup.py egg_info --egg-base ../../build/esc_pkg build --build-base /home/ubuntu/ros2_ws/build/esc_pkg/build install --record /home/ubuntu/ros2_ws/build/esc_pkg/install.log --single-version-externally-managed install_data
