[42.865s] Invoking command in '/home/ubuntu/ros2_ws/src/bmm150_sensor': PYTHONPATH=/home/ubuntu/ros2_ws/build/bmm150_sensor/prefix_override:/home/ubuntu/ros2_ws/install/bmm150_sensor/lib/python3.10/site-packages:${PYTHONPATH} /usr/bin/python3 -W ignore:setup.py install is deprecated setup.py egg_info --egg-base ../../build/bmm150_sensor build --build-base /home/ubuntu/ros2_ws/build/bmm150_sensor/build install --record /home/ubuntu/ros2_ws/build/bmm150_sensor/install.log --single-version-externally-managed install_data
[57.916s] running egg_info
[57.981s] writing ../../build/bmm150_sensor/bmm150_sensor.egg-info/PKG-INFO
[58.015s] writing dependency_links to ../../build/bmm150_sensor/bmm150_sensor.egg-info/dependency_links.txt
[58.062s] writing entry points to ../../build/bmm150_sensor/bmm150_sensor.egg-info/entry_points.txt
[58.086s] writing requirements to ../../build/bmm150_sensor/bmm150_sensor.egg-info/requires.txt
[58.093s] writing top-level names to ../../build/bmm150_sensor/bmm150_sensor.egg-info/top_level.txt
[58.197s] reading manifest file '../../build/bmm150_sensor/bmm150_sensor.egg-info/SOURCES.txt'
[58.223s] writing manifest file '../../build/bmm150_sensor/bmm150_sensor.egg-info/SOURCES.txt'
[58.225s] running build
[58.226s] running build_py
[58.283s] running install
[58.295s] running install_lib
[58.407s] running install_data
[58.437s] running install_egg_info
[58.637s] removing '/home/ubuntu/ros2_ws/install/bmm150_sensor/lib/python3.10/site-packages/bmm150_sensor-0.0.0-py3.10.egg-info' (and everything under it)
[58.680s] Copying ../../build/bmm150_sensor/bmm150_sensor.egg-info to /home/ubuntu/ros2_ws/install/bmm150_sensor/lib/python3.10/site-packages/bmm150_sensor-0.0.0-py3.10.egg-info
[58.795s] running install_scripts
[59.543s] Installing bmm150 script to /home/ubuntu/ros2_ws/install/bmm150_sensor/lib/bmm150_sensor
[59.553s] writing list of installed files to '/home/ubuntu/ros2_ws/build/bmm150_sensor/install.log'
[60.504s] Invoked command in '/home/ubuntu/ros2_ws/src/bmm150_sensor' returned '0': PYTHONPATH=/home/ubuntu/ros2_ws/build/bmm150_sensor/prefix_override:/home/ubuntu/ros2_ws/install/bmm150_sensor/lib/python3.10/site-packages:${PYTHONPATH} /usr/bin/python3 -W ignore:setup.py install is deprecated setup.py egg_info --egg-base ../../build/bmm150_sensor build --build-base /home/ubuntu/ros2_ws/build/bmm150_sensor/build install --record /home/ubuntu/ros2_ws/build/bmm150_sensor/install.log --single-version-externally-managed install_data
