[1.464s] DEBUG:colcon:Command line arguments: ['/usr/bin/colcon', 'build', '--packages-up-to', 'testing_ros2']
[1.465s] DEBUG:colcon:Parsed command line arguments: Namespace(log_base=None, log_level=None, verb_name='build', build_base='build', install_base='install', merge_install=False, symlink_install=False, test_result_base=None, continue_on_error=False, executor='parallel', parallel_workers=4, event_handlers=None, ignore_user_meta=False, metas=['./colcon.meta'], base_paths=['.'], packages_ignore=None, packages_ignore_regex=None, paths=None, packages_up_to=['testing_ros2'], packages_up_to_regex=None, packages_above=None, packages_above_and_dependencies=None, packages_above_depth=None, packages_select_by_dep=None, packages_skip_by_dep=None, packages_skip_up_to=None, packages_select_build_failed=False, packages_skip_build_finished=False, packages_select_test_failures=False, packages_skip_test_passed=False, packages_select=None, packages_skip=None, packages_select_regex=None, packages_skip_regex=None, packages_start=None, packages_end=None, allow_overriding=[], cmake_args=None, cmake_target=None, cmake_target_skip_unavailable=False, cmake_clean_cache=False, cmake_clean_first=False, cmake_force_configure=False, ament_cmake_args=None, catkin_cmake_args=None, catkin_skip_building_tests=False, mixin_files=None, mixin=None, verb_parser=<colcon_mixin.mixin.mixin_argument.MixinArgumentDecorator object at 0xffffac239450>, verb_extension=<colcon_core.verb.build.BuildVerb object at 0xffffac34a530>, main=<bound method BuildVerb.main of <colcon_core.verb.build.BuildVerb object at 0xffffac34a530>>, mixin_verb=('build',))
[4.313s] Level 1:colcon.colcon_core.package_discovery:discover_packages(colcon_meta) check parameters
[4.314s] Level 1:colcon.colcon_core.package_discovery:discover_packages(recursive) check parameters
[4.315s] Level 1:colcon.colcon_core.package_discovery:discover_packages(ignore) check parameters
[4.315s] Level 1:colcon.colcon_core.package_discovery:discover_packages(path) check parameters
[4.316s] Level 1:colcon.colcon_core.package_discovery:discover_packages(colcon_meta) discover
[4.316s] Level 1:colcon.colcon_core.package_discovery:discover_packages(recursive) discover
[4.317s] INFO:colcon.colcon_core.package_discovery:Crawling recursively for packages in '/home/ubuntu/ros2_ws'
[4.318s] Level 1:colcon.colcon_core.package_identification:_identify(.) by extensions ['ignore', 'ignore_ament_install']
[4.319s] Level 1:colcon.colcon_core.package_identification:_identify(.) by extension 'ignore'
[4.320s] Level 1:colcon.colcon_core.package_identification:_identify(.) by extension 'ignore_ament_install'
[4.321s] Level 1:colcon.colcon_core.package_identification:_identify(.) by extensions ['colcon_pkg']
[4.321s] Level 1:colcon.colcon_core.package_identification:_identify(.) by extension 'colcon_pkg'
[4.322s] Level 1:colcon.colcon_core.package_identification:_identify(.) by extensions ['colcon_meta']
[4.323s] Level 1:colcon.colcon_core.package_identification:_identify(.) by extension 'colcon_meta'
[4.323s] Level 1:colcon.colcon_core.package_identification:_identify(.) by extensions ['ros']
[4.323s] Level 1:colcon.colcon_core.package_identification:_identify(.) by extension 'ros'
[4.456s] Level 1:colcon.colcon_core.package_identification:_identify(.) by extensions ['cmake', 'python']
[4.457s] Level 1:colcon.colcon_core.package_identification:_identify(.) by extension 'cmake'
[4.458s] Level 1:colcon.colcon_core.package_identification:_identify(.) by extension 'python'
[4.459s] Level 1:colcon.colcon_core.package_identification:_identify(.) by extensions ['python_setup_py']
[4.460s] Level 1:colcon.colcon_core.package_identification:_identify(.) by extension 'python_setup_py'
[4.462s] Level 1:colcon.colcon_core.package_identification:_identify(build) by extensions ['ignore', 'ignore_ament_install']
[4.463s] Level 1:colcon.colcon_core.package_identification:_identify(build) by extension 'ignore'
[4.464s] Level 1:colcon.colcon_core.package_identification:_identify(build) ignored
[4.466s] Level 1:colcon.colcon_core.package_identification:_identify(install) by extensions ['ignore', 'ignore_ament_install']
[4.468s] Level 1:colcon.colcon_core.package_identification:_identify(install) by extension 'ignore'
[4.468s] Level 1:colcon.colcon_core.package_identification:_identify(install) ignored
[4.472s] Level 1:colcon.colcon_core.package_identification:_identify(log) by extensions ['ignore', 'ignore_ament_install']
[4.473s] Level 1:colcon.colcon_core.package_identification:_identify(log) by extension 'ignore'
[4.474s] Level 1:colcon.colcon_core.package_identification:_identify(log) ignored
[4.475s] Level 1:colcon.colcon_core.package_identification:_identify(src) by extensions ['ignore', 'ignore_ament_install']
[4.477s] Level 1:colcon.colcon_core.package_identification:_identify(src) by extension 'ignore'
[4.478s] Level 1:colcon.colcon_core.package_identification:_identify(src) by extension 'ignore_ament_install'
[4.479s] Level 1:colcon.colcon_core.package_identification:_identify(src) by extensions ['colcon_pkg']
[4.480s] Level 1:colcon.colcon_core.package_identification:_identify(src) by extension 'colcon_pkg'
[4.481s] Level 1:colcon.colcon_core.package_identification:_identify(src) by extensions ['colcon_meta']
[4.481s] Level 1:colcon.colcon_core.package_identification:_identify(src) by extension 'colcon_meta'
[4.483s] Level 1:colcon.colcon_core.package_identification:_identify(src) by extensions ['ros']
[4.483s] Level 1:colcon.colcon_core.package_identification:_identify(src) by extension 'ros'
[4.485s] Level 1:colcon.colcon_core.package_identification:_identify(src) by extensions ['cmake', 'python']
[4.485s] Level 1:colcon.colcon_core.package_identification:_identify(src) by extension 'cmake'
[4.486s] Level 1:colcon.colcon_core.package_identification:_identify(src) by extension 'python'
[4.487s] Level 1:colcon.colcon_core.package_identification:_identify(src) by extensions ['python_setup_py']
[4.488s] Level 1:colcon.colcon_core.package_identification:_identify(src) by extension 'python_setup_py'
[4.489s] Level 1:colcon.colcon_core.package_identification:_identify(src/aerobot_interfaces) by extensions ['ignore', 'ignore_ament_install']
[4.491s] Level 1:colcon.colcon_core.package_identification:_identify(src/aerobot_interfaces) by extension 'ignore'
[4.492s] Level 1:colcon.colcon_core.package_identification:_identify(src/aerobot_interfaces) by extension 'ignore_ament_install'
[4.492s] Level 1:colcon.colcon_core.package_identification:_identify(src/aerobot_interfaces) by extensions ['colcon_pkg']
[4.493s] Level 1:colcon.colcon_core.package_identification:_identify(src/aerobot_interfaces) by extension 'colcon_pkg'
[4.494s] Level 1:colcon.colcon_core.package_identification:_identify(src/aerobot_interfaces) by extensions ['colcon_meta']
[4.494s] Level 1:colcon.colcon_core.package_identification:_identify(src/aerobot_interfaces) by extension 'colcon_meta'
[4.495s] Level 1:colcon.colcon_core.package_identification:_identify(src/aerobot_interfaces) by extensions ['ros']
[4.496s] Level 1:colcon.colcon_core.package_identification:_identify(src/aerobot_interfaces) by extension 'ros'
[4.522s] DEBUG:colcon.colcon_core.package_identification:Package 'src/aerobot_interfaces' with type 'ros.ament_cmake' and name 'aerobot_interfaces'
[4.525s] Level 1:colcon.colcon_core.package_identification:_identify(src/bmm150_sensor) by extensions ['ignore', 'ignore_ament_install']
[4.527s] Level 1:colcon.colcon_core.package_identification:_identify(src/bmm150_sensor) by extension 'ignore'
[4.528s] Level 1:colcon.colcon_core.package_identification:_identify(src/bmm150_sensor) by extension 'ignore_ament_install'
[4.530s] Level 1:colcon.colcon_core.package_identification:_identify(src/bmm150_sensor) by extensions ['colcon_pkg']
[4.532s] Level 1:colcon.colcon_core.package_identification:_identify(src/bmm150_sensor) by extension 'colcon_pkg'
[4.534s] Level 1:colcon.colcon_core.package_identification:_identify(src/bmm150_sensor) by extensions ['colcon_meta']
[4.535s] Level 1:colcon.colcon_core.package_identification:_identify(src/bmm150_sensor) by extension 'colcon_meta'
[4.537s] Level 1:colcon.colcon_core.package_identification:_identify(src/bmm150_sensor) by extensions ['ros']
[4.539s] Level 1:colcon.colcon_core.package_identification:_identify(src/bmm150_sensor) by extension 'ros'
[4.548s] DEBUG:colcon.colcon_core.package_identification:Package 'src/bmm150_sensor' with type 'ros.ament_python' and name 'bmm150_sensor'
[4.551s] Level 1:colcon.colcon_core.package_identification:_identify(src/esc_pkg) by extensions ['ignore', 'ignore_ament_install']
[4.553s] Level 1:colcon.colcon_core.package_identification:_identify(src/esc_pkg) by extension 'ignore'
[4.555s] Level 1:colcon.colcon_core.package_identification:_identify(src/esc_pkg) by extension 'ignore_ament_install'
[4.557s] Level 1:colcon.colcon_core.package_identification:_identify(src/esc_pkg) by extensions ['colcon_pkg']
[4.558s] Level 1:colcon.colcon_core.package_identification:_identify(src/esc_pkg) by extension 'colcon_pkg'
[4.560s] Level 1:colcon.colcon_core.package_identification:_identify(src/esc_pkg) by extensions ['colcon_meta']
[4.561s] Level 1:colcon.colcon_core.package_identification:_identify(src/esc_pkg) by extension 'colcon_meta'
[4.563s] Level 1:colcon.colcon_core.package_identification:_identify(src/esc_pkg) by extensions ['ros']
[4.565s] Level 1:colcon.colcon_core.package_identification:_identify(src/esc_pkg) by extension 'ros'
[4.573s] DEBUG:colcon.colcon_core.package_identification:Package 'src/esc_pkg' with type 'ros.ament_python' and name 'esc_pkg'
[4.576s] Level 1:colcon.colcon_core.package_identification:_identify(src/lsm6dso) by extensions ['ignore', 'ignore_ament_install']
[4.578s] Level 1:colcon.colcon_core.package_identification:_identify(src/lsm6dso) by extension 'ignore'
[4.580s] Level 1:colcon.colcon_core.package_identification:_identify(src/lsm6dso) by extension 'ignore_ament_install'
[4.582s] Level 1:colcon.colcon_core.package_identification:_identify(src/lsm6dso) by extensions ['colcon_pkg']
[4.584s] Level 1:colcon.colcon_core.package_identification:_identify(src/lsm6dso) by extension 'colcon_pkg'
[4.586s] Level 1:colcon.colcon_core.package_identification:_identify(src/lsm6dso) by extensions ['colcon_meta']
[4.587s] Level 1:colcon.colcon_core.package_identification:_identify(src/lsm6dso) by extension 'colcon_meta'
[4.589s] Level 1:colcon.colcon_core.package_identification:_identify(src/lsm6dso) by extensions ['ros']
[4.590s] Level 1:colcon.colcon_core.package_identification:_identify(src/lsm6dso) by extension 'ros'
[4.601s] DEBUG:colcon.colcon_core.package_identification:Package 'src/lsm6dso' with type 'ros.ament_python' and name 'lsm6dso'
[4.604s] Level 1:colcon.colcon_core.package_identification:_identify(src/my_ahrs) by extensions ['ignore', 'ignore_ament_install']
[4.606s] Level 1:colcon.colcon_core.package_identification:_identify(src/my_ahrs) by extension 'ignore'
[4.607s] Level 1:colcon.colcon_core.package_identification:_identify(src/my_ahrs) by extension 'ignore_ament_install'
[4.609s] Level 1:colcon.colcon_core.package_identification:_identify(src/my_ahrs) by extensions ['colcon_pkg']
[4.611s] Level 1:colcon.colcon_core.package_identification:_identify(src/my_ahrs) by extension 'colcon_pkg'
[4.612s] Level 1:colcon.colcon_core.package_identification:_identify(src/my_ahrs) by extensions ['colcon_meta']
[4.614s] Level 1:colcon.colcon_core.package_identification:_identify(src/my_ahrs) by extension 'colcon_meta'
[4.616s] Level 1:colcon.colcon_core.package_identification:_identify(src/my_ahrs) by extensions ['ros']
[4.617s] Level 1:colcon.colcon_core.package_identification:_identify(src/my_ahrs) by extension 'ros'
[4.627s] DEBUG:colcon.colcon_core.package_identification:Package 'src/my_ahrs' with type 'ros.ament_python' and name 'my_ahrs'
[4.629s] Level 1:colcon.colcon_core.package_identification:_identify(src/ros2_imu) by extensions ['ignore', 'ignore_ament_install']
[4.631s] Level 1:colcon.colcon_core.package_identification:_identify(src/ros2_imu) by extension 'ignore'
[4.633s] Level 1:colcon.colcon_core.package_identification:_identify(src/ros2_imu) by extension 'ignore_ament_install'
[4.635s] Level 1:colcon.colcon_core.package_identification:_identify(src/ros2_imu) by extensions ['colcon_pkg']
[4.637s] Level 1:colcon.colcon_core.package_identification:_identify(src/ros2_imu) by extension 'colcon_pkg'
[4.638s] Level 1:colcon.colcon_core.package_identification:_identify(src/ros2_imu) by extensions ['colcon_meta']
[4.640s] Level 1:colcon.colcon_core.package_identification:_identify(src/ros2_imu) by extension 'colcon_meta'
[4.642s] Level 1:colcon.colcon_core.package_identification:_identify(src/ros2_imu) by extensions ['ros']
[4.643s] Level 1:colcon.colcon_core.package_identification:_identify(src/ros2_imu) by extension 'ros'
[4.653s] DEBUG:colcon.colcon_core.package_identification:Package 'src/ros2_imu' with type 'ros.ament_cmake' and name 'ros2_imu'
[4.656s] Level 1:colcon.colcon_core.package_identification:_identify(src/testing_ros) by extensions ['ignore', 'ignore_ament_install']
[4.658s] Level 1:colcon.colcon_core.package_identification:_identify(src/testing_ros) by extension 'ignore'
[4.660s] Level 1:colcon.colcon_core.package_identification:_identify(src/testing_ros) by extension 'ignore_ament_install'
[4.662s] Level 1:colcon.colcon_core.package_identification:_identify(src/testing_ros) by extensions ['colcon_pkg']
[4.663s] Level 1:colcon.colcon_core.package_identification:_identify(src/testing_ros) by extension 'colcon_pkg'
[4.665s] Level 1:colcon.colcon_core.package_identification:_identify(src/testing_ros) by extensions ['colcon_meta']
[4.667s] Level 1:colcon.colcon_core.package_identification:_identify(src/testing_ros) by extension 'colcon_meta'
[4.669s] Level 1:colcon.colcon_core.package_identification:_identify(src/testing_ros) by extensions ['ros']
[4.670s] Level 1:colcon.colcon_core.package_identification:_identify(src/testing_ros) by extension 'ros'
[4.679s] DEBUG:colcon.colcon_core.package_identification:Package 'src/testing_ros' with type 'ros.ament_cmake' and name 'testing_ros'
[4.682s] Level 1:colcon.colcon_core.package_identification:_identify(src/testing_ros2) by extensions ['ignore', 'ignore_ament_install']
[4.684s] Level 1:colcon.colcon_core.package_identification:_identify(src/testing_ros2) by extension 'ignore'
[4.686s] Level 1:colcon.colcon_core.package_identification:_identify(src/testing_ros2) by extension 'ignore_ament_install'
[4.687s] Level 1:colcon.colcon_core.package_identification:_identify(src/testing_ros2) by extensions ['colcon_pkg']
[4.689s] Level 1:colcon.colcon_core.package_identification:_identify(src/testing_ros2) by extension 'colcon_pkg'
[4.691s] Level 1:colcon.colcon_core.package_identification:_identify(src/testing_ros2) by extensions ['colcon_meta']
[4.692s] Level 1:colcon.colcon_core.package_identification:_identify(src/testing_ros2) by extension 'colcon_meta'
[4.694s] Level 1:colcon.colcon_core.package_identification:_identify(src/testing_ros2) by extensions ['ros']
[4.696s] Level 1:colcon.colcon_core.package_identification:_identify(src/testing_ros2) by extension 'ros'
[4.704s] DEBUG:colcon.colcon_core.package_identification:Package 'src/testing_ros2' with type 'ros.ament_cmake' and name 'testing_ros2'
[4.706s] Level 1:colcon.colcon_core.package_discovery:discover_packages(recursive) using defaults
[4.708s] Level 1:colcon.colcon_core.package_discovery:discover_packages(ignore) discover
[4.709s] Level 1:colcon.colcon_core.package_discovery:discover_packages(ignore) using defaults
[4.711s] Level 1:colcon.colcon_core.package_discovery:discover_packages(path) discover
[4.712s] Level 1:colcon.colcon_core.package_discovery:discover_packages(path) using defaults
[5.119s] INFO:colcon.colcon_core.package_selection:Skipping package 'ros2_imu' in 'src/ros2_imu'
[5.120s] INFO:colcon.colcon_core.package_selection:Skipping package 'esc_pkg' in 'src/esc_pkg'
[5.120s] INFO:colcon.colcon_core.package_selection:Skipping package 'testing_ros' in 'src/testing_ros'
[5.121s] INFO:colcon.colcon_core.package_selection:Skipping package 'my_ahrs' in 'src/my_ahrs'
[5.121s] INFO:colcon.colcon_core.package_selection:Skipping package 'lsm6dso' in 'src/lsm6dso'
[5.121s] INFO:colcon.colcon_core.package_selection:Skipping package 'bmm150_sensor' in 'src/bmm150_sensor'
[5.122s] INFO:colcon.colcon_core.package_selection:Skipping package 'aerobot_interfaces' in 'src/aerobot_interfaces'
[5.126s] Level 1:colcon.colcon_core.package_discovery:discover_packages(prefix_path) check parameters
[5.127s] Level 1:colcon.colcon_core.package_discovery:discover_packages(prefix_path) discover
[5.162s] DEBUG:colcon.colcon_installed_package_information.package_discovery:Found 8 installed packages in /home/ubuntu/ros2_ws/install
[5.183s] DEBUG:colcon.colcon_installed_package_information.package_discovery:Found 184 installed packages in /opt/ros/humble
[5.197s] Level 1:colcon.colcon_core.package_discovery:discover_packages(prefix_path) using defaults
[5.612s] Level 5:colcon.colcon_core.verb:set package 'testing_ros2' build argument 'cmake_args' from command line to 'None'
[5.612s] Level 5:colcon.colcon_core.verb:set package 'testing_ros2' build argument 'cmake_target' from command line to 'None'
[5.613s] Level 5:colcon.colcon_core.verb:set package 'testing_ros2' build argument 'cmake_target_skip_unavailable' from command line to 'False'
[5.613s] Level 5:colcon.colcon_core.verb:set package 'testing_ros2' build argument 'cmake_clean_cache' from command line to 'False'
[5.614s] Level 5:colcon.colcon_core.verb:set package 'testing_ros2' build argument 'cmake_clean_first' from command line to 'False'
[5.614s] Level 5:colcon.colcon_core.verb:set package 'testing_ros2' build argument 'cmake_force_configure' from command line to 'False'
[5.615s] Level 5:colcon.colcon_core.verb:set package 'testing_ros2' build argument 'ament_cmake_args' from command line to 'None'
[5.615s] Level 5:colcon.colcon_core.verb:set package 'testing_ros2' build argument 'catkin_cmake_args' from command line to 'None'
[5.615s] Level 5:colcon.colcon_core.verb:set package 'testing_ros2' build argument 'catkin_skip_building_tests' from command line to 'False'
[5.616s] DEBUG:colcon.colcon_core.verb:Building package 'testing_ros2' with the following arguments: {'ament_cmake_args': None, 'build_base': '/home/ubuntu/ros2_ws/build/testing_ros2', 'catkin_cmake_args': None, 'catkin_skip_building_tests': False, 'cmake_args': None, 'cmake_clean_cache': False, 'cmake_clean_first': False, 'cmake_force_configure': False, 'cmake_target': None, 'cmake_target_skip_unavailable': False, 'install_base': '/home/ubuntu/ros2_ws/install/testing_ros2', 'merge_install': False, 'path': '/home/ubuntu/ros2_ws/src/testing_ros2', 'symlink_install': False, 'test_result_base': None}
[5.618s] INFO:colcon.colcon_core.executor:Executing jobs using 'parallel' executor
[5.627s] DEBUG:colcon.colcon_parallel_executor.executor.parallel:run_until_complete
[5.628s] INFO:colcon.colcon_ros.task.ament_cmake.build:Building ROS package in '/home/ubuntu/ros2_ws/src/testing_ros2' with build type 'ament_cmake'
[5.629s] INFO:colcon.colcon_cmake.task.cmake.build:Building CMake package in '/home/ubuntu/ros2_ws/src/testing_ros2'
[5.662s] INFO:colcon.colcon_core.plugin_system:Skipping extension 'colcon_core.shell.bat': Not used on non-Windows systems
[5.664s] INFO:colcon.colcon_core.shell:Skip shell extension 'powershell' for command environment: Not usable outside of PowerShell
[5.665s] DEBUG:colcon.colcon_core.shell:Skip shell extension 'dsv' for command environment
[5.778s] DEBUG:colcon.colcon_core.event_handler.log_command:Invoking command in '/home/ubuntu/ros2_ws/build/testing_ros2': CMAKE_PREFIX_PATH=${CMAKE_PREFIX_PATH}:/home/ubuntu/ros2_ws/install/my_ahrs:/home/ubuntu/ros2_ws/install/lsm6dso:/home/ubuntu/ros2_ws/install/esc_pkg:/home/ubuntu/ros2_ws/install/bmm150_sensor:/opt/ros/humble /usr/bin/cmake --build /home/ubuntu/ros2_ws/build/testing_ros2 -- -j4 -l4
[193.243s] DEBUG:colcon.colcon_core.event_handler.log_command:Invoked command in '/home/ubuntu/ros2_ws/build/testing_ros2' returned '2': CMAKE_PREFIX_PATH=${CMAKE_PREFIX_PATH}:/home/ubuntu/ros2_ws/install/my_ahrs:/home/ubuntu/ros2_ws/install/lsm6dso:/home/ubuntu/ros2_ws/install/esc_pkg:/home/ubuntu/ros2_ws/install/bmm150_sensor:/opt/ros/humble /usr/bin/cmake --build /home/ubuntu/ros2_ws/build/testing_ros2 -- -j4 -l4
[194.188s] Level 1:colcon.colcon_core.environment:create_environment_scripts_only(testing_ros2)
[194.235s] Level 1:colcon.colcon_core.environment:checking '/home/ubuntu/ros2_ws/install/testing_ros2' for CMake module files
[194.248s] Level 1:colcon.colcon_core.environment:checking '/home/ubuntu/ros2_ws/install/testing_ros2' for CMake config files
[194.255s] Level 1:colcon.colcon_core.shell:create_environment_hook('testing_ros2', 'cmake_prefix_path')
[194.257s] INFO:colcon.colcon_core.shell:Creating environment hook '/home/ubuntu/ros2_ws/install/testing_ros2/share/testing_ros2/hook/cmake_prefix_path.ps1'
[194.275s] INFO:colcon.colcon_core.shell:Creating environment descriptor '/home/ubuntu/ros2_ws/install/testing_ros2/share/testing_ros2/hook/cmake_prefix_path.dsv'
[194.280s] INFO:colcon.colcon_core.shell:Creating environment hook '/home/ubuntu/ros2_ws/install/testing_ros2/share/testing_ros2/hook/cmake_prefix_path.sh'
[194.297s] Level 1:colcon.colcon_core.environment:checking '/home/ubuntu/ros2_ws/install/testing_ros2/lib'
[194.299s] Level 1:colcon.colcon_core.environment:checking '/home/ubuntu/ros2_ws/install/testing_ros2/bin'
[194.300s] Level 1:colcon.colcon_core.environment:checking '/home/ubuntu/ros2_ws/install/testing_ros2/lib/pkgconfig/testing_ros2.pc'
[194.303s] Level 1:colcon.colcon_core.environment:checking '/home/ubuntu/ros2_ws/install/testing_ros2/lib/python3.10/site-packages'
[194.305s] Level 1:colcon.colcon_core.environment:checking '/home/ubuntu/ros2_ws/install/testing_ros2/bin'
[194.309s] INFO:colcon.colcon_core.shell:Creating package script '/home/ubuntu/ros2_ws/install/testing_ros2/share/testing_ros2/package.ps1'
[194.323s] INFO:colcon.colcon_core.shell:Creating package descriptor '/home/ubuntu/ros2_ws/install/testing_ros2/share/testing_ros2/package.dsv'
[194.330s] INFO:colcon.colcon_core.shell:Creating package script '/home/ubuntu/ros2_ws/install/testing_ros2/share/testing_ros2/package.sh'
[194.339s] INFO:colcon.colcon_core.shell:Creating package script '/home/ubuntu/ros2_ws/install/testing_ros2/share/testing_ros2/package.bash'
[194.348s] INFO:colcon.colcon_core.shell:Creating package script '/home/ubuntu/ros2_ws/install/testing_ros2/share/testing_ros2/package.zsh'
[194.357s] Level 1:colcon.colcon_core.environment:create_file_with_runtime_dependencies(/home/ubuntu/ros2_ws/install/testing_ros2/share/colcon-core/packages/testing_ros2)
[194.365s] DEBUG:colcon.colcon_parallel_executor.executor.parallel:closing loop
[194.366s] DEBUG:colcon.colcon_parallel_executor.executor.parallel:loop closed
[194.366s] DEBUG:colcon.colcon_parallel_executor.executor.parallel:run_until_complete finished with '2'
[194.367s] DEBUG:colcon.colcon_core.event_reactor:joining thread
[194.425s] INFO:colcon.colcon_core.plugin_system:Skipping extension 'colcon_notification.desktop_notification.notify_send': Could not find 'notify-send'
[194.426s] INFO:colcon.colcon_core.plugin_system:Skipping extension 'colcon_notification.desktop_notification.terminal_notifier': Not used on non-Darwin systems
[194.427s] INFO:colcon.colcon_core.plugin_system:Skipping extension 'colcon_notification.desktop_notification.win32': Not used on non-Windows systems
[194.427s] INFO:colcon.colcon_notification.desktop_notification:Sending desktop notification using 'notify2'
[194.445s] DEBUG:colcon.colcon_notification.desktop_notification.notify2:Failed to initialize notify2: org.freedesktop.DBus.Error.ServiceUnknown: The name org.freedesktop.Notifications was not provided by any .service files
[194.448s] DEBUG:colcon.colcon_core.event_reactor:joined thread
[194.451s] INFO:colcon.colcon_core.shell:Creating prefix script '/home/ubuntu/ros2_ws/install/local_setup.ps1'
[194.466s] INFO:colcon.colcon_core.shell:Creating prefix util module '/home/ubuntu/ros2_ws/install/_local_setup_util_ps1.py'
[194.483s] INFO:colcon.colcon_core.shell:Creating prefix chain script '/home/ubuntu/ros2_ws/install/setup.ps1'
[194.502s] INFO:colcon.colcon_core.shell:Creating prefix script '/home/ubuntu/ros2_ws/install/local_setup.sh'
[194.510s] INFO:colcon.colcon_core.shell:Creating prefix util module '/home/ubuntu/ros2_ws/install/_local_setup_util_sh.py'
[194.518s] INFO:colcon.colcon_core.shell:Creating prefix chain script '/home/ubuntu/ros2_ws/install/setup.sh'
[194.541s] INFO:colcon.colcon_core.shell:Creating prefix script '/home/ubuntu/ros2_ws/install/local_setup.bash'
[194.550s] INFO:colcon.colcon_core.shell:Creating prefix chain script '/home/ubuntu/ros2_ws/install/setup.bash'
[194.571s] INFO:colcon.colcon_core.shell:Creating prefix script '/home/ubuntu/ros2_ws/install/local_setup.zsh'
[194.580s] INFO:colcon.colcon_core.shell:Creating prefix chain script '/home/ubuntu/ros2_ws/install/setup.zsh'
