[7.694s] Invoking command in '/home/ubuntu/ros2_ws/src/esc_pkg': CMAKE_PREFIX_PATH=/home/ubuntu/ros2_ws/install/aerobot_interfaces:/home/ubuntu/ros2_ws/install/ros2_imu PYTHONPATH=/home/ubuntu/ros2_ws/build/esc_pkg/prefix_override:/home/ubuntu/ros2_ws/install/esc_pkg/lib/python3.10/site-packages:${PYTHONPATH} /usr/bin/python3 -W ignore:setup.py install is deprecated setup.py egg_info --egg-base ../../build/esc_pkg build --build-base /home/ubuntu/ros2_ws/build/esc_pkg/build install --record /home/ubuntu/ros2_ws/build/esc_pkg/install.log --single-version-externally-managed install_data
[9.230s] running egg_info
[9.235s] writing ../../build/esc_pkg/esc_pkg.egg-info/PKG-INFO
[9.238s] writing dependency_links to ../../build/esc_pkg/esc_pkg.egg-info/dependency_links.txt
[9.242s] writing entry points to ../../build/esc_pkg/esc_pkg.egg-info/entry_points.txt
[9.245s] writing requirements to ../../build/esc_pkg/esc_pkg.egg-info/requires.txt
[9.245s] writing top-level names to ../../build/esc_pkg/esc_pkg.egg-info/top_level.txt
[9.253s] reading manifest file '../../build/esc_pkg/esc_pkg.egg-info/SOURCES.txt'
[9.260s] writing manifest file '../../build/esc_pkg/esc_pkg.egg-info/SOURCES.txt'
[9.264s] running build
[9.266s] running build_py
[9.267s] copying esc_pkg/esc_node.py -> /home/ubuntu/ros2_ws/build/esc_pkg/build/lib/esc_pkg
[9.267s] running install
[9.268s] running install_lib
[9.273s] copying /home/ubuntu/ros2_ws/build/esc_pkg/build/lib/esc_pkg/esc_node.py -> /home/ubuntu/ros2_ws/install/esc_pkg/lib/python3.10/site-packages/esc_pkg
[9.278s] byte-compiling /home/ubuntu/ros2_ws/install/esc_pkg/lib/python3.10/site-packages/esc_pkg/esc_node.py to esc_node.cpython-310.pyc
[9.280s] running install_data
[9.281s] running install_egg_info
[9.289s] removing '/home/ubuntu/ros2_ws/install/esc_pkg/lib/python3.10/site-packages/esc_pkg-0.0.0-py3.10.egg-info' (and everything under it)
[9.289s] Copying ../../build/esc_pkg/esc_pkg.egg-info to /home/ubuntu/ros2_ws/install/esc_pkg/lib/python3.10/site-packages/esc_pkg-0.0.0-py3.10.egg-info
[9.304s] running install_scripts
[9.468s] Installing esc_node script to /home/ubuntu/ros2_ws/install/esc_pkg/lib/esc_pkg
[9.480s] writing list of installed files to '/home/ubuntu/ros2_ws/build/esc_pkg/install.log'
[9.881s] Invoked command in '/home/ubuntu/ros2_ws/src/esc_pkg' returned '0': CMAKE_PREFIX_PATH=/home/ubuntu/ros2_ws/install/aerobot_interfaces:/home/ubuntu/ros2_ws/install/ros2_imu PYTHONPATH=/home/ubuntu/ros2_ws/build/esc_pkg/prefix_override:/home/ubuntu/ros2_ws/install/esc_pkg/lib/python3.10/site-packages:${PYTHONPATH} /usr/bin/python3 -W ignore:setup.py install is deprecated setup.py egg_info --egg-base ../../build/esc_pkg build --build-base /home/ubuntu/ros2_ws/build/esc_pkg/build install --record /home/ubuntu/ros2_ws/build/esc_pkg/install.log --single-version-externally-managed install_data
