[0.266s] Invoking command in '/home/ubuntu/ros2_ws/build/aerobot_interfaces': CMAKE_PREFIX_PATH=${CMAKE_PREFIX_PATH}:/home/ubuntu/ros2_ws/install/my_ahrs:/home/ubuntu/ros2_ws/install/lsm6dso:/home/ubuntu/ros2_ws/install/esc_pkg:/home/ubuntu/ros2_ws/install/bmm150_sensor:/opt/ros/humble /usr/bin/cmake --build /home/ubuntu/ros2_ws/build/aerobot_interfaces -- -j4 -l4
[1.164s] [  2%] Built target aerobot_interfaces__cpp
[1.596s] [  2%] Built target ament_cmake_python_copy_aerobot_interfaces
[1.984s] [ 12%] Built target aerobot_interfaces__rosidl_typesupport_introspection_cpp
[2.443s] [ 23%] Built target aerobot_interfaces__rosidl_typesupport_cpp
[9.212s] running egg_info
[9.225s] writing aerobot_interfaces.egg-info/PKG-INFO
[9.231s] writing dependency_links to aerobot_interfaces.egg-info/dependency_links.txt
[9.233s] writing top-level names to aerobot_interfaces.egg-info/top_level.txt
[9.279s] reading manifest file 'aerobot_interfaces.egg-info/SOURCES.txt'
[9.292s] writing manifest file 'aerobot_interfaces.egg-info/SOURCES.txt'
[9.682s] [ 23%] Built target ament_cmake_python_build_aerobot_interfaces_egg
[9.914s] [ 33%] Built target aerobot_interfaces__rosidl_typesupport_fastrtps_cpp
[10.076s] [ 43%] Built target aerobot_interfaces__rosidl_generator_c
[10.582s] [ 53%] Built target aerobot_interfaces__rosidl_typesupport_fastrtps_c
[10.879s] [ 64%] Built target aerobot_interfaces__rosidl_typesupport_c
[11.242s] [ 74%] Built target aerobot_interfaces__rosidl_typesupport_introspection_c
[11.562s] [ 74%] Built target aerobot_interfaces
[11.849s] [ 76%] Built target aerobot_interfaces__py
[12.160s] [ 84%] Built target aerobot_interfaces__rosidl_generator_py
[12.437s] [ 89%] Built target aerobot_interfaces__rosidl_typesupport_fastrtps_c__pyext
[12.787s] [ 94%] Built target aerobot_interfaces__rosidl_typesupport_c__pyext
[13.211s] [100%] Built target aerobot_interfaces__rosidl_typesupport_introspection_c__pyext
[13.329s] Invoked command in '/home/ubuntu/ros2_ws/build/aerobot_interfaces' returned '0': CMAKE_PREFIX_PATH=${CMAKE_PREFIX_PATH}:/home/ubuntu/ros2_ws/install/my_ahrs:/home/ubuntu/ros2_ws/install/lsm6dso:/home/ubuntu/ros2_ws/install/esc_pkg:/home/ubuntu/ros2_ws/install/bmm150_sensor:/opt/ros/humble /usr/bin/cmake --build /home/ubuntu/ros2_ws/build/aerobot_interfaces -- -j4 -l4
[14.819s] Invoking command in '/home/ubuntu/ros2_ws/build/aerobot_interfaces': CMAKE_PREFIX_PATH=${CMAKE_PREFIX_PATH}:/home/ubuntu/ros2_ws/install/my_ahrs:/home/ubuntu/ros2_ws/install/lsm6dso:/home/ubuntu/ros2_ws/install/esc_pkg:/home/ubuntu/ros2_ws/install/bmm150_sensor:/opt/ros/humble /usr/bin/cmake --install /home/ubuntu/ros2_ws/build/aerobot_interfaces
[15.006s] -- Install configuration: ""
[15.008s] -- Up-to-date: /home/ubuntu/ros2_ws/install/aerobot_interfaces/share/ament_index/resource_index/rosidl_interfaces/aerobot_interfaces
[15.009s] -- Up-to-date: /home/ubuntu/ros2_ws/install/aerobot_interfaces/include/aerobot_interfaces/aerobot_interfaces
[15.010s] -- Up-to-date: /home/ubuntu/ros2_ws/install/aerobot_interfaces/include/aerobot_interfaces/aerobot_interfaces/srv
[15.035s] -- Up-to-date: /home/ubuntu/ros2_ws/install/aerobot_interfaces/include/aerobot_interfaces/aerobot_interfaces/srv/esc_srv.h
[15.036s] -- Up-to-date: /home/ubuntu/ros2_ws/install/aerobot_interfaces/include/aerobot_interfaces/aerobot_interfaces/srv/detail
[15.037s] -- Up-to-date: /home/ubuntu/ros2_ws/install/aerobot_interfaces/include/aerobot_interfaces/aerobot_interfaces/srv/detail/esc_srv__struct.h
[15.038s] -- Up-to-date: /home/ubuntu/ros2_ws/install/aerobot_interfaces/include/aerobot_interfaces/aerobot_interfaces/srv/detail/esc_srv__functions.c
[15.053s] -- Up-to-date: /home/ubuntu/ros2_ws/install/aerobot_interfaces/include/aerobot_interfaces/aerobot_interfaces/srv/detail/esc_srv__type_support.h
[15.054s] -- Up-to-date: /home/ubuntu/ros2_ws/install/aerobot_interfaces/include/aerobot_interfaces/aerobot_interfaces/srv/detail/esc_srv__functions.h
[15.055s] -- Up-to-date: /home/ubuntu/ros2_ws/install/aerobot_interfaces/include/aerobot_interfaces/aerobot_interfaces/msg
[15.056s] -- Up-to-date: /home/ubuntu/ros2_ws/install/aerobot_interfaces/include/aerobot_interfaces/aerobot_interfaces/msg/esc_msg.h
[15.057s] -- Up-to-date: /home/ubuntu/ros2_ws/install/aerobot_interfaces/include/aerobot_interfaces/aerobot_interfaces/msg/detail
[15.058s] -- Up-to-date: /home/ubuntu/ros2_ws/install/aerobot_interfaces/include/aerobot_interfaces/aerobot_interfaces/msg/detail/esc_msg__functions.c
[15.090s] -- Up-to-date: /home/ubuntu/ros2_ws/install/aerobot_interfaces/include/aerobot_interfaces/aerobot_interfaces/msg/detail/esc_msg__struct.h
[15.091s] -- Up-to-date: /home/ubuntu/ros2_ws/install/aerobot_interfaces/include/aerobot_interfaces/aerobot_interfaces/msg/detail/esc_msg__functions.h
[15.092s] -- Up-to-date: /home/ubuntu/ros2_ws/install/aerobot_interfaces/include/aerobot_interfaces/aerobot_interfaces/msg/detail/esc_msg__type_support.h
[15.094s] -- Up-to-date: /home/ubuntu/ros2_ws/install/aerobot_interfaces/include/aerobot_interfaces/aerobot_interfaces/msg/rosidl_generator_c__visibility_control.h
[15.107s] -- Up-to-date: /home/ubuntu/ros2_ws/install/aerobot_interfaces/share/aerobot_interfaces/environment/library_path.sh
[15.108s] -- Up-to-date: /home/ubuntu/ros2_ws/install/aerobot_interfaces/share/aerobot_interfaces/environment/library_path.dsv
[15.109s] -- Up-to-date: /home/ubuntu/ros2_ws/install/aerobot_interfaces/lib/libaerobot_interfaces__rosidl_generator_c.so
[15.118s] -- Up-to-date: /home/ubuntu/ros2_ws/install/aerobot_interfaces/include/aerobot_interfaces/aerobot_interfaces
[15.119s] -- Up-to-date: /home/ubuntu/ros2_ws/install/aerobot_interfaces/include/aerobot_interfaces/aerobot_interfaces/srv
[15.134s] -- Up-to-date: /home/ubuntu/ros2_ws/install/aerobot_interfaces/include/aerobot_interfaces/aerobot_interfaces/srv/detail
[15.136s] -- Up-to-date: /home/ubuntu/ros2_ws/install/aerobot_interfaces/include/aerobot_interfaces/aerobot_interfaces/srv/detail/esc_srv__rosidl_typesupport_fastrtps_c.h
[15.137s] -- Up-to-date: /home/ubuntu/ros2_ws/install/aerobot_interfaces/include/aerobot_interfaces/aerobot_interfaces/msg
[15.138s] -- Up-to-date: /home/ubuntu/ros2_ws/install/aerobot_interfaces/include/aerobot_interfaces/aerobot_interfaces/msg/rosidl_typesupport_fastrtps_c__visibility_control.h
[15.143s] -- Up-to-date: /home/ubuntu/ros2_ws/install/aerobot_interfaces/include/aerobot_interfaces/aerobot_interfaces/msg/detail
[15.145s] -- Up-to-date: /home/ubuntu/ros2_ws/install/aerobot_interfaces/include/aerobot_interfaces/aerobot_interfaces/msg/detail/esc_msg__rosidl_typesupport_fastrtps_c.h
[15.146s] -- Up-to-date: /home/ubuntu/ros2_ws/install/aerobot_interfaces/lib/libaerobot_interfaces__rosidl_typesupport_fastrtps_c.so
[15.159s] -- Up-to-date: /home/ubuntu/ros2_ws/install/aerobot_interfaces/include/aerobot_interfaces/aerobot_interfaces
[15.160s] -- Up-to-date: /home/ubuntu/ros2_ws/install/aerobot_interfaces/include/aerobot_interfaces/aerobot_interfaces/srv
[15.161s] -- Up-to-date: /home/ubuntu/ros2_ws/install/aerobot_interfaces/include/aerobot_interfaces/aerobot_interfaces/srv/detail
[15.163s] -- Up-to-date: /home/ubuntu/ros2_ws/install/aerobot_interfaces/include/aerobot_interfaces/aerobot_interfaces/srv/detail/esc_srv__type_support.c
[15.164s] -- Up-to-date: /home/ubuntu/ros2_ws/install/aerobot_interfaces/include/aerobot_interfaces/aerobot_interfaces/srv/detail/esc_srv__rosidl_typesupport_introspection_c.h
[15.165s] -- Up-to-date: /home/ubuntu/ros2_ws/install/aerobot_interfaces/include/aerobot_interfaces/aerobot_interfaces/msg
[15.166s] -- Up-to-date: /home/ubuntu/ros2_ws/install/aerobot_interfaces/include/aerobot_interfaces/aerobot_interfaces/msg/detail
[15.168s] -- Up-to-date: /home/ubuntu/ros2_ws/install/aerobot_interfaces/include/aerobot_interfaces/aerobot_interfaces/msg/detail/esc_msg__type_support.c
[15.179s] -- Up-to-date: /home/ubuntu/ros2_ws/install/aerobot_interfaces/include/aerobot_interfaces/aerobot_interfaces/msg/detail/esc_msg__rosidl_typesupport_introspection_c.h
[15.180s] -- Up-to-date: /home/ubuntu/ros2_ws/install/aerobot_interfaces/include/aerobot_interfaces/aerobot_interfaces/msg/rosidl_typesupport_introspection_c__visibility_control.h
[15.181s] -- Up-to-date: /home/ubuntu/ros2_ws/install/aerobot_interfaces/lib/libaerobot_interfaces__rosidl_typesupport_introspection_c.so
[15.182s] -- Up-to-date: /home/ubuntu/ros2_ws/install/aerobot_interfaces/lib/libaerobot_interfaces__rosidl_typesupport_c.so
[15.205s] -- Up-to-date: /home/ubuntu/ros2_ws/install/aerobot_interfaces/include/aerobot_interfaces/aerobot_interfaces
[15.206s] -- Up-to-date: /home/ubuntu/ros2_ws/install/aerobot_interfaces/include/aerobot_interfaces/aerobot_interfaces/srv
[15.207s] -- Up-to-date: /home/ubuntu/ros2_ws/install/aerobot_interfaces/include/aerobot_interfaces/aerobot_interfaces/srv/esc_srv.hpp
[15.208s] -- Up-to-date: /home/ubuntu/ros2_ws/install/aerobot_interfaces/include/aerobot_interfaces/aerobot_interfaces/srv/detail
[15.210s] -- Up-to-date: /home/ubuntu/ros2_ws/install/aerobot_interfaces/include/aerobot_interfaces/aerobot_interfaces/srv/detail/esc_srv__traits.hpp
[15.223s] -- Up-to-date: /home/ubuntu/ros2_ws/install/aerobot_interfaces/include/aerobot_interfaces/aerobot_interfaces/srv/detail/esc_srv__builder.hpp
[15.224s] -- Up-to-date: /home/ubuntu/ros2_ws/install/aerobot_interfaces/include/aerobot_interfaces/aerobot_interfaces/srv/detail/esc_srv__struct.hpp
[15.225s] -- Up-to-date: /home/ubuntu/ros2_ws/install/aerobot_interfaces/include/aerobot_interfaces/aerobot_interfaces/msg
[15.226s] -- Up-to-date: /home/ubuntu/ros2_ws/install/aerobot_interfaces/include/aerobot_interfaces/aerobot_interfaces/msg/esc_msg.hpp
[15.239s] -- Up-to-date: /home/ubuntu/ros2_ws/install/aerobot_interfaces/include/aerobot_interfaces/aerobot_interfaces/msg/detail
[15.240s] -- Up-to-date: /home/ubuntu/ros2_ws/install/aerobot_interfaces/include/aerobot_interfaces/aerobot_interfaces/msg/detail/esc_msg__struct.hpp
[15.241s] -- Up-to-date: /home/ubuntu/ros2_ws/install/aerobot_interfaces/include/aerobot_interfaces/aerobot_interfaces/msg/detail/esc_msg__builder.hpp
[15.242s] -- Up-to-date: /home/ubuntu/ros2_ws/install/aerobot_interfaces/include/aerobot_interfaces/aerobot_interfaces/msg/detail/esc_msg__traits.hpp
[15.244s] -- Up-to-date: /home/ubuntu/ros2_ws/install/aerobot_interfaces/include/aerobot_interfaces/aerobot_interfaces
[15.245s] -- Up-to-date: /home/ubuntu/ros2_ws/install/aerobot_interfaces/include/aerobot_interfaces/aerobot_interfaces/srv
[15.246s] -- Up-to-date: /home/ubuntu/ros2_ws/install/aerobot_interfaces/include/aerobot_interfaces/aerobot_interfaces/srv/detail
[15.269s] -- Up-to-date: /home/ubuntu/ros2_ws/install/aerobot_interfaces/include/aerobot_interfaces/aerobot_interfaces/srv/detail/dds_fastrtps
[15.270s] -- Up-to-date: /home/ubuntu/ros2_ws/install/aerobot_interfaces/include/aerobot_interfaces/aerobot_interfaces/srv/detail/esc_srv__rosidl_typesupport_fastrtps_cpp.hpp
[15.271s] -- Up-to-date: /home/ubuntu/ros2_ws/install/aerobot_interfaces/include/aerobot_interfaces/aerobot_interfaces/msg
[15.272s] -- Up-to-date: /home/ubuntu/ros2_ws/install/aerobot_interfaces/include/aerobot_interfaces/aerobot_interfaces/msg/rosidl_typesupport_fastrtps_cpp__visibility_control.h
[15.273s] -- Up-to-date: /home/ubuntu/ros2_ws/install/aerobot_interfaces/include/aerobot_interfaces/aerobot_interfaces/msg/detail
[15.274s] -- Up-to-date: /home/ubuntu/ros2_ws/install/aerobot_interfaces/include/aerobot_interfaces/aerobot_interfaces/msg/detail/dds_fastrtps
[15.288s] -- Up-to-date: /home/ubuntu/ros2_ws/install/aerobot_interfaces/include/aerobot_interfaces/aerobot_interfaces/msg/detail/esc_msg__rosidl_typesupport_fastrtps_cpp.hpp
[15.289s] -- Up-to-date: /home/ubuntu/ros2_ws/install/aerobot_interfaces/lib/libaerobot_interfaces__rosidl_typesupport_fastrtps_cpp.so
[15.299s] -- Up-to-date: /home/ubuntu/ros2_ws/install/aerobot_interfaces/include/aerobot_interfaces/aerobot_interfaces
[15.300s] -- Up-to-date: /home/ubuntu/ros2_ws/install/aerobot_interfaces/include/aerobot_interfaces/aerobot_interfaces/srv
[15.301s] -- Up-to-date: /home/ubuntu/ros2_ws/install/aerobot_interfaces/include/aerobot_interfaces/aerobot_interfaces/srv/detail
[15.302s] -- Up-to-date: /home/ubuntu/ros2_ws/install/aerobot_interfaces/include/aerobot_interfaces/aerobot_interfaces/srv/detail/esc_srv__type_support.cpp
[15.303s] -- Up-to-date: /home/ubuntu/ros2_ws/install/aerobot_interfaces/include/aerobot_interfaces/aerobot_interfaces/srv/detail/esc_srv__rosidl_typesupport_introspection_cpp.hpp
[15.317s] -- Up-to-date: /home/ubuntu/ros2_ws/install/aerobot_interfaces/include/aerobot_interfaces/aerobot_interfaces/msg
[15.319s] -- Up-to-date: /home/ubuntu/ros2_ws/install/aerobot_interfaces/include/aerobot_interfaces/aerobot_interfaces/msg/detail
[15.321s] -- Up-to-date: /home/ubuntu/ros2_ws/install/aerobot_interfaces/include/aerobot_interfaces/aerobot_interfaces/msg/detail/esc_msg__type_support.cpp
[15.322s] -- Up-to-date: /home/ubuntu/ros2_ws/install/aerobot_interfaces/include/aerobot_interfaces/aerobot_interfaces/msg/detail/esc_msg__rosidl_typesupport_introspection_cpp.hpp
[15.323s] -- Up-to-date: /home/ubuntu/ros2_ws/install/aerobot_interfaces/lib/libaerobot_interfaces__rosidl_typesupport_introspection_cpp.so
[15.331s] -- Up-to-date: /home/ubuntu/ros2_ws/install/aerobot_interfaces/lib/libaerobot_interfaces__rosidl_typesupport_cpp.so
[15.332s] -- Up-to-date: /home/ubuntu/ros2_ws/install/aerobot_interfaces/share/aerobot_interfaces/environment/pythonpath.sh
[15.333s] -- Up-to-date: /home/ubuntu/ros2_ws/install/aerobot_interfaces/share/aerobot_interfaces/environment/pythonpath.dsv
[15.334s] -- Up-to-date: /home/ubuntu/ros2_ws/install/aerobot_interfaces/local/lib/python3.10/dist-packages/aerobot_interfaces-0.0.0-py3.10.egg-info
[15.335s] -- Installing: /home/ubuntu/ros2_ws/install/aerobot_interfaces/local/lib/python3.10/dist-packages/aerobot_interfaces-0.0.0-py3.10.egg-info/SOURCES.txt
[15.336s] -- Installing: /home/ubuntu/ros2_ws/install/aerobot_interfaces/local/lib/python3.10/dist-packages/aerobot_interfaces-0.0.0-py3.10.egg-info/dependency_links.txt
[15.351s] -- Installing: /home/ubuntu/ros2_ws/install/aerobot_interfaces/local/lib/python3.10/dist-packages/aerobot_interfaces-0.0.0-py3.10.egg-info/PKG-INFO
[15.352s] -- Installing: /home/ubuntu/ros2_ws/install/aerobot_interfaces/local/lib/python3.10/dist-packages/aerobot_interfaces-0.0.0-py3.10.egg-info/top_level.txt
[15.353s] -- Up-to-date: /home/ubuntu/ros2_ws/install/aerobot_interfaces/local/lib/python3.10/dist-packages/aerobot_interfaces
[15.354s] -- Up-to-date: /home/ubuntu/ros2_ws/install/aerobot_interfaces/local/lib/python3.10/dist-packages/aerobot_interfaces/__init__.py
[15.355s] -- Up-to-date: /home/ubuntu/ros2_ws/install/aerobot_interfaces/local/lib/python3.10/dist-packages/aerobot_interfaces/aerobot_interfaces_s__rosidl_typesupport_fastrtps_c.cpython-310-aarch64-linux-gnu.so
[15.356s] -- Up-to-date: /home/ubuntu/ros2_ws/install/aerobot_interfaces/local/lib/python3.10/dist-packages/aerobot_interfaces/libaerobot_interfaces__rosidl_generator_py.so
[15.357s] -- Up-to-date: /home/ubuntu/ros2_ws/install/aerobot_interfaces/local/lib/python3.10/dist-packages/aerobot_interfaces/aerobot_interfaces_s__rosidl_typesupport_introspection_c.cpython-310-aarch64-linux-gnu.so
[15.376s] -- Up-to-date: /home/ubuntu/ros2_ws/install/aerobot_interfaces/local/lib/python3.10/dist-packages/aerobot_interfaces/_aerobot_interfaces_s.ep.rosidl_typesupport_fastrtps_c.c
[15.377s] -- Up-to-date: /home/ubuntu/ros2_ws/install/aerobot_interfaces/local/lib/python3.10/dist-packages/aerobot_interfaces/srv
[15.378s] -- Up-to-date: /home/ubuntu/ros2_ws/install/aerobot_interfaces/local/lib/python3.10/dist-packages/aerobot_interfaces/srv/__init__.py
[15.380s] -- Up-to-date: /home/ubuntu/ros2_ws/install/aerobot_interfaces/local/lib/python3.10/dist-packages/aerobot_interfaces/srv/_esc_srv_s.c
[15.381s] -- Up-to-date: /home/ubuntu/ros2_ws/install/aerobot_interfaces/local/lib/python3.10/dist-packages/aerobot_interfaces/srv/_esc_srv.py
[15.382s] -- Up-to-date: /home/ubuntu/ros2_ws/install/aerobot_interfaces/local/lib/python3.10/dist-packages/aerobot_interfaces/_aerobot_interfaces_s.ep.rosidl_typesupport_c.c
[15.387s] -- Up-to-date: /home/ubuntu/ros2_ws/install/aerobot_interfaces/local/lib/python3.10/dist-packages/aerobot_interfaces/_aerobot_interfaces_s.ep.rosidl_typesupport_introspection_c.c
[15.394s] -- Up-to-date: /home/ubuntu/ros2_ws/install/aerobot_interfaces/local/lib/python3.10/dist-packages/aerobot_interfaces/aerobot_interfaces_s__rosidl_typesupport_c.cpython-310-aarch64-linux-gnu.so
[15.396s] -- Up-to-date: /home/ubuntu/ros2_ws/install/aerobot_interfaces/local/lib/python3.10/dist-packages/aerobot_interfaces/msg
[15.405s] -- Up-to-date: /home/ubuntu/ros2_ws/install/aerobot_interfaces/local/lib/python3.10/dist-packages/aerobot_interfaces/msg/_esc_msg.py
[15.407s] -- Up-to-date: /home/ubuntu/ros2_ws/install/aerobot_interfaces/local/lib/python3.10/dist-packages/aerobot_interfaces/msg/__init__.py
[15.408s] -- Up-to-date: /home/ubuntu/ros2_ws/install/aerobot_interfaces/local/lib/python3.10/dist-packages/aerobot_interfaces/msg/_esc_msg_s.c
[16.191s] Listing '/home/ubuntu/ros2_ws/install/aerobot_interfaces/local/lib/python3.10/dist-packages/aerobot_interfaces'...
[16.194s] Listing '/home/ubuntu/ros2_ws/install/aerobot_interfaces/local/lib/python3.10/dist-packages/aerobot_interfaces/msg'...
[16.211s] Listing '/home/ubuntu/ros2_ws/install/aerobot_interfaces/local/lib/python3.10/dist-packages/aerobot_interfaces/srv'...
[16.245s] -- Up-to-date: /home/ubuntu/ros2_ws/install/aerobot_interfaces/local/lib/python3.10/dist-packages/aerobot_interfaces/aerobot_interfaces_s__rosidl_typesupport_fastrtps_c.cpython-310-aarch64-linux-gnu.so
[16.263s] -- Up-to-date: /home/ubuntu/ros2_ws/install/aerobot_interfaces/local/lib/python3.10/dist-packages/aerobot_interfaces/aerobot_interfaces_s__rosidl_typesupport_introspection_c.cpython-310-aarch64-linux-gnu.so
[16.280s] -- Up-to-date: /home/ubuntu/ros2_ws/install/aerobot_interfaces/local/lib/python3.10/dist-packages/aerobot_interfaces/aerobot_interfaces_s__rosidl_typesupport_c.cpython-310-aarch64-linux-gnu.so
[16.297s] -- Up-to-date: /home/ubuntu/ros2_ws/install/aerobot_interfaces/lib/libaerobot_interfaces__rosidl_generator_py.so
[16.309s] -- Up-to-date: /home/ubuntu/ros2_ws/install/aerobot_interfaces/share/aerobot_interfaces/srv/EscSrv.idl
[16.317s] -- Up-to-date: /home/ubuntu/ros2_ws/install/aerobot_interfaces/share/aerobot_interfaces/msg/EscMsg.idl
[16.325s] -- Up-to-date: /home/ubuntu/ros2_ws/install/aerobot_interfaces/share/aerobot_interfaces/srv/EscSrv.srv
[16.333s] -- Up-to-date: /home/ubuntu/ros2_ws/install/aerobot_interfaces/share/aerobot_interfaces/srv/EscSrv_Request.msg
[16.340s] -- Up-to-date: /home/ubuntu/ros2_ws/install/aerobot_interfaces/share/aerobot_interfaces/srv/EscSrv_Response.msg
[16.344s] -- Up-to-date: /home/ubuntu/ros2_ws/install/aerobot_interfaces/share/aerobot_interfaces/msg/EscMsg.msg
[16.350s] -- Up-to-date: /home/ubuntu/ros2_ws/install/aerobot_interfaces/share/ament_index/resource_index/package_run_dependencies/aerobot_interfaces
[16.362s] -- Up-to-date: /home/ubuntu/ros2_ws/install/aerobot_interfaces/share/ament_index/resource_index/parent_prefix_path/aerobot_interfaces
[16.366s] -- Up-to-date: /home/ubuntu/ros2_ws/install/aerobot_interfaces/share/aerobot_interfaces/environment/ament_prefix_path.sh
[16.370s] -- Up-to-date: /home/ubuntu/ros2_ws/install/aerobot_interfaces/share/aerobot_interfaces/environment/ament_prefix_path.dsv
[16.374s] -- Up-to-date: /home/ubuntu/ros2_ws/install/aerobot_interfaces/share/aerobot_interfaces/environment/path.sh
[16.378s] -- Up-to-date: /home/ubuntu/ros2_ws/install/aerobot_interfaces/share/aerobot_interfaces/environment/path.dsv
[16.393s] -- Up-to-date: /home/ubuntu/ros2_ws/install/aerobot_interfaces/share/aerobot_interfaces/local_setup.bash
[16.397s] -- Up-to-date: /home/ubuntu/ros2_ws/install/aerobot_interfaces/share/aerobot_interfaces/local_setup.sh
[16.401s] -- Up-to-date: /home/ubuntu/ros2_ws/install/aerobot_interfaces/share/aerobot_interfaces/local_setup.zsh
[16.405s] -- Up-to-date: /home/ubuntu/ros2_ws/install/aerobot_interfaces/share/aerobot_interfaces/local_setup.dsv
[16.409s] -- Installing: /home/ubuntu/ros2_ws/install/aerobot_interfaces/share/aerobot_interfaces/package.dsv
[16.417s] -- Up-to-date: /home/ubuntu/ros2_ws/install/aerobot_interfaces/share/ament_index/resource_index/packages/aerobot_interfaces
[16.422s] -- Up-to-date: /home/ubuntu/ros2_ws/install/aerobot_interfaces/share/aerobot_interfaces/cmake/export_aerobot_interfaces__rosidl_generator_cExport.cmake
[16.430s] -- Up-to-date: /home/ubuntu/ros2_ws/install/aerobot_interfaces/share/aerobot_interfaces/cmake/export_aerobot_interfaces__rosidl_generator_cExport-noconfig.cmake
[16.439s] -- Up-to-date: /home/ubuntu/ros2_ws/install/aerobot_interfaces/share/aerobot_interfaces/cmake/export_aerobot_interfaces__rosidl_typesupport_fastrtps_cExport.cmake
[16.448s] -- Up-to-date: /home/ubuntu/ros2_ws/install/aerobot_interfaces/share/aerobot_interfaces/cmake/export_aerobot_interfaces__rosidl_typesupport_fastrtps_cExport-noconfig.cmake
[16.454s] -- Up-to-date: /home/ubuntu/ros2_ws/install/aerobot_interfaces/share/aerobot_interfaces/cmake/aerobot_interfaces__rosidl_typesupport_introspection_cExport.cmake
[16.459s] -- Up-to-date: /home/ubuntu/ros2_ws/install/aerobot_interfaces/share/aerobot_interfaces/cmake/aerobot_interfaces__rosidl_typesupport_introspection_cExport-noconfig.cmake
[16.467s] -- Up-to-date: /home/ubuntu/ros2_ws/install/aerobot_interfaces/share/aerobot_interfaces/cmake/aerobot_interfaces__rosidl_typesupport_cExport.cmake
[16.478s] -- Up-to-date: /home/ubuntu/ros2_ws/install/aerobot_interfaces/share/aerobot_interfaces/cmake/aerobot_interfaces__rosidl_typesupport_cExport-noconfig.cmake
[16.483s] -- Up-to-date: /home/ubuntu/ros2_ws/install/aerobot_interfaces/share/aerobot_interfaces/cmake/export_aerobot_interfaces__rosidl_generator_cppExport.cmake
[16.488s] -- Up-to-date: /home/ubuntu/ros2_ws/install/aerobot_interfaces/share/aerobot_interfaces/cmake/export_aerobot_interfaces__rosidl_typesupport_fastrtps_cppExport.cmake
[16.495s] -- Up-to-date: /home/ubuntu/ros2_ws/install/aerobot_interfaces/share/aerobot_interfaces/cmake/export_aerobot_interfaces__rosidl_typesupport_fastrtps_cppExport-noconfig.cmake
[16.504s] -- Up-to-date: /home/ubuntu/ros2_ws/install/aerobot_interfaces/share/aerobot_interfaces/cmake/aerobot_interfaces__rosidl_typesupport_introspection_cppExport.cmake
[16.519s] -- Up-to-date: /home/ubuntu/ros2_ws/install/aerobot_interfaces/share/aerobot_interfaces/cmake/aerobot_interfaces__rosidl_typesupport_introspection_cppExport-noconfig.cmake
[16.527s] -- Up-to-date: /home/ubuntu/ros2_ws/install/aerobot_interfaces/share/aerobot_interfaces/cmake/aerobot_interfaces__rosidl_typesupport_cppExport.cmake
[16.537s] -- Up-to-date: /home/ubuntu/ros2_ws/install/aerobot_interfaces/share/aerobot_interfaces/cmake/aerobot_interfaces__rosidl_typesupport_cppExport-noconfig.cmake
[16.542s] -- Up-to-date: /home/ubuntu/ros2_ws/install/aerobot_interfaces/share/aerobot_interfaces/cmake/export_aerobot_interfaces__rosidl_generator_pyExport.cmake
[16.547s] -- Up-to-date: /home/ubuntu/ros2_ws/install/aerobot_interfaces/share/aerobot_interfaces/cmake/export_aerobot_interfaces__rosidl_generator_pyExport-noconfig.cmake
[16.555s] -- Up-to-date: /home/ubuntu/ros2_ws/install/aerobot_interfaces/share/aerobot_interfaces/cmake/rosidl_cmake-extras.cmake
[16.559s] -- Up-to-date: /home/ubuntu/ros2_ws/install/aerobot_interfaces/share/aerobot_interfaces/cmake/ament_cmake_export_include_directories-extras.cmake
[16.567s] -- Up-to-date: /home/ubuntu/ros2_ws/install/aerobot_interfaces/share/aerobot_interfaces/cmake/ament_cmake_export_libraries-extras.cmake
[16.574s] -- Up-to-date: /home/ubuntu/ros2_ws/install/aerobot_interfaces/share/aerobot_interfaces/cmake/ament_cmake_export_targets-extras.cmake
[16.578s] -- Up-to-date: /home/ubuntu/ros2_ws/install/aerobot_interfaces/share/aerobot_interfaces/cmake/rosidl_cmake_export_typesupport_targets-extras.cmake
[16.594s] -- Up-to-date: /home/ubuntu/ros2_ws/install/aerobot_interfaces/share/aerobot_interfaces/cmake/ament_cmake_export_dependencies-extras.cmake
[16.598s] -- Up-to-date: /home/ubuntu/ros2_ws/install/aerobot_interfaces/share/aerobot_interfaces/cmake/rosidl_cmake_export_typesupport_libraries-extras.cmake
[16.602s] -- Up-to-date: /home/ubuntu/ros2_ws/install/aerobot_interfaces/share/aerobot_interfaces/cmake/aerobot_interfacesConfig.cmake
[16.606s] -- Up-to-date: /home/ubuntu/ros2_ws/install/aerobot_interfaces/share/aerobot_interfaces/cmake/aerobot_interfacesConfig-version.cmake
[16.609s] -- Up-to-date: /home/ubuntu/ros2_ws/install/aerobot_interfaces/share/aerobot_interfaces/package.xml
[16.648s] Invoked command in '/home/ubuntu/ros2_ws/build/aerobot_interfaces' returned '0': CMAKE_PREFIX_PATH=${CMAKE_PREFIX_PATH}:/home/ubuntu/ros2_ws/install/my_ahrs:/home/ubuntu/ros2_ws/install/lsm6dso:/home/ubuntu/ros2_ws/install/esc_pkg:/home/ubuntu/ros2_ws/install/bmm150_sensor:/opt/ros/humble /usr/bin/cmake --install /home/ubuntu/ros2_ws/build/aerobot_interfaces
