[21.131s] Invoking command in '/home/ubuntu/ros2_ws/src/bmm150_sensor': PYTHONPATH=/home/ubuntu/ros2_ws/build/bmm150_sensor/prefix_override:/home/ubuntu/ros2_ws/install/bmm150_sensor/lib/python3.10/site-packages:${PYTHONPATH} /usr/bin/python3 -W ignore:setup.py install is deprecated setup.py egg_info --egg-base ../../build/bmm150_sensor build --build-base /home/ubuntu/ros2_ws/build/bmm150_sensor/build install --record /home/ubuntu/ros2_ws/build/bmm150_sensor/install.log --single-version-externally-managed install_data
[28.860s] running egg_info
[28.875s] writing ../../build/bmm150_sensor/bmm150_sensor.egg-info/PKG-INFO
[28.887s] writing dependency_links to ../../build/bmm150_sensor/bmm150_sensor.egg-info/dependency_links.txt
[28.895s] writing entry points to ../../build/bmm150_sensor/bmm150_sensor.egg-info/entry_points.txt
[28.901s] writing requirements to ../../build/bmm150_sensor/bmm150_sensor.egg-info/requires.txt
[28.907s] writing top-level names to ../../build/bmm150_sensor/bmm150_sensor.egg-info/top_level.txt
[28.937s] reading manifest file '../../build/bmm150_sensor/bmm150_sensor.egg-info/SOURCES.txt'
[28.953s] writing manifest file '../../build/bmm150_sensor/bmm150_sensor.egg-info/SOURCES.txt'
[28.955s] running build
[28.956s] running build_py
[28.968s] running install
[28.969s] running install_lib
[28.985s] running install_data
[28.991s] running install_egg_info
[29.003s] removing '/home/ubuntu/ros2_ws/install/bmm150_sensor/lib/python3.10/site-packages/bmm150_sensor-0.0.0-py3.10.egg-info' (and everything under it)
[29.009s] Copying ../../build/bmm150_sensor/bmm150_sensor.egg-info to /home/ubuntu/ros2_ws/install/bmm150_sensor/lib/python3.10/site-packages/bmm150_sensor-0.0.0-py3.10.egg-info
[29.077s] running install_scripts
[29.319s] Installing bmm150 script to /home/ubuntu/ros2_ws/install/bmm150_sensor/lib/bmm150_sensor
[29.324s] writing list of installed files to '/home/ubuntu/ros2_ws/build/bmm150_sensor/install.log'
[29.616s] Invoked command in '/home/ubuntu/ros2_ws/src/bmm150_sensor' returned '0': PYTHONPATH=/home/ubuntu/ros2_ws/build/bmm150_sensor/prefix_override:/home/ubuntu/ros2_ws/install/bmm150_sensor/lib/python3.10/site-packages:${PYTHONPATH} /usr/bin/python3 -W ignore:setup.py install is deprecated setup.py egg_info --egg-base ../../build/bmm150_sensor build --build-base /home/ubuntu/ros2_ws/build/bmm150_sensor/build install --record /home/ubuntu/ros2_ws/build/bmm150_sensor/install.log --single-version-externally-managed install_data
