[0.288s] Invoking command in '/home/ubuntu/ros2_ws/build/aerobot_interfaces': CMAKE_PREFIX_PATH=${CMAKE_PREFIX_PATH}:/home/ubuntu/ros2_ws/install/my_ahrs:/home/ubuntu/ros2_ws/install/lsm6dso:/home/ubuntu/ros2_ws/install/esc_pkg:/home/ubuntu/ros2_ws/install/bmm150_sensor:/opt/ros/humble /usr/bin/cmake --build /home/ubuntu/ros2_ws/build/aerobot_interfaces -- -j4 -l4
[1.557s] [  2%] Built target aerobot_interfaces__cpp
[1.917s] [  2%] Built target ament_cmake_python_copy_aerobot_interfaces
[2.247s] [ 12%] Built target aerobot_interfaces__rosidl_typesupport_introspection_cpp
[2.517s] [ 23%] Built target aerobot_interfaces__rosidl_typesupport_cpp
[6.215s] running egg_info
[6.223s] writing aerobot_interfaces.egg-info/PKG-INFO
[6.226s] writing dependency_links to aerobot_interfaces.egg-info/dependency_links.txt
[6.232s] writing top-level names to aerobot_interfaces.egg-info/top_level.txt
[6.278s] reading manifest file 'aerobot_interfaces.egg-info/SOURCES.txt'
[6.296s] writing manifest file 'aerobot_interfaces.egg-info/SOURCES.txt'
[6.595s] [ 23%] Built target ament_cmake_python_build_aerobot_interfaces_egg
[6.940s] [ 33%] Built target aerobot_interfaces__rosidl_typesupport_fastrtps_cpp
[7.212s] [ 43%] Built target aerobot_interfaces__rosidl_generator_c
[7.437s] [ 53%] Built target aerobot_interfaces__rosidl_typesupport_fastrtps_c
[7.621s] [ 64%] Built target aerobot_interfaces__rosidl_typesupport_c
[7.873s] [ 74%] Built target aerobot_interfaces__rosidl_typesupport_introspection_c
[8.104s] [ 74%] Built target aerobot_interfaces
[8.351s] [ 76%] Built target aerobot_interfaces__py
[8.638s] [ 84%] Built target aerobot_interfaces__rosidl_generator_py
[8.929s] [ 89%] Built target aerobot_interfaces__rosidl_typesupport_fastrtps_c__pyext
[9.189s] [ 94%] Built target aerobot_interfaces__rosidl_typesupport_c__pyext
[9.446s] [100%] Built target aerobot_interfaces__rosidl_typesupport_introspection_c__pyext
[9.561s] Invoked command in '/home/ubuntu/ros2_ws/build/aerobot_interfaces' returned '0': CMAKE_PREFIX_PATH=${CMAKE_PREFIX_PATH}:/home/ubuntu/ros2_ws/install/my_ahrs:/home/ubuntu/ros2_ws/install/lsm6dso:/home/ubuntu/ros2_ws/install/esc_pkg:/home/ubuntu/ros2_ws/install/bmm150_sensor:/opt/ros/humble /usr/bin/cmake --build /home/ubuntu/ros2_ws/build/aerobot_interfaces -- -j4 -l4
[10.839s] Invoking command in '/home/ubuntu/ros2_ws/build/aerobot_interfaces': CMAKE_PREFIX_PATH=${CMAKE_PREFIX_PATH}:/home/ubuntu/ros2_ws/install/my_ahrs:/home/ubuntu/ros2_ws/install/lsm6dso:/home/ubuntu/ros2_ws/install/esc_pkg:/home/ubuntu/ros2_ws/install/bmm150_sensor:/opt/ros/humble /usr/bin/cmake --install /home/ubuntu/ros2_ws/build/aerobot_interfaces
[10.886s] -- Install configuration: ""
[10.891s] -- Up-to-date: /home/ubuntu/ros2_ws/install/aerobot_interfaces/share/ament_index/resource_index/rosidl_interfaces/aerobot_interfaces
[10.893s] -- Up-to-date: /home/ubuntu/ros2_ws/install/aerobot_interfaces/include/aerobot_interfaces/aerobot_interfaces
[10.895s] -- Up-to-date: /home/ubuntu/ros2_ws/install/aerobot_interfaces/include/aerobot_interfaces/aerobot_interfaces/srv
[10.898s] -- Up-to-date: /home/ubuntu/ros2_ws/install/aerobot_interfaces/include/aerobot_interfaces/aerobot_interfaces/srv/esc_srv.h
[10.903s] -- Up-to-date: /home/ubuntu/ros2_ws/install/aerobot_interfaces/include/aerobot_interfaces/aerobot_interfaces/srv/detail
[10.906s] -- Up-to-date: /home/ubuntu/ros2_ws/install/aerobot_interfaces/include/aerobot_interfaces/aerobot_interfaces/srv/detail/esc_srv__struct.h
[10.907s] -- Up-to-date: /home/ubuntu/ros2_ws/install/aerobot_interfaces/include/aerobot_interfaces/aerobot_interfaces/srv/detail/esc_srv__functions.c
[10.908s] -- Up-to-date: /home/ubuntu/ros2_ws/install/aerobot_interfaces/include/aerobot_interfaces/aerobot_interfaces/srv/detail/esc_srv__type_support.h
[10.909s] -- Up-to-date: /home/ubuntu/ros2_ws/install/aerobot_interfaces/include/aerobot_interfaces/aerobot_interfaces/srv/detail/esc_srv__functions.h
[10.909s] -- Up-to-date: /home/ubuntu/ros2_ws/install/aerobot_interfaces/include/aerobot_interfaces/aerobot_interfaces/msg
[10.912s] -- Up-to-date: /home/ubuntu/ros2_ws/install/aerobot_interfaces/include/aerobot_interfaces/aerobot_interfaces/msg/esc_msg.h
[10.913s] -- Up-to-date: /home/ubuntu/ros2_ws/install/aerobot_interfaces/include/aerobot_interfaces/aerobot_interfaces/msg/detail
[10.915s] -- Up-to-date: /home/ubuntu/ros2_ws/install/aerobot_interfaces/include/aerobot_interfaces/aerobot_interfaces/msg/detail/esc_msg__functions.c
[10.916s] -- Up-to-date: /home/ubuntu/ros2_ws/install/aerobot_interfaces/include/aerobot_interfaces/aerobot_interfaces/msg/detail/esc_msg__struct.h
[10.917s] -- Up-to-date: /home/ubuntu/ros2_ws/install/aerobot_interfaces/include/aerobot_interfaces/aerobot_interfaces/msg/detail/esc_msg__functions.h
[10.918s] -- Up-to-date: /home/ubuntu/ros2_ws/install/aerobot_interfaces/include/aerobot_interfaces/aerobot_interfaces/msg/detail/esc_msg__type_support.h
[10.919s] -- Up-to-date: /home/ubuntu/ros2_ws/install/aerobot_interfaces/include/aerobot_interfaces/aerobot_interfaces/msg/rosidl_generator_c__visibility_control.h
[10.920s] -- Up-to-date: /home/ubuntu/ros2_ws/install/aerobot_interfaces/share/aerobot_interfaces/environment/library_path.sh
[10.920s] -- Up-to-date: /home/ubuntu/ros2_ws/install/aerobot_interfaces/share/aerobot_interfaces/environment/library_path.dsv
[10.929s] -- Up-to-date: /home/ubuntu/ros2_ws/install/aerobot_interfaces/lib/libaerobot_interfaces__rosidl_generator_c.so
[10.930s] -- Up-to-date: /home/ubuntu/ros2_ws/install/aerobot_interfaces/include/aerobot_interfaces/aerobot_interfaces
[10.932s] -- Up-to-date: /home/ubuntu/ros2_ws/install/aerobot_interfaces/include/aerobot_interfaces/aerobot_interfaces/srv
[10.935s] -- Up-to-date: /home/ubuntu/ros2_ws/install/aerobot_interfaces/include/aerobot_interfaces/aerobot_interfaces/srv/detail
[10.937s] -- Up-to-date: /home/ubuntu/ros2_ws/install/aerobot_interfaces/include/aerobot_interfaces/aerobot_interfaces/srv/detail/esc_srv__rosidl_typesupport_fastrtps_c.h
[10.938s] -- Up-to-date: /home/ubuntu/ros2_ws/install/aerobot_interfaces/include/aerobot_interfaces/aerobot_interfaces/msg
[10.941s] -- Up-to-date: /home/ubuntu/ros2_ws/install/aerobot_interfaces/include/aerobot_interfaces/aerobot_interfaces/msg/rosidl_typesupport_fastrtps_c__visibility_control.h
[10.942s] -- Up-to-date: /home/ubuntu/ros2_ws/install/aerobot_interfaces/include/aerobot_interfaces/aerobot_interfaces/msg/detail
[10.943s] -- Up-to-date: /home/ubuntu/ros2_ws/install/aerobot_interfaces/include/aerobot_interfaces/aerobot_interfaces/msg/detail/esc_msg__rosidl_typesupport_fastrtps_c.h
[10.951s] -- Up-to-date: /home/ubuntu/ros2_ws/install/aerobot_interfaces/lib/libaerobot_interfaces__rosidl_typesupport_fastrtps_c.so
[10.952s] -- Up-to-date: /home/ubuntu/ros2_ws/install/aerobot_interfaces/include/aerobot_interfaces/aerobot_interfaces
[10.956s] -- Up-to-date: /home/ubuntu/ros2_ws/install/aerobot_interfaces/include/aerobot_interfaces/aerobot_interfaces/srv
[10.958s] -- Up-to-date: /home/ubuntu/ros2_ws/install/aerobot_interfaces/include/aerobot_interfaces/aerobot_interfaces/srv/detail
[10.961s] -- Up-to-date: /home/ubuntu/ros2_ws/install/aerobot_interfaces/include/aerobot_interfaces/aerobot_interfaces/srv/detail/esc_srv__type_support.c
[10.962s] -- Up-to-date: /home/ubuntu/ros2_ws/install/aerobot_interfaces/include/aerobot_interfaces/aerobot_interfaces/srv/detail/esc_srv__rosidl_typesupport_introspection_c.h
[10.962s] -- Up-to-date: /home/ubuntu/ros2_ws/install/aerobot_interfaces/include/aerobot_interfaces/aerobot_interfaces/msg
[10.963s] -- Up-to-date: /home/ubuntu/ros2_ws/install/aerobot_interfaces/include/aerobot_interfaces/aerobot_interfaces/msg/detail
[10.965s] -- Up-to-date: /home/ubuntu/ros2_ws/install/aerobot_interfaces/include/aerobot_interfaces/aerobot_interfaces/msg/detail/esc_msg__type_support.c
[10.972s] -- Up-to-date: /home/ubuntu/ros2_ws/install/aerobot_interfaces/include/aerobot_interfaces/aerobot_interfaces/msg/detail/esc_msg__rosidl_typesupport_introspection_c.h
[10.973s] -- Up-to-date: /home/ubuntu/ros2_ws/install/aerobot_interfaces/include/aerobot_interfaces/aerobot_interfaces/msg/rosidl_typesupport_introspection_c__visibility_control.h
[10.974s] -- Up-to-date: /home/ubuntu/ros2_ws/install/aerobot_interfaces/lib/libaerobot_interfaces__rosidl_typesupport_introspection_c.so
[10.976s] -- Up-to-date: /home/ubuntu/ros2_ws/install/aerobot_interfaces/lib/libaerobot_interfaces__rosidl_typesupport_c.so
[10.986s] -- Up-to-date: /home/ubuntu/ros2_ws/install/aerobot_interfaces/include/aerobot_interfaces/aerobot_interfaces
[10.990s] -- Up-to-date: /home/ubuntu/ros2_ws/install/aerobot_interfaces/include/aerobot_interfaces/aerobot_interfaces/srv
[10.991s] -- Up-to-date: /home/ubuntu/ros2_ws/install/aerobot_interfaces/include/aerobot_interfaces/aerobot_interfaces/srv/esc_srv.hpp
[10.999s] -- Up-to-date: /home/ubuntu/ros2_ws/install/aerobot_interfaces/include/aerobot_interfaces/aerobot_interfaces/srv/detail
[11.002s] -- Up-to-date: /home/ubuntu/ros2_ws/install/aerobot_interfaces/include/aerobot_interfaces/aerobot_interfaces/srv/detail/esc_srv__traits.hpp
[11.007s] -- Up-to-date: /home/ubuntu/ros2_ws/install/aerobot_interfaces/include/aerobot_interfaces/aerobot_interfaces/srv/detail/esc_srv__builder.hpp
[11.008s] -- Up-to-date: /home/ubuntu/ros2_ws/install/aerobot_interfaces/include/aerobot_interfaces/aerobot_interfaces/srv/detail/esc_srv__struct.hpp
[11.009s] -- Up-to-date: /home/ubuntu/ros2_ws/install/aerobot_interfaces/include/aerobot_interfaces/aerobot_interfaces/msg
[11.010s] -- Up-to-date: /home/ubuntu/ros2_ws/install/aerobot_interfaces/include/aerobot_interfaces/aerobot_interfaces/msg/esc_msg.hpp
[11.011s] -- Up-to-date: /home/ubuntu/ros2_ws/install/aerobot_interfaces/include/aerobot_interfaces/aerobot_interfaces/msg/detail
[11.012s] -- Up-to-date: /home/ubuntu/ros2_ws/install/aerobot_interfaces/include/aerobot_interfaces/aerobot_interfaces/msg/detail/esc_msg__struct.hpp
[11.022s] -- Up-to-date: /home/ubuntu/ros2_ws/install/aerobot_interfaces/include/aerobot_interfaces/aerobot_interfaces/msg/detail/esc_msg__builder.hpp
[11.027s] -- Up-to-date: /home/ubuntu/ros2_ws/install/aerobot_interfaces/include/aerobot_interfaces/aerobot_interfaces/msg/detail/esc_msg__traits.hpp
[11.031s] -- Up-to-date: /home/ubuntu/ros2_ws/install/aerobot_interfaces/include/aerobot_interfaces/aerobot_interfaces
[11.032s] -- Up-to-date: /home/ubuntu/ros2_ws/install/aerobot_interfaces/include/aerobot_interfaces/aerobot_interfaces/srv
[11.033s] -- Up-to-date: /home/ubuntu/ros2_ws/install/aerobot_interfaces/include/aerobot_interfaces/aerobot_interfaces/srv/detail
[11.034s] -- Up-to-date: /home/ubuntu/ros2_ws/install/aerobot_interfaces/include/aerobot_interfaces/aerobot_interfaces/srv/detail/dds_fastrtps
[11.035s] -- Up-to-date: /home/ubuntu/ros2_ws/install/aerobot_interfaces/include/aerobot_interfaces/aerobot_interfaces/srv/detail/esc_srv__rosidl_typesupport_fastrtps_cpp.hpp
[11.039s] -- Up-to-date: /home/ubuntu/ros2_ws/install/aerobot_interfaces/include/aerobot_interfaces/aerobot_interfaces/msg
[11.040s] -- Up-to-date: /home/ubuntu/ros2_ws/install/aerobot_interfaces/include/aerobot_interfaces/aerobot_interfaces/msg/rosidl_typesupport_fastrtps_cpp__visibility_control.h
[11.041s] -- Up-to-date: /home/ubuntu/ros2_ws/install/aerobot_interfaces/include/aerobot_interfaces/aerobot_interfaces/msg/detail
[11.042s] -- Up-to-date: /home/ubuntu/ros2_ws/install/aerobot_interfaces/include/aerobot_interfaces/aerobot_interfaces/msg/detail/dds_fastrtps
[11.043s] -- Up-to-date: /home/ubuntu/ros2_ws/install/aerobot_interfaces/include/aerobot_interfaces/aerobot_interfaces/msg/detail/esc_msg__rosidl_typesupport_fastrtps_cpp.hpp
[11.044s] -- Up-to-date: /home/ubuntu/ros2_ws/install/aerobot_interfaces/lib/libaerobot_interfaces__rosidl_typesupport_fastrtps_cpp.so
[11.045s] -- Up-to-date: /home/ubuntu/ros2_ws/install/aerobot_interfaces/include/aerobot_interfaces/aerobot_interfaces
[11.055s] -- Up-to-date: /home/ubuntu/ros2_ws/install/aerobot_interfaces/include/aerobot_interfaces/aerobot_interfaces/srv
[11.056s] -- Up-to-date: /home/ubuntu/ros2_ws/install/aerobot_interfaces/include/aerobot_interfaces/aerobot_interfaces/srv/detail
[11.057s] -- Up-to-date: /home/ubuntu/ros2_ws/install/aerobot_interfaces/include/aerobot_interfaces/aerobot_interfaces/srv/detail/esc_srv__type_support.cpp
[11.058s] -- Up-to-date: /home/ubuntu/ros2_ws/install/aerobot_interfaces/include/aerobot_interfaces/aerobot_interfaces/srv/detail/esc_srv__rosidl_typesupport_introspection_cpp.hpp
[11.059s] -- Up-to-date: /home/ubuntu/ros2_ws/install/aerobot_interfaces/include/aerobot_interfaces/aerobot_interfaces/msg
[11.060s] -- Up-to-date: /home/ubuntu/ros2_ws/install/aerobot_interfaces/include/aerobot_interfaces/aerobot_interfaces/msg/detail
[11.061s] -- Up-to-date: /home/ubuntu/ros2_ws/install/aerobot_interfaces/include/aerobot_interfaces/aerobot_interfaces/msg/detail/esc_msg__type_support.cpp
[11.062s] -- Up-to-date: /home/ubuntu/ros2_ws/install/aerobot_interfaces/include/aerobot_interfaces/aerobot_interfaces/msg/detail/esc_msg__rosidl_typesupport_introspection_cpp.hpp
[11.069s] -- Up-to-date: /home/ubuntu/ros2_ws/install/aerobot_interfaces/lib/libaerobot_interfaces__rosidl_typesupport_introspection_cpp.so
[11.074s] -- Up-to-date: /home/ubuntu/ros2_ws/install/aerobot_interfaces/lib/libaerobot_interfaces__rosidl_typesupport_cpp.so
[11.075s] -- Up-to-date: /home/ubuntu/ros2_ws/install/aerobot_interfaces/share/aerobot_interfaces/environment/pythonpath.sh
[11.077s] -- Up-to-date: /home/ubuntu/ros2_ws/install/aerobot_interfaces/share/aerobot_interfaces/environment/pythonpath.dsv
[11.083s] -- Up-to-date: /home/ubuntu/ros2_ws/install/aerobot_interfaces/local/lib/python3.10/dist-packages/aerobot_interfaces-0.0.0-py3.10.egg-info
[11.085s] -- Installing: /home/ubuntu/ros2_ws/install/aerobot_interfaces/local/lib/python3.10/dist-packages/aerobot_interfaces-0.0.0-py3.10.egg-info/SOURCES.txt
[11.088s] -- Installing: /home/ubuntu/ros2_ws/install/aerobot_interfaces/local/lib/python3.10/dist-packages/aerobot_interfaces-0.0.0-py3.10.egg-info/dependency_links.txt
[11.091s] -- Installing: /home/ubuntu/ros2_ws/install/aerobot_interfaces/local/lib/python3.10/dist-packages/aerobot_interfaces-0.0.0-py3.10.egg-info/PKG-INFO
[11.092s] -- Installing: /home/ubuntu/ros2_ws/install/aerobot_interfaces/local/lib/python3.10/dist-packages/aerobot_interfaces-0.0.0-py3.10.egg-info/top_level.txt
[11.093s] -- Up-to-date: /home/ubuntu/ros2_ws/install/aerobot_interfaces/local/lib/python3.10/dist-packages/aerobot_interfaces
[11.097s] -- Up-to-date: /home/ubuntu/ros2_ws/install/aerobot_interfaces/local/lib/python3.10/dist-packages/aerobot_interfaces/__init__.py
[11.098s] -- Up-to-date: /home/ubuntu/ros2_ws/install/aerobot_interfaces/local/lib/python3.10/dist-packages/aerobot_interfaces/aerobot_interfaces_s__rosidl_typesupport_fastrtps_c.cpython-310-aarch64-linux-gnu.so
[11.099s] -- Up-to-date: /home/ubuntu/ros2_ws/install/aerobot_interfaces/local/lib/python3.10/dist-packages/aerobot_interfaces/libaerobot_interfaces__rosidl_generator_py.so
[11.100s] -- Up-to-date: /home/ubuntu/ros2_ws/install/aerobot_interfaces/local/lib/python3.10/dist-packages/aerobot_interfaces/aerobot_interfaces_s__rosidl_typesupport_introspection_c.cpython-310-aarch64-linux-gnu.so
[11.101s] -- Up-to-date: /home/ubuntu/ros2_ws/install/aerobot_interfaces/local/lib/python3.10/dist-packages/aerobot_interfaces/_aerobot_interfaces_s.ep.rosidl_typesupport_fastrtps_c.c
[11.102s] -- Up-to-date: /home/ubuntu/ros2_ws/install/aerobot_interfaces/local/lib/python3.10/dist-packages/aerobot_interfaces/srv
[11.103s] -- Up-to-date: /home/ubuntu/ros2_ws/install/aerobot_interfaces/local/lib/python3.10/dist-packages/aerobot_interfaces/srv/__init__.py
[11.104s] -- Up-to-date: /home/ubuntu/ros2_ws/install/aerobot_interfaces/local/lib/python3.10/dist-packages/aerobot_interfaces/srv/_esc_srv_s.c
[11.105s] -- Up-to-date: /home/ubuntu/ros2_ws/install/aerobot_interfaces/local/lib/python3.10/dist-packages/aerobot_interfaces/srv/_esc_srv.py
[11.106s] -- Up-to-date: /home/ubuntu/ros2_ws/install/aerobot_interfaces/local/lib/python3.10/dist-packages/aerobot_interfaces/_aerobot_interfaces_s.ep.rosidl_typesupport_c.c
[11.108s] -- Up-to-date: /home/ubuntu/ros2_ws/install/aerobot_interfaces/local/lib/python3.10/dist-packages/aerobot_interfaces/_aerobot_interfaces_s.ep.rosidl_typesupport_introspection_c.c
[11.110s] -- Up-to-date: /home/ubuntu/ros2_ws/install/aerobot_interfaces/local/lib/python3.10/dist-packages/aerobot_interfaces/aerobot_interfaces_s__rosidl_typesupport_c.cpython-310-aarch64-linux-gnu.so
[11.111s] -- Up-to-date: /home/ubuntu/ros2_ws/install/aerobot_interfaces/local/lib/python3.10/dist-packages/aerobot_interfaces/msg
[11.112s] -- Up-to-date: /home/ubuntu/ros2_ws/install/aerobot_interfaces/local/lib/python3.10/dist-packages/aerobot_interfaces/msg/_esc_msg.py
[11.118s] -- Up-to-date: /home/ubuntu/ros2_ws/install/aerobot_interfaces/local/lib/python3.10/dist-packages/aerobot_interfaces/msg/__init__.py
[11.120s] -- Up-to-date: /home/ubuntu/ros2_ws/install/aerobot_interfaces/local/lib/python3.10/dist-packages/aerobot_interfaces/msg/_esc_msg_s.c
[11.621s] Listing '/home/ubuntu/ros2_ws/install/aerobot_interfaces/local/lib/python3.10/dist-packages/aerobot_interfaces'...
[11.623s] Listing '/home/ubuntu/ros2_ws/install/aerobot_interfaces/local/lib/python3.10/dist-packages/aerobot_interfaces/msg'...
[11.624s] Listing '/home/ubuntu/ros2_ws/install/aerobot_interfaces/local/lib/python3.10/dist-packages/aerobot_interfaces/srv'...
[11.676s] -- Up-to-date: /home/ubuntu/ros2_ws/install/aerobot_interfaces/local/lib/python3.10/dist-packages/aerobot_interfaces/aerobot_interfaces_s__rosidl_typesupport_fastrtps_c.cpython-310-aarch64-linux-gnu.so
[11.685s] -- Up-to-date: /home/ubuntu/ros2_ws/install/aerobot_interfaces/local/lib/python3.10/dist-packages/aerobot_interfaces/aerobot_interfaces_s__rosidl_typesupport_introspection_c.cpython-310-aarch64-linux-gnu.so
[11.691s] -- Up-to-date: /home/ubuntu/ros2_ws/install/aerobot_interfaces/local/lib/python3.10/dist-packages/aerobot_interfaces/aerobot_interfaces_s__rosidl_typesupport_c.cpython-310-aarch64-linux-gnu.so
[11.698s] -- Up-to-date: /home/ubuntu/ros2_ws/install/aerobot_interfaces/lib/libaerobot_interfaces__rosidl_generator_py.so
[11.709s] -- Up-to-date: /home/ubuntu/ros2_ws/install/aerobot_interfaces/share/aerobot_interfaces/srv/EscSrv.idl
[11.712s] -- Up-to-date: /home/ubuntu/ros2_ws/install/aerobot_interfaces/share/aerobot_interfaces/msg/EscMsg.idl
[11.723s] -- Up-to-date: /home/ubuntu/ros2_ws/install/aerobot_interfaces/share/aerobot_interfaces/srv/EscSrv.srv
[11.726s] -- Up-to-date: /home/ubuntu/ros2_ws/install/aerobot_interfaces/share/aerobot_interfaces/srv/EscSrv_Request.msg
[11.729s] -- Up-to-date: /home/ubuntu/ros2_ws/install/aerobot_interfaces/share/aerobot_interfaces/srv/EscSrv_Response.msg
[11.731s] -- Up-to-date: /home/ubuntu/ros2_ws/install/aerobot_interfaces/share/aerobot_interfaces/msg/EscMsg.msg
[11.732s] -- Up-to-date: /home/ubuntu/ros2_ws/install/aerobot_interfaces/share/ament_index/resource_index/package_run_dependencies/aerobot_interfaces
[11.733s] -- Up-to-date: /home/ubuntu/ros2_ws/install/aerobot_interfaces/share/ament_index/resource_index/parent_prefix_path/aerobot_interfaces
[11.733s] -- Up-to-date: /home/ubuntu/ros2_ws/install/aerobot_interfaces/share/aerobot_interfaces/environment/ament_prefix_path.sh
[11.740s] -- Up-to-date: /home/ubuntu/ros2_ws/install/aerobot_interfaces/share/aerobot_interfaces/environment/ament_prefix_path.dsv
[11.741s] -- Up-to-date: /home/ubuntu/ros2_ws/install/aerobot_interfaces/share/aerobot_interfaces/environment/path.sh
[11.742s] -- Up-to-date: /home/ubuntu/ros2_ws/install/aerobot_interfaces/share/aerobot_interfaces/environment/path.dsv
[11.743s] -- Up-to-date: /home/ubuntu/ros2_ws/install/aerobot_interfaces/share/aerobot_interfaces/local_setup.bash
[11.744s] -- Up-to-date: /home/ubuntu/ros2_ws/install/aerobot_interfaces/share/aerobot_interfaces/local_setup.sh
[11.745s] -- Up-to-date: /home/ubuntu/ros2_ws/install/aerobot_interfaces/share/aerobot_interfaces/local_setup.zsh
[11.746s] -- Up-to-date: /home/ubuntu/ros2_ws/install/aerobot_interfaces/share/aerobot_interfaces/local_setup.dsv
[11.754s] -- Installing: /home/ubuntu/ros2_ws/install/aerobot_interfaces/share/aerobot_interfaces/package.dsv
[11.757s] -- Up-to-date: /home/ubuntu/ros2_ws/install/aerobot_interfaces/share/ament_index/resource_index/packages/aerobot_interfaces
[11.758s] -- Up-to-date: /home/ubuntu/ros2_ws/install/aerobot_interfaces/share/aerobot_interfaces/cmake/export_aerobot_interfaces__rosidl_generator_cExport.cmake
[11.759s] -- Up-to-date: /home/ubuntu/ros2_ws/install/aerobot_interfaces/share/aerobot_interfaces/cmake/export_aerobot_interfaces__rosidl_generator_cExport-noconfig.cmake
[11.760s] -- Up-to-date: /home/ubuntu/ros2_ws/install/aerobot_interfaces/share/aerobot_interfaces/cmake/export_aerobot_interfaces__rosidl_typesupport_fastrtps_cExport.cmake
[11.761s] -- Up-to-date: /home/ubuntu/ros2_ws/install/aerobot_interfaces/share/aerobot_interfaces/cmake/export_aerobot_interfaces__rosidl_typesupport_fastrtps_cExport-noconfig.cmake
[11.767s] -- Up-to-date: /home/ubuntu/ros2_ws/install/aerobot_interfaces/share/aerobot_interfaces/cmake/aerobot_interfaces__rosidl_typesupport_introspection_cExport.cmake
[11.768s] -- Up-to-date: /home/ubuntu/ros2_ws/install/aerobot_interfaces/share/aerobot_interfaces/cmake/aerobot_interfaces__rosidl_typesupport_introspection_cExport-noconfig.cmake
[11.775s] -- Up-to-date: /home/ubuntu/ros2_ws/install/aerobot_interfaces/share/aerobot_interfaces/cmake/aerobot_interfaces__rosidl_typesupport_cExport.cmake
[11.777s] -- Up-to-date: /home/ubuntu/ros2_ws/install/aerobot_interfaces/share/aerobot_interfaces/cmake/aerobot_interfaces__rosidl_typesupport_cExport-noconfig.cmake
[11.781s] -- Up-to-date: /home/ubuntu/ros2_ws/install/aerobot_interfaces/share/aerobot_interfaces/cmake/export_aerobot_interfaces__rosidl_generator_cppExport.cmake
[11.788s] -- Up-to-date: /home/ubuntu/ros2_ws/install/aerobot_interfaces/share/aerobot_interfaces/cmake/export_aerobot_interfaces__rosidl_typesupport_fastrtps_cppExport.cmake
[11.789s] -- Up-to-date: /home/ubuntu/ros2_ws/install/aerobot_interfaces/share/aerobot_interfaces/cmake/export_aerobot_interfaces__rosidl_typesupport_fastrtps_cppExport-noconfig.cmake
[11.793s] -- Up-to-date: /home/ubuntu/ros2_ws/install/aerobot_interfaces/share/aerobot_interfaces/cmake/aerobot_interfaces__rosidl_typesupport_introspection_cppExport.cmake
[11.794s] -- Up-to-date: /home/ubuntu/ros2_ws/install/aerobot_interfaces/share/aerobot_interfaces/cmake/aerobot_interfaces__rosidl_typesupport_introspection_cppExport-noconfig.cmake
[11.800s] -- Up-to-date: /home/ubuntu/ros2_ws/install/aerobot_interfaces/share/aerobot_interfaces/cmake/aerobot_interfaces__rosidl_typesupport_cppExport.cmake
[11.801s] -- Up-to-date: /home/ubuntu/ros2_ws/install/aerobot_interfaces/share/aerobot_interfaces/cmake/aerobot_interfaces__rosidl_typesupport_cppExport-noconfig.cmake
[11.807s] -- Up-to-date: /home/ubuntu/ros2_ws/install/aerobot_interfaces/share/aerobot_interfaces/cmake/export_aerobot_interfaces__rosidl_generator_pyExport.cmake
[11.811s] -- Up-to-date: /home/ubuntu/ros2_ws/install/aerobot_interfaces/share/aerobot_interfaces/cmake/export_aerobot_interfaces__rosidl_generator_pyExport-noconfig.cmake
[11.813s] -- Up-to-date: /home/ubuntu/ros2_ws/install/aerobot_interfaces/share/aerobot_interfaces/cmake/rosidl_cmake-extras.cmake
[11.815s] -- Up-to-date: /home/ubuntu/ros2_ws/install/aerobot_interfaces/share/aerobot_interfaces/cmake/ament_cmake_export_include_directories-extras.cmake
[11.824s] -- Up-to-date: /home/ubuntu/ros2_ws/install/aerobot_interfaces/share/aerobot_interfaces/cmake/ament_cmake_export_libraries-extras.cmake
[11.825s] -- Up-to-date: /home/ubuntu/ros2_ws/install/aerobot_interfaces/share/aerobot_interfaces/cmake/ament_cmake_export_targets-extras.cmake
[11.826s] -- Up-to-date: /home/ubuntu/ros2_ws/install/aerobot_interfaces/share/aerobot_interfaces/cmake/rosidl_cmake_export_typesupport_targets-extras.cmake
[11.827s] -- Up-to-date: /home/ubuntu/ros2_ws/install/aerobot_interfaces/share/aerobot_interfaces/cmake/ament_cmake_export_dependencies-extras.cmake
[11.828s] -- Up-to-date: /home/ubuntu/ros2_ws/install/aerobot_interfaces/share/aerobot_interfaces/cmake/rosidl_cmake_export_typesupport_libraries-extras.cmake
[11.829s] -- Up-to-date: /home/ubuntu/ros2_ws/install/aerobot_interfaces/share/aerobot_interfaces/cmake/aerobot_interfacesConfig.cmake
[11.830s] -- Up-to-date: /home/ubuntu/ros2_ws/install/aerobot_interfaces/share/aerobot_interfaces/cmake/aerobot_interfacesConfig-version.cmake
[11.831s] -- Up-to-date: /home/ubuntu/ros2_ws/install/aerobot_interfaces/share/aerobot_interfaces/package.xml
[11.848s] Invoked command in '/home/ubuntu/ros2_ws/build/aerobot_interfaces' returned '0': CMAKE_PREFIX_PATH=${CMAKE_PREFIX_PATH}:/home/ubuntu/ros2_ws/install/my_ahrs:/home/ubuntu/ros2_ws/install/lsm6dso:/home/ubuntu/ros2_ws/install/esc_pkg:/home/ubuntu/ros2_ws/install/bmm150_sensor:/opt/ros/humble /usr/bin/cmake --install /home/ubuntu/ros2_ws/build/aerobot_interfaces
