[3.170s] Invoking command in '/home/ubuntu/ros2_ws/src/my_ahrs': PYTHONPATH=/home/ubuntu/ros2_ws/build/my_ahrs/prefix_override:/home/ubuntu/ros2_ws/install/my_ahrs/lib/python3.10/site-packages:${PYTHONPATH} /usr/bin/python3 -W ignore:setup.py install is deprecated setup.py egg_info --egg-base ../../build/my_ahrs build --build-base /home/ubuntu/ros2_ws/build/my_ahrs/build install --record /home/ubuntu/ros2_ws/build/my_ahrs/install.log --single-version-externally-managed install_data
[4.397s] running egg_info
[4.400s] writing ../../build/my_ahrs/my_ahrs.egg-info/PKG-INFO
[4.401s] writing dependency_links to ../../build/my_ahrs/my_ahrs.egg-info/dependency_links.txt
[4.402s] writing entry points to ../../build/my_ahrs/my_ahrs.egg-info/entry_points.txt
[4.403s] writing requirements to ../../build/my_ahrs/my_ahrs.egg-info/requires.txt
[4.403s] writing top-level names to ../../build/my_ahrs/my_ahrs.egg-info/top_level.txt
[4.411s] reading manifest file '../../build/my_ahrs/my_ahrs.egg-info/SOURCES.txt'
[4.416s] writing manifest file '../../build/my_ahrs/my_ahrs.egg-info/SOURCES.txt'
[4.417s] running build
[4.418s] running build_py
[4.419s] running install
[4.420s] running install_lib
[4.426s] running install_data
[4.427s] copying launch/ekf_launch.py -> /home/ubuntu/ros2_ws/install/my_ahrs/share/my_ahrs/launch
[4.428s] running install_egg_info
[4.436s] removing '/home/ubuntu/ros2_ws/install/my_ahrs/lib/python3.10/site-packages/my_ahrs-0.0.0-py3.10.egg-info' (and everything under it)
[4.437s] Copying ../../build/my_ahrs/my_ahrs.egg-info to /home/ubuntu/ros2_ws/install/my_ahrs/lib/python3.10/site-packages/my_ahrs-0.0.0-py3.10.egg-info
[4.448s] running install_scripts
[4.526s] Installing cf_node script to /home/ubuntu/ros2_ws/install/my_ahrs/lib/my_ahrs
[4.527s] Installing ekf_node script to /home/ubuntu/ros2_ws/install/my_ahrs/lib/my_ahrs
[4.528s] Installing mad_node script to /home/ubuntu/ros2_ws/install/my_ahrs/lib/my_ahrs
[4.530s] writing list of installed files to '/home/ubuntu/ros2_ws/build/my_ahrs/install.log'
[4.674s] Invoked command in '/home/ubuntu/ros2_ws/src/my_ahrs' returned '0': PYTHONPATH=/home/ubuntu/ros2_ws/build/my_ahrs/prefix_override:/home/ubuntu/ros2_ws/install/my_ahrs/lib/python3.10/site-packages:${PYTHONPATH} /usr/bin/python3 -W ignore:setup.py install is deprecated setup.py egg_info --egg-base ../../build/my_ahrs build --build-base /home/ubuntu/ros2_ws/build/my_ahrs/build install --record /home/ubuntu/ros2_ws/build/my_ahrs/install.log --single-version-externally-managed install_data
