[11.155s] Invoking command in '/home/ubuntu/ros2_ws/src/lsm6dso': PYTHONPATH=/home/ubuntu/ros2_ws/build/lsm6dso/prefix_override:/home/ubuntu/ros2_ws/install/lsm6dso/lib/python3.10/site-packages:${PYTHONPATH} /usr/bin/python3 -W ignore:setup.py install is deprecated setup.py egg_info --egg-base ../../build/lsm6dso build --build-base /home/ubuntu/ros2_ws/build/lsm6dso/build install --record /home/ubuntu/ros2_ws/build/lsm6dso/install.log --single-version-externally-managed install_data
[15.427s] running egg_info
[15.433s] writing ../../build/lsm6dso/lsm6dso.egg-info/PKG-INFO
[15.438s] writing dependency_links to ../../build/lsm6dso/lsm6dso.egg-info/dependency_links.txt
[15.444s] writing entry points to ../../build/lsm6dso/lsm6dso.egg-info/entry_points.txt
[15.444s] writing requirements to ../../build/lsm6dso/lsm6dso.egg-info/requires.txt
[15.445s] writing top-level names to ../../build/lsm6dso/lsm6dso.egg-info/top_level.txt
[15.466s] reading manifest file '../../build/lsm6dso/lsm6dso.egg-info/SOURCES.txt'
[15.474s] writing manifest file '../../build/lsm6dso/lsm6dso.egg-info/SOURCES.txt'
[15.478s] running build
[15.479s] running build_py
[15.490s] copying lsm6dso/calibrate.py -> /home/ubuntu/ros2_ws/build/lsm6dso/build/lib/lsm6dso
[15.492s] running install
[15.504s] running install_lib
[15.505s] copying /home/ubuntu/ros2_ws/build/lsm6dso/build/lib/lsm6dso/calibrate.py -> /home/ubuntu/ros2_ws/install/lsm6dso/lib/python3.10/site-packages/lsm6dso
[15.518s] byte-compiling /home/ubuntu/ros2_ws/install/lsm6dso/lib/python3.10/site-packages/lsm6dso/calibrate.py to calibrate.cpython-310.pyc
[15.535s] running install_data
[15.536s] running install_egg_info
[15.553s] removing '/home/ubuntu/ros2_ws/install/lsm6dso/lib/python3.10/site-packages/lsm6dso-0.0.0-py3.10.egg-info' (and everything under it)
[15.567s] Copying ../../build/lsm6dso/lsm6dso.egg-info to /home/ubuntu/ros2_ws/install/lsm6dso/lib/python3.10/site-packages/lsm6dso-0.0.0-py3.10.egg-info
[15.586s] running install_scripts
[15.929s] Installing calibrate_gyro script to /home/ubuntu/ros2_ws/install/lsm6dso/lib/lsm6dso
[15.935s] Installing lsm6dso script to /home/ubuntu/ros2_ws/install/lsm6dso/lib/lsm6dso
[15.954s] writing list of installed files to '/home/ubuntu/ros2_ws/build/lsm6dso/install.log'
[16.335s] Invoked command in '/home/ubuntu/ros2_ws/src/lsm6dso' returned '0': PYTHONPATH=/home/ubuntu/ros2_ws/build/lsm6dso/prefix_override:/home/ubuntu/ros2_ws/install/lsm6dso/lib/python3.10/site-packages:${PYTHONPATH} /usr/bin/python3 -W ignore:setup.py install is deprecated setup.py egg_info --egg-base ../../build/lsm6dso build --build-base /home/ubuntu/ros2_ws/build/lsm6dso/build install --record /home/ubuntu/ros2_ws/build/lsm6dso/install.log --single-version-externally-managed install_data
