[3.263s] DEBUG:colcon:Command line arguments: ['/usr/bin/colcon', 'build', '--packages-select', 'my_ahrs']
[3.266s] DEBUG:colcon:Parsed command line arguments: Namespace(log_base=None, log_level=None, verb_name='build', build_base='build', install_base='install', merge_install=False, symlink_install=False, test_result_base=None, continue_on_error=False, executor='parallel', parallel_workers=4, event_handlers=None, ignore_user_meta=False, metas=['./colcon.meta'], base_paths=['.'], packages_ignore=None, packages_ignore_regex=None, paths=None, packages_up_to=None, packages_up_to_regex=None, packages_above=None, packages_above_and_dependencies=None, packages_above_depth=None, packages_select_by_dep=None, packages_skip_by_dep=None, packages_skip_up_to=None, packages_select_build_failed=False, packages_skip_build_finished=False, packages_select_test_failures=False, packages_skip_test_passed=False, packages_select=['my_ahrs'], packages_skip=None, packages_select_regex=None, packages_skip_regex=None, packages_start=None, packages_end=None, allow_overriding=[], cmake_args=None, cmake_target=None, cmake_target_skip_unavailable=False, cmake_clean_cache=False, cmake_clean_first=False, cmake_force_configure=False, ament_cmake_args=None, catkin_cmake_args=None, catkin_skip_building_tests=False, mixin_files=None, mixin=None, verb_parser=<colcon_mixin.mixin.mixin_argument.MixinArgumentDecorator object at 0xffffa6e5d720>, verb_extension=<colcon_core.verb.build.BuildVerb object at 0xffffa6f6e800>, main=<bound method BuildVerb.main of <colcon_core.verb.build.BuildVerb object at 0xffffa6f6e800>>, mixin_verb=('build',))
[11.846s] Level 1:colcon.colcon_core.package_discovery:discover_packages(colcon_meta) check parameters
[11.852s] Level 1:colcon.colcon_core.package_discovery:discover_packages(recursive) check parameters
[11.854s] Level 1:colcon.colcon_core.package_discovery:discover_packages(ignore) check parameters
[11.856s] Level 1:colcon.colcon_core.package_discovery:discover_packages(path) check parameters
[11.857s] Level 1:colcon.colcon_core.package_discovery:discover_packages(colcon_meta) discover
[11.860s] Level 1:colcon.colcon_core.package_discovery:discover_packages(recursive) discover
[11.861s] INFO:colcon.colcon_core.package_discovery:Crawling recursively for packages in '/home/ubuntu/ros2_ws'
[11.865s] Level 1:colcon.colcon_core.package_identification:_identify(.) by extensions ['ignore', 'ignore_ament_install']
[11.872s] Level 1:colcon.colcon_core.package_identification:_identify(.) by extension 'ignore'
[11.874s] Level 1:colcon.colcon_core.package_identification:_identify(.) by extension 'ignore_ament_install'
[11.876s] Level 1:colcon.colcon_core.package_identification:_identify(.) by extensions ['colcon_pkg']
[11.879s] Level 1:colcon.colcon_core.package_identification:_identify(.) by extension 'colcon_pkg'
[11.881s] Level 1:colcon.colcon_core.package_identification:_identify(.) by extensions ['colcon_meta']
[11.891s] Level 1:colcon.colcon_core.package_identification:_identify(.) by extension 'colcon_meta'
[11.893s] Level 1:colcon.colcon_core.package_identification:_identify(.) by extensions ['ros']
[11.895s] Level 1:colcon.colcon_core.package_identification:_identify(.) by extension 'ros'
[12.310s] Level 1:colcon.colcon_core.package_identification:_identify(.) by extensions ['cmake', 'python']
[12.323s] Level 1:colcon.colcon_core.package_identification:_identify(.) by extension 'cmake'
[12.325s] Level 1:colcon.colcon_core.package_identification:_identify(.) by extension 'python'
[12.339s] Level 1:colcon.colcon_core.package_identification:_identify(.) by extensions ['python_setup_py']
[12.341s] Level 1:colcon.colcon_core.package_identification:_identify(.) by extension 'python_setup_py'
[12.348s] Level 1:colcon.colcon_core.package_identification:_identify(build) by extensions ['ignore', 'ignore_ament_install']
[12.364s] Level 1:colcon.colcon_core.package_identification:_identify(build) by extension 'ignore'
[12.365s] Level 1:colcon.colcon_core.package_identification:_identify(build) ignored
[12.388s] Level 1:colcon.colcon_core.package_identification:_identify(install) by extensions ['ignore', 'ignore_ament_install']
[12.396s] Level 1:colcon.colcon_core.package_identification:_identify(install) by extension 'ignore'
[12.398s] Level 1:colcon.colcon_core.package_identification:_identify(install) ignored
[12.401s] Level 1:colcon.colcon_core.package_identification:_identify(log) by extensions ['ignore', 'ignore_ament_install']
[12.420s] Level 1:colcon.colcon_core.package_identification:_identify(log) by extension 'ignore'
[12.428s] Level 1:colcon.colcon_core.package_identification:_identify(log) ignored
[12.431s] Level 1:colcon.colcon_core.package_identification:_identify(src) by extensions ['ignore', 'ignore_ament_install']
[12.440s] Level 1:colcon.colcon_core.package_identification:_identify(src) by extension 'ignore'
[12.447s] Level 1:colcon.colcon_core.package_identification:_identify(src) by extension 'ignore_ament_install'
[12.456s] Level 1:colcon.colcon_core.package_identification:_identify(src) by extensions ['colcon_pkg']
[12.457s] Level 1:colcon.colcon_core.package_identification:_identify(src) by extension 'colcon_pkg'
[12.471s] Level 1:colcon.colcon_core.package_identification:_identify(src) by extensions ['colcon_meta']
[12.473s] Level 1:colcon.colcon_core.package_identification:_identify(src) by extension 'colcon_meta'
[12.475s] Level 1:colcon.colcon_core.package_identification:_identify(src) by extensions ['ros']
[12.484s] Level 1:colcon.colcon_core.package_identification:_identify(src) by extension 'ros'
[12.492s] Level 1:colcon.colcon_core.package_identification:_identify(src) by extensions ['cmake', 'python']
[12.494s] Level 1:colcon.colcon_core.package_identification:_identify(src) by extension 'cmake'
[12.495s] Level 1:colcon.colcon_core.package_identification:_identify(src) by extension 'python'
[12.503s] Level 1:colcon.colcon_core.package_identification:_identify(src) by extensions ['python_setup_py']
[12.511s] Level 1:colcon.colcon_core.package_identification:_identify(src) by extension 'python_setup_py'
[12.520s] Level 1:colcon.colcon_core.package_identification:_identify(src/aerobot_interfaces) by extensions ['ignore', 'ignore_ament_install']
[12.536s] Level 1:colcon.colcon_core.package_identification:_identify(src/aerobot_interfaces) by extension 'ignore'
[12.553s] Level 1:colcon.colcon_core.package_identification:_identify(src/aerobot_interfaces) by extension 'ignore_ament_install'
[12.556s] Level 1:colcon.colcon_core.package_identification:_identify(src/aerobot_interfaces) by extensions ['colcon_pkg']
[12.557s] Level 1:colcon.colcon_core.package_identification:_identify(src/aerobot_interfaces) by extension 'colcon_pkg'
[12.560s] Level 1:colcon.colcon_core.package_identification:_identify(src/aerobot_interfaces) by extensions ['colcon_meta']
[12.569s] Level 1:colcon.colcon_core.package_identification:_identify(src/aerobot_interfaces) by extension 'colcon_meta'
[12.586s] Level 1:colcon.colcon_core.package_identification:_identify(src/aerobot_interfaces) by extensions ['ros']
[12.588s] Level 1:colcon.colcon_core.package_identification:_identify(src/aerobot_interfaces) by extension 'ros'
[12.682s] DEBUG:colcon.colcon_core.package_identification:Package 'src/aerobot_interfaces' with type 'ros.ament_cmake' and name 'aerobot_interfaces'
[12.684s] Level 1:colcon.colcon_core.package_identification:_identify(src/bmm150_sensor) by extensions ['ignore', 'ignore_ament_install']
[12.692s] Level 1:colcon.colcon_core.package_identification:_identify(src/bmm150_sensor) by extension 'ignore'
[12.696s] Level 1:colcon.colcon_core.package_identification:_identify(src/bmm150_sensor) by extension 'ignore_ament_install'
[12.698s] Level 1:colcon.colcon_core.package_identification:_identify(src/bmm150_sensor) by extensions ['colcon_pkg']
[12.712s] Level 1:colcon.colcon_core.package_identification:_identify(src/bmm150_sensor) by extension 'colcon_pkg'
[12.714s] Level 1:colcon.colcon_core.package_identification:_identify(src/bmm150_sensor) by extensions ['colcon_meta']
[12.716s] Level 1:colcon.colcon_core.package_identification:_identify(src/bmm150_sensor) by extension 'colcon_meta'
[12.718s] Level 1:colcon.colcon_core.package_identification:_identify(src/bmm150_sensor) by extensions ['ros']
[12.723s] Level 1:colcon.colcon_core.package_identification:_identify(src/bmm150_sensor) by extension 'ros'
[12.757s] DEBUG:colcon.colcon_core.package_identification:Package 'src/bmm150_sensor' with type 'ros.ament_python' and name 'bmm150_sensor'
[12.768s] Level 1:colcon.colcon_core.package_identification:_identify(src/esc_pkg) by extensions ['ignore', 'ignore_ament_install']
[12.770s] Level 1:colcon.colcon_core.package_identification:_identify(src/esc_pkg) by extension 'ignore'
[12.776s] Level 1:colcon.colcon_core.package_identification:_identify(src/esc_pkg) by extension 'ignore_ament_install'
[12.778s] Level 1:colcon.colcon_core.package_identification:_identify(src/esc_pkg) by extensions ['colcon_pkg']
[12.780s] Level 1:colcon.colcon_core.package_identification:_identify(src/esc_pkg) by extension 'colcon_pkg'
[12.782s] Level 1:colcon.colcon_core.package_identification:_identify(src/esc_pkg) by extensions ['colcon_meta']
[12.795s] Level 1:colcon.colcon_core.package_identification:_identify(src/esc_pkg) by extension 'colcon_meta'
[12.797s] Level 1:colcon.colcon_core.package_identification:_identify(src/esc_pkg) by extensions ['ros']
[12.798s] Level 1:colcon.colcon_core.package_identification:_identify(src/esc_pkg) by extension 'ros'
[12.811s] DEBUG:colcon.colcon_core.package_identification:Package 'src/esc_pkg' with type 'ros.ament_python' and name 'esc_pkg'
[12.824s] Level 1:colcon.colcon_core.package_identification:_identify(src/lsm6dso) by extensions ['ignore', 'ignore_ament_install']
[12.825s] Level 1:colcon.colcon_core.package_identification:_identify(src/lsm6dso) by extension 'ignore'
[12.826s] Level 1:colcon.colcon_core.package_identification:_identify(src/lsm6dso) by extension 'ignore_ament_install'
[12.827s] Level 1:colcon.colcon_core.package_identification:_identify(src/lsm6dso) by extensions ['colcon_pkg']
[12.828s] Level 1:colcon.colcon_core.package_identification:_identify(src/lsm6dso) by extension 'colcon_pkg'
[12.829s] Level 1:colcon.colcon_core.package_identification:_identify(src/lsm6dso) by extensions ['colcon_meta']
[12.829s] Level 1:colcon.colcon_core.package_identification:_identify(src/lsm6dso) by extension 'colcon_meta'
[12.830s] Level 1:colcon.colcon_core.package_identification:_identify(src/lsm6dso) by extensions ['ros']
[12.830s] Level 1:colcon.colcon_core.package_identification:_identify(src/lsm6dso) by extension 'ros'
[12.843s] DEBUG:colcon.colcon_core.package_identification:Package 'src/lsm6dso' with type 'ros.ament_python' and name 'lsm6dso'
[12.845s] Level 1:colcon.colcon_core.package_identification:_identify(src/my_ahrs) by extensions ['ignore', 'ignore_ament_install']
[12.846s] Level 1:colcon.colcon_core.package_identification:_identify(src/my_ahrs) by extension 'ignore'
[12.848s] Level 1:colcon.colcon_core.package_identification:_identify(src/my_ahrs) by extension 'ignore_ament_install'
[12.849s] Level 1:colcon.colcon_core.package_identification:_identify(src/my_ahrs) by extensions ['colcon_pkg']
[12.850s] Level 1:colcon.colcon_core.package_identification:_identify(src/my_ahrs) by extension 'colcon_pkg'
[12.850s] Level 1:colcon.colcon_core.package_identification:_identify(src/my_ahrs) by extensions ['colcon_meta']
[12.851s] Level 1:colcon.colcon_core.package_identification:_identify(src/my_ahrs) by extension 'colcon_meta'
[12.852s] Level 1:colcon.colcon_core.package_identification:_identify(src/my_ahrs) by extensions ['ros']
[12.853s] Level 1:colcon.colcon_core.package_identification:_identify(src/my_ahrs) by extension 'ros'
[12.866s] DEBUG:colcon.colcon_core.package_identification:Package 'src/my_ahrs' with type 'ros.ament_python' and name 'my_ahrs'
[12.868s] Level 1:colcon.colcon_core.package_identification:_identify(src/ros2_imu) by extensions ['ignore', 'ignore_ament_install']
[12.869s] Level 1:colcon.colcon_core.package_identification:_identify(src/ros2_imu) by extension 'ignore'
[12.870s] Level 1:colcon.colcon_core.package_identification:_identify(src/ros2_imu) by extension 'ignore_ament_install'
[12.883s] Level 1:colcon.colcon_core.package_identification:_identify(src/ros2_imu) by extensions ['colcon_pkg']
[12.884s] Level 1:colcon.colcon_core.package_identification:_identify(src/ros2_imu) by extension 'colcon_pkg'
[12.885s] Level 1:colcon.colcon_core.package_identification:_identify(src/ros2_imu) by extensions ['colcon_meta']
[12.885s] Level 1:colcon.colcon_core.package_identification:_identify(src/ros2_imu) by extension 'colcon_meta'
[12.886s] Level 1:colcon.colcon_core.package_identification:_identify(src/ros2_imu) by extensions ['ros']
[12.887s] Level 1:colcon.colcon_core.package_identification:_identify(src/ros2_imu) by extension 'ros'
[12.912s] DEBUG:colcon.colcon_core.package_identification:Package 'src/ros2_imu' with type 'ros.ament_cmake' and name 'ros2_imu'
[12.913s] Level 1:colcon.colcon_core.package_discovery:discover_packages(recursive) using defaults
[12.913s] Level 1:colcon.colcon_core.package_discovery:discover_packages(ignore) discover
[12.914s] Level 1:colcon.colcon_core.package_discovery:discover_packages(ignore) using defaults
[12.914s] Level 1:colcon.colcon_core.package_discovery:discover_packages(path) discover
[12.914s] Level 1:colcon.colcon_core.package_discovery:discover_packages(path) using defaults
[13.559s] INFO:colcon.colcon_core.package_selection:Skipping not selected package 'aerobot_interfaces' in 'src/aerobot_interfaces'
[13.560s] INFO:colcon.colcon_core.package_selection:Skipping not selected package 'bmm150_sensor' in 'src/bmm150_sensor'
[13.560s] INFO:colcon.colcon_core.package_selection:Skipping not selected package 'lsm6dso' in 'src/lsm6dso'
[13.561s] INFO:colcon.colcon_core.package_selection:Skipping not selected package 'esc_pkg' in 'src/esc_pkg'
[13.561s] INFO:colcon.colcon_core.package_selection:Skipping not selected package 'ros2_imu' in 'src/ros2_imu'
[13.566s] Level 1:colcon.colcon_core.package_discovery:discover_packages(prefix_path) check parameters
[13.572s] Level 1:colcon.colcon_core.package_discovery:discover_packages(prefix_path) discover
[13.612s] DEBUG:colcon.colcon_installed_package_information.package_discovery:Found 6 installed packages in /home/ubuntu/ros2_ws/install
[13.637s] DEBUG:colcon.colcon_installed_package_information.package_discovery:Found 184 installed packages in /opt/ros/humble
[13.660s] Level 1:colcon.colcon_core.package_discovery:discover_packages(prefix_path) using defaults
[14.148s] Level 5:colcon.colcon_core.verb:set package 'my_ahrs' build argument 'cmake_args' from command line to 'None'
[14.149s] Level 5:colcon.colcon_core.verb:set package 'my_ahrs' build argument 'cmake_target' from command line to 'None'
[14.149s] Level 5:colcon.colcon_core.verb:set package 'my_ahrs' build argument 'cmake_target_skip_unavailable' from command line to 'False'
[14.150s] Level 5:colcon.colcon_core.verb:set package 'my_ahrs' build argument 'cmake_clean_cache' from command line to 'False'
[14.150s] Level 5:colcon.colcon_core.verb:set package 'my_ahrs' build argument 'cmake_clean_first' from command line to 'False'
[14.150s] Level 5:colcon.colcon_core.verb:set package 'my_ahrs' build argument 'cmake_force_configure' from command line to 'False'
[14.151s] Level 5:colcon.colcon_core.verb:set package 'my_ahrs' build argument 'ament_cmake_args' from command line to 'None'
[14.151s] Level 5:colcon.colcon_core.verb:set package 'my_ahrs' build argument 'catkin_cmake_args' from command line to 'None'
[14.152s] Level 5:colcon.colcon_core.verb:set package 'my_ahrs' build argument 'catkin_skip_building_tests' from command line to 'False'
[14.152s] DEBUG:colcon.colcon_core.verb:Building package 'my_ahrs' with the following arguments: {'ament_cmake_args': None, 'build_base': '/home/ubuntu/ros2_ws/build/my_ahrs', 'catkin_cmake_args': None, 'catkin_skip_building_tests': False, 'cmake_args': None, 'cmake_clean_cache': False, 'cmake_clean_first': False, 'cmake_force_configure': False, 'cmake_target': None, 'cmake_target_skip_unavailable': False, 'install_base': '/home/ubuntu/ros2_ws/install/my_ahrs', 'merge_install': False, 'path': '/home/ubuntu/ros2_ws/src/my_ahrs', 'symlink_install': False, 'test_result_base': None}
[14.154s] INFO:colcon.colcon_core.executor:Executing jobs using 'parallel' executor
[14.163s] DEBUG:colcon.colcon_parallel_executor.executor.parallel:run_until_complete
[14.165s] INFO:colcon.colcon_ros.task.ament_python.build:Building ROS package in '/home/ubuntu/ros2_ws/src/my_ahrs' with build type 'ament_python'
[14.166s] Level 1:colcon.colcon_core.shell:create_environment_hook('my_ahrs', 'ament_prefix_path')
[14.201s] INFO:colcon.colcon_core.plugin_system:Skipping extension 'colcon_core.shell.bat': Not used on non-Windows systems
[14.204s] INFO:colcon.colcon_core.shell:Creating environment hook '/home/ubuntu/ros2_ws/install/my_ahrs/share/my_ahrs/hook/ament_prefix_path.ps1'
[14.214s] INFO:colcon.colcon_core.shell:Creating environment descriptor '/home/ubuntu/ros2_ws/install/my_ahrs/share/my_ahrs/hook/ament_prefix_path.dsv'
[14.220s] INFO:colcon.colcon_core.shell:Creating environment hook '/home/ubuntu/ros2_ws/install/my_ahrs/share/my_ahrs/hook/ament_prefix_path.sh'
[14.232s] INFO:colcon.colcon_core.shell:Skip shell extension 'powershell' for command environment: Not usable outside of PowerShell
[14.233s] DEBUG:colcon.colcon_core.shell:Skip shell extension 'dsv' for command environment
[19.441s] INFO:colcon.colcon_core.task.python.build:Building Python package in '/home/ubuntu/ros2_ws/src/my_ahrs'
[19.444s] INFO:colcon.colcon_core.shell:Skip shell extension 'powershell' for command environment: Not usable outside of PowerShell
[19.445s] DEBUG:colcon.colcon_core.shell:Skip shell extension 'dsv' for command environment
[25.909s] DEBUG:colcon.colcon_core.event_handler.log_command:Invoking command in '/home/ubuntu/ros2_ws/src/my_ahrs': PYTHONPATH=/home/ubuntu/ros2_ws/build/my_ahrs/prefix_override:/home/ubuntu/ros2_ws/install/my_ahrs/lib/python3.10/site-packages:${PYTHONPATH} /usr/bin/python3 -W ignore:setup.py install is deprecated setup.py egg_info --egg-base ../../build/my_ahrs build --build-base /home/ubuntu/ros2_ws/build/my_ahrs/build install --record /home/ubuntu/ros2_ws/build/my_ahrs/install.log --single-version-externally-managed install_data
[31.529s] DEBUG:colcon.colcon_core.event_handler.log_command:Invoked command in '/home/ubuntu/ros2_ws/src/my_ahrs' returned '0': PYTHONPATH=/home/ubuntu/ros2_ws/build/my_ahrs/prefix_override:/home/ubuntu/ros2_ws/install/my_ahrs/lib/python3.10/site-packages:${PYTHONPATH} /usr/bin/python3 -W ignore:setup.py install is deprecated setup.py egg_info --egg-base ../../build/my_ahrs build --build-base /home/ubuntu/ros2_ws/build/my_ahrs/build install --record /home/ubuntu/ros2_ws/build/my_ahrs/install.log --single-version-externally-managed install_data
[31.594s] Level 1:colcon.colcon_core.environment:checking '/home/ubuntu/ros2_ws/install/my_ahrs' for CMake module files
[31.637s] Level 1:colcon.colcon_core.environment:checking '/home/ubuntu/ros2_ws/install/my_ahrs' for CMake config files
[31.660s] Level 1:colcon.colcon_core.environment:checking '/home/ubuntu/ros2_ws/install/my_ahrs/lib'
[31.662s] Level 1:colcon.colcon_core.environment:checking '/home/ubuntu/ros2_ws/install/my_ahrs/bin'
[31.664s] Level 1:colcon.colcon_core.environment:checking '/home/ubuntu/ros2_ws/install/my_ahrs/lib/pkgconfig/my_ahrs.pc'
[31.668s] Level 1:colcon.colcon_core.environment:checking '/home/ubuntu/ros2_ws/install/my_ahrs/lib/python3.10/site-packages'
[31.669s] Level 1:colcon.colcon_core.shell:create_environment_hook('my_ahrs', 'pythonpath')
[31.672s] INFO:colcon.colcon_core.shell:Creating environment hook '/home/ubuntu/ros2_ws/install/my_ahrs/share/my_ahrs/hook/pythonpath.ps1'
[31.678s] INFO:colcon.colcon_core.shell:Creating environment descriptor '/home/ubuntu/ros2_ws/install/my_ahrs/share/my_ahrs/hook/pythonpath.dsv'
[31.701s] INFO:colcon.colcon_core.shell:Creating environment hook '/home/ubuntu/ros2_ws/install/my_ahrs/share/my_ahrs/hook/pythonpath.sh'
[31.710s] Level 1:colcon.colcon_core.environment:checking '/home/ubuntu/ros2_ws/install/my_ahrs/bin'
[31.714s] Level 1:colcon.colcon_core.environment:create_environment_scripts_only(my_ahrs)
[31.718s] INFO:colcon.colcon_core.shell:Creating package script '/home/ubuntu/ros2_ws/install/my_ahrs/share/my_ahrs/package.ps1'
[31.736s] INFO:colcon.colcon_core.shell:Creating package descriptor '/home/ubuntu/ros2_ws/install/my_ahrs/share/my_ahrs/package.dsv'
[31.750s] INFO:colcon.colcon_core.shell:Creating package script '/home/ubuntu/ros2_ws/install/my_ahrs/share/my_ahrs/package.sh'
[31.773s] INFO:colcon.colcon_core.shell:Creating package script '/home/ubuntu/ros2_ws/install/my_ahrs/share/my_ahrs/package.bash'
[31.785s] INFO:colcon.colcon_core.shell:Creating package script '/home/ubuntu/ros2_ws/install/my_ahrs/share/my_ahrs/package.zsh'
[31.811s] Level 1:colcon.colcon_core.environment:create_file_with_runtime_dependencies(/home/ubuntu/ros2_ws/install/my_ahrs/share/colcon-core/packages/my_ahrs)
[31.822s] DEBUG:colcon.colcon_parallel_executor.executor.parallel:closing loop
[31.827s] DEBUG:colcon.colcon_parallel_executor.executor.parallel:loop closed
[31.828s] DEBUG:colcon.colcon_parallel_executor.executor.parallel:run_until_complete finished with '0'
[31.829s] DEBUG:colcon.colcon_core.event_reactor:joining thread
[31.930s] INFO:colcon.colcon_core.plugin_system:Skipping extension 'colcon_notification.desktop_notification.notify_send': Could not find 'notify-send'
[31.931s] INFO:colcon.colcon_core.plugin_system:Skipping extension 'colcon_notification.desktop_notification.terminal_notifier': Not used on non-Darwin systems
[31.932s] INFO:colcon.colcon_core.plugin_system:Skipping extension 'colcon_notification.desktop_notification.win32': Not used on non-Windows systems
[31.933s] INFO:colcon.colcon_notification.desktop_notification:Sending desktop notification using 'notify2'
[31.954s] DEBUG:colcon.colcon_notification.desktop_notification.notify2:Failed to initialize notify2: org.freedesktop.DBus.Error.ServiceUnknown: The name org.freedesktop.Notifications was not provided by any .service files
[31.955s] DEBUG:colcon.colcon_core.event_reactor:joined thread
[31.958s] INFO:colcon.colcon_core.shell:Creating prefix script '/home/ubuntu/ros2_ws/install/local_setup.ps1'
[31.976s] INFO:colcon.colcon_core.shell:Creating prefix util module '/home/ubuntu/ros2_ws/install/_local_setup_util_ps1.py'
[31.999s] INFO:colcon.colcon_core.shell:Creating prefix chain script '/home/ubuntu/ros2_ws/install/setup.ps1'
[32.018s] INFO:colcon.colcon_core.shell:Creating prefix script '/home/ubuntu/ros2_ws/install/local_setup.sh'
[32.029s] INFO:colcon.colcon_core.shell:Creating prefix util module '/home/ubuntu/ros2_ws/install/_local_setup_util_sh.py'
[32.036s] INFO:colcon.colcon_core.shell:Creating prefix chain script '/home/ubuntu/ros2_ws/install/setup.sh'
[32.051s] INFO:colcon.colcon_core.shell:Creating prefix script '/home/ubuntu/ros2_ws/install/local_setup.bash'
[32.054s] INFO:colcon.colcon_core.shell:Creating prefix chain script '/home/ubuntu/ros2_ws/install/setup.bash'
[32.077s] INFO:colcon.colcon_core.shell:Creating prefix script '/home/ubuntu/ros2_ws/install/local_setup.zsh'
[32.080s] INFO:colcon.colcon_core.shell:Creating prefix chain script '/home/ubuntu/ros2_ws/install/setup.zsh'
