[13.329s] Invoking command in '/home/ubuntu/ros2_ws/src/esc_pkg': PYTHONPATH=/home/ubuntu/ros2_ws/build/esc_pkg/prefix_override:/home/ubuntu/ros2_ws/install/esc_pkg/lib/python3.10/site-packages:${PYTHONPATH} /usr/bin/python3 -W ignore:setup.py install is deprecated setup.py egg_info --egg-base ../../build/esc_pkg build --build-base /home/ubuntu/ros2_ws/build/esc_pkg/build install --record /home/ubuntu/ros2_ws/build/esc_pkg/install.log --single-version-externally-managed install_data
[18.122s] running egg_info
[18.123s] writing ../../build/esc_pkg/esc_pkg.egg-info/PKG-INFO
[18.130s] writing dependency_links to ../../build/esc_pkg/esc_pkg.egg-info/dependency_links.txt
[18.132s] writing entry points to ../../build/esc_pkg/esc_pkg.egg-info/entry_points.txt
[18.136s] writing requirements to ../../build/esc_pkg/esc_pkg.egg-info/requires.txt
[18.139s] writing top-level names to ../../build/esc_pkg/esc_pkg.egg-info/top_level.txt
[18.193s] reading manifest file '../../build/esc_pkg/esc_pkg.egg-info/SOURCES.txt'
[18.212s] writing manifest file '../../build/esc_pkg/esc_pkg.egg-info/SOURCES.txt'
[18.319s] running build
[18.328s] running build_py
[18.334s] running install
[18.339s] running install_lib
[18.362s] running install_data
[18.372s] running install_egg_info
[18.423s] removing '/home/ubuntu/ros2_ws/install/esc_pkg/lib/python3.10/site-packages/esc_pkg-0.0.0-py3.10.egg-info' (and everything under it)
[18.436s] Copying ../../build/esc_pkg/esc_pkg.egg-info to /home/ubuntu/ros2_ws/install/esc_pkg/lib/python3.10/site-packages/esc_pkg-0.0.0-py3.10.egg-info
[18.455s] running install_scripts
[18.726s] Installing esc_node script to /home/ubuntu/ros2_ws/install/esc_pkg/lib/esc_pkg
[18.735s] writing list of installed files to '/home/ubuntu/ros2_ws/build/esc_pkg/install.log'
[19.041s] Invoked command in '/home/ubuntu/ros2_ws/src/esc_pkg' returned '0': PYTHONPATH=/home/ubuntu/ros2_ws/build/esc_pkg/prefix_override:/home/ubuntu/ros2_ws/install/esc_pkg/lib/python3.10/site-packages:${PYTHONPATH} /usr/bin/python3 -W ignore:setup.py install is deprecated setup.py egg_info --egg-base ../../build/esc_pkg build --build-base /home/ubuntu/ros2_ws/build/esc_pkg/build install --record /home/ubuntu/ros2_ws/build/esc_pkg/install.log --single-version-externally-managed install_data
