[0.145s] Invoking command in '/home/ubuntu/ros2_ws/build/aerobot_interfaces': CMAKE_PREFIX_PATH=${CMAKE_PREFIX_PATH}:/home/ubuntu/ros2_ws/install/my_ahrs:/home/ubuntu/ros2_ws/install/lsm6dso:/home/ubuntu/ros2_ws/install/bmm150_sensor:/opt/ros/humble /usr/bin/cmake /home/ubuntu/ros2_ws/src/aerobot_interfaces -DCMAKE_INSTALL_PREFIX=/home/ubuntu/ros2_ws/install/aerobot_interfaces
[1.478s] -- The C compiler identification is GNU 11.4.0
[2.586s] -- The CXX compiler identification is GNU 11.4.0
[2.801s] -- Detecting C compiler ABI info
[4.276s] -- Detecting C compiler ABI info - done
[4.369s] -- Check for working C compiler: /usr/bin/cc - skipped
[4.381s] -- Detecting C compile features
[4.395s] -- Detecting C compile features - done
[4.486s] -- Detecting CXX compiler ABI info
[5.598s] -- Detecting CXX compiler ABI info - done
[5.740s] -- Check for working CXX compiler: /usr/bin/c++ - skipped
[5.743s] -- Detecting CXX compile features
[5.754s] -- Detecting CXX compile features - done
[5.897s] -- Found ament_cmake: 1.3.9 (/opt/ros/humble/share/ament_cmake/cmake)
[8.571s] -- Found Python3: /usr/bin/python3 (found version "3.10.12") found components: Interpreter 
[10.561s] -- Found rosidl_default_generators: 1.2.0 (/opt/ros/humble/share/rosidl_default_generators/cmake)
[10.680s] -- Using all available rosidl_typesupport_c: rosidl_typesupport_fastrtps_c;rosidl_typesupport_introspection_c
[10.931s] -- Found rosidl_adapter: 3.1.5 (/opt/ros/humble/share/rosidl_adapter/cmake)
[12.056s] -- Using all available rosidl_typesupport_cpp: rosidl_typesupport_fastrtps_cpp;rosidl_typesupport_introspection_cpp
[13.134s] [31mCMake Error at /opt/ros/humble/share/rosidl_cmake/cmake/rosidl_generate_interfaces.cmake:93 (message):
[13.136s]   rosidl_generate_interfaces() the passed file 'srv/ESC.srv' doesn't exist
[13.152s]   relative to the CMAKE_CURRENT_SOURCE_DIR
[13.153s]   '/home/ubuntu/ros2_ws/src/aerobot_interfaces'
[13.167s] Call Stack (most recent call first):
[13.169s]   CMakeLists.txt:15 (rosidl_generate_interfaces)
[13.183s] 
[13.184s] [0m
[13.190s] -- Configuring incomplete, errors occurred!
[13.193s] See also "/home/ubuntu/ros2_ws/build/aerobot_interfaces/CMakeFiles/CMakeOutput.log".
[13.228s] Invoked command in '/home/ubuntu/ros2_ws/build/aerobot_interfaces' returned '1': CMAKE_PREFIX_PATH=${CMAKE_PREFIX_PATH}:/home/ubuntu/ros2_ws/install/my_ahrs:/home/ubuntu/ros2_ws/install/lsm6dso:/home/ubuntu/ros2_ws/install/bmm150_sensor:/opt/ros/humble /usr/bin/cmake /home/ubuntu/ros2_ws/src/aerobot_interfaces -DCMAKE_INSTALL_PREFIX=/home/ubuntu/ros2_ws/install/aerobot_interfaces
