[7.962s] Invoking command in '/home/ubuntu/ros2_ws/src/lsm6dso': PYTHONPATH=/home/ubuntu/ros2_ws/build/lsm6dso/prefix_override:/home/ubuntu/ros2_ws/install/lsm6dso/lib/python3.10/site-packages:${PYTHONPATH} /usr/bin/python3 -W ignore:setup.py install is deprecated setup.py egg_info --egg-base ../../build/lsm6dso build --build-base /home/ubuntu/ros2_ws/build/lsm6dso/build install --record /home/ubuntu/ros2_ws/build/lsm6dso/install.log --single-version-externally-managed install_data
[11.329s] running egg_info
[11.335s] writing ../../build/lsm6dso/lsm6dso.egg-info/PKG-INFO
[11.337s] writing dependency_links to ../../build/lsm6dso/lsm6dso.egg-info/dependency_links.txt
[11.339s] writing entry points to ../../build/lsm6dso/lsm6dso.egg-info/entry_points.txt
[11.341s] writing requirements to ../../build/lsm6dso/lsm6dso.egg-info/requires.txt
[11.343s] writing top-level names to ../../build/lsm6dso/lsm6dso.egg-info/top_level.txt
[11.363s] reading manifest file '../../build/lsm6dso/lsm6dso.egg-info/SOURCES.txt'
[11.372s] writing manifest file '../../build/lsm6dso/lsm6dso.egg-info/SOURCES.txt'
[11.374s] running build
[11.375s] running build_py
[11.377s] copying lsm6dso/calibrate.py -> /home/ubuntu/ros2_ws/build/lsm6dso/build/lib/lsm6dso
[11.380s] running install
[11.383s] running install_lib
[11.393s] copying /home/ubuntu/ros2_ws/build/lsm6dso/build/lib/lsm6dso/calibrate.py -> /home/ubuntu/ros2_ws/install/lsm6dso/lib/python3.10/site-packages/lsm6dso
[11.401s] byte-compiling /home/ubuntu/ros2_ws/install/lsm6dso/lib/python3.10/site-packages/lsm6dso/calibrate.py to calibrate.cpython-310.pyc
[11.408s] running install_data
[11.410s] running install_egg_info
[11.426s] removing '/home/ubuntu/ros2_ws/install/lsm6dso/lib/python3.10/site-packages/lsm6dso-0.0.0-py3.10.egg-info' (and everything under it)
[11.431s] Copying ../../build/lsm6dso/lsm6dso.egg-info to /home/ubuntu/ros2_ws/install/lsm6dso/lib/python3.10/site-packages/lsm6dso-0.0.0-py3.10.egg-info
[11.446s] running install_scripts
[11.653s] Installing calibrate_gyro script to /home/ubuntu/ros2_ws/install/lsm6dso/lib/lsm6dso
[11.655s] Installing lsm6dso script to /home/ubuntu/ros2_ws/install/lsm6dso/lib/lsm6dso
[11.664s] writing list of installed files to '/home/ubuntu/ros2_ws/build/lsm6dso/install.log'
[11.972s] Invoked command in '/home/ubuntu/ros2_ws/src/lsm6dso' returned '0': PYTHONPATH=/home/ubuntu/ros2_ws/build/lsm6dso/prefix_override:/home/ubuntu/ros2_ws/install/lsm6dso/lib/python3.10/site-packages:${PYTHONPATH} /usr/bin/python3 -W ignore:setup.py install is deprecated setup.py egg_info --egg-base ../../build/lsm6dso build --build-base /home/ubuntu/ros2_ws/build/lsm6dso/build install --record /home/ubuntu/ros2_ws/build/lsm6dso/install.log --single-version-externally-managed install_data
