[21.681s] Invoking command in '/home/ubuntu/ros2_ws/src/lsm6dso': PYTHONPATH=/home/ubuntu/ros2_ws/build/lsm6dso/prefix_override:/home/ubuntu/ros2_ws/install/lsm6dso/lib/python3.10/site-packages:${PYTHONPATH} /usr/bin/python3 -W ignore:setup.py install is deprecated setup.py egg_info --egg-base ../../build/lsm6dso build --build-base /home/ubuntu/ros2_ws/build/lsm6dso/build install --record /home/ubuntu/ros2_ws/build/lsm6dso/install.log --single-version-externally-managed install_data
[28.930s] running egg_info
[28.936s] writing ../../build/lsm6dso/lsm6dso.egg-info/PKG-INFO
[28.950s] writing dependency_links to ../../build/lsm6dso/lsm6dso.egg-info/dependency_links.txt
[28.960s] writing entry points to ../../build/lsm6dso/lsm6dso.egg-info/entry_points.txt
[28.961s] writing requirements to ../../build/lsm6dso/lsm6dso.egg-info/requires.txt
[28.963s] writing top-level names to ../../build/lsm6dso/lsm6dso.egg-info/top_level.txt
[28.981s] reading manifest file '../../build/lsm6dso/lsm6dso.egg-info/SOURCES.txt'
[28.987s] writing manifest file '../../build/lsm6dso/lsm6dso.egg-info/SOURCES.txt'
[28.989s] running build
[28.990s] running build_py
[28.991s] copying lsm6dso/sensor.py -> /home/ubuntu/ros2_ws/build/lsm6dso/build/lib/lsm6dso
[28.995s] running install
[29.013s] running install_lib
[29.015s] copying /home/ubuntu/ros2_ws/build/lsm6dso/build/lib/lsm6dso/sensor.py -> /home/ubuntu/ros2_ws/install/lsm6dso/lib/python3.10/site-packages/lsm6dso
[29.033s] byte-compiling /home/ubuntu/ros2_ws/install/lsm6dso/lib/python3.10/site-packages/lsm6dso/sensor.py to sensor.cpython-310.pyc
[29.034s] running install_data
[29.036s] running install_egg_info
[29.062s] removing '/home/ubuntu/ros2_ws/install/lsm6dso/lib/python3.10/site-packages/lsm6dso-0.0.0-py3.10.egg-info' (and everything under it)
[29.064s] Copying ../../build/lsm6dso/lsm6dso.egg-info to /home/ubuntu/ros2_ws/install/lsm6dso/lib/python3.10/site-packages/lsm6dso-0.0.0-py3.10.egg-info
[29.075s] running install_scripts
[29.307s] Installing calibrate_gyro script to /home/ubuntu/ros2_ws/install/lsm6dso/lib/lsm6dso
[29.317s] Installing lsm6dso script to /home/ubuntu/ros2_ws/install/lsm6dso/lib/lsm6dso
[29.346s] writing list of installed files to '/home/ubuntu/ros2_ws/build/lsm6dso/install.log'
[29.591s] Invoked command in '/home/ubuntu/ros2_ws/src/lsm6dso' returned '0': PYTHONPATH=/home/ubuntu/ros2_ws/build/lsm6dso/prefix_override:/home/ubuntu/ros2_ws/install/lsm6dso/lib/python3.10/site-packages:${PYTHONPATH} /usr/bin/python3 -W ignore:setup.py install is deprecated setup.py egg_info --egg-base ../../build/lsm6dso build --build-base /home/ubuntu/ros2_ws/build/lsm6dso/build install --record /home/ubuntu/ros2_ws/build/lsm6dso/install.log --single-version-externally-managed install_data
