[  2%] Built target aerobot_interfaces__cpp
[ 12%] Built target aerobot_interfaces__rosidl_generator_c
[ 12%] Built target ament_cmake_python_copy_aerobot_interfaces
[ 23%] Built target aerobot_interfaces__rosidl_typesupport_cpp
[ 34%] Built target aerobot_interfaces__rosidl_typesupport_fastrtps_cpp
[ 44%] Built target aerobot_interfaces__rosidl_typesupport_introspection_cpp
[ 55%] Built target aerobot_interfaces__rosidl_typesupport_fastrtps_c
[ 65%] Built target aerobot_interfaces__rosidl_typesupport_c
[ 76%] Built target aerobot_interfaces__rosidl_typesupport_introspection_c
[ 76%] Built target aerobot_interfaces
[ 78%] Built target aerobot_interfaces__py
[ 87%] Built target aerobot_interfaces__rosidl_generator_py
[ 91%] Built target aerobot_interfaces__rosidl_typesupport_fastrtps_c__pyext
[ 95%] Built target aerobot_interfaces__rosidl_typesupport_introspection_c__pyext
[100%] Built target aerobot_interfaces__rosidl_typesupport_c__pyext
running egg_info
writing aerobot_interfaces.egg-info/PKG-INFO
writing dependency_links to aerobot_interfaces.egg-info/dependency_links.txt
writing top-level names to aerobot_interfaces.egg-info/top_level.txt
reading manifest file 'aerobot_interfaces.egg-info/SOURCES.txt'
writing manifest file 'aerobot_interfaces.egg-info/SOURCES.txt'
[100%] Built target ament_cmake_python_build_aerobot_interfaces_egg
