[1.552s] DEBUG:colcon:Command line arguments: ['/usr/bin/colcon', 'build', '--packages-select', 'aerobot_interfaces']
[1.553s] DEBUG:colcon:Parsed command line arguments: Namespace(log_base=None, log_level=None, verb_name='build', build_base='build', install_base='install', merge_install=False, symlink_install=False, test_result_base=None, continue_on_error=False, executor='parallel', parallel_workers=4, event_handlers=None, ignore_user_meta=False, metas=['./colcon.meta'], base_paths=['.'], packages_ignore=None, packages_ignore_regex=None, paths=None, packages_up_to=None, packages_up_to_regex=None, packages_above=None, packages_above_and_dependencies=None, packages_above_depth=None, packages_select_by_dep=None, packages_skip_by_dep=None, packages_skip_up_to=None, packages_select_build_failed=False, packages_skip_build_finished=False, packages_select_test_failures=False, packages_skip_test_passed=False, packages_select=['aerobot_interfaces'], packages_skip=None, packages_select_regex=None, packages_skip_regex=None, packages_start=None, packages_end=None, allow_overriding=[], cmake_args=None, cmake_target=None, cmake_target_skip_unavailable=False, cmake_clean_cache=False, cmake_clean_first=False, cmake_force_configure=False, ament_cmake_args=None, catkin_cmake_args=None, catkin_skip_building_tests=False, mixin_files=None, mixin=None, verb_parser=<colcon_mixin.mixin.mixin_argument.MixinArgumentDecorator object at 0xffff7fdb9180>, verb_extension=<colcon_core.verb.build.BuildVerb object at 0xffff7feca260>, main=<bound method BuildVerb.main of <colcon_core.verb.build.BuildVerb object at 0xffff7feca260>>, mixin_verb=('build',))
[3.920s] Level 1:colcon.colcon_core.package_discovery:discover_packages(colcon_meta) check parameters
[3.923s] Level 1:colcon.colcon_core.package_discovery:discover_packages(recursive) check parameters
[3.925s] Level 1:colcon.colcon_core.package_discovery:discover_packages(ignore) check parameters
[3.926s] Level 1:colcon.colcon_core.package_discovery:discover_packages(path) check parameters
[3.927s] Level 1:colcon.colcon_core.package_discovery:discover_packages(colcon_meta) discover
[3.929s] Level 1:colcon.colcon_core.package_discovery:discover_packages(recursive) discover
[3.930s] INFO:colcon.colcon_core.package_discovery:Crawling recursively for packages in '/home/ubuntu/ros2_ws'
[3.933s] Level 1:colcon.colcon_core.package_identification:_identify(.) by extensions ['ignore', 'ignore_ament_install']
[3.935s] Level 1:colcon.colcon_core.package_identification:_identify(.) by extension 'ignore'
[3.936s] Level 1:colcon.colcon_core.package_identification:_identify(.) by extension 'ignore_ament_install'
[3.938s] Level 1:colcon.colcon_core.package_identification:_identify(.) by extensions ['colcon_pkg']
[3.939s] Level 1:colcon.colcon_core.package_identification:_identify(.) by extension 'colcon_pkg'
[3.941s] Level 1:colcon.colcon_core.package_identification:_identify(.) by extensions ['colcon_meta']
[3.942s] Level 1:colcon.colcon_core.package_identification:_identify(.) by extension 'colcon_meta'
[3.944s] Level 1:colcon.colcon_core.package_identification:_identify(.) by extensions ['ros']
[3.945s] Level 1:colcon.colcon_core.package_identification:_identify(.) by extension 'ros'
[4.073s] Level 1:colcon.colcon_core.package_identification:_identify(.) by extensions ['cmake', 'python']
[4.074s] Level 1:colcon.colcon_core.package_identification:_identify(.) by extension 'cmake'
[4.076s] Level 1:colcon.colcon_core.package_identification:_identify(.) by extension 'python'
[4.077s] Level 1:colcon.colcon_core.package_identification:_identify(.) by extensions ['python_setup_py']
[4.079s] Level 1:colcon.colcon_core.package_identification:_identify(.) by extension 'python_setup_py'
[4.081s] Level 1:colcon.colcon_core.package_identification:_identify(build) by extensions ['ignore', 'ignore_ament_install']
[4.083s] Level 1:colcon.colcon_core.package_identification:_identify(build) by extension 'ignore'
[4.085s] Level 1:colcon.colcon_core.package_identification:_identify(build) ignored
[4.087s] Level 1:colcon.colcon_core.package_identification:_identify(install) by extensions ['ignore', 'ignore_ament_install']
[4.090s] Level 1:colcon.colcon_core.package_identification:_identify(install) by extension 'ignore'
[4.091s] Level 1:colcon.colcon_core.package_identification:_identify(install) ignored
[4.095s] Level 1:colcon.colcon_core.package_identification:_identify(log) by extensions ['ignore', 'ignore_ament_install']
[4.097s] Level 1:colcon.colcon_core.package_identification:_identify(log) by extension 'ignore'
[4.099s] Level 1:colcon.colcon_core.package_identification:_identify(log) ignored
[4.101s] Level 1:colcon.colcon_core.package_identification:_identify(src) by extensions ['ignore', 'ignore_ament_install']
[4.110s] Level 1:colcon.colcon_core.package_identification:_identify(src) by extension 'ignore'
[4.112s] Level 1:colcon.colcon_core.package_identification:_identify(src) by extension 'ignore_ament_install'
[4.114s] Level 1:colcon.colcon_core.package_identification:_identify(src) by extensions ['colcon_pkg']
[4.115s] Level 1:colcon.colcon_core.package_identification:_identify(src) by extension 'colcon_pkg'
[4.117s] Level 1:colcon.colcon_core.package_identification:_identify(src) by extensions ['colcon_meta']
[4.119s] Level 1:colcon.colcon_core.package_identification:_identify(src) by extension 'colcon_meta'
[4.121s] Level 1:colcon.colcon_core.package_identification:_identify(src) by extensions ['ros']
[4.124s] Level 1:colcon.colcon_core.package_identification:_identify(src) by extension 'ros'
[4.126s] Level 1:colcon.colcon_core.package_identification:_identify(src) by extensions ['cmake', 'python']
[4.127s] Level 1:colcon.colcon_core.package_identification:_identify(src) by extension 'cmake'
[4.129s] Level 1:colcon.colcon_core.package_identification:_identify(src) by extension 'python'
[4.131s] Level 1:colcon.colcon_core.package_identification:_identify(src) by extensions ['python_setup_py']
[4.132s] Level 1:colcon.colcon_core.package_identification:_identify(src) by extension 'python_setup_py'
[4.135s] Level 1:colcon.colcon_core.package_identification:_identify(src/aerobot_interfaces) by extensions ['ignore', 'ignore_ament_install']
[4.138s] Level 1:colcon.colcon_core.package_identification:_identify(src/aerobot_interfaces) by extension 'ignore'
[4.140s] Level 1:colcon.colcon_core.package_identification:_identify(src/aerobot_interfaces) by extension 'ignore_ament_install'
[4.142s] Level 1:colcon.colcon_core.package_identification:_identify(src/aerobot_interfaces) by extensions ['colcon_pkg']
[4.143s] Level 1:colcon.colcon_core.package_identification:_identify(src/aerobot_interfaces) by extension 'colcon_pkg'
[4.146s] Level 1:colcon.colcon_core.package_identification:_identify(src/aerobot_interfaces) by extensions ['colcon_meta']
[4.147s] Level 1:colcon.colcon_core.package_identification:_identify(src/aerobot_interfaces) by extension 'colcon_meta'
[4.149s] Level 1:colcon.colcon_core.package_identification:_identify(src/aerobot_interfaces) by extensions ['ros']
[4.151s] Level 1:colcon.colcon_core.package_identification:_identify(src/aerobot_interfaces) by extension 'ros'
[4.198s] DEBUG:colcon.colcon_core.package_identification:Package 'src/aerobot_interfaces' with type 'ros.ament_cmake' and name 'aerobot_interfaces'
[4.200s] Level 1:colcon.colcon_core.package_identification:_identify(src/bmm150_sensor) by extensions ['ignore', 'ignore_ament_install']
[4.202s] Level 1:colcon.colcon_core.package_identification:_identify(src/bmm150_sensor) by extension 'ignore'
[4.204s] Level 1:colcon.colcon_core.package_identification:_identify(src/bmm150_sensor) by extension 'ignore_ament_install'
[4.218s] Level 1:colcon.colcon_core.package_identification:_identify(src/bmm150_sensor) by extensions ['colcon_pkg']
[4.220s] Level 1:colcon.colcon_core.package_identification:_identify(src/bmm150_sensor) by extension 'colcon_pkg'
[4.221s] Level 1:colcon.colcon_core.package_identification:_identify(src/bmm150_sensor) by extensions ['colcon_meta']
[4.223s] Level 1:colcon.colcon_core.package_identification:_identify(src/bmm150_sensor) by extension 'colcon_meta'
[4.224s] Level 1:colcon.colcon_core.package_identification:_identify(src/bmm150_sensor) by extensions ['ros']
[4.226s] Level 1:colcon.colcon_core.package_identification:_identify(src/bmm150_sensor) by extension 'ros'
[4.235s] DEBUG:colcon.colcon_core.package_identification:Package 'src/bmm150_sensor' with type 'ros.ament_python' and name 'bmm150_sensor'
[4.238s] Level 1:colcon.colcon_core.package_identification:_identify(src/esc_pkg) by extensions ['ignore', 'ignore_ament_install']
[4.240s] Level 1:colcon.colcon_core.package_identification:_identify(src/esc_pkg) by extension 'ignore'
[4.242s] Level 1:colcon.colcon_core.package_identification:_identify(src/esc_pkg) by extension 'ignore_ament_install'
[4.244s] Level 1:colcon.colcon_core.package_identification:_identify(src/esc_pkg) by extensions ['colcon_pkg']
[4.246s] Level 1:colcon.colcon_core.package_identification:_identify(src/esc_pkg) by extension 'colcon_pkg'
[4.248s] Level 1:colcon.colcon_core.package_identification:_identify(src/esc_pkg) by extensions ['colcon_meta']
[4.249s] Level 1:colcon.colcon_core.package_identification:_identify(src/esc_pkg) by extension 'colcon_meta'
[4.251s] Level 1:colcon.colcon_core.package_identification:_identify(src/esc_pkg) by extensions ['ros']
[4.253s] Level 1:colcon.colcon_core.package_identification:_identify(src/esc_pkg) by extension 'ros'
[4.259s] DEBUG:colcon.colcon_core.package_identification:Package 'src/esc_pkg' with type 'ros.ament_python' and name 'esc_pkg'
[4.261s] Level 1:colcon.colcon_core.package_identification:_identify(src/lsm6dso) by extensions ['ignore', 'ignore_ament_install']
[4.263s] Level 1:colcon.colcon_core.package_identification:_identify(src/lsm6dso) by extension 'ignore'
[4.265s] Level 1:colcon.colcon_core.package_identification:_identify(src/lsm6dso) by extension 'ignore_ament_install'
[4.267s] Level 1:colcon.colcon_core.package_identification:_identify(src/lsm6dso) by extensions ['colcon_pkg']
[4.268s] Level 1:colcon.colcon_core.package_identification:_identify(src/lsm6dso) by extension 'colcon_pkg'
[4.270s] Level 1:colcon.colcon_core.package_identification:_identify(src/lsm6dso) by extensions ['colcon_meta']
[4.272s] Level 1:colcon.colcon_core.package_identification:_identify(src/lsm6dso) by extension 'colcon_meta'
[4.273s] Level 1:colcon.colcon_core.package_identification:_identify(src/lsm6dso) by extensions ['ros']
[4.278s] Level 1:colcon.colcon_core.package_identification:_identify(src/lsm6dso) by extension 'ros'
[4.288s] DEBUG:colcon.colcon_core.package_identification:Package 'src/lsm6dso' with type 'ros.ament_python' and name 'lsm6dso'
[4.291s] Level 1:colcon.colcon_core.package_identification:_identify(src/my_ahrs) by extensions ['ignore', 'ignore_ament_install']
[4.293s] Level 1:colcon.colcon_core.package_identification:_identify(src/my_ahrs) by extension 'ignore'
[4.295s] Level 1:colcon.colcon_core.package_identification:_identify(src/my_ahrs) by extension 'ignore_ament_install'
[4.297s] Level 1:colcon.colcon_core.package_identification:_identify(src/my_ahrs) by extensions ['colcon_pkg']
[4.298s] Level 1:colcon.colcon_core.package_identification:_identify(src/my_ahrs) by extension 'colcon_pkg'
[4.300s] Level 1:colcon.colcon_core.package_identification:_identify(src/my_ahrs) by extensions ['colcon_meta']
[4.301s] Level 1:colcon.colcon_core.package_identification:_identify(src/my_ahrs) by extension 'colcon_meta'
[4.312s] Level 1:colcon.colcon_core.package_identification:_identify(src/my_ahrs) by extensions ['ros']
[4.314s] Level 1:colcon.colcon_core.package_identification:_identify(src/my_ahrs) by extension 'ros'
[4.323s] DEBUG:colcon.colcon_core.package_identification:Package 'src/my_ahrs' with type 'ros.ament_python' and name 'my_ahrs'
[4.326s] Level 1:colcon.colcon_core.package_identification:_identify(src/ros2_imu) by extensions ['ignore', 'ignore_ament_install']
[4.328s] Level 1:colcon.colcon_core.package_identification:_identify(src/ros2_imu) by extension 'ignore'
[4.329s] Level 1:colcon.colcon_core.package_identification:_identify(src/ros2_imu) by extension 'ignore_ament_install'
[4.331s] Level 1:colcon.colcon_core.package_identification:_identify(src/ros2_imu) by extensions ['colcon_pkg']
[4.332s] Level 1:colcon.colcon_core.package_identification:_identify(src/ros2_imu) by extension 'colcon_pkg'
[4.335s] Level 1:colcon.colcon_core.package_identification:_identify(src/ros2_imu) by extensions ['colcon_meta']
[4.336s] Level 1:colcon.colcon_core.package_identification:_identify(src/ros2_imu) by extension 'colcon_meta'
[4.338s] Level 1:colcon.colcon_core.package_identification:_identify(src/ros2_imu) by extensions ['ros']
[4.349s] Level 1:colcon.colcon_core.package_identification:_identify(src/ros2_imu) by extension 'ros'
[4.357s] DEBUG:colcon.colcon_core.package_identification:Package 'src/ros2_imu' with type 'ros.ament_cmake' and name 'ros2_imu'
[4.358s] Level 1:colcon.colcon_core.package_discovery:discover_packages(recursive) using defaults
[4.360s] Level 1:colcon.colcon_core.package_discovery:discover_packages(ignore) discover
[4.361s] Level 1:colcon.colcon_core.package_discovery:discover_packages(ignore) using defaults
[4.365s] Level 1:colcon.colcon_core.package_discovery:discover_packages(path) discover
[4.367s] Level 1:colcon.colcon_core.package_discovery:discover_packages(path) using defaults
[4.679s] INFO:colcon.colcon_core.package_selection:Skipping not selected package 'bmm150_sensor' in 'src/bmm150_sensor'
[4.680s] INFO:colcon.colcon_core.package_selection:Skipping not selected package 'esc_pkg' in 'src/esc_pkg'
[4.682s] INFO:colcon.colcon_core.package_selection:Skipping not selected package 'lsm6dso' in 'src/lsm6dso'
[4.683s] INFO:colcon.colcon_core.package_selection:Skipping not selected package 'my_ahrs' in 'src/my_ahrs'
[4.685s] INFO:colcon.colcon_core.package_selection:Skipping not selected package 'ros2_imu' in 'src/ros2_imu'
[4.690s] Level 1:colcon.colcon_core.package_discovery:discover_packages(prefix_path) check parameters
[4.692s] Level 1:colcon.colcon_core.package_discovery:discover_packages(prefix_path) discover
[4.718s] DEBUG:colcon.colcon_installed_package_information.package_discovery:Found 5 installed packages in /home/ubuntu/ros2_ws/install
[4.739s] DEBUG:colcon.colcon_installed_package_information.package_discovery:Found 184 installed packages in /opt/ros/humble
[4.752s] Level 1:colcon.colcon_core.package_discovery:discover_packages(prefix_path) using defaults
[5.110s] Level 5:colcon.colcon_core.verb:set package 'aerobot_interfaces' build argument 'cmake_args' from command line to 'None'
[5.112s] Level 5:colcon.colcon_core.verb:set package 'aerobot_interfaces' build argument 'cmake_target' from command line to 'None'
[5.113s] Level 5:colcon.colcon_core.verb:set package 'aerobot_interfaces' build argument 'cmake_target_skip_unavailable' from command line to 'False'
[5.115s] Level 5:colcon.colcon_core.verb:set package 'aerobot_interfaces' build argument 'cmake_clean_cache' from command line to 'False'
[5.116s] Level 5:colcon.colcon_core.verb:set package 'aerobot_interfaces' build argument 'cmake_clean_first' from command line to 'False'
[5.117s] Level 5:colcon.colcon_core.verb:set package 'aerobot_interfaces' build argument 'cmake_force_configure' from command line to 'False'
[5.118s] Level 5:colcon.colcon_core.verb:set package 'aerobot_interfaces' build argument 'ament_cmake_args' from command line to 'None'
[5.119s] Level 5:colcon.colcon_core.verb:set package 'aerobot_interfaces' build argument 'catkin_cmake_args' from command line to 'None'
[5.121s] Level 5:colcon.colcon_core.verb:set package 'aerobot_interfaces' build argument 'catkin_skip_building_tests' from command line to 'False'
[5.122s] DEBUG:colcon.colcon_core.verb:Building package 'aerobot_interfaces' with the following arguments: {'ament_cmake_args': None, 'build_base': '/home/ubuntu/ros2_ws/build/aerobot_interfaces', 'catkin_cmake_args': None, 'catkin_skip_building_tests': False, 'cmake_args': None, 'cmake_clean_cache': False, 'cmake_clean_first': False, 'cmake_force_configure': False, 'cmake_target': None, 'cmake_target_skip_unavailable': False, 'install_base': '/home/ubuntu/ros2_ws/install/aerobot_interfaces', 'merge_install': False, 'path': '/home/ubuntu/ros2_ws/src/aerobot_interfaces', 'symlink_install': False, 'test_result_base': None}
[5.125s] INFO:colcon.colcon_core.executor:Executing jobs using 'parallel' executor
[5.151s] DEBUG:colcon.colcon_parallel_executor.executor.parallel:run_until_complete
[5.155s] INFO:colcon.colcon_ros.task.ament_cmake.build:Building ROS package in '/home/ubuntu/ros2_ws/src/aerobot_interfaces' with build type 'ament_cmake'
[5.157s] INFO:colcon.colcon_cmake.task.cmake.build:Building CMake package in '/home/ubuntu/ros2_ws/src/aerobot_interfaces'
[5.198s] INFO:colcon.colcon_core.plugin_system:Skipping extension 'colcon_core.shell.bat': Not used on non-Windows systems
[5.202s] INFO:colcon.colcon_core.shell:Skip shell extension 'powershell' for command environment: Not usable outside of PowerShell
[5.203s] DEBUG:colcon.colcon_core.shell:Skip shell extension 'dsv' for command environment
[5.343s] DEBUG:colcon.colcon_core.event_handler.log_command:Invoking command in '/home/ubuntu/ros2_ws/build/aerobot_interfaces': CMAKE_PREFIX_PATH=${CMAKE_PREFIX_PATH}:/home/ubuntu/ros2_ws/install/my_ahrs:/home/ubuntu/ros2_ws/install/lsm6dso:/home/ubuntu/ros2_ws/install/bmm150_sensor:/opt/ros/humble /usr/bin/cmake --build /home/ubuntu/ros2_ws/build/aerobot_interfaces -- -j4 -l4
[90.417s] DEBUG:colcon.colcon_core.event_handler.log_command:Invoked command in '/home/ubuntu/ros2_ws/build/aerobot_interfaces' returned '0': CMAKE_PREFIX_PATH=${CMAKE_PREFIX_PATH}:/home/ubuntu/ros2_ws/install/my_ahrs:/home/ubuntu/ros2_ws/install/lsm6dso:/home/ubuntu/ros2_ws/install/bmm150_sensor:/opt/ros/humble /usr/bin/cmake --build /home/ubuntu/ros2_ws/build/aerobot_interfaces -- -j4 -l4
[91.114s] DEBUG:colcon.colcon_core.event_handler.log_command:Invoking command in '/home/ubuntu/ros2_ws/build/aerobot_interfaces': CMAKE_PREFIX_PATH=${CMAKE_PREFIX_PATH}:/home/ubuntu/ros2_ws/install/my_ahrs:/home/ubuntu/ros2_ws/install/lsm6dso:/home/ubuntu/ros2_ws/install/bmm150_sensor:/opt/ros/humble /usr/bin/cmake --install /home/ubuntu/ros2_ws/build/aerobot_interfaces
[92.748s] Level 1:colcon.colcon_core.environment:create_environment_scripts_only(aerobot_interfaces)
[92.752s] DEBUG:colcon.colcon_core.event_handler.log_command:Invoked command in '/home/ubuntu/ros2_ws/build/aerobot_interfaces' returned '0': CMAKE_PREFIX_PATH=${CMAKE_PREFIX_PATH}:/home/ubuntu/ros2_ws/install/my_ahrs:/home/ubuntu/ros2_ws/install/lsm6dso:/home/ubuntu/ros2_ws/install/bmm150_sensor:/opt/ros/humble /usr/bin/cmake --install /home/ubuntu/ros2_ws/build/aerobot_interfaces
[92.816s] Level 1:colcon.colcon_core.environment:checking '/home/ubuntu/ros2_ws/install/aerobot_interfaces' for CMake module files
[92.831s] Level 1:colcon.colcon_core.environment:checking '/home/ubuntu/ros2_ws/install/aerobot_interfaces' for CMake config files
[92.851s] Level 1:colcon.colcon_core.shell:create_environment_hook('aerobot_interfaces', 'cmake_prefix_path')
[92.854s] INFO:colcon.colcon_core.shell:Creating environment hook '/home/ubuntu/ros2_ws/install/aerobot_interfaces/share/aerobot_interfaces/hook/cmake_prefix_path.ps1'
[92.862s] INFO:colcon.colcon_core.shell:Creating environment descriptor '/home/ubuntu/ros2_ws/install/aerobot_interfaces/share/aerobot_interfaces/hook/cmake_prefix_path.dsv'
[92.871s] INFO:colcon.colcon_core.shell:Creating environment hook '/home/ubuntu/ros2_ws/install/aerobot_interfaces/share/aerobot_interfaces/hook/cmake_prefix_path.sh'
[92.881s] Level 1:colcon.colcon_core.environment:checking '/home/ubuntu/ros2_ws/install/aerobot_interfaces/lib'
[92.884s] Level 1:colcon.colcon_core.shell:create_environment_hook('aerobot_interfaces', 'ld_library_path_lib')
[92.889s] INFO:colcon.colcon_core.shell:Creating environment hook '/home/ubuntu/ros2_ws/install/aerobot_interfaces/share/aerobot_interfaces/hook/ld_library_path_lib.ps1'
[92.895s] INFO:colcon.colcon_core.shell:Creating environment descriptor '/home/ubuntu/ros2_ws/install/aerobot_interfaces/share/aerobot_interfaces/hook/ld_library_path_lib.dsv'
[92.901s] INFO:colcon.colcon_core.shell:Creating environment hook '/home/ubuntu/ros2_ws/install/aerobot_interfaces/share/aerobot_interfaces/hook/ld_library_path_lib.sh'
[92.909s] Level 1:colcon.colcon_core.environment:checking '/home/ubuntu/ros2_ws/install/aerobot_interfaces/bin'
[92.912s] Level 1:colcon.colcon_core.environment:checking '/home/ubuntu/ros2_ws/install/aerobot_interfaces/lib/pkgconfig/aerobot_interfaces.pc'
[92.915s] Level 1:colcon.colcon_core.environment:checking '/home/ubuntu/ros2_ws/install/aerobot_interfaces/lib/python3.10/site-packages'
[92.919s] Level 1:colcon.colcon_core.environment:checking '/home/ubuntu/ros2_ws/install/aerobot_interfaces/bin'
[92.927s] INFO:colcon.colcon_core.shell:Creating package script '/home/ubuntu/ros2_ws/install/aerobot_interfaces/share/aerobot_interfaces/package.ps1'
[92.942s] INFO:colcon.colcon_core.shell:Creating package descriptor '/home/ubuntu/ros2_ws/install/aerobot_interfaces/share/aerobot_interfaces/package.dsv'
[92.950s] INFO:colcon.colcon_core.shell:Creating package script '/home/ubuntu/ros2_ws/install/aerobot_interfaces/share/aerobot_interfaces/package.sh'
[92.960s] INFO:colcon.colcon_core.shell:Creating package script '/home/ubuntu/ros2_ws/install/aerobot_interfaces/share/aerobot_interfaces/package.bash'
[92.969s] INFO:colcon.colcon_core.shell:Creating package script '/home/ubuntu/ros2_ws/install/aerobot_interfaces/share/aerobot_interfaces/package.zsh'
[92.978s] Level 1:colcon.colcon_core.environment:create_file_with_runtime_dependencies(/home/ubuntu/ros2_ws/install/aerobot_interfaces/share/colcon-core/packages/aerobot_interfaces)
[94.342s] Level 1:colcon.colcon_core.environment:create_environment_scripts_only(aerobot_interfaces)
[94.343s] Level 1:colcon.colcon_core.environment:checking '/home/ubuntu/ros2_ws/install/aerobot_interfaces' for CMake module files
[94.353s] Level 1:colcon.colcon_core.environment:checking '/home/ubuntu/ros2_ws/install/aerobot_interfaces' for CMake config files
[94.358s] Level 1:colcon.colcon_core.shell:create_environment_hook('aerobot_interfaces', 'cmake_prefix_path')
[94.359s] INFO:colcon.colcon_core.shell:Creating environment hook '/home/ubuntu/ros2_ws/install/aerobot_interfaces/share/aerobot_interfaces/hook/cmake_prefix_path.ps1'
[94.365s] INFO:colcon.colcon_core.shell:Creating environment descriptor '/home/ubuntu/ros2_ws/install/aerobot_interfaces/share/aerobot_interfaces/hook/cmake_prefix_path.dsv'
[94.367s] INFO:colcon.colcon_core.shell:Creating environment hook '/home/ubuntu/ros2_ws/install/aerobot_interfaces/share/aerobot_interfaces/hook/cmake_prefix_path.sh'
[94.371s] Level 1:colcon.colcon_core.environment:checking '/home/ubuntu/ros2_ws/install/aerobot_interfaces/lib'
[94.371s] Level 1:colcon.colcon_core.shell:create_environment_hook('aerobot_interfaces', 'ld_library_path_lib')
[94.372s] INFO:colcon.colcon_core.shell:Creating environment hook '/home/ubuntu/ros2_ws/install/aerobot_interfaces/share/aerobot_interfaces/hook/ld_library_path_lib.ps1'
[94.374s] INFO:colcon.colcon_core.shell:Creating environment descriptor '/home/ubuntu/ros2_ws/install/aerobot_interfaces/share/aerobot_interfaces/hook/ld_library_path_lib.dsv'
[94.379s] INFO:colcon.colcon_core.shell:Creating environment hook '/home/ubuntu/ros2_ws/install/aerobot_interfaces/share/aerobot_interfaces/hook/ld_library_path_lib.sh'
[94.382s] Level 1:colcon.colcon_core.environment:checking '/home/ubuntu/ros2_ws/install/aerobot_interfaces/bin'
[94.382s] Level 1:colcon.colcon_core.environment:checking '/home/ubuntu/ros2_ws/install/aerobot_interfaces/lib/pkgconfig/aerobot_interfaces.pc'
[94.383s] Level 1:colcon.colcon_core.environment:checking '/home/ubuntu/ros2_ws/install/aerobot_interfaces/lib/python3.10/site-packages'
[94.384s] Level 1:colcon.colcon_core.environment:checking '/home/ubuntu/ros2_ws/install/aerobot_interfaces/bin'
[94.386s] INFO:colcon.colcon_core.shell:Creating package script '/home/ubuntu/ros2_ws/install/aerobot_interfaces/share/aerobot_interfaces/package.ps1'
[94.397s] INFO:colcon.colcon_core.shell:Creating package descriptor '/home/ubuntu/ros2_ws/install/aerobot_interfaces/share/aerobot_interfaces/package.dsv'
[94.400s] INFO:colcon.colcon_core.shell:Creating package script '/home/ubuntu/ros2_ws/install/aerobot_interfaces/share/aerobot_interfaces/package.sh'
[94.403s] INFO:colcon.colcon_core.shell:Creating package script '/home/ubuntu/ros2_ws/install/aerobot_interfaces/share/aerobot_interfaces/package.bash'
[94.405s] INFO:colcon.colcon_core.shell:Creating package script '/home/ubuntu/ros2_ws/install/aerobot_interfaces/share/aerobot_interfaces/package.zsh'
[94.407s] Level 1:colcon.colcon_core.environment:create_file_with_runtime_dependencies(/home/ubuntu/ros2_ws/install/aerobot_interfaces/share/colcon-core/packages/aerobot_interfaces)
[94.409s] DEBUG:colcon.colcon_parallel_executor.executor.parallel:closing loop
[94.412s] DEBUG:colcon.colcon_parallel_executor.executor.parallel:loop closed
[94.412s] DEBUG:colcon.colcon_parallel_executor.executor.parallel:run_until_complete finished with '0'
[94.413s] DEBUG:colcon.colcon_core.event_reactor:joining thread
[94.442s] INFO:colcon.colcon_core.plugin_system:Skipping extension 'colcon_notification.desktop_notification.notify_send': Could not find 'notify-send'
[94.442s] INFO:colcon.colcon_core.plugin_system:Skipping extension 'colcon_notification.desktop_notification.terminal_notifier': Not used on non-Darwin systems
[94.443s] INFO:colcon.colcon_core.plugin_system:Skipping extension 'colcon_notification.desktop_notification.win32': Not used on non-Windows systems
[94.443s] INFO:colcon.colcon_notification.desktop_notification:Sending desktop notification using 'notify2'
[94.447s] DEBUG:colcon.colcon_notification.desktop_notification.notify2:Failed to initialize notify2: org.freedesktop.DBus.Error.ServiceUnknown: The name org.freedesktop.Notifications was not provided by any .service files
[94.448s] DEBUG:colcon.colcon_core.event_reactor:joined thread
[94.449s] INFO:colcon.colcon_core.shell:Creating prefix script '/home/ubuntu/ros2_ws/install/local_setup.ps1'
[94.452s] INFO:colcon.colcon_core.shell:Creating prefix util module '/home/ubuntu/ros2_ws/install/_local_setup_util_ps1.py'
[94.463s] INFO:colcon.colcon_core.shell:Creating prefix chain script '/home/ubuntu/ros2_ws/install/setup.ps1'
[94.483s] INFO:colcon.colcon_core.shell:Creating prefix script '/home/ubuntu/ros2_ws/install/local_setup.sh'
[94.506s] INFO:colcon.colcon_core.shell:Creating prefix util module '/home/ubuntu/ros2_ws/install/_local_setup_util_sh.py'
[94.515s] INFO:colcon.colcon_core.shell:Creating prefix chain script '/home/ubuntu/ros2_ws/install/setup.sh'
[94.532s] INFO:colcon.colcon_core.shell:Creating prefix script '/home/ubuntu/ros2_ws/install/local_setup.bash'
[94.538s] INFO:colcon.colcon_core.shell:Creating prefix chain script '/home/ubuntu/ros2_ws/install/setup.bash'
[94.551s] INFO:colcon.colcon_core.shell:Creating prefix script '/home/ubuntu/ros2_ws/install/local_setup.zsh'
[94.557s] INFO:colcon.colcon_core.shell:Creating prefix chain script '/home/ubuntu/ros2_ws/install/setup.zsh'
