[4.748s] DEBUG:colcon:Command line arguments: ['/usr/bin/colcon', 'build', '--packages-select', 'lsm6dso', '--symlink-install']
[4.776s] DEBUG:colcon:Parsed command line arguments: Namespace(log_base=None, log_level=None, verb_name='build', build_base='build', install_base='install', merge_install=False, symlink_install=True, test_result_base=None, continue_on_error=False, executor='parallel', parallel_workers=4, event_handlers=None, ignore_user_meta=False, metas=['./colcon.meta'], base_paths=['.'], packages_ignore=None, packages_ignore_regex=None, paths=None, packages_up_to=None, packages_up_to_regex=None, packages_above=None, packages_above_and_dependencies=None, packages_above_depth=None, packages_select_by_dep=None, packages_skip_by_dep=None, packages_skip_up_to=None, packages_select_build_failed=False, packages_skip_build_finished=False, packages_select_test_failures=False, packages_skip_test_passed=False, packages_select=['lsm6dso'], packages_skip=None, packages_select_regex=None, packages_skip_regex=None, packages_start=None, packages_end=None, allow_overriding=[], cmake_args=None, cmake_target=None, cmake_target_skip_unavailable=False, cmake_clean_cache=False, cmake_clean_first=False, cmake_force_configure=False, ament_cmake_args=None, catkin_cmake_args=None, catkin_skip_building_tests=False, mixin_files=None, mixin=None, verb_parser=<colcon_mixin.mixin.mixin_argument.MixinArgumentDecorator object at 0xffff9b765990>, verb_extension=<colcon_core.verb.build.BuildVerb object at 0xffff9b87aa70>, main=<bound method BuildVerb.main of <colcon_core.verb.build.BuildVerb object at 0xffff9b87aa70>>, mixin_verb=('build',))
[13.708s] Level 1:colcon.colcon_core.package_discovery:discover_packages(colcon_meta) check parameters
[13.722s] Level 1:colcon.colcon_core.package_discovery:discover_packages(recursive) check parameters
[13.722s] Level 1:colcon.colcon_core.package_discovery:discover_packages(ignore) check parameters
[13.723s] Level 1:colcon.colcon_core.package_discovery:discover_packages(path) check parameters
[13.723s] Level 1:colcon.colcon_core.package_discovery:discover_packages(colcon_meta) discover
[13.724s] Level 1:colcon.colcon_core.package_discovery:discover_packages(recursive) discover
[13.725s] INFO:colcon.colcon_core.package_discovery:Crawling recursively for packages in '/home/ubuntu/ros2_ws'
[13.726s] Level 1:colcon.colcon_core.package_identification:_identify(.) by extensions ['ignore', 'ignore_ament_install']
[13.727s] Level 1:colcon.colcon_core.package_identification:_identify(.) by extension 'ignore'
[13.728s] Level 1:colcon.colcon_core.package_identification:_identify(.) by extension 'ignore_ament_install'
[13.730s] Level 1:colcon.colcon_core.package_identification:_identify(.) by extensions ['colcon_pkg']
[13.730s] Level 1:colcon.colcon_core.package_identification:_identify(.) by extension 'colcon_pkg'
[13.731s] Level 1:colcon.colcon_core.package_identification:_identify(.) by extensions ['colcon_meta']
[13.731s] Level 1:colcon.colcon_core.package_identification:_identify(.) by extension 'colcon_meta'
[13.732s] Level 1:colcon.colcon_core.package_identification:_identify(.) by extensions ['ros']
[13.732s] Level 1:colcon.colcon_core.package_identification:_identify(.) by extension 'ros'
[13.976s] Level 1:colcon.colcon_core.package_identification:_identify(.) by extensions ['cmake', 'python']
[13.977s] Level 1:colcon.colcon_core.package_identification:_identify(.) by extension 'cmake'
[13.977s] Level 1:colcon.colcon_core.package_identification:_identify(.) by extension 'python'
[13.979s] Level 1:colcon.colcon_core.package_identification:_identify(.) by extensions ['python_setup_py']
[13.979s] Level 1:colcon.colcon_core.package_identification:_identify(.) by extension 'python_setup_py'
[13.983s] Level 1:colcon.colcon_core.package_identification:_identify(build) by extensions ['ignore', 'ignore_ament_install']
[13.984s] Level 1:colcon.colcon_core.package_identification:_identify(build) by extension 'ignore'
[13.986s] Level 1:colcon.colcon_core.package_identification:_identify(build) ignored
[13.988s] Level 1:colcon.colcon_core.package_identification:_identify(install) by extensions ['ignore', 'ignore_ament_install']
[13.989s] Level 1:colcon.colcon_core.package_identification:_identify(install) by extension 'ignore'
[13.991s] Level 1:colcon.colcon_core.package_identification:_identify(install) ignored
[14.007s] Level 1:colcon.colcon_core.package_identification:_identify(log) by extensions ['ignore', 'ignore_ament_install']
[14.009s] Level 1:colcon.colcon_core.package_identification:_identify(log) by extension 'ignore'
[14.022s] Level 1:colcon.colcon_core.package_identification:_identify(log) ignored
[14.023s] Level 1:colcon.colcon_core.package_identification:_identify(src) by extensions ['ignore', 'ignore_ament_install']
[14.025s] Level 1:colcon.colcon_core.package_identification:_identify(src) by extension 'ignore'
[14.025s] Level 1:colcon.colcon_core.package_identification:_identify(src) by extension 'ignore_ament_install'
[14.027s] Level 1:colcon.colcon_core.package_identification:_identify(src) by extensions ['colcon_pkg']
[14.027s] Level 1:colcon.colcon_core.package_identification:_identify(src) by extension 'colcon_pkg'
[14.028s] Level 1:colcon.colcon_core.package_identification:_identify(src) by extensions ['colcon_meta']
[14.029s] Level 1:colcon.colcon_core.package_identification:_identify(src) by extension 'colcon_meta'
[14.058s] Level 1:colcon.colcon_core.package_identification:_identify(src) by extensions ['ros']
[14.058s] Level 1:colcon.colcon_core.package_identification:_identify(src) by extension 'ros'
[14.060s] Level 1:colcon.colcon_core.package_identification:_identify(src) by extensions ['cmake', 'python']
[14.060s] Level 1:colcon.colcon_core.package_identification:_identify(src) by extension 'cmake'
[14.061s] Level 1:colcon.colcon_core.package_identification:_identify(src) by extension 'python'
[14.061s] Level 1:colcon.colcon_core.package_identification:_identify(src) by extensions ['python_setup_py']
[14.066s] Level 1:colcon.colcon_core.package_identification:_identify(src) by extension 'python_setup_py'
[14.068s] Level 1:colcon.colcon_core.package_identification:_identify(src/aerobot_interfaces) by extensions ['ignore', 'ignore_ament_install']
[14.069s] Level 1:colcon.colcon_core.package_identification:_identify(src/aerobot_interfaces) by extension 'ignore'
[14.078s] Level 1:colcon.colcon_core.package_identification:_identify(src/aerobot_interfaces) by extension 'ignore_ament_install'
[14.079s] Level 1:colcon.colcon_core.package_identification:_identify(src/aerobot_interfaces) by extensions ['colcon_pkg']
[14.080s] Level 1:colcon.colcon_core.package_identification:_identify(src/aerobot_interfaces) by extension 'colcon_pkg'
[14.080s] Level 1:colcon.colcon_core.package_identification:_identify(src/aerobot_interfaces) by extensions ['colcon_meta']
[14.081s] Level 1:colcon.colcon_core.package_identification:_identify(src/aerobot_interfaces) by extension 'colcon_meta'
[14.091s] Level 1:colcon.colcon_core.package_identification:_identify(src/aerobot_interfaces) by extensions ['ros']
[14.092s] Level 1:colcon.colcon_core.package_identification:_identify(src/aerobot_interfaces) by extension 'ros'
[14.161s] DEBUG:colcon.colcon_core.package_identification:Package 'src/aerobot_interfaces' with type 'ros.ament_cmake' and name 'aerobot_interfaces'
[14.176s] Level 1:colcon.colcon_core.package_identification:_identify(src/bmm150_sensor) by extensions ['ignore', 'ignore_ament_install']
[14.177s] Level 1:colcon.colcon_core.package_identification:_identify(src/bmm150_sensor) by extension 'ignore'
[14.178s] Level 1:colcon.colcon_core.package_identification:_identify(src/bmm150_sensor) by extension 'ignore_ament_install'
[14.179s] Level 1:colcon.colcon_core.package_identification:_identify(src/bmm150_sensor) by extensions ['colcon_pkg']
[14.180s] Level 1:colcon.colcon_core.package_identification:_identify(src/bmm150_sensor) by extension 'colcon_pkg'
[14.181s] Level 1:colcon.colcon_core.package_identification:_identify(src/bmm150_sensor) by extensions ['colcon_meta']
[14.181s] Level 1:colcon.colcon_core.package_identification:_identify(src/bmm150_sensor) by extension 'colcon_meta'
[14.186s] Level 1:colcon.colcon_core.package_identification:_identify(src/bmm150_sensor) by extensions ['ros']
[14.187s] Level 1:colcon.colcon_core.package_identification:_identify(src/bmm150_sensor) by extension 'ros'
[14.212s] DEBUG:colcon.colcon_core.package_identification:Package 'src/bmm150_sensor' with type 'ros.ament_python' and name 'bmm150_sensor'
[14.213s] Level 1:colcon.colcon_core.package_identification:_identify(src/esc_pkg) by extensions ['ignore', 'ignore_ament_install']
[14.215s] Level 1:colcon.colcon_core.package_identification:_identify(src/esc_pkg) by extension 'ignore'
[14.215s] Level 1:colcon.colcon_core.package_identification:_identify(src/esc_pkg) by extension 'ignore_ament_install'
[14.216s] Level 1:colcon.colcon_core.package_identification:_identify(src/esc_pkg) by extensions ['colcon_pkg']
[14.217s] Level 1:colcon.colcon_core.package_identification:_identify(src/esc_pkg) by extension 'colcon_pkg'
[14.218s] Level 1:colcon.colcon_core.package_identification:_identify(src/esc_pkg) by extensions ['colcon_meta']
[14.218s] Level 1:colcon.colcon_core.package_identification:_identify(src/esc_pkg) by extension 'colcon_meta'
[14.219s] Level 1:colcon.colcon_core.package_identification:_identify(src/esc_pkg) by extensions ['ros']
[14.220s] Level 1:colcon.colcon_core.package_identification:_identify(src/esc_pkg) by extension 'ros'
[14.235s] DEBUG:colcon.colcon_core.package_identification:Package 'src/esc_pkg' with type 'ros.ament_python' and name 'esc_pkg'
[14.237s] Level 1:colcon.colcon_core.package_identification:_identify(src/lsm6dso) by extensions ['ignore', 'ignore_ament_install']
[14.238s] Level 1:colcon.colcon_core.package_identification:_identify(src/lsm6dso) by extension 'ignore'
[14.239s] Level 1:colcon.colcon_core.package_identification:_identify(src/lsm6dso) by extension 'ignore_ament_install'
[14.240s] Level 1:colcon.colcon_core.package_identification:_identify(src/lsm6dso) by extensions ['colcon_pkg']
[14.241s] Level 1:colcon.colcon_core.package_identification:_identify(src/lsm6dso) by extension 'colcon_pkg'
[14.242s] Level 1:colcon.colcon_core.package_identification:_identify(src/lsm6dso) by extensions ['colcon_meta']
[14.243s] Level 1:colcon.colcon_core.package_identification:_identify(src/lsm6dso) by extension 'colcon_meta'
[14.244s] Level 1:colcon.colcon_core.package_identification:_identify(src/lsm6dso) by extensions ['ros']
[14.245s] Level 1:colcon.colcon_core.package_identification:_identify(src/lsm6dso) by extension 'ros'
[14.260s] DEBUG:colcon.colcon_core.package_identification:Package 'src/lsm6dso' with type 'ros.ament_python' and name 'lsm6dso'
[14.262s] Level 1:colcon.colcon_core.package_identification:_identify(src/my_ahrs) by extensions ['ignore', 'ignore_ament_install']
[14.264s] Level 1:colcon.colcon_core.package_identification:_identify(src/my_ahrs) by extension 'ignore'
[14.265s] Level 1:colcon.colcon_core.package_identification:_identify(src/my_ahrs) by extension 'ignore_ament_install'
[14.266s] Level 1:colcon.colcon_core.package_identification:_identify(src/my_ahrs) by extensions ['colcon_pkg']
[14.267s] Level 1:colcon.colcon_core.package_identification:_identify(src/my_ahrs) by extension 'colcon_pkg'
[14.267s] Level 1:colcon.colcon_core.package_identification:_identify(src/my_ahrs) by extensions ['colcon_meta']
[14.268s] Level 1:colcon.colcon_core.package_identification:_identify(src/my_ahrs) by extension 'colcon_meta'
[14.268s] Level 1:colcon.colcon_core.package_identification:_identify(src/my_ahrs) by extensions ['ros']
[14.271s] Level 1:colcon.colcon_core.package_identification:_identify(src/my_ahrs) by extension 'ros'
[14.287s] DEBUG:colcon.colcon_core.package_identification:Package 'src/my_ahrs' with type 'ros.ament_python' and name 'my_ahrs'
[14.288s] Level 1:colcon.colcon_core.package_discovery:discover_packages(recursive) using defaults
[14.289s] Level 1:colcon.colcon_core.package_discovery:discover_packages(ignore) discover
[14.291s] Level 1:colcon.colcon_core.package_discovery:discover_packages(ignore) using defaults
[14.292s] Level 1:colcon.colcon_core.package_discovery:discover_packages(path) discover
[14.292s] Level 1:colcon.colcon_core.package_discovery:discover_packages(path) using defaults
[15.159s] INFO:colcon.colcon_core.package_selection:Skipping not selected package 'aerobot_interfaces' in 'src/aerobot_interfaces'
[15.159s] INFO:colcon.colcon_core.package_selection:Skipping not selected package 'bmm150_sensor' in 'src/bmm150_sensor'
[15.160s] INFO:colcon.colcon_core.package_selection:Skipping not selected package 'my_ahrs' in 'src/my_ahrs'
[15.160s] INFO:colcon.colcon_core.package_selection:Skipping not selected package 'esc_pkg' in 'src/esc_pkg'
[15.178s] Level 1:colcon.colcon_core.package_discovery:discover_packages(prefix_path) check parameters
[15.180s] Level 1:colcon.colcon_core.package_discovery:discover_packages(prefix_path) discover
[15.293s] DEBUG:colcon.colcon_installed_package_information.package_discovery:Found 10 installed packages in /home/ubuntu/ros2_ws/install
[15.378s] DEBUG:colcon.colcon_installed_package_information.package_discovery:Found 184 installed packages in /opt/ros/humble
[15.420s] Level 1:colcon.colcon_core.package_discovery:discover_packages(prefix_path) using defaults
[16.689s] Level 5:colcon.colcon_core.verb:set package 'lsm6dso' build argument 'cmake_args' from command line to 'None'
[16.690s] Level 5:colcon.colcon_core.verb:set package 'lsm6dso' build argument 'cmake_target' from command line to 'None'
[16.690s] Level 5:colcon.colcon_core.verb:set package 'lsm6dso' build argument 'cmake_target_skip_unavailable' from command line to 'False'
[16.691s] Level 5:colcon.colcon_core.verb:set package 'lsm6dso' build argument 'cmake_clean_cache' from command line to 'False'
[16.692s] Level 5:colcon.colcon_core.verb:set package 'lsm6dso' build argument 'cmake_clean_first' from command line to 'False'
[16.692s] Level 5:colcon.colcon_core.verb:set package 'lsm6dso' build argument 'cmake_force_configure' from command line to 'False'
[16.693s] Level 5:colcon.colcon_core.verb:set package 'lsm6dso' build argument 'ament_cmake_args' from command line to 'None'
[16.693s] Level 5:colcon.colcon_core.verb:set package 'lsm6dso' build argument 'catkin_cmake_args' from command line to 'None'
[16.697s] Level 5:colcon.colcon_core.verb:set package 'lsm6dso' build argument 'catkin_skip_building_tests' from command line to 'False'
[16.698s] DEBUG:colcon.colcon_core.verb:Building package 'lsm6dso' with the following arguments: {'ament_cmake_args': None, 'build_base': '/home/ubuntu/ros2_ws/build/lsm6dso', 'catkin_cmake_args': None, 'catkin_skip_building_tests': False, 'cmake_args': None, 'cmake_clean_cache': False, 'cmake_clean_first': False, 'cmake_force_configure': False, 'cmake_target': None, 'cmake_target_skip_unavailable': False, 'install_base': '/home/ubuntu/ros2_ws/install/lsm6dso', 'merge_install': False, 'path': '/home/ubuntu/ros2_ws/src/lsm6dso', 'symlink_install': True, 'test_result_base': None}
[16.700s] INFO:colcon.colcon_core.executor:Executing jobs using 'parallel' executor
[16.710s] DEBUG:colcon.colcon_parallel_executor.executor.parallel:run_until_complete
[16.712s] INFO:colcon.colcon_ros.task.ament_python.build:Building ROS package in '/home/ubuntu/ros2_ws/src/lsm6dso' with build type 'ament_python'
[16.713s] Level 1:colcon.colcon_core.shell:create_environment_hook('lsm6dso', 'ament_prefix_path')
[16.833s] INFO:colcon.colcon_core.plugin_system:Skipping extension 'colcon_core.shell.bat': Not used on non-Windows systems
[16.836s] INFO:colcon.colcon_core.shell:Creating environment hook '/home/ubuntu/ros2_ws/install/lsm6dso/share/lsm6dso/hook/ament_prefix_path.ps1'
[16.844s] INFO:colcon.colcon_core.shell:Creating environment descriptor '/home/ubuntu/ros2_ws/install/lsm6dso/share/lsm6dso/hook/ament_prefix_path.dsv'
[16.863s] INFO:colcon.colcon_core.shell:Creating environment hook '/home/ubuntu/ros2_ws/install/lsm6dso/share/lsm6dso/hook/ament_prefix_path.sh'
[16.888s] INFO:colcon.colcon_core.shell:Skip shell extension 'powershell' for command environment: Not usable outside of PowerShell
[16.888s] DEBUG:colcon.colcon_core.shell:Skip shell extension 'dsv' for command environment
[24.166s] INFO:colcon.colcon_core.task.python.build:Building Python package in '/home/ubuntu/ros2_ws/src/lsm6dso'
[24.169s] INFO:colcon.colcon_core.shell:Skip shell extension 'powershell' for command environment: Not usable outside of PowerShell
[24.170s] DEBUG:colcon.colcon_core.shell:Skip shell extension 'dsv' for command environment
[38.550s] DEBUG:colcon.colcon_core.task.python.build:While undoing a previous installation files outside the Python library path are being ignored: /home/ubuntu/ros2_ws/install/lsm6dso/share/ament_index/resource_index/packages/lsm6dso
[38.550s] DEBUG:colcon.colcon_core.task.python.build:While undoing a previous installation files outside the Python library path are being ignored: /home/ubuntu/ros2_ws/install/lsm6dso/share/lsm6dso/package.xml
[38.571s] DEBUG:colcon.colcon_core.task.python.build:While undoing a previous installation files outside the Python library path are being ignored: /home/ubuntu/ros2_ws/install/lsm6dso/lib/lsm6dso/calibrate_gyro
[38.572s] DEBUG:colcon.colcon_core.task.python.build:While undoing a previous installation files outside the Python library path are being ignored: /home/ubuntu/ros2_ws/install/lsm6dso/lib/lsm6dso/lsm6dso
[38.612s] DEBUG:colcon.colcon_core.event_handler.log_command:Invoking command in '/home/ubuntu/ros2_ws/build/lsm6dso': PYTHONPATH=/home/ubuntu/ros2_ws/build/lsm6dso/prefix_override:/home/ubuntu/ros2_ws/install/lsm6dso/lib/python3.10/site-packages:${PYTHONPATH} /usr/bin/python3 -W ignore:setup.py install is deprecated setup.py develop --editable --build-directory /home/ubuntu/ros2_ws/build/lsm6dso/build --no-deps symlink_data --force
[66.997s] Level 1:colcon.colcon_core.shell:create_environment_hook('lsm6dso', 'pythonpath_develop')
[67.000s] DEBUG:colcon.colcon_core.event_handler.log_command:Invoked command in '/home/ubuntu/ros2_ws/build/lsm6dso' returned '0': PYTHONPATH=/home/ubuntu/ros2_ws/build/lsm6dso/prefix_override:/home/ubuntu/ros2_ws/install/lsm6dso/lib/python3.10/site-packages:${PYTHONPATH} /usr/bin/python3 -W ignore:setup.py install is deprecated setup.py develop --editable --build-directory /home/ubuntu/ros2_ws/build/lsm6dso/build --no-deps symlink_data --force
[67.016s] INFO:colcon.colcon_core.shell:Creating environment hook '/home/ubuntu/ros2_ws/build/lsm6dso/share/lsm6dso/hook/pythonpath_develop.ps1'
[67.059s] INFO:colcon.colcon_core.shell:Creating environment descriptor '/home/ubuntu/ros2_ws/build/lsm6dso/share/lsm6dso/hook/pythonpath_develop.dsv'
[67.105s] INFO:colcon.colcon_core.shell:Creating environment hook '/home/ubuntu/ros2_ws/build/lsm6dso/share/lsm6dso/hook/pythonpath_develop.sh'
[67.176s] Level 1:colcon.colcon_core.environment:checking '/home/ubuntu/ros2_ws/install/lsm6dso' for CMake module files
[67.184s] Level 1:colcon.colcon_core.environment:checking '/home/ubuntu/ros2_ws/install/lsm6dso' for CMake config files
[67.251s] Level 1:colcon.colcon_core.environment:checking '/home/ubuntu/ros2_ws/install/lsm6dso/lib'
[67.260s] Level 1:colcon.colcon_core.environment:checking '/home/ubuntu/ros2_ws/install/lsm6dso/bin'
[67.261s] Level 1:colcon.colcon_core.environment:checking '/home/ubuntu/ros2_ws/install/lsm6dso/lib/pkgconfig/lsm6dso.pc'
[67.286s] Level 1:colcon.colcon_core.environment:checking '/home/ubuntu/ros2_ws/install/lsm6dso/lib/python3.10/site-packages'
[67.287s] Level 1:colcon.colcon_core.shell:create_environment_hook('lsm6dso', 'pythonpath')
[67.289s] INFO:colcon.colcon_core.shell:Creating environment hook '/home/ubuntu/ros2_ws/install/lsm6dso/share/lsm6dso/hook/pythonpath.ps1'
[67.336s] INFO:colcon.colcon_core.shell:Creating environment descriptor '/home/ubuntu/ros2_ws/install/lsm6dso/share/lsm6dso/hook/pythonpath.dsv'
[67.363s] INFO:colcon.colcon_core.shell:Creating environment hook '/home/ubuntu/ros2_ws/install/lsm6dso/share/lsm6dso/hook/pythonpath.sh'
[67.370s] Level 1:colcon.colcon_core.environment:checking '/home/ubuntu/ros2_ws/install/lsm6dso/bin'
[67.371s] Level 1:colcon.colcon_core.environment:create_environment_scripts_only(lsm6dso)
[67.376s] INFO:colcon.colcon_core.shell:Creating package script '/home/ubuntu/ros2_ws/install/lsm6dso/share/lsm6dso/package.ps1'
[67.388s] INFO:colcon.colcon_core.shell:Creating package descriptor '/home/ubuntu/ros2_ws/install/lsm6dso/share/lsm6dso/package.dsv'
[67.397s] INFO:colcon.colcon_core.shell:Creating package script '/home/ubuntu/ros2_ws/install/lsm6dso/share/lsm6dso/package.sh'
[67.408s] INFO:colcon.colcon_core.shell:Creating package script '/home/ubuntu/ros2_ws/install/lsm6dso/share/lsm6dso/package.bash'
[67.419s] INFO:colcon.colcon_core.shell:Creating package script '/home/ubuntu/ros2_ws/install/lsm6dso/share/lsm6dso/package.zsh'
[67.429s] Level 1:colcon.colcon_core.environment:create_file_with_runtime_dependencies(/home/ubuntu/ros2_ws/install/lsm6dso/share/colcon-core/packages/lsm6dso)
[67.438s] DEBUG:colcon.colcon_parallel_executor.executor.parallel:closing loop
[67.441s] DEBUG:colcon.colcon_parallel_executor.executor.parallel:loop closed
[67.441s] DEBUG:colcon.colcon_parallel_executor.executor.parallel:run_until_complete finished with '0'
[67.442s] DEBUG:colcon.colcon_core.event_reactor:joining thread
[67.725s] INFO:colcon.colcon_core.plugin_system:Skipping extension 'colcon_notification.desktop_notification.notify_send': Could not find 'notify-send'
[67.727s] INFO:colcon.colcon_core.plugin_system:Skipping extension 'colcon_notification.desktop_notification.terminal_notifier': Not used on non-Darwin systems
[67.728s] INFO:colcon.colcon_core.plugin_system:Skipping extension 'colcon_notification.desktop_notification.win32': Not used on non-Windows systems
[67.734s] INFO:colcon.colcon_notification.desktop_notification:Sending desktop notification using 'notify2'
[67.775s] DEBUG:colcon.colcon_notification.desktop_notification.notify2:Failed to initialize notify2: org.freedesktop.DBus.Error.ServiceUnknown: The name org.freedesktop.Notifications was not provided by any .service files
[67.776s] DEBUG:colcon.colcon_core.event_reactor:joined thread
[67.779s] INFO:colcon.colcon_core.shell:Creating prefix script '/home/ubuntu/ros2_ws/install/local_setup.ps1'
[67.838s] INFO:colcon.colcon_core.shell:Creating prefix util module '/home/ubuntu/ros2_ws/install/_local_setup_util_ps1.py'
[67.935s] INFO:colcon.colcon_core.shell:Creating prefix chain script '/home/ubuntu/ros2_ws/install/setup.ps1'
[68.022s] INFO:colcon.colcon_core.shell:Creating prefix script '/home/ubuntu/ros2_ws/install/local_setup.sh'
[68.050s] INFO:colcon.colcon_core.shell:Creating prefix util module '/home/ubuntu/ros2_ws/install/_local_setup_util_sh.py'
[68.070s] INFO:colcon.colcon_core.shell:Creating prefix chain script '/home/ubuntu/ros2_ws/install/setup.sh'
[68.122s] INFO:colcon.colcon_core.shell:Creating prefix script '/home/ubuntu/ros2_ws/install/local_setup.bash'
[68.154s] INFO:colcon.colcon_core.shell:Creating prefix chain script '/home/ubuntu/ros2_ws/install/setup.bash'
[68.208s] INFO:colcon.colcon_core.shell:Creating prefix script '/home/ubuntu/ros2_ws/install/local_setup.zsh'
[68.226s] INFO:colcon.colcon_core.shell:Creating prefix chain script '/home/ubuntu/ros2_ws/install/setup.zsh'
