[0.000000] (-) TimerEvent: {}
[0.000565] (-) JobUnselected: {'identifier': 'bmm150_sensor'}
[0.000780] (-) JobUnselected: {'identifier': 'lsm6dso'}
[0.000896] (-) JobUnselected: {'identifier': 'my_ahrs'}
[0.001991] (ros2_imu) JobQueued: {'identifier': 'ros2_imu', 'dependencies': OrderedDict()}
[0.002658] (ros2_imu) JobStarted: {'identifier': 'ros2_imu'}
[0.057366] (ros2_imu) JobProgress: {'identifier': 'ros2_imu', 'progress': 'cmake'}
[0.062014] (ros2_imu) JobProgress: {'identifier': 'ros2_imu', 'progress': 'build'}
[0.065233] (ros2_imu) Command: {'cmd': ['/usr/bin/cmake', '--build', '/home/ubuntu/ros2_ws/build/ros2_imu', '--', '-j4', '-l4'], 'cwd': '/home/ubuntu/ros2_ws/build/ros2_imu', 'env': OrderedDict([('USER', 'ubuntu'), ('SSH_CLIENT', '192.168.0.106 54662 22'), ('XDG_SESSION_TYPE', 'tty'), ('SHLVL', '1'), ('LD_LIBRARY_PATH', '/opt/ros/humble/lib/aarch64-linux-gnu:/opt/ros/humble/lib'), ('MOTD_SHOWN', 'pam'), ('HOME', '/home/ubuntu'), ('OLDPWD', '/home/ubuntu'), ('ROS_PYTHON_VERSION', '3'), ('DBUS_SESSION_BUS_ADDRESS', 'unix:path=/run/user/1000/bus'), ('COLCON_PREFIX_PATH', '/home/ubuntu/ros2_ws/install'), ('ROS_DISTRO', 'humble'), ('LOGNAME', 'ubuntu'), ('_', '/usr/bin/colcon'), ('ROS_VERSION', '2'), ('XDG_SESSION_CLASS', 'user'), ('XDG_SESSION_ID', '4'), ('ROS_LOCALHOST_ONLY', '0'), ('PATH', '/opt/ros/humble/bin:/usr/local/sbin:/usr/local/bin:/usr/sbin:/usr/bin:/sbin:/bin:/usr/games:/usr/local/games:/snap/bin'), ('XDG_RUNTIME_DIR', '/run/user/1000'), ('LANG', 'en_US.UTF-8'), ('AMENT_PREFIX_PATH', '/home/ubuntu/ros2_ws/install/ros2_imu:/home/ubuntu/ros2_ws/install/my_ahrs:/home/ubuntu/ros2_ws/install/lsm6dso:/home/ubuntu/ros2_ws/install/bmm150_sensor:/opt/ros/humble'), ('SHELL', '/bin/bash'), ('PWD', '/home/ubuntu/ros2_ws/build/ros2_imu'), ('LC_ALL', 'C'), ('SSH_CONNECTION', '192.168.0.106 54662 192.168.0.122 22'), ('PYTHONPATH', '/home/ubuntu/ros2_ws/install/my_ahrs/lib/python3.10/site-packages:/home/ubuntu/ros2_ws/install/lsm6dso/lib/python3.10/site-packages:/home/ubuntu/ros2_ws/install/bmm150_sensor/lib/python3.10/site-packages:/opt/ros/humble/lib/python3.10/site-packages:/opt/ros/humble/local/lib/python3.10/dist-packages'), ('COLCON', '1'), ('CMAKE_PREFIX_PATH', '/home/ubuntu/ros2_ws/install/ros2_imu:/home/ubuntu/ros2_ws/install/my_ahrs:/home/ubuntu/ros2_ws/install/lsm6dso:/home/ubuntu/ros2_ws/install/bmm150_sensor:/opt/ros/humble')]), 'shell': False}
[0.096251] (-) TimerEvent: {}
[0.121261] (ros2_imu) StdoutLine: {'line': b'/usr/bin/cmake -S/home/ubuntu/ros2_ws/src/ros2_imu -B/home/ubuntu/ros2_ws/build/ros2_imu --check-build-system CMakeFiles/Makefile.cmake 0\n'}
[0.196514] (-) TimerEvent: {}
[0.199228] (ros2_imu) StdoutLine: {'line': b'-- Found ament_cmake: 1.3.9 (/opt/ros/humble/share/ament_cmake/cmake)\n'}
[0.296693] (-) TimerEvent: {}
[0.397201] (-) TimerEvent: {}
[0.497884] (-) TimerEvent: {}
[0.598577] (-) TimerEvent: {}
[0.699088] (-) TimerEvent: {}
[0.800577] (-) TimerEvent: {}
[0.904877] (-) TimerEvent: {}
[0.962166] (ros2_imu) StdoutLine: {'line': b'-- Found ament_cmake_ros: 0.10.0 (/opt/ros/humble/share/ament_cmake_ros/cmake)\n'}
[0.977782] (ros2_imu) StdoutLine: {'line': b'-- Found rclcpp: 16.0.9 (/opt/ros/humble/share/rclcpp/cmake)\n'}
[1.005036] (-) TimerEvent: {}
[1.106543] (-) TimerEvent: {}
[1.140358] (ros2_imu) StdoutLine: {'line': b'-- Found rosidl_generator_c: 3.1.5 (/opt/ros/humble/share/rosidl_generator_c/cmake)\n'}
[1.153057] (ros2_imu) StdoutLine: {'line': b'-- Found rosidl_adapter: 3.1.5 (/opt/ros/humble/share/rosidl_adapter/cmake)\n'}
[1.183491] (ros2_imu) StdoutLine: {'line': b'-- Found rosidl_generator_cpp: 3.1.5 (/opt/ros/humble/share/rosidl_generator_cpp/cmake)\n'}
[1.206935] (-) TimerEvent: {}
[1.239088] (ros2_imu) StdoutLine: {'line': b'-- Using all available rosidl_typesupport_c: rosidl_typesupport_fastrtps_c;rosidl_typesupport_introspection_c\n'}
[1.307116] (-) TimerEvent: {}
[1.315816] (ros2_imu) StdoutLine: {'line': b'-- Using all available rosidl_typesupport_cpp: rosidl_typesupport_fastrtps_cpp;rosidl_typesupport_introspection_cpp\n'}
[1.407291] (-) TimerEvent: {}
[1.507704] (-) TimerEvent: {}
[1.582836] (ros2_imu) StdoutLine: {'line': b'-- Found rmw_implementation_cmake: 6.1.2 (/opt/ros/humble/share/rmw_implementation_cmake/cmake)\n'}
[1.590503] (ros2_imu) StdoutLine: {'line': b'-- Found rmw_fastrtps_cpp: 6.2.6 (/opt/ros/humble/share/rmw_fastrtps_cpp/cmake)\n'}
[1.607907] (-) TimerEvent: {}
[1.708348] (-) TimerEvent: {}
[1.808777] (-) TimerEvent: {}
[1.909279] (-) TimerEvent: {}
[2.010584] (-) TimerEvent: {}
[2.111021] (-) TimerEvent: {}
[2.200940] (ros2_imu) StdoutLine: {'line': b"-- Using RMW implementation 'rmw_fastrtps_cpp' as default\n"}
[2.211195] (-) TimerEvent: {}
[2.312220] (-) TimerEvent: {}
[2.412868] (-) TimerEvent: {}
[2.513298] (-) TimerEvent: {}
[2.613742] (-) TimerEvent: {}
[2.714183] (-) TimerEvent: {}
[2.814605] (-) TimerEvent: {}
[2.886572] (ros2_imu) StdoutLine: {'line': b'-- Found sensor_msgs: 4.2.4 (/opt/ros/humble/share/sensor_msgs/cmake)\n'}
[2.914772] (-) TimerEvent: {}
[3.015181] (-) TimerEvent: {}
[3.115595] (-) TimerEvent: {}
[3.216059] (-) TimerEvent: {}
[3.316747] (-) TimerEvent: {}
[3.417133] (-) TimerEvent: {}
[3.517695] (-) TimerEvent: {}
[3.618112] (-) TimerEvent: {}
[3.718537] (-) TimerEvent: {}
[3.819258] (-) TimerEvent: {}
[3.826318] (ros2_imu) StdoutLine: {'line': b'-- Configuring done\n'}
[3.911602] (ros2_imu) StdoutLine: {'line': b'-- Generating done\n'}
[3.919429] (-) TimerEvent: {}
[3.922749] (ros2_imu) StdoutLine: {'line': b'-- Build files have been written to: /home/ubuntu/ros2_ws/build/ros2_imu\n'}
[3.956159] (ros2_imu) StdoutLine: {'line': b'/usr/bin/cmake -E cmake_progress_start /home/ubuntu/ros2_ws/build/ros2_imu/CMakeFiles /home/ubuntu/ros2_ws/build/ros2_imu//CMakeFiles/progress.marks\n'}
[3.989123] (ros2_imu) StdoutLine: {'line': b'/usr/bin/gmake  -f CMakeFiles/Makefile2 all\n'}
[3.994342] (ros2_imu) StdoutLine: {'line': b"gmake[1]: Entering directory '/home/ubuntu/ros2_ws/build/ros2_imu'\n"}
[3.995038] (ros2_imu) StdoutLine: {'line': b'/usr/bin/gmake  -f CMakeFiles/ros2_imu.dir/build.make CMakeFiles/ros2_imu.dir/depend\n'}
[4.008900] (ros2_imu) StdoutLine: {'line': b"gmake[2]: Entering directory '/home/ubuntu/ros2_ws/build/ros2_imu'\n"}
[4.009610] (ros2_imu) StdoutLine: {'line': b'cd /home/ubuntu/ros2_ws/build/ros2_imu && /usr/bin/cmake -E cmake_depends "Unix Makefiles" /home/ubuntu/ros2_ws/src/ros2_imu /home/ubuntu/ros2_ws/src/ros2_imu /home/ubuntu/ros2_ws/build/ros2_imu /home/ubuntu/ros2_ws/build/ros2_imu /home/ubuntu/ros2_ws/build/ros2_imu/CMakeFiles/ros2_imu.dir/DependInfo.cmake --color=\n'}
[4.020061] (-) TimerEvent: {}
[4.120653] (-) TimerEvent: {}
[4.187980] (ros2_imu) StdoutLine: {'line': b'Consolidate compiler generated dependencies of target ros2_imu\n'}
[4.193274] (ros2_imu) StdoutLine: {'line': b"gmake[2]: Leaving directory '/home/ubuntu/ros2_ws/build/ros2_imu'\n"}
[4.193965] (ros2_imu) StdoutLine: {'line': b'/usr/bin/gmake  -f CMakeFiles/ros2_imu.dir/build.make CMakeFiles/ros2_imu.dir/build\n'}
[4.221886] (-) TimerEvent: {}
[4.228288] (ros2_imu) StdoutLine: {'line': b"gmake[2]: Entering directory '/home/ubuntu/ros2_ws/build/ros2_imu'\n"}
[4.283234] (ros2_imu) StdoutLine: {'line': b'[  7%] Building C object CMakeFiles/ros2_imu.dir/src/ext_work.c.o\n'}
[4.290321] (ros2_imu) StdoutLine: {'line': b'/usr/bin/cc -DDEFAULT_RMW_IMPLEMENTATION=rmw_fastrtps_cpp -DRCUTILS_ENABLE_FAULT_INJECTION -DROS_PACKAGE_NAME=\\"ros2_imu\\" -I/home/ubuntu/ros2_ws/src/ros2_imu/include/ros2_imu -I/home/ubuntu/ros2_ws/src/ros2_imu/include -isystem /opt/ros/humble/include/rclcpp -isystem /opt/ros/humble/include/sensor_msgs -isystem /opt/ros/humble/include/ament_index_cpp -isystem /opt/ros/humble/include/libstatistics_collector -isystem /opt/ros/humble/include/builtin_interfaces -isystem /opt/ros/humble/include/rosidl_runtime_c -isystem /opt/ros/humble/include/rcutils -isystem /opt/ros/humble/include/rosidl_typesupport_interface -isystem /opt/ros/humble/include/fastcdr -isystem /opt/ros/humble/include/rosidl_runtime_cpp -isystem /opt/ros/humble/include/rosidl_typesupport_fastrtps_cpp -isystem /opt/ros/humble/include/rmw -isystem /opt/ros/humble/include/rosidl_typesupport_fastrtps_c -isystem /opt/ros/humble/include/rosidl_typesupport_introspection_c -isystem /opt/ros/humble/include/rosidl_typesupport_introspection_cpp -isystem /opt/ros/humble/include/rcl -isystem /opt/ros/humble/include/rcl_interfaces -isystem /opt/ros/humble/include/rcl_logging_interface -isystem /opt/ros/humble/include/rcl_yaml_param_parser -isystem /opt/ros/humble/include/libyaml_vendor -isystem /opt/ros/humble/include/tracetools -isystem /opt/ros/humble/include/rcpputils -isystem /opt/ros/humble/include/statistics_msgs -isystem /opt/ros/humble/include/rosgraph_msgs -isystem /opt/ros/humble/include/rosidl_typesupport_cpp -isystem /opt/ros/humble/include/rosidl_typesupport_c -isystem /opt/ros/humble/include/geometry_msgs -isystem /opt/ros/humble/include/std_msgs -O3 -DNDEBUG -Wall -Wextra -Wpedantic -DMODEL=ros2_imu -DNUMST=1 -DNCSTATES=0 -DHAVESTDIO -DMODEL_HAS_DYNAMICALLY_LOADED_SFCNS=0 -DON_TARGET_WAIT_FOR_START=1 -DCLASSIC_INTERFACE=0 -DALLOCATIONFCN=0 -DTID01EQ=0 -DTERMFCN=1 -DONESTEPFCN=1 -DMAT_FILE=0 -DMULTI_INSTANCE_CODE=0 -DEXT_MODE=1 -DINTEGER_CODE=0 -DMT=0 -DROS2_PROJECT -DSTACK_SIZE=64 -D__MW_TARGET_USE_HARDWARE_RESOURCES_H__ -DRT=RT -fpermissive -std=gnu99 -MD -MT CMakeFiles/ros2_imu.dir/src/ext_work.c.o -MF CMakeFiles/ros2_imu.dir/src/ext_work.c.o.d -o CMakeFiles/ros2_imu.dir/src/ext_work.c.o -c /home/ubuntu/ros2_ws/src/ros2_imu/src/ext_work.c\n'}
[4.322129] (-) TimerEvent: {}
[4.327008] (ros2_imu) StdoutLine: {'line': b'[ 15%] Building C object CMakeFiles/ros2_imu.dir/src/ext_svr.c.o\n'}
[4.337269] (ros2_imu) StderrLine: {'line': b"cc1: warning: command-line option '-fpermissive' is valid for C++/ObjC++ but not for C\n"}
[4.345896] (ros2_imu) StdoutLine: {'line': b'/usr/bin/cc -DDEFAULT_RMW_IMPLEMENTATION=rmw_fastrtps_cpp -DRCUTILS_ENABLE_FAULT_INJECTION -DROS_PACKAGE_NAME=\\"ros2_imu\\" -I/home/ubuntu/ros2_ws/src/ros2_imu/include/ros2_imu -I/home/ubuntu/ros2_ws/src/ros2_imu/include -isystem /opt/ros/humble/include/rclcpp -isystem /opt/ros/humble/include/sensor_msgs -isystem /opt/ros/humble/include/ament_index_cpp -isystem /opt/ros/humble/include/libstatistics_collector -isystem /opt/ros/humble/include/builtin_interfaces -isystem /opt/ros/humble/include/rosidl_runtime_c -isystem /opt/ros/humble/include/rcutils -isystem /opt/ros/humble/include/rosidl_typesupport_interface -isystem /opt/ros/humble/include/fastcdr -isystem /opt/ros/humble/include/rosidl_runtime_cpp -isystem /opt/ros/humble/include/rosidl_typesupport_fastrtps_cpp -isystem /opt/ros/humble/include/rmw -isystem /opt/ros/humble/include/rosidl_typesupport_fastrtps_c -isystem /opt/ros/humble/include/rosidl_typesupport_introspection_c -isystem /opt/ros/humble/include/rosidl_typesupport_introspection_cpp -isystem /opt/ros/humble/include/rcl -isystem /opt/ros/humble/include/rcl_interfaces -isystem /opt/ros/humble/include/rcl_logging_interface -isystem /opt/ros/humble/include/rcl_yaml_param_parser -isystem /opt/ros/humble/include/libyaml_vendor -isystem /opt/ros/humble/include/tracetools -isystem /opt/ros/humble/include/rcpputils -isystem /opt/ros/humble/include/statistics_msgs -isystem /opt/ros/humble/include/rosgraph_msgs -isystem /opt/ros/humble/include/rosidl_typesupport_cpp -isystem /opt/ros/humble/include/rosidl_typesupport_c -isystem /opt/ros/humble/include/geometry_msgs -isystem /opt/ros/humble/include/std_msgs -O3 -DNDEBUG -Wall -Wextra -Wpedantic -DMODEL=ros2_imu -DNUMST=1 -DNCSTATES=0 -DHAVESTDIO -DMODEL_HAS_DYNAMICALLY_LOADED_SFCNS=0 -DON_TARGET_WAIT_FOR_START=1 -DCLASSIC_INTERFACE=0 -DALLOCATIONFCN=0 -DTID01EQ=0 -DTERMFCN=1 -DONESTEPFCN=1 -DMAT_FILE=0 -DMULTI_INSTANCE_CODE=0 -DEXT_MODE=1 -DINTEGER_CODE=0 -DMT=0 -DROS2_PROJECT -DSTACK_SIZE=64 -D__MW_TARGET_USE_HARDWARE_RESOURCES_H__ -DRT=RT -fpermissive -std=gnu99 -MD -MT CMakeFiles/ros2_imu.dir/src/ext_svr.c.o -MF CMakeFiles/ros2_imu.dir/src/ext_svr.c.o.d -o CMakeFiles/ros2_imu.dir/src/ext_svr.c.o -c /home/ubuntu/ros2_ws/src/ros2_imu/src/ext_svr.c\n'}
[4.387167] (ros2_imu) StdoutLine: {'line': b'[ 23%] Building C object CMakeFiles/ros2_imu.dir/src/updown.c.o\n'}
[4.392193] (ros2_imu) StdoutLine: {'line': b'/usr/bin/cc -DDEFAULT_RMW_IMPLEMENTATION=rmw_fastrtps_cpp -DRCUTILS_ENABLE_FAULT_INJECTION -DROS_PACKAGE_NAME=\\"ros2_imu\\" -I/home/ubuntu/ros2_ws/src/ros2_imu/include/ros2_imu -I/home/ubuntu/ros2_ws/src/ros2_imu/include -isystem /opt/ros/humble/include/rclcpp -isystem /opt/ros/humble/include/sensor_msgs -isystem /opt/ros/humble/include/ament_index_cpp -isystem /opt/ros/humble/include/libstatistics_collector -isystem /opt/ros/humble/include/builtin_interfaces -isystem /opt/ros/humble/include/rosidl_runtime_c -isystem /opt/ros/humble/include/rcutils -isystem /opt/ros/humble/include/rosidl_typesupport_interface -isystem /opt/ros/humble/include/fastcdr -isystem /opt/ros/humble/include/rosidl_runtime_cpp -isystem /opt/ros/humble/include/rosidl_typesupport_fastrtps_cpp -isystem /opt/ros/humble/include/rmw -isystem /opt/ros/humble/include/rosidl_typesupport_fastrtps_c -isystem /opt/ros/humble/include/rosidl_typesupport_introspection_c -isystem /opt/ros/humble/include/rosidl_typesupport_introspection_cpp -isystem /opt/ros/humble/include/rcl -isystem /opt/ros/humble/include/rcl_interfaces -isystem /opt/ros/humble/include/rcl_logging_interface -isystem /opt/ros/humble/include/rcl_yaml_param_parser -isystem /opt/ros/humble/include/libyaml_vendor -isystem /opt/ros/humble/include/tracetools -isystem /opt/ros/humble/include/rcpputils -isystem /opt/ros/humble/include/statistics_msgs -isystem /opt/ros/humble/include/rosgraph_msgs -isystem /opt/ros/humble/include/rosidl_typesupport_cpp -isystem /opt/ros/humble/include/rosidl_typesupport_c -isystem /opt/ros/humble/include/geometry_msgs -isystem /opt/ros/humble/include/std_msgs -O3 -DNDEBUG -Wall -Wextra -Wpedantic -DMODEL=ros2_imu -DNUMST=1 -DNCSTATES=0 -DHAVESTDIO -DMODEL_HAS_DYNAMICALLY_LOADED_SFCNS=0 -DON_TARGET_WAIT_FOR_START=1 -DCLASSIC_INTERFACE=0 -DALLOCATIONFCN=0 -DTID01EQ=0 -DTERMFCN=1 -DONESTEPFCN=1 -DMAT_FILE=0 -DMULTI_INSTANCE_CODE=0 -DEXT_MODE=1 -DINTEGER_CODE=0 -DMT=0 -DROS2_PROJECT -DSTACK_SIZE=64 -D__MW_TARGET_USE_HARDWARE_RESOURCES_H__ -DRT=RT -fpermissive -std=gnu99 -MD -MT CMakeFiles/ros2_imu.dir/src/updown.c.o -MF CMakeFiles/ros2_imu.dir/src/updown.c.o.d -o CMakeFiles/ros2_imu.dir/src/updown.c.o -c /home/ubuntu/ros2_ws/src/ros2_imu/src/updown.c\n'}
[4.402866] (ros2_imu) StderrLine: {'line': b"cc1: warning: command-line option '-fpermissive' is valid for C++/ObjC++ but not for C\n"}
[4.419559] (ros2_imu) StdoutLine: {'line': b'[ 30%] Building C object CMakeFiles/ros2_imu.dir/src/rtiostream_interface.c.o\n'}
[4.422348] (-) TimerEvent: {}
[4.424671] (ros2_imu) StdoutLine: {'line': b'/usr/bin/cc -DDEFAULT_RMW_IMPLEMENTATION=rmw_fastrtps_cpp -DRCUTILS_ENABLE_FAULT_INJECTION -DROS_PACKAGE_NAME=\\"ros2_imu\\" -I/home/ubuntu/ros2_ws/src/ros2_imu/include/ros2_imu -I/home/ubuntu/ros2_ws/src/ros2_imu/include -isystem /opt/ros/humble/include/rclcpp -isystem /opt/ros/humble/include/sensor_msgs -isystem /opt/ros/humble/include/ament_index_cpp -isystem /opt/ros/humble/include/libstatistics_collector -isystem /opt/ros/humble/include/builtin_interfaces -isystem /opt/ros/humble/include/rosidl_runtime_c -isystem /opt/ros/humble/include/rcutils -isystem /opt/ros/humble/include/rosidl_typesupport_interface -isystem /opt/ros/humble/include/fastcdr -isystem /opt/ros/humble/include/rosidl_runtime_cpp -isystem /opt/ros/humble/include/rosidl_typesupport_fastrtps_cpp -isystem /opt/ros/humble/include/rmw -isystem /opt/ros/humble/include/rosidl_typesupport_fastrtps_c -isystem /opt/ros/humble/include/rosidl_typesupport_introspection_c -isystem /opt/ros/humble/include/rosidl_typesupport_introspection_cpp -isystem /opt/ros/humble/include/rcl -isystem /opt/ros/humble/include/rcl_interfaces -isystem /opt/ros/humble/include/rcl_logging_interface -isystem /opt/ros/humble/include/rcl_yaml_param_parser -isystem /opt/ros/humble/include/libyaml_vendor -isystem /opt/ros/humble/include/tracetools -isystem /opt/ros/humble/include/rcpputils -isystem /opt/ros/humble/include/statistics_msgs -isystem /opt/ros/humble/include/rosgraph_msgs -isystem /opt/ros/humble/include/rosidl_typesupport_cpp -isystem /opt/ros/humble/include/rosidl_typesupport_c -isystem /opt/ros/humble/include/geometry_msgs -isystem /opt/ros/humble/include/std_msgs -O3 -DNDEBUG -Wall -Wextra -Wpedantic -DMODEL=ros2_imu -DNUMST=1 -DNCSTATES=0 -DHAVESTDIO -DMODEL_HAS_DYNAMICALLY_LOADED_SFCNS=0 -DON_TARGET_WAIT_FOR_START=1 -DCLASSIC_INTERFACE=0 -DALLOCATIONFCN=0 -DTID01EQ=0 -DTERMFCN=1 -DONESTEPFCN=1 -DMAT_FILE=0 -DMULTI_INSTANCE_CODE=0 -DEXT_MODE=1 -DINTEGER_CODE=0 -DMT=0 -DROS2_PROJECT -DSTACK_SIZE=64 -D__MW_TARGET_USE_HARDWARE_RESOURCES_H__ -DRT=RT -fpermissive -std=gnu99 -MD -MT CMakeFiles/ros2_imu.dir/src/rtiostream_interface.c.o -MF CMakeFiles/ros2_imu.dir/src/rtiostream_interface.c.o.d -o CMakeFiles/ros2_imu.dir/src/rtiostream_interface.c.o -c /home/ubuntu/ros2_ws/src/ros2_imu/src/rtiostream_interface.c\n'}
[4.429374] (ros2_imu) StderrLine: {'line': b"cc1: warning: command-line option '-fpermissive' is valid for C++/ObjC++ but not for C\n"}
[4.454491] (ros2_imu) StderrLine: {'line': b"cc1: warning: command-line option '-fpermissive' is valid for C++/ObjC++ but not for C\n"}
[4.522526] (-) TimerEvent: {}
[4.622954] (-) TimerEvent: {}
[4.723888] (-) TimerEvent: {}
[4.824536] (-) TimerEvent: {}
[4.925048] (-) TimerEvent: {}
[5.025574] (-) TimerEvent: {}
[5.126105] (-) TimerEvent: {}
[5.180076] (ros2_imu) StdoutLine: {'line': b'[ 38%] Building C object CMakeFiles/ros2_imu.dir/src/rtiostream_utils.c.o\n'}
[5.184743] (ros2_imu) StdoutLine: {'line': b'/usr/bin/cc -DDEFAULT_RMW_IMPLEMENTATION=rmw_fastrtps_cpp -DRCUTILS_ENABLE_FAULT_INJECTION -DROS_PACKAGE_NAME=\\"ros2_imu\\" -I/home/ubuntu/ros2_ws/src/ros2_imu/include/ros2_imu -I/home/ubuntu/ros2_ws/src/ros2_imu/include -isystem /opt/ros/humble/include/rclcpp -isystem /opt/ros/humble/include/sensor_msgs -isystem /opt/ros/humble/include/ament_index_cpp -isystem /opt/ros/humble/include/libstatistics_collector -isystem /opt/ros/humble/include/builtin_interfaces -isystem /opt/ros/humble/include/rosidl_runtime_c -isystem /opt/ros/humble/include/rcutils -isystem /opt/ros/humble/include/rosidl_typesupport_interface -isystem /opt/ros/humble/include/fastcdr -isystem /opt/ros/humble/include/rosidl_runtime_cpp -isystem /opt/ros/humble/include/rosidl_typesupport_fastrtps_cpp -isystem /opt/ros/humble/include/rmw -isystem /opt/ros/humble/include/rosidl_typesupport_fastrtps_c -isystem /opt/ros/humble/include/rosidl_typesupport_introspection_c -isystem /opt/ros/humble/include/rosidl_typesupport_introspection_cpp -isystem /opt/ros/humble/include/rcl -isystem /opt/ros/humble/include/rcl_interfaces -isystem /opt/ros/humble/include/rcl_logging_interface -isystem /opt/ros/humble/include/rcl_yaml_param_parser -isystem /opt/ros/humble/include/libyaml_vendor -isystem /opt/ros/humble/include/tracetools -isystem /opt/ros/humble/include/rcpputils -isystem /opt/ros/humble/include/statistics_msgs -isystem /opt/ros/humble/include/rosgraph_msgs -isystem /opt/ros/humble/include/rosidl_typesupport_cpp -isystem /opt/ros/humble/include/rosidl_typesupport_c -isystem /opt/ros/humble/include/geometry_msgs -isystem /opt/ros/humble/include/std_msgs -O3 -DNDEBUG -Wall -Wextra -Wpedantic -DMODEL=ros2_imu -DNUMST=1 -DNCSTATES=0 -DHAVESTDIO -DMODEL_HAS_DYNAMICALLY_LOADED_SFCNS=0 -DON_TARGET_WAIT_FOR_START=1 -DCLASSIC_INTERFACE=0 -DALLOCATIONFCN=0 -DTID01EQ=0 -DTERMFCN=1 -DONESTEPFCN=1 -DMAT_FILE=0 -DMULTI_INSTANCE_CODE=0 -DEXT_MODE=1 -DINTEGER_CODE=0 -DMT=0 -DROS2_PROJECT -DSTACK_SIZE=64 -D__MW_TARGET_USE_HARDWARE_RESOURCES_H__ -DRT=RT -fpermissive -std=gnu99 -MD -MT CMakeFiles/ros2_imu.dir/src/rtiostream_utils.c.o -MF CMakeFiles/ros2_imu.dir/src/rtiostream_utils.c.o.d -o CMakeFiles/ros2_imu.dir/src/rtiostream_utils.c.o -c /home/ubuntu/ros2_ws/src/ros2_imu/src/rtiostream_utils.c\n'}
[5.214709] (ros2_imu) StderrLine: {'line': b"cc1: warning: command-line option '-fpermissive' is valid for C++/ObjC++ but not for C\n"}
[5.226368] (-) TimerEvent: {}
[5.326905] (-) TimerEvent: {}
[5.428007] (-) TimerEvent: {}
[5.450600] (ros2_imu) StdoutLine: {'line': b'[ 46%] Building CXX object CMakeFiles/ros2_imu.dir/src/main.cpp.o\n'}
[5.457891] (ros2_imu) StdoutLine: {'line': b'/usr/bin/c++ -DDEFAULT_RMW_IMPLEMENTATION=rmw_fastrtps_cpp -DRCUTILS_ENABLE_FAULT_INJECTION -DROS_PACKAGE_NAME=\\"ros2_imu\\" -I/home/ubuntu/ros2_ws/src/ros2_imu/include/ros2_imu -I/home/ubuntu/ros2_ws/src/ros2_imu/include -isystem /opt/ros/humble/include/rclcpp -isystem /opt/ros/humble/include/sensor_msgs -isystem /opt/ros/humble/include/ament_index_cpp -isystem /opt/ros/humble/include/libstatistics_collector -isystem /opt/ros/humble/include/builtin_interfaces -isystem /opt/ros/humble/include/rosidl_runtime_c -isystem /opt/ros/humble/include/rcutils -isystem /opt/ros/humble/include/rosidl_typesupport_interface -isystem /opt/ros/humble/include/fastcdr -isystem /opt/ros/humble/include/rosidl_runtime_cpp -isystem /opt/ros/humble/include/rosidl_typesupport_fastrtps_cpp -isystem /opt/ros/humble/include/rmw -isystem /opt/ros/humble/include/rosidl_typesupport_fastrtps_c -isystem /opt/ros/humble/include/rosidl_typesupport_introspection_c -isystem /opt/ros/humble/include/rosidl_typesupport_introspection_cpp -isystem /opt/ros/humble/include/rcl -isystem /opt/ros/humble/include/rcl_interfaces -isystem /opt/ros/humble/include/rcl_logging_interface -isystem /opt/ros/humble/include/rcl_yaml_param_parser -isystem /opt/ros/humble/include/libyaml_vendor -isystem /opt/ros/humble/include/tracetools -isystem /opt/ros/humble/include/rcpputils -isystem /opt/ros/humble/include/statistics_msgs -isystem /opt/ros/humble/include/rosgraph_msgs -isystem /opt/ros/humble/include/rosidl_typesupport_cpp -isystem /opt/ros/humble/include/rosidl_typesupport_c -isystem /opt/ros/humble/include/geometry_msgs -isystem /opt/ros/humble/include/std_msgs -O3 -DNDEBUG -Wall -Wextra -Wpedantic -DMODEL=ros2_imu -DNUMST=1 -DNCSTATES=0 -DHAVESTDIO -DMODEL_HAS_DYNAMICALLY_LOADED_SFCNS=0 -DON_TARGET_WAIT_FOR_START=1 -DCLASSIC_INTERFACE=0 -DALLOCATIONFCN=0 -DTID01EQ=0 -DTERMFCN=1 -DONESTEPFCN=1 -DMAT_FILE=0 -DMULTI_INSTANCE_CODE=0 -DEXT_MODE=1 -DINTEGER_CODE=0 -DMT=0 -DROS2_PROJECT -DSTACK_SIZE=64 -D__MW_TARGET_USE_HARDWARE_RESOURCES_H__ -DRT=RT -fpermissive -MD -MT CMakeFiles/ros2_imu.dir/src/main.cpp.o -MF CMakeFiles/ros2_imu.dir/src/main.cpp.o.d -o CMakeFiles/ros2_imu.dir/src/main.cpp.o -c /home/ubuntu/ros2_ws/src/ros2_imu/src/main.cpp\n'}
[5.498256] (ros2_imu) StdoutLine: {'line': b'[ 53%] Building CXX object CMakeFiles/ros2_imu.dir/src/ros2_imu.cpp.o\n'}
[5.506244] (ros2_imu) StdoutLine: {'line': b'/usr/bin/c++ -DDEFAULT_RMW_IMPLEMENTATION=rmw_fastrtps_cpp -DRCUTILS_ENABLE_FAULT_INJECTION -DROS_PACKAGE_NAME=\\"ros2_imu\\" -I/home/ubuntu/ros2_ws/src/ros2_imu/include/ros2_imu -I/home/ubuntu/ros2_ws/src/ros2_imu/include -isystem /opt/ros/humble/include/rclcpp -isystem /opt/ros/humble/include/sensor_msgs -isystem /opt/ros/humble/include/ament_index_cpp -isystem /opt/ros/humble/include/libstatistics_collector -isystem /opt/ros/humble/include/builtin_interfaces -isystem /opt/ros/humble/include/rosidl_runtime_c -isystem /opt/ros/humble/include/rcutils -isystem /opt/ros/humble/include/rosidl_typesupport_interface -isystem /opt/ros/humble/include/fastcdr -isystem /opt/ros/humble/include/rosidl_runtime_cpp -isystem /opt/ros/humble/include/rosidl_typesupport_fastrtps_cpp -isystem /opt/ros/humble/include/rmw -isystem /opt/ros/humble/include/rosidl_typesupport_fastrtps_c -isystem /opt/ros/humble/include/rosidl_typesupport_introspection_c -isystem /opt/ros/humble/include/rosidl_typesupport_introspection_cpp -isystem /opt/ros/humble/include/rcl -isystem /opt/ros/humble/include/rcl_interfaces -isystem /opt/ros/humble/include/rcl_logging_interface -isystem /opt/ros/humble/include/rcl_yaml_param_parser -isystem /opt/ros/humble/include/libyaml_vendor -isystem /opt/ros/humble/include/tracetools -isystem /opt/ros/humble/include/rcpputils -isystem /opt/ros/humble/include/statistics_msgs -isystem /opt/ros/humble/include/rosgraph_msgs -isystem /opt/ros/humble/include/rosidl_typesupport_cpp -isystem /opt/ros/humble/include/rosidl_typesupport_c -isystem /opt/ros/humble/include/geometry_msgs -isystem /opt/ros/humble/include/std_msgs -O3 -DNDEBUG -Wall -Wextra -Wpedantic -DMODEL=ros2_imu -DNUMST=1 -DNCSTATES=0 -DHAVESTDIO -DMODEL_HAS_DYNAMICALLY_LOADED_SFCNS=0 -DON_TARGET_WAIT_FOR_START=1 -DCLASSIC_INTERFACE=0 -DALLOCATIONFCN=0 -DTID01EQ=0 -DTERMFCN=1 -DONESTEPFCN=1 -DMAT_FILE=0 -DMULTI_INSTANCE_CODE=0 -DEXT_MODE=1 -DINTEGER_CODE=0 -DMT=0 -DROS2_PROJECT -DSTACK_SIZE=64 -D__MW_TARGET_USE_HARDWARE_RESOURCES_H__ -DRT=RT -fpermissive -MD -MT CMakeFiles/ros2_imu.dir/src/ros2_imu.cpp.o -MF CMakeFiles/ros2_imu.dir/src/ros2_imu.cpp.o.d -o CMakeFiles/ros2_imu.dir/src/ros2_imu.cpp.o -c /home/ubuntu/ros2_ws/src/ros2_imu/src/ros2_imu.cpp\n'}
[5.528232] (-) TimerEvent: {}
[5.628801] (-) TimerEvent: {}
[5.729326] (-) TimerEvent: {}
[5.830726] (-) TimerEvent: {}
[5.931723] (-) TimerEvent: {}
[6.034342] (-) TimerEvent: {}
[6.134829] (-) TimerEvent: {}
[6.163613] (ros2_imu) StdoutLine: {'line': b'[ 61%] Building CXX object CMakeFiles/ros2_imu.dir/src/ros2_imu_data.cpp.o\n'}
[6.173687] (ros2_imu) StdoutLine: {'line': b'/usr/bin/c++ -DDEFAULT_RMW_IMPLEMENTATION=rmw_fastrtps_cpp -DRCUTILS_ENABLE_FAULT_INJECTION -DROS_PACKAGE_NAME=\\"ros2_imu\\" -I/home/ubuntu/ros2_ws/src/ros2_imu/include/ros2_imu -I/home/ubuntu/ros2_ws/src/ros2_imu/include -isystem /opt/ros/humble/include/rclcpp -isystem /opt/ros/humble/include/sensor_msgs -isystem /opt/ros/humble/include/ament_index_cpp -isystem /opt/ros/humble/include/libstatistics_collector -isystem /opt/ros/humble/include/builtin_interfaces -isystem /opt/ros/humble/include/rosidl_runtime_c -isystem /opt/ros/humble/include/rcutils -isystem /opt/ros/humble/include/rosidl_typesupport_interface -isystem /opt/ros/humble/include/fastcdr -isystem /opt/ros/humble/include/rosidl_runtime_cpp -isystem /opt/ros/humble/include/rosidl_typesupport_fastrtps_cpp -isystem /opt/ros/humble/include/rmw -isystem /opt/ros/humble/include/rosidl_typesupport_fastrtps_c -isystem /opt/ros/humble/include/rosidl_typesupport_introspection_c -isystem /opt/ros/humble/include/rosidl_typesupport_introspection_cpp -isystem /opt/ros/humble/include/rcl -isystem /opt/ros/humble/include/rcl_interfaces -isystem /opt/ros/humble/include/rcl_logging_interface -isystem /opt/ros/humble/include/rcl_yaml_param_parser -isystem /opt/ros/humble/include/libyaml_vendor -isystem /opt/ros/humble/include/tracetools -isystem /opt/ros/humble/include/rcpputils -isystem /opt/ros/humble/include/statistics_msgs -isystem /opt/ros/humble/include/rosgraph_msgs -isystem /opt/ros/humble/include/rosidl_typesupport_cpp -isystem /opt/ros/humble/include/rosidl_typesupport_c -isystem /opt/ros/humble/include/geometry_msgs -isystem /opt/ros/humble/include/std_msgs -O3 -DNDEBUG -Wall -Wextra -Wpedantic -DMODEL=ros2_imu -DNUMST=1 -DNCSTATES=0 -DHAVESTDIO -DMODEL_HAS_DYNAMICALLY_LOADED_SFCNS=0 -DON_TARGET_WAIT_FOR_START=1 -DCLASSIC_INTERFACE=0 -DALLOCATIONFCN=0 -DTID01EQ=0 -DTERMFCN=1 -DONESTEPFCN=1 -DMAT_FILE=0 -DMULTI_INSTANCE_CODE=0 -DEXT_MODE=1 -DINTEGER_CODE=0 -DMT=0 -DROS2_PROJECT -DSTACK_SIZE=64 -D__MW_TARGET_USE_HARDWARE_RESOURCES_H__ -DRT=RT -fpermissive -MD -MT CMakeFiles/ros2_imu.dir/src/ros2_imu_data.cpp.o -MF CMakeFiles/ros2_imu.dir/src/ros2_imu_data.cpp.o.d -o CMakeFiles/ros2_imu.dir/src/ros2_imu_data.cpp.o -c /home/ubuntu/ros2_ws/src/ros2_imu/src/ros2_imu_data.cpp\n'}
[6.235096] (-) TimerEvent: {}
[6.335581] (-) TimerEvent: {}
[6.436054] (-) TimerEvent: {}
[6.536726] (-) TimerEvent: {}
[6.637209] (-) TimerEvent: {}
[6.737646] (-) TimerEvent: {}
[6.745245] (ros2_imu) StdoutLine: {'line': b'[ 69%] Building CXX object CMakeFiles/ros2_imu.dir/src/ros2nodeinterface.cpp.o\n'}
[6.754804] (ros2_imu) StdoutLine: {'line': b'/usr/bin/c++ -DDEFAULT_RMW_IMPLEMENTATION=rmw_fastrtps_cpp -DRCUTILS_ENABLE_FAULT_INJECTION -DROS_PACKAGE_NAME=\\"ros2_imu\\" -I/home/ubuntu/ros2_ws/src/ros2_imu/include/ros2_imu -I/home/ubuntu/ros2_ws/src/ros2_imu/include -isystem /opt/ros/humble/include/rclcpp -isystem /opt/ros/humble/include/sensor_msgs -isystem /opt/ros/humble/include/ament_index_cpp -isystem /opt/ros/humble/include/libstatistics_collector -isystem /opt/ros/humble/include/builtin_interfaces -isystem /opt/ros/humble/include/rosidl_runtime_c -isystem /opt/ros/humble/include/rcutils -isystem /opt/ros/humble/include/rosidl_typesupport_interface -isystem /opt/ros/humble/include/fastcdr -isystem /opt/ros/humble/include/rosidl_runtime_cpp -isystem /opt/ros/humble/include/rosidl_typesupport_fastrtps_cpp -isystem /opt/ros/humble/include/rmw -isystem /opt/ros/humble/include/rosidl_typesupport_fastrtps_c -isystem /opt/ros/humble/include/rosidl_typesupport_introspection_c -isystem /opt/ros/humble/include/rosidl_typesupport_introspection_cpp -isystem /opt/ros/humble/include/rcl -isystem /opt/ros/humble/include/rcl_interfaces -isystem /opt/ros/humble/include/rcl_logging_interface -isystem /opt/ros/humble/include/rcl_yaml_param_parser -isystem /opt/ros/humble/include/libyaml_vendor -isystem /opt/ros/humble/include/tracetools -isystem /opt/ros/humble/include/rcpputils -isystem /opt/ros/humble/include/statistics_msgs -isystem /opt/ros/humble/include/rosgraph_msgs -isystem /opt/ros/humble/include/rosidl_typesupport_cpp -isystem /opt/ros/humble/include/rosidl_typesupport_c -isystem /opt/ros/humble/include/geometry_msgs -isystem /opt/ros/humble/include/std_msgs -O3 -DNDEBUG -Wall -Wextra -Wpedantic -DMODEL=ros2_imu -DNUMST=1 -DNCSTATES=0 -DHAVESTDIO -DMODEL_HAS_DYNAMICALLY_LOADED_SFCNS=0 -DON_TARGET_WAIT_FOR_START=1 -DCLASSIC_INTERFACE=0 -DALLOCATIONFCN=0 -DTID01EQ=0 -DTERMFCN=1 -DONESTEPFCN=1 -DMAT_FILE=0 -DMULTI_INSTANCE_CODE=0 -DEXT_MODE=1 -DINTEGER_CODE=0 -DMT=0 -DROS2_PROJECT -DSTACK_SIZE=64 -D__MW_TARGET_USE_HARDWARE_RESOURCES_H__ -DRT=RT -fpermissive -MD -MT CMakeFiles/ros2_imu.dir/src/ros2nodeinterface.cpp.o -MF CMakeFiles/ros2_imu.dir/src/ros2nodeinterface.cpp.o.d -o CMakeFiles/ros2_imu.dir/src/ros2nodeinterface.cpp.o -c /home/ubuntu/ros2_ws/src/ros2_imu/src/ros2nodeinterface.cpp\n'}
[6.837820] (-) TimerEvent: {}
[6.938214] (-) TimerEvent: {}
[7.038634] (-) TimerEvent: {}
[7.139076] (-) TimerEvent: {}
[7.240478] (-) TimerEvent: {}
[7.340965] (-) TimerEvent: {}
[7.442283] (-) TimerEvent: {}
[7.542688] (-) TimerEvent: {}
[7.643138] (-) TimerEvent: {}
[7.743608] (-) TimerEvent: {}
[7.844079] (-) TimerEvent: {}
[7.944982] (-) TimerEvent: {}
[8.045461] (-) TimerEvent: {}
[8.145968] (-) TimerEvent: {}
[8.246414] (-) TimerEvent: {}
[8.346875] (-) TimerEvent: {}
[8.447348] (-) TimerEvent: {}
[8.548115] (-) TimerEvent: {}
[8.648594] (-) TimerEvent: {}
[8.749052] (-) TimerEvent: {}
[8.849629] (-) TimerEvent: {}
[8.950112] (-) TimerEvent: {}
[9.050855] (-) TimerEvent: {}
[9.151876] (-) TimerEvent: {}
[9.252425] (-) TimerEvent: {}
[9.352910] (-) TimerEvent: {}
[9.453373] (-) TimerEvent: {}
[9.553835] (-) TimerEvent: {}
[9.654318] (-) TimerEvent: {}
[9.754816] (-) TimerEvent: {}
[9.855291] (-) TimerEvent: {}
[9.955809] (-) TimerEvent: {}
[10.056963] (-) TimerEvent: {}
[10.157544] (-) TimerEvent: {}
[10.258849] (-) TimerEvent: {}
[10.359334] (-) TimerEvent: {}
[10.459813] (-) TimerEvent: {}
[10.560314] (-) TimerEvent: {}
[10.660782] (-) TimerEvent: {}
[10.761740] (-) TimerEvent: {}
[10.862290] (-) TimerEvent: {}
[10.962843] (-) TimerEvent: {}
[11.064352] (-) TimerEvent: {}
[11.164953] (-) TimerEvent: {}
[11.265459] (-) TimerEvent: {}
[11.366061] (-) TimerEvent: {}
[11.466576] (-) TimerEvent: {}
[11.567112] (-) TimerEvent: {}
[11.667736] (-) TimerEvent: {}
[11.768387] (-) TimerEvent: {}
[11.869015] (-) TimerEvent: {}
[11.969880] (-) TimerEvent: {}
[12.070447] (-) TimerEvent: {}
[12.171820] (-) TimerEvent: {}
[12.272359] (-) TimerEvent: {}
[12.373062] (-) TimerEvent: {}
[12.473578] (-) TimerEvent: {}
[12.574117] (-) TimerEvent: {}
[12.674657] (-) TimerEvent: {}
[12.775224] (-) TimerEvent: {}
[12.875719] (-) TimerEvent: {}
[12.979015] (-) TimerEvent: {}
[13.079605] (-) TimerEvent: {}
[13.180216] (-) TimerEvent: {}
[13.280725] (-) TimerEvent: {}
[13.381206] (-) TimerEvent: {}
[13.481710] (-) TimerEvent: {}
[13.582216] (-) TimerEvent: {}
[13.683058] (-) TimerEvent: {}
[13.783682] (-) TimerEvent: {}
[13.884223] (-) TimerEvent: {}
[13.984919] (-) TimerEvent: {}
[14.085447] (-) TimerEvent: {}
[14.185980] (-) TimerEvent: {}
[14.287063] (-) TimerEvent: {}
[14.387696] (-) TimerEvent: {}
[14.488375] (-) TimerEvent: {}
[14.588954] (-) TimerEvent: {}
[14.689530] (-) TimerEvent: {}
[14.790080] (-) TimerEvent: {}
[14.890589] (-) TimerEvent: {}
[14.991128] (-) TimerEvent: {}
[15.091648] (-) TimerEvent: {}
[15.192237] (-) TimerEvent: {}
[15.293113] (-) TimerEvent: {}
[15.393709] (-) TimerEvent: {}
[15.494330] (-) TimerEvent: {}
[15.594868] (-) TimerEvent: {}
[15.695423] (-) TimerEvent: {}
[15.796039] (-) TimerEvent: {}
[15.896621] (-) TimerEvent: {}
[15.997186] (-) TimerEvent: {}
[16.097803] (-) TimerEvent: {}
[16.198336] (-) TimerEvent: {}
[16.298849] (-) TimerEvent: {}
[16.399345] (-) TimerEvent: {}
[16.499947] (-) TimerEvent: {}
[16.600642] (-) TimerEvent: {}
[16.701125] (-) TimerEvent: {}
[16.801639] (-) TimerEvent: {}
[16.902134] (-) TimerEvent: {}
[17.002669] (-) TimerEvent: {}
[17.103257] (-) TimerEvent: {}
[17.205276] (-) TimerEvent: {}
[17.305896] (-) TimerEvent: {}
[17.406964] (-) TimerEvent: {}
[17.507671] (-) TimerEvent: {}
[17.608297] (-) TimerEvent: {}
[17.708805] (-) TimerEvent: {}
[17.809343] (-) TimerEvent: {}
[17.910646] (-) TimerEvent: {}
[18.011291] (-) TimerEvent: {}
[18.112024] (-) TimerEvent: {}
[18.212662] (-) TimerEvent: {}
[18.313341] (-) TimerEvent: {}
[18.413963] (-) TimerEvent: {}
[18.514521] (-) TimerEvent: {}
[18.615074] (-) TimerEvent: {}
[18.715687] (-) TimerEvent: {}
[18.816213] (-) TimerEvent: {}
[18.916716] (-) TimerEvent: {}
[19.017230] (-) TimerEvent: {}
[19.118024] (-) TimerEvent: {}
[19.218626] (-) TimerEvent: {}
[19.320166] (-) TimerEvent: {}
[19.420729] (-) TimerEvent: {}
[19.521243] (-) TimerEvent: {}
[19.621788] (-) TimerEvent: {}
[19.726714] (-) TimerEvent: {}
[19.827351] (-) TimerEvent: {}
[19.927849] (-) TimerEvent: {}
[20.028382] (-) TimerEvent: {}
[20.129448] (-) TimerEvent: {}
[20.229926] (-) TimerEvent: {}
[20.330445] (-) TimerEvent: {}
[20.430994] (-) TimerEvent: {}
[20.531570] (-) TimerEvent: {}
[20.632088] (-) TimerEvent: {}
[20.732687] (-) TimerEvent: {}
[20.833206] (-) TimerEvent: {}
[20.933735] (-) TimerEvent: {}
[21.034430] (-) TimerEvent: {}
[21.135016] (-) TimerEvent: {}
[21.235536] (-) TimerEvent: {}
[21.336513] (-) TimerEvent: {}
[21.437057] (-) TimerEvent: {}
[21.538349] (-) TimerEvent: {}
[21.638934] (-) TimerEvent: {}
[21.739491] (-) TimerEvent: {}
[21.840090] (-) TimerEvent: {}
[21.941459] (-) TimerEvent: {}
[22.042064] (-) TimerEvent: {}
[22.143852] (-) TimerEvent: {}
[22.244526] (-) TimerEvent: {}
[22.345084] (-) TimerEvent: {}
[22.445624] (-) TimerEvent: {}
[22.546170] (-) TimerEvent: {}
[22.646776] (-) TimerEvent: {}
[22.747288] (-) TimerEvent: {}
[22.847822] (-) TimerEvent: {}
[22.949037] (-) TimerEvent: {}
[23.049713] (-) TimerEvent: {}
[23.150278] (-) TimerEvent: {}
[23.250813] (-) TimerEvent: {}
[23.352508] (-) TimerEvent: {}
[23.453053] (-) TimerEvent: {}
[23.553618] (-) TimerEvent: {}
[23.654135] (-) TimerEvent: {}
[23.755149] (-) TimerEvent: {}
[23.855764] (-) TimerEvent: {}
[23.956457] (-) TimerEvent: {}
[24.057055] (-) TimerEvent: {}
[24.157716] (-) TimerEvent: {}
[24.258481] (-) TimerEvent: {}
[24.359523] (-) TimerEvent: {}
[24.460027] (-) TimerEvent: {}
[24.560762] (-) TimerEvent: {}
[24.661341] (-) TimerEvent: {}
[24.761878] (-) TimerEvent: {}
[24.862400] (-) TimerEvent: {}
[24.962949] (-) TimerEvent: {}
[25.063505] (-) TimerEvent: {}
[25.164036] (-) TimerEvent: {}
[25.264523] (-) TimerEvent: {}
[25.365075] (-) TimerEvent: {}
[25.465983] (-) TimerEvent: {}
[25.566525] (-) TimerEvent: {}
[25.667037] (-) TimerEvent: {}
[25.767592] (-) TimerEvent: {}
[25.868700] (-) TimerEvent: {}
[25.969241] (-) TimerEvent: {}
[26.069826] (-) TimerEvent: {}
[26.170360] (-) TimerEvent: {}
[26.270897] (-) TimerEvent: {}
[26.371822] (-) TimerEvent: {}
[26.473072] (-) TimerEvent: {}
[26.573608] (-) TimerEvent: {}
[26.674191] (-) TimerEvent: {}
[26.774666] (-) TimerEvent: {}
[26.875185] (-) TimerEvent: {}
[26.975696] (-) TimerEvent: {}
[27.076232] (-) TimerEvent: {}
[27.177058] (-) TimerEvent: {}
[27.277531] (-) TimerEvent: {}
[27.378050] (-) TimerEvent: {}
[27.478596] (-) TimerEvent: {}
[27.579186] (-) TimerEvent: {}
[27.679741] (-) TimerEvent: {}
[27.780915] (-) TimerEvent: {}
[27.881448] (-) TimerEvent: {}
[27.981922] (-) TimerEvent: {}
[28.082384] (-) TimerEvent: {}
[28.183893] (-) TimerEvent: {}
[28.284439] (-) TimerEvent: {}
[28.384910] (-) TimerEvent: {}
[28.485464] (-) TimerEvent: {}
[28.586027] (-) TimerEvent: {}
[28.686505] (-) TimerEvent: {}
[28.787030] (-) TimerEvent: {}
[28.888206] (-) TimerEvent: {}
[28.989752] (-) TimerEvent: {}
[29.090327] (-) TimerEvent: {}
[29.190850] (-) TimerEvent: {}
[29.291400] (-) TimerEvent: {}
[29.391887] (-) TimerEvent: {}
[29.492397] (-) TimerEvent: {}
[29.592938] (-) TimerEvent: {}
[29.693642] (-) TimerEvent: {}
[29.796720] (-) TimerEvent: {}
[29.897220] (-) TimerEvent: {}
[29.997717] (-) TimerEvent: {}
[30.098524] (-) TimerEvent: {}
[30.199045] (-) TimerEvent: {}
[30.300927] (-) TimerEvent: {}
[30.402465] (-) TimerEvent: {}
[30.503233] (-) TimerEvent: {}
[30.606911] (-) TimerEvent: {}
[30.708413] (-) TimerEvent: {}
[30.809160] (-) TimerEvent: {}
[30.910073] (-) TimerEvent: {}
[31.011633] (-) TimerEvent: {}
[31.112949] (-) TimerEvent: {}
[31.213751] (-) TimerEvent: {}
[31.314252] (-) TimerEvent: {}
[31.414803] (-) TimerEvent: {}
[31.515367] (-) TimerEvent: {}
[31.615904] (-) TimerEvent: {}
[31.716438] (-) TimerEvent: {}
[31.816950] (-) TimerEvent: {}
[31.917421] (-) TimerEvent: {}
[32.017950] (-) TimerEvent: {}
[32.118524] (-) TimerEvent: {}
[32.219572] (-) TimerEvent: {}
[32.320364] (-) TimerEvent: {}
[32.421057] (-) TimerEvent: {}
[32.523136] (-) TimerEvent: {}
[32.624412] (-) TimerEvent: {}
[32.726746] (-) TimerEvent: {}
[32.828024] (-) TimerEvent: {}
[32.929795] (-) TimerEvent: {}
[33.030640] (-) TimerEvent: {}
[33.131375] (-) TimerEvent: {}
[33.232127] (-) TimerEvent: {}
[33.334867] (-) TimerEvent: {}
[33.436018] (-) TimerEvent: {}
[33.537028] (-) TimerEvent: {}
[33.639135] (-) TimerEvent: {}
[33.739997] (-) TimerEvent: {}
[33.840726] (-) TimerEvent: {}
[33.943081] (-) TimerEvent: {}
[34.043891] (-) TimerEvent: {}
[34.145137] (-) TimerEvent: {}
[34.245884] (-) TimerEvent: {}
[34.347715] (-) TimerEvent: {}
[34.448442] (-) TimerEvent: {}
[34.549090] (-) TimerEvent: {}
[34.649803] (-) TimerEvent: {}
[34.751255] (-) TimerEvent: {}
[34.856581] (-) TimerEvent: {}
[34.957412] (-) TimerEvent: {}
[35.058466] (-) TimerEvent: {}
[35.159118] (-) TimerEvent: {}
[35.260486] (-) TimerEvent: {}
[35.361297] (-) TimerEvent: {}
[35.462890] (-) TimerEvent: {}
[35.563782] (-) TimerEvent: {}
[35.665012] (-) TimerEvent: {}
[35.765888] (-) TimerEvent: {}
[35.866548] (-) TimerEvent: {}
[35.967204] (-) TimerEvent: {}
[36.067757] (-) TimerEvent: {}
[36.168326] (-) TimerEvent: {}
[36.268850] (-) TimerEvent: {}
[36.369382] (-) TimerEvent: {}
[36.469885] (-) TimerEvent: {}
[36.570741] (-) TimerEvent: {}
[36.671443] (-) TimerEvent: {}
[36.772483] (-) TimerEvent: {}
[36.873257] (-) TimerEvent: {}
[36.974276] (ros2_imu) StderrLine: {'line': b'In file included from /home/ubuntu/ros2_ws/src/ros2_imu/src/ros2nodeinterface.cpp:31:\n'}
[36.975313] (-) TimerEvent: {}
[36.975544] (ros2_imu) StderrLine: {'line': b"/home/ubuntu/ros2_ws/src/ros2_imu/include/ros2_imu/ros2nodeinterface.h: In constructor 'ros2::matlab::NodeInterface::NodeInterface()':\n"}
[36.976518] (ros2_imu) StderrLine: {'line': b"/home/ubuntu/ros2_ws/src/ros2_imu/include/ros2_imu/ros2nodeinterface.h:77:38: warning: 'ros2::matlab::NodeInterface::mExtModeThread' will be initialized after [-Wreorder]\n"}
[36.977459] (ros2_imu) StderrLine: {'line': b'   77 |         std::shared_ptr<std::thread> mExtModeThread;\n'}
[36.978325] (ros2_imu) StderrLine: {'line': b'      |                                      ^~~~~~~~~~~~~~\n'}
[36.979159] (ros2_imu) StderrLine: {'line': b"/home/ubuntu/ros2_ws/src/ros2_imu/include/ros2_imu/ros2nodeinterface.h:74:15: warning:   'ros2::matlab::Semaphore ros2::matlab::NodeInterface::mStopSem' [-Wreorder]\n"}
[36.989774] (ros2_imu) StderrLine: {'line': b'   74 |     Semaphore mStopSem;\n'}
[36.990590] (ros2_imu) StderrLine: {'line': b'      |               ^~~~~~~~\n'}
[36.991364] (ros2_imu) StderrLine: {'line': b'/home/ubuntu/ros2_ws/src/ros2_imu/src/ros2nodeinterface.cpp:43:1: warning:   when initialized here [-Wreorder]\n'}
[36.992198] (ros2_imu) StderrLine: {'line': b'   43 | NodeInterface::NodeInterface()\n'}
[36.992982] (ros2_imu) StderrLine: {'line': b'      | ^~~~~~~~~~~~~\n'}
[37.001767] (ros2_imu) StderrLine: {'line': b"/home/ubuntu/ros2_ws/src/ros2_imu/src/ros2nodeinterface.cpp: In member function 'void ros2::matlab::NodeInterface::initialize(int, char* const*)':\n"}
[37.007808] (ros2_imu) StderrLine: {'line': b"/home/ubuntu/ros2_ws/src/ros2_imu/src/ros2nodeinterface.cpp:67:47: warning: ISO C++ forbids converting a string constant to 'char*' [-Wwrite-strings]\n"}
[37.008753] (ros2_imu) StderrLine: {'line': b'   67 |                         char* extmodeArg[] = {"-port","17725","-blocking","1","-verbose","0"};\n'}
[37.009560] (ros2_imu) StderrLine: {'line': b'      |                                               ^~~~~~~\n'}
[37.010352] (ros2_imu) StderrLine: {'line': b"/home/ubuntu/ros2_ws/src/ros2_imu/src/ros2nodeinterface.cpp:67:55: warning: ISO C++ forbids converting a string constant to 'char*' [-Wwrite-strings]\n"}
[37.012793] (ros2_imu) StderrLine: {'line': b'   67 |                         char* extmodeArg[] = {"-port","17725","-blocking","1","-verbose","0"};\n'}
[37.013512] (ros2_imu) StderrLine: {'line': b'      |                                                       ^~~~~~~\n'}
[37.014169] (ros2_imu) StderrLine: {'line': b"/home/ubuntu/ros2_ws/src/ros2_imu/src/ros2nodeinterface.cpp:67:63: warning: ISO C++ forbids converting a string constant to 'char*' [-Wwrite-strings]\n"}
[37.014732] (ros2_imu) StderrLine: {'line': b'   67 |                         char* extmodeArg[] = {"-port","17725","-blocking","1","-verbose","0"};\n'}
[37.015259] (ros2_imu) StderrLine: {'line': b'      |                                                               ^~~~~~~~~~~\n'}
[37.020623] (ros2_imu) StderrLine: {'line': b"/home/ubuntu/ros2_ws/src/ros2_imu/src/ros2nodeinterface.cpp:67:75: warning: ISO C++ forbids converting a string constant to 'char*' [-Wwrite-strings]\n"}
[37.021455] (ros2_imu) StderrLine: {'line': b'   67 |                         char* extmodeArg[] = {"-port","17725","-blocking","1","-verbose","0"};\n'}
[37.022282] (ros2_imu) StderrLine: {'line': b'      |                                                                           ^~~\n'}
[37.023033] (ros2_imu) StderrLine: {'line': b"/home/ubuntu/ros2_ws/src/ros2_imu/src/ros2nodeinterface.cpp:67:79: warning: ISO C++ forbids converting a string constant to 'char*' [-Wwrite-strings]\n"}
[37.023819] (ros2_imu) StderrLine: {'line': b'   67 |                         char* extmodeArg[] = {"-port","17725","-blocking","1","-verbose","0"};\n'}
[37.028848] (ros2_imu) StderrLine: {'line': b'      |                                                                               ^~~~~~~~~~\n'}
[37.032404] (ros2_imu) StderrLine: {'line': b"/home/ubuntu/ros2_ws/src/ros2_imu/src/ros2nodeinterface.cpp:67:90: warning: ISO C++ forbids converting a string constant to 'char*' [-Wwrite-strings]\n"}
[37.033337] (ros2_imu) StderrLine: {'line': b'   67 |                         char* extmodeArg[] = {"-port","17725","-blocking","1","-verbose","0"};\n'}
[37.034140] (ros2_imu) StderrLine: {'line': b'      |                                                                                          ^~~\n'}
[37.075564] (-) TimerEvent: {}
[37.176059] (-) TimerEvent: {}
[37.276589] (-) TimerEvent: {}
[37.377128] (-) TimerEvent: {}
[37.477624] (-) TimerEvent: {}
[37.578339] (-) TimerEvent: {}
[37.678905] (-) TimerEvent: {}
[37.779438] (-) TimerEvent: {}
[37.880029] (-) TimerEvent: {}
[37.980569] (-) TimerEvent: {}
[38.081747] (-) TimerEvent: {}
[38.182661] (-) TimerEvent: {}
[38.283419] (-) TimerEvent: {}
[38.383957] (-) TimerEvent: {}
[38.484570] (-) TimerEvent: {}
[38.585247] (-) TimerEvent: {}
[38.685830] (-) TimerEvent: {}
[38.786395] (-) TimerEvent: {}
[38.887444] (-) TimerEvent: {}
[38.987989] (-) TimerEvent: {}
[39.088821] (-) TimerEvent: {}
[39.189669] (-) TimerEvent: {}
[39.290164] (-) TimerEvent: {}
[39.390899] (-) TimerEvent: {}
[39.491386] (-) TimerEvent: {}
[39.591942] (-) TimerEvent: {}
[39.692489] (-) TimerEvent: {}
[39.792947] (-) TimerEvent: {}
[39.893534] (-) TimerEvent: {}
[39.994044] (-) TimerEvent: {}
[40.094572] (-) TimerEvent: {}
[40.195196] (-) TimerEvent: {}
[40.295720] (-) TimerEvent: {}
[40.396295] (-) TimerEvent: {}
[40.497259] (-) TimerEvent: {}
[40.597761] (-) TimerEvent: {}
[40.698967] (-) TimerEvent: {}
[40.799503] (-) TimerEvent: {}
[40.900400] (-) TimerEvent: {}
[41.000973] (-) TimerEvent: {}
[41.101497] (-) TimerEvent: {}
[41.202044] (-) TimerEvent: {}
[41.303386] (-) TimerEvent: {}
[41.404008] (-) TimerEvent: {}
[41.505108] (-) TimerEvent: {}
[41.605742] (-) TimerEvent: {}
[41.707102] (-) TimerEvent: {}
[41.807738] (-) TimerEvent: {}
[41.908311] (-) TimerEvent: {}
[42.009366] (-) TimerEvent: {}
[42.109860] (-) TimerEvent: {}
[42.210587] (-) TimerEvent: {}
[42.311097] (-) TimerEvent: {}
[42.411758] (-) TimerEvent: {}
[42.512251] (-) TimerEvent: {}
[42.612783] (-) TimerEvent: {}
[42.713687] (-) TimerEvent: {}
[42.814234] (-) TimerEvent: {}
[42.914937] (-) TimerEvent: {}
[43.015477] (-) TimerEvent: {}
[43.116010] (-) TimerEvent: {}
[43.216705] (-) TimerEvent: {}
[43.317605] (-) TimerEvent: {}
[43.420454] (-) TimerEvent: {}
[43.520965] (-) TimerEvent: {}
[43.621667] (-) TimerEvent: {}
[43.722818] (-) TimerEvent: {}
[43.823590] (-) TimerEvent: {}
[43.924135] (-) TimerEvent: {}
[44.024646] (-) TimerEvent: {}
[44.125159] (-) TimerEvent: {}
[44.225683] (-) TimerEvent: {}
[44.326217] (-) TimerEvent: {}
[44.426776] (-) TimerEvent: {}
[44.527695] (-) TimerEvent: {}
[44.629081] (-) TimerEvent: {}
[44.729651] (-) TimerEvent: {}
[44.830461] (-) TimerEvent: {}
[44.934311] (-) TimerEvent: {}
[45.034794] (-) TimerEvent: {}
[45.135323] (-) TimerEvent: {}
[45.235896] (-) TimerEvent: {}
[45.336449] (-) TimerEvent: {}
[45.436978] (-) TimerEvent: {}
[45.537470] (-) TimerEvent: {}
[45.638010] (-) TimerEvent: {}
[45.738542] (-) TimerEvent: {}
[45.839089] (-) TimerEvent: {}
[45.939701] (-) TimerEvent: {}
[46.040237] (-) TimerEvent: {}
[46.140761] (-) TimerEvent: {}
[46.241285] (-) TimerEvent: {}
[46.341815] (-) TimerEvent: {}
[46.442374] (-) TimerEvent: {}
[46.542899] (-) TimerEvent: {}
[46.643420] (-) TimerEvent: {}
[46.744437] (-) TimerEvent: {}
[46.844999] (-) TimerEvent: {}
[46.945499] (-) TimerEvent: {}
[47.046817] (-) TimerEvent: {}
[47.147327] (-) TimerEvent: {}
[47.247780] (-) TimerEvent: {}
[47.348246] (-) TimerEvent: {}
[47.448776] (-) TimerEvent: {}
[47.549651] (-) TimerEvent: {}
[47.650271] (-) TimerEvent: {}
[47.750803] (-) TimerEvent: {}
[47.851398] (-) TimerEvent: {}
[47.952252] (-) TimerEvent: {}
[48.052808] (-) TimerEvent: {}
[48.153335] (-) TimerEvent: {}
[48.253911] (-) TimerEvent: {}
[48.354502] (-) TimerEvent: {}
[48.455071] (-) TimerEvent: {}
[48.555733] (-) TimerEvent: {}
[48.656728] (-) TimerEvent: {}
[48.757797] (-) TimerEvent: {}
[48.861407] (-) TimerEvent: {}
[48.962316] (-) TimerEvent: {}
[49.062892] (-) TimerEvent: {}
[49.163729] (-) TimerEvent: {}
[49.264393] (-) TimerEvent: {}
[49.364948] (-) TimerEvent: {}
[49.465422] (-) TimerEvent: {}
[49.565970] (-) TimerEvent: {}
[49.666442] (-) TimerEvent: {}
[49.766909] (-) TimerEvent: {}
[49.867434] (-) TimerEvent: {}
[49.968001] (-) TimerEvent: {}
[50.068620] (-) TimerEvent: {}
[50.169127] (-) TimerEvent: {}
[50.269648] (-) TimerEvent: {}
[50.370144] (-) TimerEvent: {}
[50.470884] (-) TimerEvent: {}
[50.571449] (-) TimerEvent: {}
[50.671974] (-) TimerEvent: {}
[50.772570] (-) TimerEvent: {}
[50.873018] (-) TimerEvent: {}
[50.973599] (-) TimerEvent: {}
[51.074034] (-) TimerEvent: {}
[51.174896] (-) TimerEvent: {}
[51.275472] (-) TimerEvent: {}
[51.375982] (-) TimerEvent: {}
[51.477198] (-) TimerEvent: {}
[51.577723] (-) TimerEvent: {}
[51.678389] (-) TimerEvent: {}
[51.778838] (-) TimerEvent: {}
[51.879737] (-) TimerEvent: {}
[51.980371] (-) TimerEvent: {}
[52.081064] (-) TimerEvent: {}
[52.182246] (-) TimerEvent: {}
[52.282747] (-) TimerEvent: {}
[52.383203] (-) TimerEvent: {}
[52.483660] (-) TimerEvent: {}
[52.584194] (-) TimerEvent: {}
[52.684737] (-) TimerEvent: {}
[52.785576] (-) TimerEvent: {}
[52.886242] (-) TimerEvent: {}
[52.986690] (-) TimerEvent: {}
[53.087843] (-) TimerEvent: {}
[53.188338] (-) TimerEvent: {}
[53.288786] (-) TimerEvent: {}
[53.389315] (-) TimerEvent: {}
[53.489831] (-) TimerEvent: {}
[53.590302] (-) TimerEvent: {}
[53.690752] (-) TimerEvent: {}
[53.791256] (-) TimerEvent: {}
[53.891685] (-) TimerEvent: {}
[53.992116] (-) TimerEvent: {}
[54.092691] (-) TimerEvent: {}
[54.193726] (-) TimerEvent: {}
[54.294323] (-) TimerEvent: {}
[54.394846] (-) TimerEvent: {}
[54.495378] (-) TimerEvent: {}
[54.595858] (-) TimerEvent: {}
[54.696329] (-) TimerEvent: {}
[54.798722] (-) TimerEvent: {}
[54.899256] (-) TimerEvent: {}
[54.999840] (-) TimerEvent: {}
[55.100454] (-) TimerEvent: {}
[55.200944] (-) TimerEvent: {}
[55.301450] (-) TimerEvent: {}
[55.401976] (-) TimerEvent: {}
[55.502585] (-) TimerEvent: {}
[55.603144] (-) TimerEvent: {}
[55.703578] (-) TimerEvent: {}
[55.804058] (-) TimerEvent: {}
[55.904869] (-) TimerEvent: {}
[56.005356] (-) TimerEvent: {}
[56.105805] (-) TimerEvent: {}
[56.206273] (-) TimerEvent: {}
[56.307088] (-) TimerEvent: {}
[56.407579] (-) TimerEvent: {}
[56.508446] (-) TimerEvent: {}
[56.608995] (-) TimerEvent: {}
[56.709474] (-) TimerEvent: {}
[56.810107] (-) TimerEvent: {}
[56.911174] (-) TimerEvent: {}
[57.011636] (-) TimerEvent: {}
[57.112092] (-) TimerEvent: {}
[57.212569] (-) TimerEvent: {}
[57.313105] (-) TimerEvent: {}
[57.413546] (-) TimerEvent: {}
[57.513963] (-) TimerEvent: {}
[57.614395] (-) TimerEvent: {}
[57.714909] (-) TimerEvent: {}
[57.815401] (-) TimerEvent: {}
[57.916567] (-) TimerEvent: {}
[58.016985] (-) TimerEvent: {}
[58.117510] (-) TimerEvent: {}
[58.217965] (-) TimerEvent: {}
[58.318429] (-) TimerEvent: {}
[58.420500] (-) TimerEvent: {}
[58.521377] (-) TimerEvent: {}
[58.621861] (-) TimerEvent: {}
[58.722341] (-) TimerEvent: {}
[58.823077] (-) TimerEvent: {}
[58.923919] (-) TimerEvent: {}
[59.025298] (-) TimerEvent: {}
[59.126333] (-) TimerEvent: {}
[59.226810] (-) TimerEvent: {}
[59.327726] (-) TimerEvent: {}
[59.429082] (-) TimerEvent: {}
[59.529593] (-) TimerEvent: {}
[59.630234] (-) TimerEvent: {}
[59.730698] (-) TimerEvent: {}
[59.831177] (-) TimerEvent: {}
[59.935518] (-) TimerEvent: {}
[60.036048] (-) TimerEvent: {}
[60.137789] (-) TimerEvent: {}
[60.238286] (-) TimerEvent: {}
[60.338779] (-) TimerEvent: {}
[60.439199] (-) TimerEvent: {}
[60.539732] (-) TimerEvent: {}
[60.640324] (-) TimerEvent: {}
[60.740771] (-) TimerEvent: {}
[60.841257] (-) TimerEvent: {}
[60.941702] (-) TimerEvent: {}
[61.042349] (-) TimerEvent: {}
[61.143551] (-) TimerEvent: {}
[61.243989] (-) TimerEvent: {}
[61.344787] (-) TimerEvent: {}
[61.446137] (-) TimerEvent: {}
[61.548875] (-) TimerEvent: {}
[61.650638] (-) TimerEvent: {}
[61.751125] (-) TimerEvent: {}
[61.851643] (-) TimerEvent: {}
[61.952083] (-) TimerEvent: {}
[62.052533] (-) TimerEvent: {}
[62.152976] (-) TimerEvent: {}
[62.253611] (-) TimerEvent: {}
[62.354073] (-) TimerEvent: {}
[62.454592] (-) TimerEvent: {}
[62.556489] (-) TimerEvent: {}
[62.656963] (-) TimerEvent: {}
[62.757409] (-) TimerEvent: {}
[62.857848] (-) TimerEvent: {}
[62.958276] (-) TimerEvent: {}
[63.058704] (-) TimerEvent: {}
[63.159181] (-) TimerEvent: {}
[63.259686] (-) TimerEvent: {}
[63.360227] (-) TimerEvent: {}
[63.460795] (-) TimerEvent: {}
[63.561262] (-) TimerEvent: {}
[63.661730] (-) TimerEvent: {}
[63.762360] (-) TimerEvent: {}
[63.862818] (-) TimerEvent: {}
[63.963292] (-) TimerEvent: {}
[64.063738] (-) TimerEvent: {}
[64.164215] (-) TimerEvent: {}
[64.264663] (-) TimerEvent: {}
[64.365134] (-) TimerEvent: {}
[64.465618] (-) TimerEvent: {}
[64.566056] (-) TimerEvent: {}
[64.666494] (-) TimerEvent: {}
[64.766971] (-) TimerEvent: {}
[64.867600] (-) TimerEvent: {}
[64.968042] (-) TimerEvent: {}
[65.068457] (-) TimerEvent: {}
[65.169071] (-) TimerEvent: {}
[65.270227] (-) TimerEvent: {}
[65.370775] (-) TimerEvent: {}
[65.471852] (-) TimerEvent: {}
[65.572332] (-) TimerEvent: {}
[65.672762] (-) TimerEvent: {}
[65.773266] (-) TimerEvent: {}
[65.873733] (-) TimerEvent: {}
[65.974171] (-) TimerEvent: {}
[66.074601] (-) TimerEvent: {}
[66.175171] (-) TimerEvent: {}
[66.275607] (-) TimerEvent: {}
[66.376329] (-) TimerEvent: {}
[66.476769] (-) TimerEvent: {}
[66.577217] (-) TimerEvent: {}
[66.677826] (-) TimerEvent: {}
[66.778286] (-) TimerEvent: {}
[66.878752] (-) TimerEvent: {}
[66.979227] (-) TimerEvent: {}
[67.079799] (-) TimerEvent: {}
[67.180345] (-) TimerEvent: {}
[67.280851] (-) TimerEvent: {}
[67.381316] (-) TimerEvent: {}
[67.481789] (-) TimerEvent: {}
[67.582280] (-) TimerEvent: {}
[67.682796] (-) TimerEvent: {}
[67.783305] (-) TimerEvent: {}
[67.883808] (-) TimerEvent: {}
[67.984354] (-) TimerEvent: {}
[68.084792] (-) TimerEvent: {}
[68.185226] (-) TimerEvent: {}
[68.285657] (-) TimerEvent: {}
[68.386106] (-) TimerEvent: {}
[68.486575] (-) TimerEvent: {}
[68.587044] (-) TimerEvent: {}
[68.687534] (-) TimerEvent: {}
[68.788054] (-) TimerEvent: {}
[68.888673] (-) TimerEvent: {}
[68.989483] (-) TimerEvent: {}
[69.090212] (-) TimerEvent: {}
[69.191378] (-) TimerEvent: {}
[69.291824] (-) TimerEvent: {}
[69.392306] (-) TimerEvent: {}
[69.492915] (-) TimerEvent: {}
[69.593343] (-) TimerEvent: {}
[69.693807] (-) TimerEvent: {}
[69.794259] (-) TimerEvent: {}
[69.894689] (-) TimerEvent: {}
[69.995260] (-) TimerEvent: {}
[70.096660] (-) TimerEvent: {}
[70.197089] (-) TimerEvent: {}
[70.297646] (-) TimerEvent: {}
[70.398472] (-) TimerEvent: {}
[70.498967] (-) TimerEvent: {}
[70.600538] (-) TimerEvent: {}
[70.700972] (-) TimerEvent: {}
[70.801574] (-) TimerEvent: {}
[70.902013] (-) TimerEvent: {}
[71.002451] (-) TimerEvent: {}
[71.102952] (-) TimerEvent: {}
[71.203416] (-) TimerEvent: {}
[71.303911] (-) TimerEvent: {}
[71.404402] (-) TimerEvent: {}
[71.504938] (-) TimerEvent: {}
[71.605703] (-) TimerEvent: {}
[71.706182] (-) TimerEvent: {}
[71.806684] (-) TimerEvent: {}
[71.907124] (-) TimerEvent: {}
[72.007575] (-) TimerEvent: {}
[72.108235] (-) TimerEvent: {}
[72.208925] (-) TimerEvent: {}
[72.309372] (-) TimerEvent: {}
[72.409825] (-) TimerEvent: {}
[72.510249] (-) TimerEvent: {}
[72.610700] (-) TimerEvent: {}
[72.711153] (-) TimerEvent: {}
[72.811632] (-) TimerEvent: {}
[72.912114] (-) TimerEvent: {}
[73.012610] (-) TimerEvent: {}
[73.113044] (-) TimerEvent: {}
[73.213694] (-) TimerEvent: {}
[73.314144] (-) TimerEvent: {}
[73.414655] (-) TimerEvent: {}
[73.515101] (-) TimerEvent: {}
[73.616210] (-) TimerEvent: {}
[73.717536] (-) TimerEvent: {}
[73.818123] (-) TimerEvent: {}
[73.919809] (-) TimerEvent: {}
[74.020550] (-) TimerEvent: {}
[74.121284] (-) TimerEvent: {}
[74.229297] (-) TimerEvent: {}
[74.329883] (-) TimerEvent: {}
[74.430427] (-) TimerEvent: {}
[74.530886] (-) TimerEvent: {}
[74.631386] (-) TimerEvent: {}
[74.732213] (-) TimerEvent: {}
[74.833080] (-) TimerEvent: {}
[74.933948] (-) TimerEvent: {}
[75.034663] (-) TimerEvent: {}
[75.135167] (-) TimerEvent: {}
[75.235831] (-) TimerEvent: {}
[75.337021] (-) TimerEvent: {}
[75.438283] (-) TimerEvent: {}
[75.540291] (-) TimerEvent: {}
[75.640773] (-) TimerEvent: {}
[75.741450] (-) TimerEvent: {}
[75.842761] (-) TimerEvent: {}
[75.943322] (-) TimerEvent: {}
[76.043994] (-) TimerEvent: {}
[76.144514] (-) TimerEvent: {}
[76.245280] (-) TimerEvent: {}
[76.345961] (-) TimerEvent: {}
[76.446471] (-) TimerEvent: {}
[76.548899] (-) TimerEvent: {}
[76.649358] (-) TimerEvent: {}
[76.749830] (-) TimerEvent: {}
[76.850387] (-) TimerEvent: {}
[76.950855] (-) TimerEvent: {}
[77.051302] (-) TimerEvent: {}
[77.151792] (-) TimerEvent: {}
[77.252331] (-) TimerEvent: {}
[77.354381] (-) TimerEvent: {}
[77.454943] (-) TimerEvent: {}
[77.555371] (-) TimerEvent: {}
[77.655801] (-) TimerEvent: {}
[77.756317] (-) TimerEvent: {}
[77.856796] (-) TimerEvent: {}
[77.957315] (-) TimerEvent: {}
[78.057750] (-) TimerEvent: {}
[78.158226] (-) TimerEvent: {}
[78.258724] (-) TimerEvent: {}
[78.359641] (-) TimerEvent: {}
[78.460105] (-) TimerEvent: {}
[78.560630] (-) TimerEvent: {}
[78.661110] (-) TimerEvent: {}
[78.761564] (-) TimerEvent: {}
[78.862043] (-) TimerEvent: {}
[78.962528] (-) TimerEvent: {}
[79.063113] (-) TimerEvent: {}
[79.164357] (-) TimerEvent: {}
[79.264813] (-) TimerEvent: {}
[79.365263] (-) TimerEvent: {}
[79.465713] (-) TimerEvent: {}
[79.566566] (-) TimerEvent: {}
[79.667028] (-) TimerEvent: {}
[79.767500] (-) TimerEvent: {}
[79.867950] (-) TimerEvent: {}
[79.968412] (-) TimerEvent: {}
[80.068932] (-) TimerEvent: {}
[80.169374] (-) TimerEvent: {}
[80.269860] (-) TimerEvent: {}
[80.370436] (-) TimerEvent: {}
[80.470910] (-) TimerEvent: {}
[80.571495] (-) TimerEvent: {}
[80.671964] (-) TimerEvent: {}
[80.772466] (-) TimerEvent: {}
[80.873559] (-) TimerEvent: {}
[80.974519] (-) TimerEvent: {}
[81.075196] (-) TimerEvent: {}
[81.175655] (-) TimerEvent: {}
[81.276082] (-) TimerEvent: {}
[81.376560] (-) TimerEvent: {}
[81.477123] (-) TimerEvent: {}
[81.577509] (-) TimerEvent: {}
[81.678036] (-) TimerEvent: {}
[81.778488] (-) TimerEvent: {}
[81.878914] (-) TimerEvent: {}
[81.979342] (-) TimerEvent: {}
[82.079815] (-) TimerEvent: {}
[82.180312] (-) TimerEvent: {}
[82.280781] (-) TimerEvent: {}
[82.381308] (-) TimerEvent: {}
[82.481938] (-) TimerEvent: {}
[82.582408] (-) TimerEvent: {}
[82.683473] (-) TimerEvent: {}
[82.783997] (-) TimerEvent: {}
[82.884512] (-) TimerEvent: {}
[82.984990] (-) TimerEvent: {}
[83.085494] (-) TimerEvent: {}
[83.186085] (-) TimerEvent: {}
[83.287258] (-) TimerEvent: {}
[83.387719] (-) TimerEvent: {}
[83.488383] (-) TimerEvent: {}
[83.589052] (-) TimerEvent: {}
[83.690563] (-) TimerEvent: {}
[83.791138] (-) TimerEvent: {}
[83.891708] (-) TimerEvent: {}
[83.992237] (-) TimerEvent: {}
[84.092969] (-) TimerEvent: {}
[84.193451] (-) TimerEvent: {}
[84.294142] (-) TimerEvent: {}
[84.394640] (-) TimerEvent: {}
[84.495302] (-) TimerEvent: {}
[84.595839] (-) TimerEvent: {}
[84.696364] (-) TimerEvent: {}
[84.796969] (-) TimerEvent: {}
[84.902236] (-) TimerEvent: {}
[85.003057] (-) TimerEvent: {}
[85.103672] (-) TimerEvent: {}
[85.204505] (-) TimerEvent: {}
[85.305018] (-) TimerEvent: {}
[85.405515] (-) TimerEvent: {}
[85.505915] (-) TimerEvent: {}
[85.606424] (-) TimerEvent: {}
[85.706921] (-) TimerEvent: {}
[85.809282] (-) TimerEvent: {}
[85.910298] (-) TimerEvent: {}
[86.010961] (-) TimerEvent: {}
[86.112182] (-) TimerEvent: {}
[86.212675] (-) TimerEvent: {}
[86.313121] (-) TimerEvent: {}
[86.414287] (-) TimerEvent: {}
[86.514909] (-) TimerEvent: {}
[86.615602] (-) TimerEvent: {}
[86.716556] (-) TimerEvent: {}
[86.818147] (-) TimerEvent: {}
[86.918886] (-) TimerEvent: {}
[87.020139] (-) TimerEvent: {}
[87.120758] (-) TimerEvent: {}
[87.221965] (-) TimerEvent: {}
[87.322871] (-) TimerEvent: {}
[87.424055] (-) TimerEvent: {}
[87.524555] (-) TimerEvent: {}
[87.625813] (-) TimerEvent: {}
[87.726471] (-) TimerEvent: {}
[87.827623] (-) TimerEvent: {}
[87.928860] (-) TimerEvent: {}
[88.029965] (-) TimerEvent: {}
[88.130735] (-) TimerEvent: {}
[88.231593] (-) TimerEvent: {}
[88.332306] (-) TimerEvent: {}
[88.433032] (-) TimerEvent: {}
[88.533505] (-) TimerEvent: {}
[88.633967] (-) TimerEvent: {}
[88.734463] (-) TimerEvent: {}
[88.835160] (-) TimerEvent: {}
[88.935607] (-) TimerEvent: {}
[89.036020] (-) TimerEvent: {}
[89.136471] (-) TimerEvent: {}
[89.236908] (-) TimerEvent: {}
[89.337412] (-) TimerEvent: {}
[89.437889] (-) TimerEvent: {}
[89.538364] (-) TimerEvent: {}
[89.639616] (-) TimerEvent: {}
[89.740062] (-) TimerEvent: {}
[89.841333] (-) TimerEvent: {}
[89.942957] (-) TimerEvent: {}
[90.043628] (-) TimerEvent: {}
[90.145027] (-) TimerEvent: {}
[90.246397] (-) TimerEvent: {}
[90.346907] (-) TimerEvent: {}
[90.449553] (-) TimerEvent: {}
[90.550312] (-) TimerEvent: {}
[90.650906] (-) TimerEvent: {}
[90.751595] (-) TimerEvent: {}
[90.852217] (-) TimerEvent: {}
[90.952957] (-) TimerEvent: {}
[91.053738] (-) TimerEvent: {}
[91.154492] (-) TimerEvent: {}
[91.256453] (-) TimerEvent: {}
[91.357283] (-) TimerEvent: {}
[91.458451] (-) TimerEvent: {}
[91.559052] (-) TimerEvent: {}
[91.659613] (-) TimerEvent: {}
[91.760218] (-) TimerEvent: {}
[91.860710] (-) TimerEvent: {}
[91.961302] (-) TimerEvent: {}
[92.064138] (-) TimerEvent: {}
[92.165001] (-) TimerEvent: {}
[92.265761] (-) TimerEvent: {}
[92.366232] (-) TimerEvent: {}
[92.466762] (-) TimerEvent: {}
[92.568642] (-) TimerEvent: {}
[92.669498] (-) TimerEvent: {}
[92.770419] (-) TimerEvent: {}
[92.871257] (-) TimerEvent: {}
[92.972090] (-) TimerEvent: {}
[93.072909] (-) TimerEvent: {}
[93.173316] (-) TimerEvent: {}
[93.273785] (-) TimerEvent: {}
[93.374273] (-) TimerEvent: {}
[93.474916] (-) TimerEvent: {}
[93.575915] (-) TimerEvent: {}
[93.676760] (-) TimerEvent: {}
[93.779861] (-) TimerEvent: {}
[93.880753] (-) TimerEvent: {}
[93.981960] (-) TimerEvent: {}
[94.082691] (-) TimerEvent: {}
[94.183501] (-) TimerEvent: {}
[94.284162] (-) TimerEvent: {}
[94.384805] (-) TimerEvent: {}
[94.485439] (-) TimerEvent: {}
[94.585900] (-) TimerEvent: {}
[94.686359] (-) TimerEvent: {}
[94.787828] (-) TimerEvent: {}
[94.888334] (-) TimerEvent: {}
[94.991464] (-) TimerEvent: {}
[95.092091] (-) TimerEvent: {}
[95.193106] (-) TimerEvent: {}
[95.293741] (-) TimerEvent: {}
[95.394371] (-) TimerEvent: {}
[95.494857] (-) TimerEvent: {}
[95.596418] (-) TimerEvent: {}
[95.699262] (-) TimerEvent: {}
[95.799994] (-) TimerEvent: {}
[95.900626] (-) TimerEvent: {}
[96.001240] (-) TimerEvent: {}
[96.102045] (-) TimerEvent: {}
[96.202895] (-) TimerEvent: {}
[96.303487] (-) TimerEvent: {}
[96.404080] (-) TimerEvent: {}
[96.504863] (-) TimerEvent: {}
[96.607210] (-) TimerEvent: {}
[96.707879] (-) TimerEvent: {}
[96.808563] (-) TimerEvent: {}
[96.909320] (-) TimerEvent: {}
[97.011641] (-) TimerEvent: {}
[97.112375] (-) TimerEvent: {}
[97.213066] (-) TimerEvent: {}
[97.313894] (-) TimerEvent: {}
[97.417988] (-) TimerEvent: {}
[97.520394] (-) TimerEvent: {}
[97.620853] (-) TimerEvent: {}
[97.722009] (-) TimerEvent: {}
[97.822771] (-) TimerEvent: {}
[97.923810] (-) TimerEvent: {}
[98.024509] (-) TimerEvent: {}
[98.125775] (-) TimerEvent: {}
[98.226795] (-) TimerEvent: {}
[98.328169] (-) TimerEvent: {}
[98.428623] (-) TimerEvent: {}
[98.529701] (-) TimerEvent: {}
[98.630662] (-) TimerEvent: {}
[98.731651] (-) TimerEvent: {}
[98.832463] (-) TimerEvent: {}
[98.933545] (-) TimerEvent: {}
[99.035053] (-) TimerEvent: {}
[99.136053] (-) TimerEvent: {}
[99.237012] (-) TimerEvent: {}
[99.337749] (-) TimerEvent: {}
[99.438621] (-) TimerEvent: {}
[99.540608] (-) TimerEvent: {}
[99.641576] (-) TimerEvent: {}
[99.742009] (-) TimerEvent: {}
[99.842462] (-) TimerEvent: {}
[99.943213] (-) TimerEvent: {}
[100.043779] (-) TimerEvent: {}
[100.145107] (-) TimerEvent: {}
[100.246486] (-) TimerEvent: {}
[100.349744] (-) TimerEvent: {}
[100.450301] (-) TimerEvent: {}
[100.552825] (-) TimerEvent: {}
[100.654299] (-) TimerEvent: {}
[100.755325] (-) TimerEvent: {}
[100.855884] (-) TimerEvent: {}
[100.956801] (-) TimerEvent: {}
[101.057584] (-) TimerEvent: {}
[101.158368] (-) TimerEvent: {}
[101.258984] (-) TimerEvent: {}
[101.359561] (-) TimerEvent: {}
[101.459998] (-) TimerEvent: {}
[101.562953] (-) TimerEvent: {}
[101.666237] (-) TimerEvent: {}
[101.766753] (-) TimerEvent: {}
[101.867293] (-) TimerEvent: {}
[101.967970] (-) TimerEvent: {}
[102.068473] (-) TimerEvent: {}
[102.168978] (-) TimerEvent: {}
[102.269458] (-) TimerEvent: {}
[102.369946] (-) TimerEvent: {}
[102.470461] (-) TimerEvent: {}
[102.570927] (-) TimerEvent: {}
[102.671376] (-) TimerEvent: {}
[102.772008] (-) TimerEvent: {}
[102.872507] (-) TimerEvent: {}
[102.973085] (-) TimerEvent: {}
[103.073845] (-) TimerEvent: {}
[103.174348] (-) TimerEvent: {}
[103.274873] (-) TimerEvent: {}
[103.375383] (-) TimerEvent: {}
[103.475840] (-) TimerEvent: {}
[103.576323] (-) TimerEvent: {}
[103.676820] (-) TimerEvent: {}
[103.777284] (-) TimerEvent: {}
[103.877968] (-) TimerEvent: {}
[103.978430] (-) TimerEvent: {}
[104.078971] (-) TimerEvent: {}
[104.179480] (-) TimerEvent: {}
[104.279981] (-) TimerEvent: {}
[104.380717] (-) TimerEvent: {}
[104.481475] (-) TimerEvent: {}
[104.581897] (-) TimerEvent: {}
[104.682783] (-) TimerEvent: {}
[104.783258] (-) TimerEvent: {}
[104.883821] (-) TimerEvent: {}
[104.984352] (-) TimerEvent: {}
[105.084896] (-) TimerEvent: {}
[105.185622] (-) TimerEvent: {}
[105.241045] (ros2_imu) StdoutLine: {'line': b'[ 76%] Building CXX object CMakeFiles/ros2_imu.dir/src/slros_busmsg_conversion.cpp.o\n'}
[105.244800] (ros2_imu) StdoutLine: {'line': b'/usr/bin/c++ -DDEFAULT_RMW_IMPLEMENTATION=rmw_fastrtps_cpp -DRCUTILS_ENABLE_FAULT_INJECTION -DROS_PACKAGE_NAME=\\"ros2_imu\\" -I/home/ubuntu/ros2_ws/src/ros2_imu/include/ros2_imu -I/home/ubuntu/ros2_ws/src/ros2_imu/include -isystem /opt/ros/humble/include/rclcpp -isystem /opt/ros/humble/include/sensor_msgs -isystem /opt/ros/humble/include/ament_index_cpp -isystem /opt/ros/humble/include/libstatistics_collector -isystem /opt/ros/humble/include/builtin_interfaces -isystem /opt/ros/humble/include/rosidl_runtime_c -isystem /opt/ros/humble/include/rcutils -isystem /opt/ros/humble/include/rosidl_typesupport_interface -isystem /opt/ros/humble/include/fastcdr -isystem /opt/ros/humble/include/rosidl_runtime_cpp -isystem /opt/ros/humble/include/rosidl_typesupport_fastrtps_cpp -isystem /opt/ros/humble/include/rmw -isystem /opt/ros/humble/include/rosidl_typesupport_fastrtps_c -isystem /opt/ros/humble/include/rosidl_typesupport_introspection_c -isystem /opt/ros/humble/include/rosidl_typesupport_introspection_cpp -isystem /opt/ros/humble/include/rcl -isystem /opt/ros/humble/include/rcl_interfaces -isystem /opt/ros/humble/include/rcl_logging_interface -isystem /opt/ros/humble/include/rcl_yaml_param_parser -isystem /opt/ros/humble/include/libyaml_vendor -isystem /opt/ros/humble/include/tracetools -isystem /opt/ros/humble/include/rcpputils -isystem /opt/ros/humble/include/statistics_msgs -isystem /opt/ros/humble/include/rosgraph_msgs -isystem /opt/ros/humble/include/rosidl_typesupport_cpp -isystem /opt/ros/humble/include/rosidl_typesupport_c -isystem /opt/ros/humble/include/geometry_msgs -isystem /opt/ros/humble/include/std_msgs -O3 -DNDEBUG -Wall -Wextra -Wpedantic -DMODEL=ros2_imu -DNUMST=1 -DNCSTATES=0 -DHAVESTDIO -DMODEL_HAS_DYNAMICALLY_LOADED_SFCNS=0 -DON_TARGET_WAIT_FOR_START=1 -DCLASSIC_INTERFACE=0 -DALLOCATIONFCN=0 -DTID01EQ=0 -DTERMFCN=1 -DONESTEPFCN=1 -DMAT_FILE=0 -DMULTI_INSTANCE_CODE=0 -DEXT_MODE=1 -DINTEGER_CODE=0 -DMT=0 -DROS2_PROJECT -DSTACK_SIZE=64 -D__MW_TARGET_USE_HARDWARE_RESOURCES_H__ -DRT=RT -fpermissive -MD -MT CMakeFiles/ros2_imu.dir/src/slros_busmsg_conversion.cpp.o -MF CMakeFiles/ros2_imu.dir/src/slros_busmsg_conversion.cpp.o.d -o CMakeFiles/ros2_imu.dir/src/slros_busmsg_conversion.cpp.o -c /home/ubuntu/ros2_ws/src/ros2_imu/src/slros_busmsg_conversion.cpp\n'}
[105.285801] (-) TimerEvent: {}
[105.390011] (-) TimerEvent: {}
[105.490421] (-) TimerEvent: {}
[105.590836] (-) TimerEvent: {}
[105.691265] (-) TimerEvent: {}
[105.791647] (-) TimerEvent: {}
[105.892046] (-) TimerEvent: {}
[105.992432] (-) TimerEvent: {}
[106.092807] (-) TimerEvent: {}
[106.193193] (-) TimerEvent: {}
[106.293563] (-) TimerEvent: {}
[106.393982] (-) TimerEvent: {}
[106.494436] (-) TimerEvent: {}
[106.594867] (-) TimerEvent: {}
[106.695306] (-) TimerEvent: {}
[106.795756] (-) TimerEvent: {}
[106.896155] (-) TimerEvent: {}
[106.996591] (-) TimerEvent: {}
[107.097427] (-) TimerEvent: {}
[107.197842] (-) TimerEvent: {}
[107.298287] (-) TimerEvent: {}
[107.398813] (-) TimerEvent: {}
[107.499308] (-) TimerEvent: {}
[107.600321] (-) TimerEvent: {}
[107.700814] (-) TimerEvent: {}
[107.801326] (-) TimerEvent: {}
[107.901772] (-) TimerEvent: {}
[108.002459] (-) TimerEvent: {}
[108.102978] (-) TimerEvent: {}
[108.203663] (-) TimerEvent: {}
[108.304100] (-) TimerEvent: {}
[108.404626] (-) TimerEvent: {}
[108.505067] (-) TimerEvent: {}
[108.605509] (-) TimerEvent: {}
[108.706039] (-) TimerEvent: {}
[108.806610] (-) TimerEvent: {}
[108.907068] (-) TimerEvent: {}
[109.007516] (-) TimerEvent: {}
[109.107941] (-) TimerEvent: {}
[109.208554] (-) TimerEvent: {}
[109.309576] (-) TimerEvent: {}
[109.410334] (-) TimerEvent: {}
[109.511608] (-) TimerEvent: {}
[109.612106] (-) TimerEvent: {}
[109.712787] (-) TimerEvent: {}
[109.813388] (-) TimerEvent: {}
[109.913844] (-) TimerEvent: {}
[110.014451] (-) TimerEvent: {}
[110.114967] (-) TimerEvent: {}
[110.215456] (-) TimerEvent: {}
[110.315942] (-) TimerEvent: {}
[110.416454] (-) TimerEvent: {}
[110.516969] (-) TimerEvent: {}
[110.617957] (-) TimerEvent: {}
[110.718397] (-) TimerEvent: {}
[110.818818] (-) TimerEvent: {}
[110.919242] (-) TimerEvent: {}
[111.019709] (-) TimerEvent: {}
[111.120179] (-) TimerEvent: {}
[111.220617] (-) TimerEvent: {}
[111.321141] (-) TimerEvent: {}
[111.421692] (-) TimerEvent: {}
[111.522290] (-) TimerEvent: {}
[111.622735] (-) TimerEvent: {}
[111.723222] (-) TimerEvent: {}
[111.823637] (-) TimerEvent: {}
[111.924111] (-) TimerEvent: {}
[112.024647] (-) TimerEvent: {}
[112.125128] (-) TimerEvent: {}
[112.225595] (-) TimerEvent: {}
[112.326448] (-) TimerEvent: {}
[112.427126] (-) TimerEvent: {}
[112.527730] (-) TimerEvent: {}
[112.628178] (-) TimerEvent: {}
[112.728764] (-) TimerEvent: {}
[112.829235] (-) TimerEvent: {}
[112.929630] (-) TimerEvent: {}
[113.030138] (-) TimerEvent: {}
[113.130688] (-) TimerEvent: {}
[113.231431] (-) TimerEvent: {}
[113.331881] (-) TimerEvent: {}
[113.432336] (-) TimerEvent: {}
[113.532743] (-) TimerEvent: {}
[113.633364] (-) TimerEvent: {}
[113.733844] (-) TimerEvent: {}
[113.834291] (-) TimerEvent: {}
[113.934852] (-) TimerEvent: {}
[114.035306] (-) TimerEvent: {}
[114.135806] (-) TimerEvent: {}
[114.236283] (-) TimerEvent: {}
[114.336852] (-) TimerEvent: {}
[114.437337] (-) TimerEvent: {}
[114.537821] (-) TimerEvent: {}
[114.638309] (-) TimerEvent: {}
[114.738808] (-) TimerEvent: {}
[114.839454] (-) TimerEvent: {}
[114.939861] (-) TimerEvent: {}
[115.040343] (-) TimerEvent: {}
[115.140756] (-) TimerEvent: {}
[115.241169] (-) TimerEvent: {}
[115.341609] (-) TimerEvent: {}
[115.442038] (-) TimerEvent: {}
[115.542466] (-) TimerEvent: {}
[115.642919] (-) TimerEvent: {}
[115.743838] (-) TimerEvent: {}
[115.844403] (-) TimerEvent: {}
[115.944938] (-) TimerEvent: {}
[116.050325] (-) TimerEvent: {}
[116.151089] (-) TimerEvent: {}
[116.252539] (-) TimerEvent: {}
[116.352973] (-) TimerEvent: {}
[116.454790] (-) TimerEvent: {}
[116.555485] (-) TimerEvent: {}
[116.655930] (-) TimerEvent: {}
[116.758373] (-) TimerEvent: {}
[116.859045] (-) TimerEvent: {}
[116.959515] (-) TimerEvent: {}
[117.060130] (-) TimerEvent: {}
[117.160861] (-) TimerEvent: {}
[117.261608] (-) TimerEvent: {}
[117.362276] (-) TimerEvent: {}
[117.463405] (-) TimerEvent: {}
[117.564106] (-) TimerEvent: {}
[117.664644] (-) TimerEvent: {}
[117.766605] (-) TimerEvent: {}
[117.870388] (-) TimerEvent: {}
[117.972722] (-) TimerEvent: {}
[118.073363] (-) TimerEvent: {}
[118.173816] (-) TimerEvent: {}
[118.274257] (-) TimerEvent: {}
[118.376064] (-) TimerEvent: {}
[118.476572] (-) TimerEvent: {}
[118.577905] (-) TimerEvent: {}
[118.678860] (-) TimerEvent: {}
[118.779365] (-) TimerEvent: {}
[118.879788] (-) TimerEvent: {}
[118.980478] (-) TimerEvent: {}
[119.080949] (-) TimerEvent: {}
[119.182026] (-) TimerEvent: {}
[119.282468] (-) TimerEvent: {}
[119.383648] (-) TimerEvent: {}
[119.484297] (-) TimerEvent: {}
[119.585058] (-) TimerEvent: {}
[119.685649] (-) TimerEvent: {}
[119.700733] (ros2_imu) StderrLine: {'line': b'In file included from /home/ubuntu/ros2_ws/src/ros2_imu/include/ros2_imu/slros_busmsg_conversion.h:12,\n'}
[119.701447] (ros2_imu) StderrLine: {'line': b'                 from /home/ubuntu/ros2_ws/src/ros2_imu/src/slros_busmsg_conversion.cpp:1:\n'}
[119.701956] (ros2_imu) StderrLine: {'line': b"/home/ubuntu/ros2_ws/src/ros2_imu/include/ros2_imu/slros_msgconvert_utils.h: In instantiation of 'void convertToBusFixedPrimitiveArray(BusType&, const MsgType&, const slros::ROSPropertyWarnStatus&) [with BusType = double [9]; MsgType = std::array<double, 9>]':\n"}
[119.702462] (ros2_imu) StderrLine: {'line': b'/home/ubuntu/ros2_ws/src/ros2_imu/src/slros_busmsg_conversion.cpp:87:34:   required from here\n'}
[119.702958] (ros2_imu) StderrLine: {'line': b"/home/ubuntu/ros2_ws/src/ros2_imu/include/ros2_imu/slros_msgconvert_utils.h:543:81: warning: unused parameter 'warnStatus' [-Wunused-parameter]\n"}
[119.703556] (ros2_imu) StderrLine: {'line': b'  543 |                                             const slros::ROSPropertyWarnStatus& warnStatus) {\n'}
[119.704061] (ros2_imu) StderrLine: {'line': b'      |                                             ~~~~~~~~~~~~~~~~~~~~~~~~~~~~~~~~~~~~^~~~~~~~~~\n'}
[119.785845] (-) TimerEvent: {}
[119.886480] (-) TimerEvent: {}
[119.987028] (-) TimerEvent: {}
[120.087795] (-) TimerEvent: {}
[120.188297] (-) TimerEvent: {}
[120.289328] (-) TimerEvent: {}
[120.391127] (-) TimerEvent: {}
[120.491679] (-) TimerEvent: {}
[120.592979] (-) TimerEvent: {}
[120.693727] (-) TimerEvent: {}
[120.794443] (-) TimerEvent: {}
[120.895022] (-) TimerEvent: {}
[120.999272] (-) TimerEvent: {}
[121.099964] (-) TimerEvent: {}
[121.200422] (-) TimerEvent: {}
[121.301049] (-) TimerEvent: {}
[121.401523] (-) TimerEvent: {}
[121.501947] (-) TimerEvent: {}
[121.602402] (-) TimerEvent: {}
[121.702864] (-) TimerEvent: {}
[121.803310] (-) TimerEvent: {}
[121.903744] (-) TimerEvent: {}
[122.004462] (-) TimerEvent: {}
[122.105040] (-) TimerEvent: {}
[122.205634] (-) TimerEvent: {}
[122.306391] (-) TimerEvent: {}
[122.406902] (-) TimerEvent: {}
[122.507444] (-) TimerEvent: {}
[122.608541] (-) TimerEvent: {}
[122.639659] (ros2_imu) StdoutLine: {'line': b'[ 84%] Building CXX object CMakeFiles/ros2_imu.dir/src/slros2_initialize.cpp.o\n'}
[122.642759] (ros2_imu) StdoutLine: {'line': b'/usr/bin/c++ -DDEFAULT_RMW_IMPLEMENTATION=rmw_fastrtps_cpp -DRCUTILS_ENABLE_FAULT_INJECTION -DROS_PACKAGE_NAME=\\"ros2_imu\\" -I/home/ubuntu/ros2_ws/src/ros2_imu/include/ros2_imu -I/home/ubuntu/ros2_ws/src/ros2_imu/include -isystem /opt/ros/humble/include/rclcpp -isystem /opt/ros/humble/include/sensor_msgs -isystem /opt/ros/humble/include/ament_index_cpp -isystem /opt/ros/humble/include/libstatistics_collector -isystem /opt/ros/humble/include/builtin_interfaces -isystem /opt/ros/humble/include/rosidl_runtime_c -isystem /opt/ros/humble/include/rcutils -isystem /opt/ros/humble/include/rosidl_typesupport_interface -isystem /opt/ros/humble/include/fastcdr -isystem /opt/ros/humble/include/rosidl_runtime_cpp -isystem /opt/ros/humble/include/rosidl_typesupport_fastrtps_cpp -isystem /opt/ros/humble/include/rmw -isystem /opt/ros/humble/include/rosidl_typesupport_fastrtps_c -isystem /opt/ros/humble/include/rosidl_typesupport_introspection_c -isystem /opt/ros/humble/include/rosidl_typesupport_introspection_cpp -isystem /opt/ros/humble/include/rcl -isystem /opt/ros/humble/include/rcl_interfaces -isystem /opt/ros/humble/include/rcl_logging_interface -isystem /opt/ros/humble/include/rcl_yaml_param_parser -isystem /opt/ros/humble/include/libyaml_vendor -isystem /opt/ros/humble/include/tracetools -isystem /opt/ros/humble/include/rcpputils -isystem /opt/ros/humble/include/statistics_msgs -isystem /opt/ros/humble/include/rosgraph_msgs -isystem /opt/ros/humble/include/rosidl_typesupport_cpp -isystem /opt/ros/humble/include/rosidl_typesupport_c -isystem /opt/ros/humble/include/geometry_msgs -isystem /opt/ros/humble/include/std_msgs -O3 -DNDEBUG -Wall -Wextra -Wpedantic -DMODEL=ros2_imu -DNUMST=1 -DNCSTATES=0 -DHAVESTDIO -DMODEL_HAS_DYNAMICALLY_LOADED_SFCNS=0 -DON_TARGET_WAIT_FOR_START=1 -DCLASSIC_INTERFACE=0 -DALLOCATIONFCN=0 -DTID01EQ=0 -DTERMFCN=1 -DONESTEPFCN=1 -DMAT_FILE=0 -DMULTI_INSTANCE_CODE=0 -DEXT_MODE=1 -DINTEGER_CODE=0 -DMT=0 -DROS2_PROJECT -DSTACK_SIZE=64 -D__MW_TARGET_USE_HARDWARE_RESOURCES_H__ -DRT=RT -fpermissive -MD -MT CMakeFiles/ros2_imu.dir/src/slros2_initialize.cpp.o -MF CMakeFiles/ros2_imu.dir/src/slros2_initialize.cpp.o.d -o CMakeFiles/ros2_imu.dir/src/slros2_initialize.cpp.o -c /home/ubuntu/ros2_ws/src/ros2_imu/src/slros2_initialize.cpp\n'}
[122.708692] (-) TimerEvent: {}
[122.809110] (-) TimerEvent: {}
[122.909553] (-) TimerEvent: {}
[123.009940] (-) TimerEvent: {}
[123.110341] (-) TimerEvent: {}
[123.211135] (-) TimerEvent: {}
[123.311625] (-) TimerEvent: {}
[123.412029] (-) TimerEvent: {}
[123.512424] (-) TimerEvent: {}
[123.613860] (-) TimerEvent: {}
[123.714247] (-) TimerEvent: {}
[123.814665] (-) TimerEvent: {}
[123.915160] (-) TimerEvent: {}
[124.015597] (-) TimerEvent: {}
[124.116106] (-) TimerEvent: {}
[124.216533] (-) TimerEvent: {}
[124.316957] (-) TimerEvent: {}
[124.417414] (-) TimerEvent: {}
[124.517884] (-) TimerEvent: {}
[124.618372] (-) TimerEvent: {}
[124.718815] (-) TimerEvent: {}
[124.819267] (-) TimerEvent: {}
[124.919772] (-) TimerEvent: {}
[125.020295] (-) TimerEvent: {}
[125.120772] (-) TimerEvent: {}
[125.221223] (-) TimerEvent: {}
[125.321711] (-) TimerEvent: {}
[125.422216] (-) TimerEvent: {}
[125.522861] (-) TimerEvent: {}
[125.623981] (-) TimerEvent: {}
[125.724472] (-) TimerEvent: {}
[125.824920] (-) TimerEvent: {}
[125.925371] (-) TimerEvent: {}
[126.027115] (-) TimerEvent: {}
[126.127574] (-) TimerEvent: {}
[126.228018] (-) TimerEvent: {}
[126.328578] (-) TimerEvent: {}
[126.429079] (-) TimerEvent: {}
[126.529513] (-) TimerEvent: {}
[126.630031] (-) TimerEvent: {}
[126.730493] (-) TimerEvent: {}
[126.831549] (-) TimerEvent: {}
[126.931992] (-) TimerEvent: {}
[127.032457] (-) TimerEvent: {}
[127.132934] (-) TimerEvent: {}
[127.233893] (-) TimerEvent: {}
[127.334373] (-) TimerEvent: {}
[127.435054] (-) TimerEvent: {}
[127.535487] (-) TimerEvent: {}
[127.635877] (-) TimerEvent: {}
[127.736321] (-) TimerEvent: {}
[127.836762] (-) TimerEvent: {}
[127.937640] (-) TimerEvent: {}
[128.038190] (-) TimerEvent: {}
[128.138662] (-) TimerEvent: {}
[128.239204] (-) TimerEvent: {}
[128.342598] (-) TimerEvent: {}
[128.443378] (-) TimerEvent: {}
[128.544060] (-) TimerEvent: {}
[128.646368] (-) TimerEvent: {}
[128.748911] (-) TimerEvent: {}
[128.849795] (-) TimerEvent: {}
[128.950526] (-) TimerEvent: {}
[129.051187] (-) TimerEvent: {}
[129.151648] (-) TimerEvent: {}
[129.252467] (-) TimerEvent: {}
[129.352940] (-) TimerEvent: {}
[129.454335] (-) TimerEvent: {}
[129.555344] (-) TimerEvent: {}
[129.655891] (-) TimerEvent: {}
[129.756528] (-) TimerEvent: {}
[129.856974] (-) TimerEvent: {}
[129.957463] (-) TimerEvent: {}
[130.058463] (-) TimerEvent: {}
[130.158960] (-) TimerEvent: {}
[130.259961] (-) TimerEvent: {}
[130.360430] (-) TimerEvent: {}
[130.460846] (-) TimerEvent: {}
[130.561306] (-) TimerEvent: {}
[130.661735] (-) TimerEvent: {}
[130.762181] (-) TimerEvent: {}
[130.862640] (-) TimerEvent: {}
[130.963098] (-) TimerEvent: {}
[131.063580] (-) TimerEvent: {}
[131.164040] (-) TimerEvent: {}
[131.264626] (-) TimerEvent: {}
[131.365226] (-) TimerEvent: {}
[131.465687] (-) TimerEvent: {}
[131.566189] (-) TimerEvent: {}
[131.666739] (-) TimerEvent: {}
[131.767296] (-) TimerEvent: {}
[131.867986] (-) TimerEvent: {}
[131.968534] (-) TimerEvent: {}
[132.068995] (-) TimerEvent: {}
[132.169417] (-) TimerEvent: {}
[132.269998] (-) TimerEvent: {}
[132.370428] (-) TimerEvent: {}
[132.473624] (-) TimerEvent: {}
[132.574090] (-) TimerEvent: {}
[132.675085] (-) TimerEvent: {}
[132.775553] (-) TimerEvent: {}
[132.876035] (-) TimerEvent: {}
[132.976488] (-) TimerEvent: {}
[133.076939] (-) TimerEvent: {}
[133.177658] (-) TimerEvent: {}
[133.278196] (-) TimerEvent: {}
[133.378644] (-) TimerEvent: {}
[133.479420] (-) TimerEvent: {}
[133.579892] (-) TimerEvent: {}
[133.683539] (-) TimerEvent: {}
[133.784230] (-) TimerEvent: {}
[133.886643] (-) TimerEvent: {}
[133.987434] (-) TimerEvent: {}
[134.087951] (-) TimerEvent: {}
[134.188439] (-) TimerEvent: {}
[134.289305] (-) TimerEvent: {}
[134.389973] (-) TimerEvent: {}
[134.491305] (-) TimerEvent: {}
[134.592439] (-) TimerEvent: {}
[134.693073] (-) TimerEvent: {}
[134.793783] (-) TimerEvent: {}
[134.895019] (-) TimerEvent: {}
[134.996508] (-) TimerEvent: {}
[135.097091] (-) TimerEvent: {}
[135.198421] (-) TimerEvent: {}
[135.298902] (-) TimerEvent: {}
[135.399359] (-) TimerEvent: {}
[135.499836] (-) TimerEvent: {}
[135.600329] (-) TimerEvent: {}
[135.700770] (-) TimerEvent: {}
[135.801245] (-) TimerEvent: {}
[135.901739] (-) TimerEvent: {}
[136.002251] (-) TimerEvent: {}
[136.102898] (-) TimerEvent: {}
[136.203532] (-) TimerEvent: {}
[136.304196] (-) TimerEvent: {}
[136.404663] (-) TimerEvent: {}
[136.505146] (-) TimerEvent: {}
[136.605630] (-) TimerEvent: {}
[136.706077] (-) TimerEvent: {}
[136.807358] (-) TimerEvent: {}
[136.907811] (-) TimerEvent: {}
[137.010219] (-) TimerEvent: {}
[137.110681] (-) TimerEvent: {}
[137.212403] (-) TimerEvent: {}
[137.313612] (-) TimerEvent: {}
[137.416012] (-) TimerEvent: {}
[137.518594] (-) TimerEvent: {}
[137.619045] (-) TimerEvent: {}
[137.720681] (-) TimerEvent: {}
[137.821132] (-) TimerEvent: {}
[137.922243] (-) TimerEvent: {}
[138.022829] (-) TimerEvent: {}
[138.124723] (-) TimerEvent: {}
[138.225195] (-) TimerEvent: {}
[138.325980] (-) TimerEvent: {}
[138.426736] (-) TimerEvent: {}
[138.527895] (-) TimerEvent: {}
[138.628898] (-) TimerEvent: {}
[138.729621] (-) TimerEvent: {}
[138.830084] (-) TimerEvent: {}
[138.932000] (-) TimerEvent: {}
[139.032429] (-) TimerEvent: {}
[139.097540] (ros2_imu) StdoutLine: {'line': b'[ 92%] Linking CXX executable ros2_imu\n'}
[139.103834] (ros2_imu) StdoutLine: {'line': b'/usr/bin/cmake -E cmake_link_script CMakeFiles/ros2_imu.dir/link.txt --verbose=1\n'}
[139.132621] (-) TimerEvent: {}
[139.135999] (ros2_imu) StdoutLine: {'line': b'/usr/bin/c++ -O3 -DNDEBUG CMakeFiles/ros2_imu.dir/src/ext_svr.c.o CMakeFiles/ros2_imu.dir/src/ext_work.c.o CMakeFiles/ros2_imu.dir/src/rtiostream_interface.c.o CMakeFiles/ros2_imu.dir/src/updown.c.o CMakeFiles/ros2_imu.dir/src/rtiostream_tcpip.c.o CMakeFiles/ros2_imu.dir/src/rtiostream_utils.c.o CMakeFiles/ros2_imu.dir/src/main.cpp.o CMakeFiles/ros2_imu.dir/src/ros2_imu.cpp.o CMakeFiles/ros2_imu.dir/src/ros2_imu_data.cpp.o CMakeFiles/ros2_imu.dir/src/ros2nodeinterface.cpp.o CMakeFiles/ros2_imu.dir/src/slros2_initialize.cpp.o CMakeFiles/ros2_imu.dir/src/slros_busmsg_conversion.cpp.o -o ros2_imu  -Wl,-rpath,/home/ubuntu/ros2_ws/install/ros2_imu/lib:/opt/ros/humble/lib /opt/ros/humble/lib/librclcpp.so /opt/ros/humble/lib/libsensor_msgs__rosidl_typesupport_fastrtps_c.so /opt/ros/humble/lib/libsensor_msgs__rosidl_typesupport_fastrtps_cpp.so /opt/ros/humble/lib/libsensor_msgs__rosidl_typesupport_introspection_c.so /opt/ros/humble/lib/libsensor_msgs__rosidl_typesupport_introspection_cpp.so /opt/ros/humble/lib/libsensor_msgs__rosidl_generator_py.so -ldl /opt/ros/humble/lib/liblibstatistics_collector.so /opt/ros/humble/lib/librcl.so /opt/ros/humble/lib/librmw_implementation.so /opt/ros/humble/lib/libament_index_cpp.so /opt/ros/humble/lib/librcl_logging_spdlog.so /opt/ros/humble/lib/librcl_logging_interface.so /opt/ros/humble/lib/librcl_interfaces__rosidl_typesupport_fastrtps_c.so /opt/ros/humble/lib/librcl_interfaces__rosidl_typesupport_introspection_c.so /opt/ros/humble/lib/librcl_interfaces__rosidl_typesupport_fastrtps_cpp.so /opt/ros/humble/lib/librcl_interfaces__rosidl_typesupport_introspection_cpp.so /opt/ros/humble/lib/librcl_interfaces__rosidl_typesupport_cpp.so /opt/ros/humble/lib/librcl_interfaces__rosidl_generator_py.so /opt/ros/humble/lib/librcl_interfaces__rosidl_typesupport_c.so /opt/ros/humble/lib/librcl_interfaces__rosidl_generator_c.so /opt/ros/humble/lib/librcl_yaml_param_parser.so /opt/ros/humble/lib/libyaml.so /opt/ros/humble/lib/librosgraph_msgs__rosidl_typesupport_fastrtps_c.so /opt/ros/humble/lib/librosgraph_msgs__rosidl_typesupport_fastrtps_cpp.so /opt/ros/humble/lib/librosgraph_msgs__rosidl_typesupport_introspection_c.so /opt/ros/humble/lib/librosgraph_msgs__rosidl_typesupport_introspection_cpp.so /opt/ros/humble/lib/librosgraph_msgs__rosidl_typesupport_cpp.so /opt/ros/humble/lib/librosgraph_msgs__rosidl_generator_py.so /opt/ros/humble/lib/librosgraph_msgs__rosidl_typesupport_c.so /opt/ros/humble/lib/librosgraph_msgs__rosidl_generator_c.so /opt/ros/humble/lib/libstatistics_msgs__rosidl_typesupport_fastrtps_c.so /opt/ros/humble/lib/libstatistics_msgs__rosidl_typesupport_fastrtps_cpp.so /opt/ros/humble/lib/libstatistics_msgs__rosidl_typesupport_introspection_c.so /opt/ros/humble/lib/libstatistics_msgs__rosidl_typesupport_introspection_cpp.so /opt/ros/humble/lib/libstatistics_msgs__rosidl_typesupport_cpp.so /opt/ros/humble/lib/libstatistics_msgs__rosidl_generator_py.so /opt/ros/humble/lib/libstatistics_msgs__rosidl_typesupport_c.so /opt/ros/humble/lib/libstatistics_msgs__rosidl_generator_c.so /opt/ros/humble/lib/libtracetools.so /opt/ros/humble/lib/libgeometry_msgs__rosidl_typesupport_fastrtps_c.so /opt/ros/humble/lib/libstd_msgs__rosidl_typesupport_fastrtps_c.so /opt/ros/humble/lib/libbuiltin_interfaces__rosidl_typesupport_fastrtps_c.so /opt/ros/humble/lib/librosidl_typesupport_fastrtps_c.so /opt/ros/humble/lib/libgeometry_msgs__rosidl_typesupport_fastrtps_cpp.so /opt/ros/humble/lib/libstd_msgs__rosidl_typesupport_fastrtps_cpp.so /opt/ros/humble/lib/libbuiltin_interfaces__rosidl_typesupport_fastrtps_cpp.so /opt/ros/humble/lib/librosidl_typesupport_fastrtps_cpp.so /opt/ros/humble/lib/libfastcdr.so.1.0.24 /opt/ros/humble/lib/librmw.so /opt/ros/humble/lib/libgeometry_msgs__rosidl_typesupport_introspection_c.so /opt/ros/humble/lib/libstd_msgs__rosidl_typesupport_introspection_c.so /opt/ros/humble/lib/libbuiltin_interfaces__rosidl_typesupport_introspection_c.so /opt/ros/humble/lib/libgeometry_msgs__rosidl_typesupport_introspection_cpp.so /opt/ros/humble/lib/libstd_msgs__rosidl_typesupport_introspection_cpp.so /opt/ros/humble/lib/libbuiltin_interfaces__rosidl_typesupport_introspection_cpp.so /opt/ros/humble/lib/librosidl_typesupport_introspection_cpp.so /opt/ros/humble/lib/librosidl_typesupport_introspection_c.so /opt/ros/humble/lib/libsensor_msgs__rosidl_typesupport_c.so /opt/ros/humble/lib/libsensor_msgs__rosidl_generator_c.so /opt/ros/humble/lib/libgeometry_msgs__rosidl_generator_py.so /opt/ros/humble/lib/libgeometry_msgs__rosidl_typesupport_c.so /opt/ros/humble/lib/libgeometry_msgs__rosidl_generator_c.so /opt/ros/humble/lib/libstd_msgs__rosidl_generator_py.so /opt/ros/humble/lib/libbuiltin_interfaces__rosidl_generator_py.so /opt/ros/humble/lib/libstd_msgs__rosidl_typesupport_c.so /opt/ros/humble/lib/libbuiltin_interfaces__rosidl_typesupport_c.so /opt/ros/humble/lib/libstd_msgs__rosidl_generator_c.so /opt/ros/humble/lib/libbuiltin_interfaces__rosidl_generator_c.so /usr/lib/aarch64-linux-gnu/libpython3.10.so /opt/ros/humble/lib/libsensor_msgs__rosidl_typesupport_cpp.so /opt/ros/humble/lib/libgeometry_msgs__rosidl_typesupport_cpp.so /opt/ros/humble/lib/libstd_msgs__rosidl_typesupport_cpp.so /opt/ros/humble/lib/libbuiltin_interfaces__rosidl_typesupport_cpp.so /opt/ros/humble/lib/librosidl_typesupport_cpp.so /opt/ros/humble/lib/librosidl_typesupport_c.so /opt/ros/humble/lib/librcpputils.so /opt/ros/humble/lib/librosidl_runtime_c.so /opt/ros/humble/lib/librcutils.so -ldl \n'}
[139.233217] (-) TimerEvent: {}
[139.333777] (-) TimerEvent: {}
[139.434780] (-) TimerEvent: {}
[139.535317] (-) TimerEvent: {}
[139.635896] (-) TimerEvent: {}
[139.736382] (-) TimerEvent: {}
[139.837271] (-) TimerEvent: {}
[139.937795] (-) TimerEvent: {}
[140.038171] (-) TimerEvent: {}
[140.066863] (ros2_imu) StdoutLine: {'line': b"gmake[2]: Leaving directory '/home/ubuntu/ros2_ws/build/ros2_imu'\n"}
[140.120920] (ros2_imu) StdoutLine: {'line': b'[100%] Built target ros2_imu\n'}
[140.124123] (ros2_imu) StdoutLine: {'line': b"gmake[1]: Leaving directory '/home/ubuntu/ros2_ws/build/ros2_imu'\n"}
[140.126596] (ros2_imu) StdoutLine: {'line': b'/usr/bin/cmake -E cmake_progress_start /home/ubuntu/ros2_ws/build/ros2_imu/CMakeFiles 0\n'}
[140.138370] (-) TimerEvent: {}
[140.201607] (ros2_imu) CommandEnded: {'returncode': 0}
[140.238562] (-) TimerEvent: {}
[140.339053] (-) TimerEvent: {}
[140.439783] (-) TimerEvent: {}
[140.541679] (-) TimerEvent: {}
[140.571843] (ros2_imu) JobProgress: {'identifier': 'ros2_imu', 'progress': 'install'}
[140.632860] (ros2_imu) Command: {'cmd': ['/usr/bin/cmake', '--install', '/home/ubuntu/ros2_ws/build/ros2_imu'], 'cwd': '/home/ubuntu/ros2_ws/build/ros2_imu', 'env': OrderedDict([('USER', 'ubuntu'), ('SSH_CLIENT', '192.168.0.106 54662 22'), ('XDG_SESSION_TYPE', 'tty'), ('SHLVL', '1'), ('LD_LIBRARY_PATH', '/opt/ros/humble/lib/aarch64-linux-gnu:/opt/ros/humble/lib'), ('MOTD_SHOWN', 'pam'), ('HOME', '/home/ubuntu'), ('OLDPWD', '/home/ubuntu'), ('ROS_PYTHON_VERSION', '3'), ('DBUS_SESSION_BUS_ADDRESS', 'unix:path=/run/user/1000/bus'), ('COLCON_PREFIX_PATH', '/home/ubuntu/ros2_ws/install'), ('ROS_DISTRO', 'humble'), ('LOGNAME', 'ubuntu'), ('_', '/usr/bin/colcon'), ('ROS_VERSION', '2'), ('XDG_SESSION_CLASS', 'user'), ('XDG_SESSION_ID', '4'), ('ROS_LOCALHOST_ONLY', '0'), ('PATH', '/opt/ros/humble/bin:/usr/local/sbin:/usr/local/bin:/usr/sbin:/usr/bin:/sbin:/bin:/usr/games:/usr/local/games:/snap/bin'), ('XDG_RUNTIME_DIR', '/run/user/1000'), ('LANG', 'en_US.UTF-8'), ('AMENT_PREFIX_PATH', '/home/ubuntu/ros2_ws/install/ros2_imu:/home/ubuntu/ros2_ws/install/my_ahrs:/home/ubuntu/ros2_ws/install/lsm6dso:/home/ubuntu/ros2_ws/install/bmm150_sensor:/opt/ros/humble'), ('SHELL', '/bin/bash'), ('PWD', '/home/ubuntu/ros2_ws/build/ros2_imu'), ('LC_ALL', 'C'), ('SSH_CONNECTION', '192.168.0.106 54662 192.168.0.122 22'), ('PYTHONPATH', '/home/ubuntu/ros2_ws/install/my_ahrs/lib/python3.10/site-packages:/home/ubuntu/ros2_ws/install/lsm6dso/lib/python3.10/site-packages:/home/ubuntu/ros2_ws/install/bmm150_sensor/lib/python3.10/site-packages:/opt/ros/humble/lib/python3.10/site-packages:/opt/ros/humble/local/lib/python3.10/dist-packages'), ('COLCON', '1'), ('CMAKE_PREFIX_PATH', '/home/ubuntu/ros2_ws/install/ros2_imu:/home/ubuntu/ros2_ws/install/my_ahrs:/home/ubuntu/ros2_ws/install/lsm6dso:/home/ubuntu/ros2_ws/install/bmm150_sensor:/opt/ros/humble')]), 'shell': False}
[140.641884] (-) TimerEvent: {}
[140.671856] (ros2_imu) StdoutLine: {'line': b'-- Install configuration: "Release"\n'}
[140.674793] (ros2_imu) StdoutLine: {'line': b'-- Installing: /home/ubuntu/ros2_ws/install/ros2_imu/lib/ros2_imu/ros2_imu\n'}
[140.730438] (ros2_imu) StdoutLine: {'line': b'-- Up-to-date: /home/ubuntu/ros2_ws/install/ros2_imu/share/ament_index/resource_index/package_run_dependencies/ros2_imu\n'}
[140.734034] (ros2_imu) StdoutLine: {'line': b'-- Up-to-date: /home/ubuntu/ros2_ws/install/ros2_imu/share/ament_index/resource_index/parent_prefix_path/ros2_imu\n'}
[140.736527] (ros2_imu) StdoutLine: {'line': b'-- Up-to-date: /home/ubuntu/ros2_ws/install/ros2_imu/share/ros2_imu/environment/ament_prefix_path.sh\n'}
[140.737250] (ros2_imu) StdoutLine: {'line': b'-- Installing: /home/ubuntu/ros2_ws/install/ros2_imu/share/ros2_imu/environment/ament_prefix_path.dsv\n'}
[140.742157] (-) TimerEvent: {}
[140.744771] (ros2_imu) StdoutLine: {'line': b'-- Up-to-date: /home/ubuntu/ros2_ws/install/ros2_imu/share/ros2_imu/environment/path.sh\n'}
[140.747128] (ros2_imu) StdoutLine: {'line': b'-- Installing: /home/ubuntu/ros2_ws/install/ros2_imu/share/ros2_imu/environment/path.dsv\n'}
[140.751346] (ros2_imu) StdoutLine: {'line': b'-- Up-to-date: /home/ubuntu/ros2_ws/install/ros2_imu/share/ros2_imu/local_setup.bash\n'}
[140.756862] (ros2_imu) StdoutLine: {'line': b'-- Up-to-date: /home/ubuntu/ros2_ws/install/ros2_imu/share/ros2_imu/local_setup.sh\n'}
[140.758842] (ros2_imu) StdoutLine: {'line': b'-- Up-to-date: /home/ubuntu/ros2_ws/install/ros2_imu/share/ros2_imu/local_setup.zsh\n'}
[140.761022] (ros2_imu) StdoutLine: {'line': b'-- Installing: /home/ubuntu/ros2_ws/install/ros2_imu/share/ros2_imu/local_setup.dsv\n'}
[140.763967] (ros2_imu) StdoutLine: {'line': b'-- Installing: /home/ubuntu/ros2_ws/install/ros2_imu/share/ros2_imu/package.dsv\n'}
[140.768611] (ros2_imu) StdoutLine: {'line': b'-- Up-to-date: /home/ubuntu/ros2_ws/install/ros2_imu/share/ament_index/resource_index/packages/ros2_imu\n'}
[140.770570] (ros2_imu) StdoutLine: {'line': b'-- Up-to-date: /home/ubuntu/ros2_ws/install/ros2_imu/share/ros2_imu/cmake/ament_cmake_export_include_directories-extras.cmake\n'}
[140.772395] (ros2_imu) StdoutLine: {'line': b'-- Up-to-date: /home/ubuntu/ros2_ws/install/ros2_imu/share/ros2_imu/cmake/ros2_imuConfig.cmake\n'}
[140.774166] (ros2_imu) StdoutLine: {'line': b'-- Up-to-date: /home/ubuntu/ros2_ws/install/ros2_imu/share/ros2_imu/cmake/ros2_imuConfig-version.cmake\n'}
[140.776476] (ros2_imu) StdoutLine: {'line': b'-- Installing: /home/ubuntu/ros2_ws/install/ros2_imu/share/ros2_imu/package.xml\n'}
[140.791910] (ros2_imu) CommandEnded: {'returncode': 0}
[140.843383] (-) TimerEvent: {}
[140.951133] (-) TimerEvent: {}
[141.051616] (-) TimerEvent: {}
[141.152033] (-) TimerEvent: {}
[141.252462] (-) TimerEvent: {}
[141.337498] (ros2_imu) JobEnded: {'identifier': 'ros2_imu', 'rc': 0}
[141.341946] (-) EventReactorShutdown: {}
