[35.340s] Invoking command in '/home/ubuntu/ros2_ws/src/lsm6dso': PYTHONPATH=/home/ubuntu/ros2_ws/build/lsm6dso/prefix_override:/home/ubuntu/ros2_ws/install/lsm6dso/lib/python3.10/site-packages:${PYTHONPATH} /usr/bin/python3 -W ignore:setup.py install is deprecated setup.py egg_info --egg-base ../../build/lsm6dso build --build-base /home/ubuntu/ros2_ws/build/lsm6dso/build install --record /home/ubuntu/ros2_ws/build/lsm6dso/install.log --single-version-externally-managed install_data
[46.405s] running egg_info
[46.446s] writing ../../build/lsm6dso/lsm6dso.egg-info/PKG-INFO
[46.448s] writing dependency_links to ../../build/lsm6dso/lsm6dso.egg-info/dependency_links.txt
[46.449s] writing entry points to ../../build/lsm6dso/lsm6dso.egg-info/entry_points.txt
[46.450s] writing requirements to ../../build/lsm6dso/lsm6dso.egg-info/requires.txt
[46.460s] writing top-level names to ../../build/lsm6dso/lsm6dso.egg-info/top_level.txt
[46.468s] reading manifest file '../../build/lsm6dso/lsm6dso.egg-info/SOURCES.txt'
[46.469s] writing manifest file '../../build/lsm6dso/lsm6dso.egg-info/SOURCES.txt'
[46.470s] running build
[46.472s] running build_py
[46.473s] running install
[46.474s] running install_lib
[46.497s] running install_data
[46.498s] running install_egg_info
[46.513s] removing '/home/ubuntu/ros2_ws/install/lsm6dso/lib/python3.10/site-packages/lsm6dso-0.0.0-py3.10.egg-info' (and everything under it)
[46.514s] Copying ../../build/lsm6dso/lsm6dso.egg-info to /home/ubuntu/ros2_ws/install/lsm6dso/lib/python3.10/site-packages/lsm6dso-0.0.0-py3.10.egg-info
[46.525s] running install_scripts
[46.976s] Installing calibrate_gyro script to /home/ubuntu/ros2_ws/install/lsm6dso/lib/lsm6dso
[46.999s] Installing lsm6dso script to /home/ubuntu/ros2_ws/install/lsm6dso/lib/lsm6dso
[47.017s] writing list of installed files to '/home/ubuntu/ros2_ws/build/lsm6dso/install.log'
[48.036s] Invoked command in '/home/ubuntu/ros2_ws/src/lsm6dso' returned '0': PYTHONPATH=/home/ubuntu/ros2_ws/build/lsm6dso/prefix_override:/home/ubuntu/ros2_ws/install/lsm6dso/lib/python3.10/site-packages:${PYTHONPATH} /usr/bin/python3 -W ignore:setup.py install is deprecated setup.py egg_info --egg-base ../../build/lsm6dso build --build-base /home/ubuntu/ros2_ws/build/lsm6dso/build install --record /home/ubuntu/ros2_ws/build/lsm6dso/install.log --single-version-externally-managed install_data
